[2025-10-30T05:49:55.585+0000] {taskinstance.py:1103} INFO - Dependencies all met for dep_context=non-requeueable deps ti=<TaskInstance: basic_etl_dag.extract_task manual__2025-10-30T05:49:52.514472+00:00 [queued]>
[2025-10-30T05:49:55.589+0000] {taskinstance.py:1103} INFO - Dependencies all met for dep_context=requeueable deps ti=<TaskInstance: basic_etl_dag.extract_task manual__2025-10-30T05:49:52.514472+00:00 [queued]>
[2025-10-30T05:49:55.589+0000] {taskinstance.py:1308} INFO - Starting attempt 1 of 1
[2025-10-30T05:49:55.599+0000] {taskinstance.py:1327} INFO - Executing <Task(BashOperator): extract_task> on 2025-10-30 05:49:52.514472+00:00
[2025-10-30T05:49:55.603+0000] {standard_task_runner.py:57} INFO - Started process 18900 to run task
[2025-10-30T05:49:55.607+0000] {standard_task_runner.py:84} INFO - Running: ['airflow', 'tasks', 'run', 'basic_etl_dag', 'extract_task', 'manual__2025-10-30T05:49:52.514472+00:00', '--job-id', '15', '--raw', '--subdir', 'DAGS_FOLDER/basic_etl_dag.py', '--cfg-path', '/tmp/tmpzyct5zf6']
[2025-10-30T05:49:55.607+0000] {standard_task_runner.py:85} INFO - Job 15: Subtask extract_task
[2025-10-30T05:49:55.634+0000] {task_command.py:410} INFO - Running <TaskInstance: basic_etl_dag.extract_task manual__2025-10-30T05:49:52.514472+00:00 [running]> on host codespaces-497b64
[2025-10-30T05:49:55.678+0000] {taskinstance.py:1545} INFO - Exporting env vars: AIRFLOW_CTX_DAG_OWNER='airflow' AIRFLOW_CTX_DAG_ID='basic_etl_dag' AIRFLOW_CTX_TASK_ID='extract_task' AIRFLOW_CTX_EXECUTION_DATE='2025-10-30T05:49:52.514472+00:00' AIRFLOW_CTX_TRY_NUMBER='1' AIRFLOW_CTX_DAG_RUN_ID='manual__2025-10-30T05:49:52.514472+00:00'
[2025-10-30T05:49:55.678+0000] {subprocess.py:63} INFO - Tmp dir root location: /tmp
[2025-10-30T05:49:55.679+0000] {subprocess.py:75} INFO - Running command: ['/usr/bin/bash', '-c', 'wget -c https://raw.githubusercontent.com/LinkedInLearning/hands-on-introduction-data-engineering-4395021/main/data/top-level-domain-names.csv -O /workspaces/hands-on-introduction-data-engineering-4395021/lab/end-to-end/basic-etl-extract-data.csv']
[2025-10-30T05:49:55.687+0000] {subprocess.py:86} INFO - Output:
[2025-10-30T05:49:56.346+0000] {subprocess.py:93} INFO - --2025-10-30 05:49:56--  https://raw.githubusercontent.com/LinkedInLearning/hands-on-introduction-data-engineering-4395021/main/data/top-level-domain-names.csv
[2025-10-30T05:49:56.369+0000] {subprocess.py:93} INFO - Resolving raw.githubusercontent.com (raw.githubusercontent.com)... 185.199.108.133, 185.199.109.133, 185.199.110.133, ...
[2025-10-30T05:49:56.370+0000] {subprocess.py:93} INFO - Connecting to raw.githubusercontent.com (raw.githubusercontent.com)|185.199.108.133|:443... connected.
[2025-10-30T05:49:56.663+0000] {subprocess.py:93} INFO - HTTP request sent, awaiting response... 200 OK
[2025-10-30T05:49:56.663+0000] {subprocess.py:93} INFO - Length: 42789 (42K) [text/plain]
[2025-10-30T05:49:56.663+0000] {subprocess.py:93} INFO - Saving to: ‘/workspaces/hands-on-introduction-data-engineering-4395021/lab/end-to-end/basic-etl-extract-data.csv’
[2025-10-30T05:49:56.664+0000] {subprocess.py:93} INFO - 
[2025-10-30T05:49:56.664+0000] {subprocess.py:93} INFO -      0K .......... .......... .......... .......... .         100% 58.4M=0.001s
[2025-10-30T05:49:56.664+0000] {subprocess.py:93} INFO - 
[2025-10-30T05:49:56.664+0000] {subprocess.py:93} INFO - 2025-10-30 05:49:56 (58.4 MB/s) - ‘/workspaces/hands-on-introduction-data-engineering-4395021/lab/end-to-end/basic-etl-extract-data.csv’ saved [42789/42789]
[2025-10-30T05:49:56.664+0000] {subprocess.py:93} INFO - 
[2025-10-30T05:49:56.672+0000] {subprocess.py:97} INFO - Command exited with return code 0
[2025-10-30T05:49:56.688+0000] {taskinstance.py:1345} INFO - Marking task as SUCCESS. dag_id=basic_etl_dag, task_id=extract_task, execution_date=20251030T054952, start_date=20251030T054955, end_date=20251030T054956
[2025-10-30T05:49:56.741+0000] {local_task_job_runner.py:225} INFO - Task exited with return code 0
[2025-10-30T05:49:56.757+0000] {taskinstance.py:2653} INFO - 1 downstream tasks scheduled from follow-on schedule check
