2025-10-30 01:48:42,319 INFO - Starting the scheduler
2025-10-30 01:48:42,319 INFO - Processing each file at most -1 times
2025-10-30 01:48:42,324 INFO - Launched DagFileProcessorManager with pid: 13454
2025-10-30 01:48:42,325 INFO - Resetting orphaned tasks for active dag runs
2025-10-30 01:48:42,333 INFO - Configured default timezone Timezone('UTC')
2025-10-30 01:48:47,522 WARNING - The Authorization header is missing: Host: 127.0.0.1:8793
User-Agent: Mozilla/5.0 (Macintosh; Intel Mac OS X 10.15; rv:144.0) Gecko/20100101 Firefox/144.0
Accept: text/html,application/xhtml+xml,application/xml;q=0.9,*/*;q=0.8
Accept-Language: en-US,en;q=0.5
Accept-Encoding: gzip, deflate, br, zstd
Dnt: 1
Sec-Gpc: 1
Connection: keep-alive
Cookie: session=7312e878-d9c8-41e5-a32a-6d890854ba49.O6li1Hk9OLtHAaKjPz0goF7Zwdk
Upgrade-Insecure-Requests: 1
Sec-Fetch-Dest: document
Sec-Fetch-Mode: navigate
Sec-Fetch-Site: none
Sec-Fetch-User: ?1
Priority: u=0, i

.
2025-10-30 01:48:47,523 WARNING - Unknown error
Traceback (most recent call last):
  File "/home/vscode/.local/lib/python3.10/site-packages/airflow/utils/serve_logs.py", line 61, in validate_pre_signed_url
    abort(403)
  File "/home/vscode/.local/lib/python3.10/site-packages/flask/helpers.py", line 310, in abort
    current_app.aborter(code, *args, **kwargs)
  File "/home/vscode/.local/lib/python3.10/site-packages/werkzeug/exceptions.py", line 864, in __call__
    raise self.mapping[code](*args, **kwargs)
werkzeug.exceptions.Forbidden: 403 Forbidden: You don't have the permission to access the requested resource. It is either read-protected or not readable by the server.
2025-10-30 01:48:47,709 WARNING - The Authorization header is missing: Host: 127.0.0.1:8793
User-Agent: Mozilla/5.0 (Macintosh; Intel Mac OS X 10.15; rv:144.0) Gecko/20100101 Firefox/144.0
Accept: image/avif,image/webp,image/png,image/svg+xml,image/*;q=0.8,*/*;q=0.5
Accept-Language: en-US,en;q=0.5
Accept-Encoding: gzip, deflate, br, zstd
Dnt: 1
Sec-Gpc: 1
Connection: keep-alive
Referer: http://127.0.0.1:8793/
Cookie: session=7312e878-d9c8-41e5-a32a-6d890854ba49.O6li1Hk9OLtHAaKjPz0goF7Zwdk
Sec-Fetch-Dest: image
Sec-Fetch-Mode: no-cors
Sec-Fetch-Site: same-origin
Priority: u=6

.
2025-10-30 01:48:47,711 WARNING - Unknown error
Traceback (most recent call last):
  File "/home/vscode/.local/lib/python3.10/site-packages/airflow/utils/serve_logs.py", line 61, in validate_pre_signed_url
    abort(403)
  File "/home/vscode/.local/lib/python3.10/site-packages/flask/helpers.py", line 310, in abort
    current_app.aborter(code, *args, **kwargs)
  File "/home/vscode/.local/lib/python3.10/site-packages/werkzeug/exceptions.py", line 864, in __call__
    raise self.mapping[code](*args, **kwargs)
werkzeug.exceptions.Forbidden: 403 Forbidden: You don't have the permission to access the requested resource. It is either read-protected or not readable by the server.
2025-10-30 01:53:42,539 INFO - Resetting orphaned tasks for active dag runs
2025-10-30 01:55:45,363 INFO - Exiting gracefully upon receiving signal 15
2025-10-30 01:55:46,365 INFO - Sending Signals.SIGTERM to group 13454. PIDs of all processes in the group: [13454]
2025-10-30 01:55:46,365 INFO - Sending the signal Signals.SIGTERM to group 13454
2025-10-30 01:55:46,620 INFO - Process psutil.Process(pid=13454, status='terminated', exitcode=0, started='01:48:41') (13454) terminated with exit code 0
2025-10-30 01:55:46,622 INFO - Sending Signals.SIGTERM to group 13454. PIDs of all processes in the group: []
2025-10-30 01:55:46,622 INFO - Sending the signal Signals.SIGTERM to group 13454
2025-10-30 01:55:46,622 INFO - Sending the signal Signals.SIGTERM to process 13454 as process group is missing.
2025-10-30 01:55:46,622 INFO - Exited execute loop
2025-10-30 02:06:15,929 INFO - Starting the scheduler
2025-10-30 02:06:15,930 INFO - Processing each file at most -1 times
2025-10-30 02:06:15,936 INFO - Launched DagFileProcessorManager with pid: 20476
2025-10-30 02:06:15,938 INFO - Resetting orphaned tasks for active dag runs
2025-10-30 02:06:15,941 INFO - Configured default timezone Timezone('UTC')
2025-10-30 02:09:18,527 INFO - Exiting gracefully upon receiving signal 15
2025-10-30 02:09:19,544 INFO - Sending Signals.SIGTERM to group 20476. PIDs of all processes in the group: [20476]
2025-10-30 02:09:19,549 INFO - Sending the signal Signals.SIGTERM to group 20476
2025-10-30 02:09:20,129 INFO - Process psutil.Process(pid=20476, status='terminated', exitcode=0, started='02:06:15') (20476) terminated with exit code 0
2025-10-30 02:09:20,131 INFO - Sending Signals.SIGTERM to group 20476. PIDs of all processes in the group: []
2025-10-30 02:09:20,132 INFO - Sending the signal Signals.SIGTERM to group 20476
2025-10-30 02:09:20,132 INFO - Sending the signal Signals.SIGTERM to process 20476 as process group is missing.
2025-10-30 02:09:20,132 INFO - Exited execute loop
2025-10-30 02:09:37,066 INFO - Starting the scheduler
2025-10-30 02:09:37,067 INFO - Processing each file at most -1 times
2025-10-30 02:09:37,073 INFO - Launched DagFileProcessorManager with pid: 22344
2025-10-30 02:09:37,075 INFO - Resetting orphaned tasks for active dag runs
2025-10-30 02:09:37,079 INFO - Configured default timezone Timezone('UTC')
2025-10-30 02:14:37,159 INFO - Resetting orphaned tasks for active dag runs
2025-10-30 02:15:18,979 INFO - Exiting gracefully upon receiving signal 15
2025-10-30 02:15:19,984 INFO - Sending Signals.SIGTERM to group 22344. PIDs of all processes in the group: [22344]
2025-10-30 02:15:19,989 INFO - Sending the signal Signals.SIGTERM to group 22344
2025-10-30 02:15:20,448 INFO - Process psutil.Process(pid=22344, status='terminated', exitcode=0, started='02:09:36') (22344) terminated with exit code 0
2025-10-30 02:15:20,450 INFO - Sending Signals.SIGTERM to group 22344. PIDs of all processes in the group: []
2025-10-30 02:15:20,450 INFO - Sending the signal Signals.SIGTERM to group 22344
2025-10-30 02:15:20,451 INFO - Sending the signal Signals.SIGTERM to process 22344 as process group is missing.
2025-10-30 02:15:20,451 INFO - Exited execute loop
2025-10-30 03:07:48,406 INFO - Starting the scheduler
2025-10-30 03:07:48,444 INFO - Processing each file at most -1 times
2025-10-30 03:07:48,449 INFO - Launched DagFileProcessorManager with pid: 8272
2025-10-30 03:07:48,450 INFO - Resetting orphaned tasks for active dag runs
2025-10-30 03:07:48,454 INFO - Configured default timezone Timezone('UTC')
2025-10-30 03:10:17,560 INFO - 1 tasks up for execution:
	<TaskInstance: one_task_dag.one_task manual__2025-10-30T03:10:16.091950+00:00 [scheduled]>
2025-10-30 03:10:17,560 INFO - DAG one_task_dag has 0/16 running and queued tasks
2025-10-30 03:10:17,561 INFO - Setting the following tasks to queued state:
	<TaskInstance: one_task_dag.one_task manual__2025-10-30T03:10:16.091950+00:00 [scheduled]>
2025-10-30 03:10:17,563 INFO - Sending TaskInstanceKey(dag_id='one_task_dag', task_id='one_task', run_id='manual__2025-10-30T03:10:16.091950+00:00', try_number=1, map_index=-1) to executor with priority 1 and queue default
2025-10-30 03:10:17,563 INFO - Adding to queue: ['airflow', 'tasks', 'run', 'one_task_dag', 'one_task', 'manual__2025-10-30T03:10:16.091950+00:00', '--local', '--subdir', 'DAGS_FOLDER/one_task_dag.py']
2025-10-30 03:10:17,568 INFO - Executing command: ['airflow', 'tasks', 'run', 'one_task_dag', 'one_task', 'manual__2025-10-30T03:10:16.091950+00:00', '--local', '--subdir', 'DAGS_FOLDER/one_task_dag.py']
2025-10-30 03:10:19,314 INFO - Received executor event with state success for task instance TaskInstanceKey(dag_id='one_task_dag', task_id='one_task', run_id='manual__2025-10-30T03:10:16.091950+00:00', try_number=1, map_index=-1)
2025-10-30 03:10:19,319 INFO - TaskInstance Finished: dag_id=one_task_dag, task_id=one_task, run_id=manual__2025-10-30T03:10:16.091950+00:00, map_index=-1, run_start_date=2025-10-30 03:10:18.904348+00:00, run_end_date=2025-10-30 03:10:19.021207+00:00, run_duration=0.116859, state=success, executor_state=success, try_number=1, max_tries=0, job_id=5, pool=default_pool, queue=default, priority_weight=1, operator=BashOperator, queued_dttm=2025-10-30 03:10:17.561642+00:00, queued_by_job_id=4, pid=9161
2025-10-30 03:10:19,346 INFO - Marking run <DagRun one_task_dag @ 2025-10-30 03:10:16.091950+00:00: manual__2025-10-30T03:10:16.091950+00:00, state:running, queued_at: 2025-10-30 03:10:16.117525+00:00. externally triggered: True> successful
2025-10-30 03:10:19,347 INFO - DagRun Finished: dag_id=one_task_dag, execution_date=2025-10-30 03:10:16.091950+00:00, run_id=manual__2025-10-30T03:10:16.091950+00:00, run_start_date=2025-10-30 03:10:17.532480+00:00, run_end_date=2025-10-30 03:10:19.347480+00:00, run_duration=1.815, state=success, external_trigger=True, run_type=manual, data_interval_start=2025-10-30 03:10:16.091950+00:00, data_interval_end=2025-10-30 03:10:16.091950+00:00, dag_hash=3e1b820a4adcc81953d03899ce23f9da
2025-10-30 03:12:48,565 INFO - Resetting orphaned tasks for active dag runs
2025-10-30 03:17:48,604 INFO - Resetting orphaned tasks for active dag runs
2025-10-30 03:21:41,768 INFO - Exiting gracefully upon receiving signal 15
2025-10-30 03:21:42,780 INFO - Sending Signals.SIGTERM to group 8272. PIDs of all processes in the group: [8272]
2025-10-30 03:21:42,784 INFO - Sending the signal Signals.SIGTERM to group 8272
2025-10-30 03:21:43,489 INFO - Process psutil.Process(pid=8272, status='terminated', exitcode=0, started='03:07:47') (8272) terminated with exit code 0
2025-10-30 03:21:43,492 INFO - Sending Signals.SIGTERM to group 8272. PIDs of all processes in the group: []
2025-10-30 03:21:43,492 INFO - Sending the signal Signals.SIGTERM to group 8272
2025-10-30 03:21:43,493 INFO - Sending the signal Signals.SIGTERM to process 8272 as process group is missing.
2025-10-30 03:21:43,493 INFO - Exited execute loop
2025-10-30 03:21:56,732 INFO - Starting the scheduler
2025-10-30 03:21:56,733 INFO - Processing each file at most -1 times
2025-10-30 03:21:56,738 INFO - Launched DagFileProcessorManager with pid: 13380
2025-10-30 03:21:56,739 INFO - Resetting orphaned tasks for active dag runs
2025-10-30 03:21:56,745 INFO - Configured default timezone Timezone('UTC')
2025-10-30 03:22:41,325 INFO - 1 tasks up for execution:
	<TaskInstance: two_task_dag.bash_task_0 manual__2025-10-30T03:22:40.970109+00:00 [scheduled]>
2025-10-30 03:22:41,325 INFO - DAG two_task_dag has 0/16 running and queued tasks
2025-10-30 03:22:41,326 INFO - Setting the following tasks to queued state:
	<TaskInstance: two_task_dag.bash_task_0 manual__2025-10-30T03:22:40.970109+00:00 [scheduled]>
2025-10-30 03:22:41,328 INFO - Sending TaskInstanceKey(dag_id='two_task_dag', task_id='bash_task_0', run_id='manual__2025-10-30T03:22:40.970109+00:00', try_number=1, map_index=-1) to executor with priority 2 and queue default
2025-10-30 03:22:41,328 INFO - Adding to queue: ['airflow', 'tasks', 'run', 'two_task_dag', 'bash_task_0', 'manual__2025-10-30T03:22:40.970109+00:00', '--local', '--subdir', 'DAGS_FOLDER/two_task_dag.py']
2025-10-30 03:22:41,334 INFO - Executing command: ['airflow', 'tasks', 'run', 'two_task_dag', 'bash_task_0', 'manual__2025-10-30T03:22:40.970109+00:00', '--local', '--subdir', 'DAGS_FOLDER/two_task_dag.py']
2025-10-30 03:22:43,701 INFO - Received executor event with state success for task instance TaskInstanceKey(dag_id='two_task_dag', task_id='bash_task_0', run_id='manual__2025-10-30T03:22:40.970109+00:00', try_number=1, map_index=-1)
2025-10-30 03:22:43,707 INFO - TaskInstance Finished: dag_id=two_task_dag, task_id=bash_task_0, run_id=manual__2025-10-30T03:22:40.970109+00:00, map_index=-1, run_start_date=2025-10-30 03:22:43.280884+00:00, run_end_date=2025-10-30 03:22:43.392069+00:00, run_duration=0.111185, state=success, executor_state=success, try_number=1, max_tries=0, job_id=7, pool=default_pool, queue=default, priority_weight=2, operator=BashOperator, queued_dttm=2025-10-30 03:22:41.326604+00:00, queued_by_job_id=6, pid=13660
2025-10-30 03:22:43,742 INFO - 1 tasks up for execution:
	<TaskInstance: two_task_dag.bash_task_1 manual__2025-10-30T03:22:40.970109+00:00 [scheduled]>
2025-10-30 03:22:43,742 INFO - DAG two_task_dag has 0/16 running and queued tasks
2025-10-30 03:22:43,742 INFO - Setting the following tasks to queued state:
	<TaskInstance: two_task_dag.bash_task_1 manual__2025-10-30T03:22:40.970109+00:00 [scheduled]>
2025-10-30 03:22:43,743 INFO - Sending TaskInstanceKey(dag_id='two_task_dag', task_id='bash_task_1', run_id='manual__2025-10-30T03:22:40.970109+00:00', try_number=1, map_index=-1) to executor with priority 1 and queue default
2025-10-30 03:22:43,743 INFO - Adding to queue: ['airflow', 'tasks', 'run', 'two_task_dag', 'bash_task_1', 'manual__2025-10-30T03:22:40.970109+00:00', '--local', '--subdir', 'DAGS_FOLDER/two_task_dag.py']
2025-10-30 03:22:43,747 INFO - Executing command: ['airflow', 'tasks', 'run', 'two_task_dag', 'bash_task_1', 'manual__2025-10-30T03:22:40.970109+00:00', '--local', '--subdir', 'DAGS_FOLDER/two_task_dag.py']
2025-10-30 03:22:50,578 INFO - Received executor event with state success for task instance TaskInstanceKey(dag_id='two_task_dag', task_id='bash_task_1', run_id='manual__2025-10-30T03:22:40.970109+00:00', try_number=1, map_index=-1)
2025-10-30 03:22:50,584 INFO - TaskInstance Finished: dag_id=two_task_dag, task_id=bash_task_1, run_id=manual__2025-10-30T03:22:40.970109+00:00, map_index=-1, run_start_date=2025-10-30 03:22:45.110361+00:00, run_end_date=2025-10-30 03:22:50.219934+00:00, run_duration=5.109573, state=success, executor_state=success, try_number=1, max_tries=0, job_id=8, pool=default_pool, queue=default, priority_weight=1, operator=BashOperator, queued_dttm=2025-10-30 03:22:43.742907+00:00, queued_by_job_id=6, pid=13671
2025-10-30 03:22:50,623 INFO - Marking run <DagRun two_task_dag @ 2025-10-30 03:22:40.970109+00:00: manual__2025-10-30T03:22:40.970109+00:00, state:running, queued_at: 2025-10-30 03:22:40.985655+00:00. externally triggered: True> successful
2025-10-30 03:22:50,624 INFO - DagRun Finished: dag_id=two_task_dag, execution_date=2025-10-30 03:22:40.970109+00:00, run_id=manual__2025-10-30T03:22:40.970109+00:00, run_start_date=2025-10-30 03:22:41.274301+00:00, run_end_date=2025-10-30 03:22:50.624571+00:00, run_duration=9.35027, state=success, external_trigger=True, run_type=manual, data_interval_start=2025-10-30 03:22:40.970109+00:00, data_interval_end=2025-10-30 03:22:40.970109+00:00, dag_hash=a09d6de304709dd5ea129fc4a5b66bc1
2025-10-30 03:26:56,815 INFO - Resetting orphaned tasks for active dag runs
2025-10-30 03:31:56,855 INFO - Resetting orphaned tasks for active dag runs
2025-10-30 03:36:56,894 INFO - Resetting orphaned tasks for active dag runs
2025-10-30 03:41:56,934 INFO - Resetting orphaned tasks for active dag runs
2025-10-30 03:46:56,946 INFO - Resetting orphaned tasks for active dag runs
2025-10-30 03:51:56,983 INFO - Resetting orphaned tasks for active dag runs
2025-10-30 03:56:57,023 INFO - Resetting orphaned tasks for active dag runs
2025-10-30 04:01:57,267 INFO - Resetting orphaned tasks for active dag runs
2025-10-30 04:03:15,993 INFO - 1 tasks up for execution:
	<TaskInstance: extract_dag.extract_task manual__2025-10-30T04:03:14.120284+00:00 [scheduled]>
2025-10-30 04:03:15,993 INFO - DAG extract_dag has 0/16 running and queued tasks
2025-10-30 04:03:15,993 INFO - Setting the following tasks to queued state:
	<TaskInstance: extract_dag.extract_task manual__2025-10-30T04:03:14.120284+00:00 [scheduled]>
2025-10-30 04:03:15,995 INFO - Sending TaskInstanceKey(dag_id='extract_dag', task_id='extract_task', run_id='manual__2025-10-30T04:03:14.120284+00:00', try_number=1, map_index=-1) to executor with priority 1 and queue default
2025-10-30 04:03:15,995 INFO - Adding to queue: ['airflow', 'tasks', 'run', 'extract_dag', 'extract_task', 'manual__2025-10-30T04:03:14.120284+00:00', '--local', '--subdir', 'DAGS_FOLDER/extract_dag.py']
2025-10-30 04:03:16,002 INFO - Executing command: ['airflow', 'tasks', 'run', 'extract_dag', 'extract_task', 'manual__2025-10-30T04:03:14.120284+00:00', '--local', '--subdir', 'DAGS_FOLDER/extract_dag.py']
2025-10-30 04:03:17,998 INFO - Received executor event with state success for task instance TaskInstanceKey(dag_id='extract_dag', task_id='extract_task', run_id='manual__2025-10-30T04:03:14.120284+00:00', try_number=1, map_index=-1)
2025-10-30 04:03:18,001 INFO - TaskInstance Finished: dag_id=extract_dag, task_id=extract_task, run_id=manual__2025-10-30T04:03:14.120284+00:00, map_index=-1, run_start_date=2025-10-30 04:03:17.293728+00:00, run_end_date=2025-10-30 04:03:17.696137+00:00, run_duration=0.402409, state=success, executor_state=success, try_number=1, max_tries=0, job_id=9, pool=default_pool, queue=default, priority_weight=1, operator=BashOperator, queued_dttm=2025-10-30 04:03:15.994331+00:00, queued_by_job_id=6, pid=28140
2025-10-30 04:03:18,034 INFO - Marking run <DagRun extract_dag @ 2025-10-30 04:03:14.120284+00:00: manual__2025-10-30T04:03:14.120284+00:00, state:running, queued_at: 2025-10-30 04:03:14.136342+00:00. externally triggered: True> successful
2025-10-30 04:03:18,034 INFO - DagRun Finished: dag_id=extract_dag, execution_date=2025-10-30 04:03:14.120284+00:00, run_id=manual__2025-10-30T04:03:14.120284+00:00, run_start_date=2025-10-30 04:03:15.970232+00:00, run_end_date=2025-10-30 04:03:18.034383+00:00, run_duration=2.064151, state=success, external_trigger=True, run_type=manual, data_interval_start=2025-10-30 04:03:14.120284+00:00, data_interval_end=2025-10-30 04:03:14.120284+00:00, dag_hash=5697037627a38bfc911fe854a7265565
2025-10-30 04:06:57,307 INFO - Resetting orphaned tasks for active dag runs
2025-10-30 04:11:57,348 INFO - Resetting orphaned tasks for active dag runs
2025-10-30 04:16:57,393 INFO - Resetting orphaned tasks for active dag runs
2025-10-30 04:21:57,433 INFO - Resetting orphaned tasks for active dag runs
2025-10-30 04:26:57,471 INFO - Resetting orphaned tasks for active dag runs
2025-10-30 04:31:57,520 INFO - Resetting orphaned tasks for active dag runs
2025-10-30 04:36:57,559 INFO - Resetting orphaned tasks for active dag runs
2025-10-30 04:41:57,599 INFO - Resetting orphaned tasks for active dag runs
2025-10-30 04:46:57,638 INFO - Resetting orphaned tasks for active dag runs
2025-10-30 05:13:14,642 INFO - Starting the scheduler
2025-10-30 05:13:14,713 INFO - Processing each file at most -1 times
2025-10-30 05:13:14,719 INFO - Launched DagFileProcessorManager with pid: 4256
2025-10-30 05:13:14,721 INFO - Resetting orphaned tasks for active dag runs
2025-10-30 05:13:14,723 INFO - Configured default timezone Timezone('UTC')
2025-10-30 05:13:14,740 INFO - Marked 1 SchedulerJob instances as failed
2025-10-30 05:14:05,319 INFO - 1 tasks up for execution:
	<TaskInstance: transform_dag.transform_task manual__2025-10-30T05:14:03.785829+00:00 [scheduled]>
2025-10-30 05:14:05,321 INFO - DAG transform_dag has 0/16 running and queued tasks
2025-10-30 05:14:05,321 INFO - Setting the following tasks to queued state:
	<TaskInstance: transform_dag.transform_task manual__2025-10-30T05:14:03.785829+00:00 [scheduled]>
2025-10-30 05:14:05,324 INFO - Sending TaskInstanceKey(dag_id='transform_dag', task_id='transform_task', run_id='manual__2025-10-30T05:14:03.785829+00:00', try_number=1, map_index=-1) to executor with priority 1 and queue default
2025-10-30 05:14:05,325 INFO - Adding to queue: ['airflow', 'tasks', 'run', 'transform_dag', 'transform_task', 'manual__2025-10-30T05:14:03.785829+00:00', '--local', '--subdir', 'DAGS_FOLDER/transform_dag.py']
2025-10-30 05:14:05,330 INFO - Executing command: ['airflow', 'tasks', 'run', 'transform_dag', 'transform_task', 'manual__2025-10-30T05:14:03.785829+00:00', '--local', '--subdir', 'DAGS_FOLDER/transform_dag.py']
2025-10-30 05:14:08,612 INFO - Received executor event with state success for task instance TaskInstanceKey(dag_id='transform_dag', task_id='transform_task', run_id='manual__2025-10-30T05:14:03.785829+00:00', try_number=1, map_index=-1)
2025-10-30 05:14:08,617 INFO - TaskInstance Finished: dag_id=transform_dag, task_id=transform_task, run_id=manual__2025-10-30T05:14:03.785829+00:00, map_index=-1, run_start_date=2025-10-30 05:14:07.920461+00:00, run_end_date=2025-10-30 05:14:08.231091+00:00, run_duration=0.31063, state=success, executor_state=success, try_number=1, max_tries=0, job_id=11, pool=default_pool, queue=default, priority_weight=1, operator=PythonOperator, queued_dttm=2025-10-30 05:14:05.322417+00:00, queued_by_job_id=10, pid=4594
2025-10-30 05:14:08,650 INFO - Marking run <DagRun transform_dag @ 2025-10-30 05:14:03.785829+00:00: manual__2025-10-30T05:14:03.785829+00:00, state:running, queued_at: 2025-10-30 05:14:03.820484+00:00. externally triggered: True> successful
2025-10-30 05:14:08,651 INFO - DagRun Finished: dag_id=transform_dag, execution_date=2025-10-30 05:14:03.785829+00:00, run_id=manual__2025-10-30T05:14:03.785829+00:00, run_start_date=2025-10-30 05:14:05.115524+00:00, run_end_date=2025-10-30 05:14:08.651274+00:00, run_duration=3.53575, state=success, external_trigger=True, run_type=manual, data_interval_start=2025-10-30 05:14:03.785829+00:00, data_interval_end=2025-10-30 05:14:03.785829+00:00, dag_hash=fa8368cdeb3e0e897cfd329e5d9f3900
2025-10-30 05:18:14,837 INFO - Resetting orphaned tasks for active dag runs
2025-10-30 05:23:14,877 INFO - Resetting orphaned tasks for active dag runs
2025-10-30 05:28:14,917 INFO - Resetting orphaned tasks for active dag runs
2025-10-30 05:33:14,959 INFO - Resetting orphaned tasks for active dag runs
2025-10-30 05:37:10,432 INFO - Exiting gracefully upon receiving signal 15
2025-10-30 05:37:11,435 INFO - Sending Signals.SIGTERM to group 4256. PIDs of all processes in the group: [4256]
2025-10-30 05:37:11,436 INFO - Sending the signal Signals.SIGTERM to group 4256
2025-10-30 05:37:11,771 INFO - Process psutil.Process(pid=4256, status='terminated', exitcode=0, started='05:13:14') (4256) terminated with exit code 0
2025-10-30 05:37:11,774 INFO - Sending Signals.SIGTERM to group 4256. PIDs of all processes in the group: []
2025-10-30 05:37:11,775 INFO - Sending the signal Signals.SIGTERM to group 4256
2025-10-30 05:37:11,775 INFO - Sending the signal Signals.SIGTERM to process 4256 as process group is missing.
2025-10-30 05:37:11,775 INFO - Exited execute loop
2025-10-30 05:37:22,314 INFO - Starting the scheduler
2025-10-30 05:37:22,318 INFO - Processing each file at most -1 times
2025-10-30 05:37:22,329 INFO - Launched DagFileProcessorManager with pid: 14039
2025-10-30 05:37:22,330 INFO - Resetting orphaned tasks for active dag runs
2025-10-30 05:37:22,337 INFO - Configured default timezone Timezone('UTC')
2025-10-30 05:38:42,801 INFO - 1 tasks up for execution:
	<TaskInstance: load_dag.load_task manual__2025-10-30T05:38:41.775475+00:00 [scheduled]>
2025-10-30 05:38:42,801 INFO - DAG load_dag has 0/16 running and queued tasks
2025-10-30 05:38:42,802 INFO - Setting the following tasks to queued state:
	<TaskInstance: load_dag.load_task manual__2025-10-30T05:38:41.775475+00:00 [scheduled]>
2025-10-30 05:38:42,803 INFO - Sending TaskInstanceKey(dag_id='load_dag', task_id='load_task', run_id='manual__2025-10-30T05:38:41.775475+00:00', try_number=1, map_index=-1) to executor with priority 1 and queue default
2025-10-30 05:38:42,803 INFO - Adding to queue: ['airflow', 'tasks', 'run', 'load_dag', 'load_task', 'manual__2025-10-30T05:38:41.775475+00:00', '--local', '--subdir', 'DAGS_FOLDER/load_dag.py']
2025-10-30 05:38:42,807 INFO - Executing command: ['airflow', 'tasks', 'run', 'load_dag', 'load_task', 'manual__2025-10-30T05:38:41.775475+00:00', '--local', '--subdir', 'DAGS_FOLDER/load_dag.py']
2025-10-30 05:38:44,523 INFO - Received executor event with state success for task instance TaskInstanceKey(dag_id='load_dag', task_id='load_task', run_id='manual__2025-10-30T05:38:41.775475+00:00', try_number=1, map_index=-1)
2025-10-30 05:38:44,530 INFO - TaskInstance Finished: dag_id=load_dag, task_id=load_task, run_id=manual__2025-10-30T05:38:41.775475+00:00, map_index=-1, run_start_date=2025-10-30 05:38:44.135078+00:00, run_end_date=2025-10-30 05:38:44.251664+00:00, run_duration=0.116586, state=success, executor_state=success, try_number=1, max_tries=0, job_id=13, pool=default_pool, queue=default, priority_weight=1, operator=BashOperator, queued_dttm=2025-10-30 05:38:42.802429+00:00, queued_by_job_id=12, pid=14609
2025-10-30 05:38:44,561 INFO - Marking run <DagRun load_dag @ 2025-10-30 05:38:41.775475+00:00: manual__2025-10-30T05:38:41.775475+00:00, state:running, queued_at: 2025-10-30 05:38:41.788651+00:00. externally triggered: True> successful
2025-10-30 05:38:44,562 INFO - DagRun Finished: dag_id=load_dag, execution_date=2025-10-30 05:38:41.775475+00:00, run_id=manual__2025-10-30T05:38:41.775475+00:00, run_start_date=2025-10-30 05:38:42.774235+00:00, run_end_date=2025-10-30 05:38:44.562441+00:00, run_duration=1.788206, state=success, external_trigger=True, run_type=manual, data_interval_start=2025-10-30 05:38:41.775475+00:00, data_interval_end=2025-10-30 05:38:41.775475+00:00, dag_hash=e4d422176d94a4e8221e56581bad75af
2025-10-30 05:42:22,443 INFO - Resetting orphaned tasks for active dag runs
2025-10-30 05:47:22,996 INFO - Resetting orphaned tasks for active dag runs
2025-10-30 05:48:32,803 INFO - Exiting gracefully upon receiving signal 15
2025-10-30 05:48:33,805 INFO - Sending Signals.SIGTERM to group 14039. PIDs of all processes in the group: [14039]
2025-10-30 05:48:33,806 INFO - Sending the signal Signals.SIGTERM to group 14039
2025-10-30 05:48:33,979 INFO - Process psutil.Process(pid=14039, status='terminated', exitcode=0, started='05:37:21') (14039) terminated with exit code 0
2025-10-30 05:48:33,981 INFO - Sending Signals.SIGTERM to group 14039. PIDs of all processes in the group: []
2025-10-30 05:48:33,981 INFO - Sending the signal Signals.SIGTERM to group 14039
2025-10-30 05:48:33,982 INFO - Sending the signal Signals.SIGTERM to process 14039 as process group is missing.
2025-10-30 05:48:33,982 INFO - Exited execute loop
2025-10-30 05:48:39,890 INFO - Starting the scheduler
2025-10-30 05:48:39,890 INFO - Processing each file at most -1 times
2025-10-30 05:48:39,898 INFO - Launched DagFileProcessorManager with pid: 18408
2025-10-30 05:48:39,899 INFO - Resetting orphaned tasks for active dag runs
2025-10-30 05:48:39,906 INFO - Configured default timezone Timezone('UTC')
2025-10-30 05:49:54,024 INFO - 1 tasks up for execution:
	<TaskInstance: basic_etl_dag.extract_task manual__2025-10-30T05:49:52.514472+00:00 [scheduled]>
2025-10-30 05:49:54,024 INFO - DAG basic_etl_dag has 0/16 running and queued tasks
2025-10-30 05:49:54,024 INFO - Setting the following tasks to queued state:
	<TaskInstance: basic_etl_dag.extract_task manual__2025-10-30T05:49:52.514472+00:00 [scheduled]>
2025-10-30 05:49:54,026 INFO - Sending TaskInstanceKey(dag_id='basic_etl_dag', task_id='extract_task', run_id='manual__2025-10-30T05:49:52.514472+00:00', try_number=1, map_index=-1) to executor with priority 3 and queue default
2025-10-30 05:49:54,026 INFO - Adding to queue: ['airflow', 'tasks', 'run', 'basic_etl_dag', 'extract_task', 'manual__2025-10-30T05:49:52.514472+00:00', '--local', '--subdir', 'DAGS_FOLDER/basic_etl_dag.py']
2025-10-30 05:49:54,031 INFO - Executing command: ['airflow', 'tasks', 'run', 'basic_etl_dag', 'extract_task', 'manual__2025-10-30T05:49:52.514472+00:00', '--local', '--subdir', 'DAGS_FOLDER/basic_etl_dag.py']
2025-10-30 05:49:57,081 INFO - Received executor event with state success for task instance TaskInstanceKey(dag_id='basic_etl_dag', task_id='extract_task', run_id='manual__2025-10-30T05:49:52.514472+00:00', try_number=1, map_index=-1)
2025-10-30 05:49:57,087 INFO - TaskInstance Finished: dag_id=basic_etl_dag, task_id=extract_task, run_id=manual__2025-10-30T05:49:52.514472+00:00, map_index=-1, run_start_date=2025-10-30 05:49:55.585408+00:00, run_end_date=2025-10-30 05:49:56.688521+00:00, run_duration=1.103113, state=success, executor_state=success, try_number=1, max_tries=0, job_id=15, pool=default_pool, queue=default, priority_weight=3, operator=BashOperator, queued_dttm=2025-10-30 05:49:54.024959+00:00, queued_by_job_id=14, pid=18900
2025-10-30 05:49:57,136 INFO - 1 tasks up for execution:
	<TaskInstance: basic_etl_dag.transform_task manual__2025-10-30T05:49:52.514472+00:00 [scheduled]>
2025-10-30 05:49:57,137 INFO - DAG basic_etl_dag has 0/16 running and queued tasks
2025-10-30 05:49:57,137 INFO - Setting the following tasks to queued state:
	<TaskInstance: basic_etl_dag.transform_task manual__2025-10-30T05:49:52.514472+00:00 [scheduled]>
2025-10-30 05:49:57,139 INFO - Sending TaskInstanceKey(dag_id='basic_etl_dag', task_id='transform_task', run_id='manual__2025-10-30T05:49:52.514472+00:00', try_number=1, map_index=-1) to executor with priority 2 and queue default
2025-10-30 05:49:57,139 INFO - Adding to queue: ['airflow', 'tasks', 'run', 'basic_etl_dag', 'transform_task', 'manual__2025-10-30T05:49:52.514472+00:00', '--local', '--subdir', 'DAGS_FOLDER/basic_etl_dag.py']
2025-10-30 05:49:57,142 INFO - Executing command: ['airflow', 'tasks', 'run', 'basic_etl_dag', 'transform_task', 'manual__2025-10-30T05:49:52.514472+00:00', '--local', '--subdir', 'DAGS_FOLDER/basic_etl_dag.py']
2025-10-30 05:49:59,204 INFO - Received executor event with state success for task instance TaskInstanceKey(dag_id='basic_etl_dag', task_id='transform_task', run_id='manual__2025-10-30T05:49:52.514472+00:00', try_number=1, map_index=-1)
2025-10-30 05:49:59,207 INFO - TaskInstance Finished: dag_id=basic_etl_dag, task_id=transform_task, run_id=manual__2025-10-30T05:49:52.514472+00:00, map_index=-1, run_start_date=2025-10-30 05:49:58.736812+00:00, run_end_date=2025-10-30 05:49:58.845157+00:00, run_duration=0.108345, state=success, executor_state=success, try_number=1, max_tries=0, job_id=16, pool=default_pool, queue=default, priority_weight=2, operator=PythonOperator, queued_dttm=2025-10-30 05:49:57.137986+00:00, queued_by_job_id=14, pid=18924
2025-10-30 05:49:59,243 INFO - 1 tasks up for execution:
	<TaskInstance: basic_etl_dag.load_task manual__2025-10-30T05:49:52.514472+00:00 [scheduled]>
2025-10-30 05:49:59,243 INFO - DAG basic_etl_dag has 0/16 running and queued tasks
2025-10-30 05:49:59,243 INFO - Setting the following tasks to queued state:
	<TaskInstance: basic_etl_dag.load_task manual__2025-10-30T05:49:52.514472+00:00 [scheduled]>
2025-10-30 05:49:59,244 INFO - Sending TaskInstanceKey(dag_id='basic_etl_dag', task_id='load_task', run_id='manual__2025-10-30T05:49:52.514472+00:00', try_number=1, map_index=-1) to executor with priority 1 and queue default
2025-10-30 05:49:59,245 INFO - Adding to queue: ['airflow', 'tasks', 'run', 'basic_etl_dag', 'load_task', 'manual__2025-10-30T05:49:52.514472+00:00', '--local', '--subdir', 'DAGS_FOLDER/basic_etl_dag.py']
2025-10-30 05:49:59,248 INFO - Executing command: ['airflow', 'tasks', 'run', 'basic_etl_dag', 'load_task', 'manual__2025-10-30T05:49:52.514472+00:00', '--local', '--subdir', 'DAGS_FOLDER/basic_etl_dag.py']
2025-10-30 05:50:01,313 INFO - Received executor event with state success for task instance TaskInstanceKey(dag_id='basic_etl_dag', task_id='load_task', run_id='manual__2025-10-30T05:49:52.514472+00:00', try_number=1, map_index=-1)
2025-10-30 05:50:01,317 INFO - TaskInstance Finished: dag_id=basic_etl_dag, task_id=load_task, run_id=manual__2025-10-30T05:49:52.514472+00:00, map_index=-1, run_start_date=2025-10-30 05:50:00.842817+00:00, run_end_date=2025-10-30 05:50:00.961603+00:00, run_duration=0.118786, state=success, executor_state=success, try_number=1, max_tries=0, job_id=17, pool=default_pool, queue=default, priority_weight=1, operator=BashOperator, queued_dttm=2025-10-30 05:49:59.243983+00:00, queued_by_job_id=14, pid=18935
2025-10-30 05:50:01,342 INFO - Marking run <DagRun basic_etl_dag @ 2025-10-30 05:49:52.514472+00:00: manual__2025-10-30T05:49:52.514472+00:00, state:running, queued_at: 2025-10-30 05:49:52.529037+00:00. externally triggered: True> successful
2025-10-30 05:50:01,342 INFO - DagRun Finished: dag_id=basic_etl_dag, execution_date=2025-10-30 05:49:52.514472+00:00, run_id=manual__2025-10-30T05:49:52.514472+00:00, run_start_date=2025-10-30 05:49:53.994519+00:00, run_end_date=2025-10-30 05:50:01.342697+00:00, run_duration=7.348178, state=success, external_trigger=True, run_type=manual, data_interval_start=2025-10-30 05:49:52.514472+00:00, data_interval_end=2025-10-30 05:49:52.514472+00:00, dag_hash=9e81f8ce5c7f8f6303e681f47a0ef3db
2025-10-30 05:53:39,983 INFO - Resetting orphaned tasks for active dag runs
2025-10-30 05:58:40,017 INFO - Resetting orphaned tasks for active dag runs
2025-10-30 06:03:40,057 INFO - Resetting orphaned tasks for active dag runs
2025-10-30 06:07:02,641 INFO - Exiting gracefully upon receiving signal 15
2025-10-30 06:07:03,644 INFO - Sending Signals.SIGTERM to group 18408. PIDs of all processes in the group: [18408]
2025-10-30 06:07:03,645 INFO - Sending the signal Signals.SIGTERM to group 18408
2025-10-30 06:07:03,979 INFO - Process psutil.Process(pid=18408, status='terminated', exitcode=0, started='05:48:39') (18408) terminated with exit code 0
2025-10-30 06:07:03,981 INFO - Sending Signals.SIGTERM to group 18408. PIDs of all processes in the group: []
2025-10-30 06:07:03,982 INFO - Sending the signal Signals.SIGTERM to group 18408
2025-10-30 06:07:03,982 INFO - Sending the signal Signals.SIGTERM to process 18408 as process group is missing.
2025-10-30 06:07:03,982 INFO - Exited execute loop
2025-10-30 06:07:11,061 INFO - Starting the scheduler
2025-10-30 06:07:11,062 INFO - Processing each file at most -1 times
2025-10-30 06:07:11,072 INFO - Launched DagFileProcessorManager with pid: 25508
2025-10-30 06:07:11,079 INFO - Resetting orphaned tasks for active dag runs
2025-10-30 06:07:11,086 INFO - Configured default timezone Timezone('UTC')
2025-10-30 06:07:39,560 INFO - 1 tasks up for execution:
	<TaskInstance: challenge_dag.extract_task manual__2025-10-30T06:07:38.848256+00:00 [scheduled]>
2025-10-30 06:07:39,561 INFO - DAG challenge_dag has 0/16 running and queued tasks
2025-10-30 06:07:39,561 INFO - Setting the following tasks to queued state:
	<TaskInstance: challenge_dag.extract_task manual__2025-10-30T06:07:38.848256+00:00 [scheduled]>
2025-10-30 06:07:39,564 INFO - Sending TaskInstanceKey(dag_id='challenge_dag', task_id='extract_task', run_id='manual__2025-10-30T06:07:38.848256+00:00', try_number=1, map_index=-1) to executor with priority 3 and queue default
2025-10-30 06:07:39,564 INFO - Adding to queue: ['airflow', 'tasks', 'run', 'challenge_dag', 'extract_task', 'manual__2025-10-30T06:07:38.848256+00:00', '--local', '--subdir', 'DAGS_FOLDER/challenge_dag.py']
2025-10-30 06:07:39,570 INFO - Executing command: ['airflow', 'tasks', 'run', 'challenge_dag', 'extract_task', 'manual__2025-10-30T06:07:38.848256+00:00', '--local', '--subdir', 'DAGS_FOLDER/challenge_dag.py']
2025-10-30 06:07:42,365 INFO - Received executor event with state success for task instance TaskInstanceKey(dag_id='challenge_dag', task_id='extract_task', run_id='manual__2025-10-30T06:07:38.848256+00:00', try_number=1, map_index=-1)
2025-10-30 06:07:42,372 INFO - TaskInstance Finished: dag_id=challenge_dag, task_id=extract_task, run_id=manual__2025-10-30T06:07:38.848256+00:00, map_index=-1, run_start_date=2025-10-30 06:07:41.595649+00:00, run_end_date=2025-10-30 06:07:41.991690+00:00, run_duration=0.396041, state=failed, executor_state=success, try_number=1, max_tries=0, job_id=19, pool=default_pool, queue=default, priority_weight=3, operator=BashOperator, queued_dttm=2025-10-30 06:07:39.562072+00:00, queued_by_job_id=18, pid=25720
2025-10-30 06:07:43,960 ERROR - Marking run <DagRun challenge_dag @ 2025-10-30 06:07:38.848256+00:00: manual__2025-10-30T06:07:38.848256+00:00, state:running, queued_at: 2025-10-30 06:07:38.858987+00:00. externally triggered: True> failed
2025-10-30 06:07:43,961 INFO - DagRun Finished: dag_id=challenge_dag, execution_date=2025-10-30 06:07:38.848256+00:00, run_id=manual__2025-10-30T06:07:38.848256+00:00, run_start_date=2025-10-30 06:07:39.515107+00:00, run_end_date=2025-10-30 06:07:43.961520+00:00, run_duration=4.446413, state=failed, external_trigger=True, run_type=manual, data_interval_start=2025-10-30 06:07:38.848256+00:00, data_interval_end=2025-10-30 06:07:38.848256+00:00, dag_hash=46c779a975eaad6d31a62413be935376
2025-10-30 06:12:11,188 INFO - Resetting orphaned tasks for active dag runs
2025-10-30 06:17:11,228 INFO - Resetting orphaned tasks for active dag runs
2025-10-30 06:22:11,268 INFO - Resetting orphaned tasks for active dag runs
2025-10-30 06:27:11,312 INFO - Resetting orphaned tasks for active dag runs
2025-10-30 06:32:11,354 INFO - Resetting orphaned tasks for active dag runs
2025-10-30 06:37:11,405 INFO - Resetting orphaned tasks for active dag runs
2025-10-30 06:42:11,448 INFO - Resetting orphaned tasks for active dag runs
2025-10-30 06:47:11,489 INFO - Resetting orphaned tasks for active dag runs
2025-10-30 06:52:11,531 INFO - Resetting orphaned tasks for active dag runs
2025-10-30 06:57:11,570 INFO - Resetting orphaned tasks for active dag runs
2025-10-30 07:02:11,609 INFO - Resetting orphaned tasks for active dag runs
2025-10-30 07:11:10,680 INFO - Starting the scheduler
2025-10-30 07:11:10,748 INFO - Processing each file at most -1 times
2025-10-30 07:11:10,754 INFO - Launched DagFileProcessorManager with pid: 2121
2025-10-30 07:11:10,756 INFO - Resetting orphaned tasks for active dag runs
2025-10-30 07:11:10,759 INFO - Configured default timezone Timezone('UTC')
2025-10-30 07:11:10,774 INFO - Marked 1 SchedulerJob instances as failed
2025-10-30 07:16:10,845 INFO - Resetting orphaned tasks for active dag runs
2025-10-30 07:17:17,274 INFO - 1 tasks up for execution:
	<TaskInstance: challenge_dag.extract_task manual__2025-10-30T07:17:15.406317+00:00 [scheduled]>
2025-10-30 07:17:17,274 INFO - DAG challenge_dag has 0/16 running and queued tasks
2025-10-30 07:17:17,274 INFO - Setting the following tasks to queued state:
	<TaskInstance: challenge_dag.extract_task manual__2025-10-30T07:17:15.406317+00:00 [scheduled]>
2025-10-30 07:17:17,276 INFO - Sending TaskInstanceKey(dag_id='challenge_dag', task_id='extract_task', run_id='manual__2025-10-30T07:17:15.406317+00:00', try_number=1, map_index=-1) to executor with priority 3 and queue default
2025-10-30 07:17:17,276 INFO - Adding to queue: ['airflow', 'tasks', 'run', 'challenge_dag', 'extract_task', 'manual__2025-10-30T07:17:15.406317+00:00', '--local', '--subdir', 'DAGS_FOLDER/challenge_dag.py']
2025-10-30 07:17:17,280 INFO - Executing command: ['airflow', 'tasks', 'run', 'challenge_dag', 'extract_task', 'manual__2025-10-30T07:17:15.406317+00:00', '--local', '--subdir', 'DAGS_FOLDER/challenge_dag.py']
2025-10-30 07:17:20,353 INFO - Received executor event with state success for task instance TaskInstanceKey(dag_id='challenge_dag', task_id='extract_task', run_id='manual__2025-10-30T07:17:15.406317+00:00', try_number=1, map_index=-1)
2025-10-30 07:17:20,358 INFO - TaskInstance Finished: dag_id=challenge_dag, task_id=extract_task, run_id=manual__2025-10-30T07:17:15.406317+00:00, map_index=-1, run_start_date=2025-10-30 07:17:18.854787+00:00, run_end_date=2025-10-30 07:17:19.955099+00:00, run_duration=1.100312, state=success, executor_state=success, try_number=1, max_tries=0, job_id=21, pool=default_pool, queue=default, priority_weight=3, operator=BashOperator, queued_dttm=2025-10-30 07:17:17.275136+00:00, queued_by_job_id=20, pid=4478
2025-10-30 07:17:20,399 INFO - 1 tasks up for execution:
	<TaskInstance: challenge_dag.transform_task manual__2025-10-30T07:17:15.406317+00:00 [scheduled]>
2025-10-30 07:17:20,400 INFO - DAG challenge_dag has 0/16 running and queued tasks
2025-10-30 07:17:20,400 INFO - Setting the following tasks to queued state:
	<TaskInstance: challenge_dag.transform_task manual__2025-10-30T07:17:15.406317+00:00 [scheduled]>
2025-10-30 07:17:20,401 INFO - Sending TaskInstanceKey(dag_id='challenge_dag', task_id='transform_task', run_id='manual__2025-10-30T07:17:15.406317+00:00', try_number=1, map_index=-1) to executor with priority 2 and queue default
2025-10-30 07:17:20,401 INFO - Adding to queue: ['airflow', 'tasks', 'run', 'challenge_dag', 'transform_task', 'manual__2025-10-30T07:17:15.406317+00:00', '--local', '--subdir', 'DAGS_FOLDER/challenge_dag.py']
2025-10-30 07:17:20,405 INFO - Executing command: ['airflow', 'tasks', 'run', 'challenge_dag', 'transform_task', 'manual__2025-10-30T07:17:15.406317+00:00', '--local', '--subdir', 'DAGS_FOLDER/challenge_dag.py']
2025-10-30 07:17:22,740 INFO - Received executor event with state success for task instance TaskInstanceKey(dag_id='challenge_dag', task_id='transform_task', run_id='manual__2025-10-30T07:17:15.406317+00:00', try_number=1, map_index=-1)
2025-10-30 07:17:22,743 INFO - TaskInstance Finished: dag_id=challenge_dag, task_id=transform_task, run_id=manual__2025-10-30T07:17:15.406317+00:00, map_index=-1, run_start_date=2025-10-30 07:17:22.114010+00:00, run_end_date=2025-10-30 07:17:22.381841+00:00, run_duration=0.267831, state=success, executor_state=success, try_number=1, max_tries=0, job_id=22, pool=default_pool, queue=default, priority_weight=2, operator=PythonOperator, queued_dttm=2025-10-30 07:17:20.400818+00:00, queued_by_job_id=20, pid=4504
2025-10-30 07:17:22,776 INFO - 1 tasks up for execution:
	<TaskInstance: challenge_dag.load_task manual__2025-10-30T07:17:15.406317+00:00 [scheduled]>
2025-10-30 07:17:22,777 INFO - DAG challenge_dag has 0/16 running and queued tasks
2025-10-30 07:17:22,777 INFO - Setting the following tasks to queued state:
	<TaskInstance: challenge_dag.load_task manual__2025-10-30T07:17:15.406317+00:00 [scheduled]>
2025-10-30 07:17:22,778 INFO - Sending TaskInstanceKey(dag_id='challenge_dag', task_id='load_task', run_id='manual__2025-10-30T07:17:15.406317+00:00', try_number=1, map_index=-1) to executor with priority 1 and queue default
2025-10-30 07:17:22,778 INFO - Adding to queue: ['airflow', 'tasks', 'run', 'challenge_dag', 'load_task', 'manual__2025-10-30T07:17:15.406317+00:00', '--local', '--subdir', 'DAGS_FOLDER/challenge_dag.py']
2025-10-30 07:17:22,782 INFO - Executing command: ['airflow', 'tasks', 'run', 'challenge_dag', 'load_task', 'manual__2025-10-30T07:17:15.406317+00:00', '--local', '--subdir', 'DAGS_FOLDER/challenge_dag.py']
2025-10-30 07:17:25,107 INFO - Received executor event with state success for task instance TaskInstanceKey(dag_id='challenge_dag', task_id='load_task', run_id='manual__2025-10-30T07:17:15.406317+00:00', try_number=1, map_index=-1)
2025-10-30 07:17:25,111 INFO - TaskInstance Finished: dag_id=challenge_dag, task_id=load_task, run_id=manual__2025-10-30T07:17:15.406317+00:00, map_index=-1, run_start_date=2025-10-30 07:17:24.441055+00:00, run_end_date=2025-10-30 07:17:24.757139+00:00, run_duration=0.316084, state=success, executor_state=success, try_number=1, max_tries=0, job_id=23, pool=default_pool, queue=default, priority_weight=1, operator=BashOperator, queued_dttm=2025-10-30 07:17:22.777607+00:00, queued_by_job_id=20, pid=4521
2025-10-30 07:17:25,244 INFO - Marking run <DagRun challenge_dag @ 2025-10-30 07:17:15.406317+00:00: manual__2025-10-30T07:17:15.406317+00:00, state:running, queued_at: 2025-10-30 07:17:15.417544+00:00. externally triggered: True> successful
2025-10-30 07:17:25,245 INFO - DagRun Finished: dag_id=challenge_dag, execution_date=2025-10-30 07:17:15.406317+00:00, run_id=manual__2025-10-30T07:17:15.406317+00:00, run_start_date=2025-10-30 07:17:17.245435+00:00, run_end_date=2025-10-30 07:17:25.245371+00:00, run_duration=7.999936, state=success, external_trigger=True, run_type=manual, data_interval_start=2025-10-30 07:17:15.406317+00:00, data_interval_end=2025-10-30 07:17:15.406317+00:00, dag_hash=b6c7884bad6b52a4a8628a0b0e0fc044
