[2025-10-30T01:49:28.995+0000] {processor.py:157} INFO - Started process (PID=13801) to work on /home/vscode/.local/lib/python3.10/site-packages/airflow/example_dags/example_branch_day_of_week_operator.py
[2025-10-30T01:49:28.995+0000] {processor.py:826} INFO - Processing file /home/vscode/.local/lib/python3.10/site-packages/airflow/example_dags/example_branch_day_of_week_operator.py for tasks to queue
[2025-10-30T01:49:28.996+0000] {logging_mixin.py:150} INFO - [2025-10-30T01:49:28.996+0000] {dagbag.py:541} INFO - Filling up the DagBag from /home/vscode/.local/lib/python3.10/site-packages/airflow/example_dags/example_branch_day_of_week_operator.py
[2025-10-30T01:49:29.004+0000] {processor.py:836} INFO - DAG(s) dict_keys(['example_weekday_branch_operator']) retrieved from /home/vscode/.local/lib/python3.10/site-packages/airflow/example_dags/example_branch_day_of_week_operator.py
[2025-10-30T01:49:29.092+0000] {logging_mixin.py:150} INFO - [2025-10-30T01:49:29.092+0000] {manager.py:504} INFO - Created Permission View: can read on DAG:example_weekday_branch_operator
[2025-10-30T01:49:29.101+0000] {logging_mixin.py:150} INFO - [2025-10-30T01:49:29.100+0000] {manager.py:504} INFO - Created Permission View: can delete on DAG:example_weekday_branch_operator
[2025-10-30T01:49:29.107+0000] {logging_mixin.py:150} INFO - [2025-10-30T01:49:29.107+0000] {manager.py:504} INFO - Created Permission View: can edit on DAG:example_weekday_branch_operator
[2025-10-30T01:49:29.114+0000] {logging_mixin.py:150} INFO - [2025-10-30T01:49:29.114+0000] {dag.py:2742} INFO - Sync 1 DAGs
[2025-10-30T01:49:29.120+0000] {logging_mixin.py:150} INFO - [2025-10-30T01:49:29.120+0000] {dag.py:2763} INFO - Creating ORM DAG for example_weekday_branch_operator
[2025-10-30T01:49:29.128+0000] {logging_mixin.py:150} INFO - [2025-10-30T01:49:29.127+0000] {dag.py:3504} INFO - Setting next_dagrun for example_weekday_branch_operator to 2025-10-29T00:00:00+00:00, run_after=2025-10-30T00:00:00+00:00
[2025-10-30T01:49:29.144+0000] {processor.py:179} INFO - Processing /home/vscode/.local/lib/python3.10/site-packages/airflow/example_dags/example_branch_day_of_week_operator.py took 0.152 seconds
[2025-10-30T01:50:14.807+0000] {processor.py:157} INFO - Started process (PID=14111) to work on /home/vscode/.local/lib/python3.10/site-packages/airflow/example_dags/example_branch_day_of_week_operator.py
[2025-10-30T01:50:14.808+0000] {processor.py:826} INFO - Processing file /home/vscode/.local/lib/python3.10/site-packages/airflow/example_dags/example_branch_day_of_week_operator.py for tasks to queue
[2025-10-30T01:50:14.808+0000] {logging_mixin.py:150} INFO - [2025-10-30T01:50:14.808+0000] {dagbag.py:541} INFO - Filling up the DagBag from /home/vscode/.local/lib/python3.10/site-packages/airflow/example_dags/example_branch_day_of_week_operator.py
[2025-10-30T01:50:14.814+0000] {processor.py:836} INFO - DAG(s) dict_keys(['example_weekday_branch_operator']) retrieved from /home/vscode/.local/lib/python3.10/site-packages/airflow/example_dags/example_branch_day_of_week_operator.py
[2025-10-30T01:50:14.826+0000] {logging_mixin.py:150} INFO - [2025-10-30T01:50:14.826+0000] {dag.py:2742} INFO - Sync 1 DAGs
[2025-10-30T01:50:14.841+0000] {logging_mixin.py:150} INFO - [2025-10-30T01:50:14.841+0000] {dag.py:3504} INFO - Setting next_dagrun for example_weekday_branch_operator to 2025-10-29T00:00:00+00:00, run_after=2025-10-30T00:00:00+00:00
[2025-10-30T01:50:14.855+0000] {processor.py:179} INFO - Processing /home/vscode/.local/lib/python3.10/site-packages/airflow/example_dags/example_branch_day_of_week_operator.py took 0.050 seconds
[2025-10-30T01:51:01.024+0000] {processor.py:157} INFO - Started process (PID=14431) to work on /home/vscode/.local/lib/python3.10/site-packages/airflow/example_dags/example_branch_day_of_week_operator.py
[2025-10-30T01:51:01.025+0000] {processor.py:826} INFO - Processing file /home/vscode/.local/lib/python3.10/site-packages/airflow/example_dags/example_branch_day_of_week_operator.py for tasks to queue
[2025-10-30T01:51:01.026+0000] {logging_mixin.py:150} INFO - [2025-10-30T01:51:01.025+0000] {dagbag.py:541} INFO - Filling up the DagBag from /home/vscode/.local/lib/python3.10/site-packages/airflow/example_dags/example_branch_day_of_week_operator.py
[2025-10-30T01:51:01.031+0000] {processor.py:836} INFO - DAG(s) dict_keys(['example_weekday_branch_operator']) retrieved from /home/vscode/.local/lib/python3.10/site-packages/airflow/example_dags/example_branch_day_of_week_operator.py
[2025-10-30T01:51:01.043+0000] {logging_mixin.py:150} INFO - [2025-10-30T01:51:01.043+0000] {dag.py:2742} INFO - Sync 1 DAGs
[2025-10-30T01:51:01.057+0000] {logging_mixin.py:150} INFO - [2025-10-30T01:51:01.057+0000] {dag.py:3504} INFO - Setting next_dagrun for example_weekday_branch_operator to 2025-10-29T00:00:00+00:00, run_after=2025-10-30T00:00:00+00:00
[2025-10-30T01:51:01.072+0000] {processor.py:179} INFO - Processing /home/vscode/.local/lib/python3.10/site-packages/airflow/example_dags/example_branch_day_of_week_operator.py took 0.050 seconds
[2025-10-30T01:51:44.880+0000] {processor.py:157} INFO - Started process (PID=14726) to work on /home/vscode/.local/lib/python3.10/site-packages/airflow/example_dags/example_branch_day_of_week_operator.py
[2025-10-30T01:51:44.881+0000] {processor.py:826} INFO - Processing file /home/vscode/.local/lib/python3.10/site-packages/airflow/example_dags/example_branch_day_of_week_operator.py for tasks to queue
[2025-10-30T01:51:44.881+0000] {logging_mixin.py:150} INFO - [2025-10-30T01:51:44.881+0000] {dagbag.py:541} INFO - Filling up the DagBag from /home/vscode/.local/lib/python3.10/site-packages/airflow/example_dags/example_branch_day_of_week_operator.py
[2025-10-30T01:51:44.887+0000] {processor.py:836} INFO - DAG(s) dict_keys(['example_weekday_branch_operator']) retrieved from /home/vscode/.local/lib/python3.10/site-packages/airflow/example_dags/example_branch_day_of_week_operator.py
[2025-10-30T01:51:44.899+0000] {logging_mixin.py:150} INFO - [2025-10-30T01:51:44.899+0000] {dag.py:2742} INFO - Sync 1 DAGs
[2025-10-30T01:51:44.913+0000] {logging_mixin.py:150} INFO - [2025-10-30T01:51:44.913+0000] {dag.py:3504} INFO - Setting next_dagrun for example_weekday_branch_operator to 2025-10-29T00:00:00+00:00, run_after=2025-10-30T00:00:00+00:00
[2025-10-30T01:51:44.928+0000] {processor.py:179} INFO - Processing /home/vscode/.local/lib/python3.10/site-packages/airflow/example_dags/example_branch_day_of_week_operator.py took 0.050 seconds
[2025-10-30T01:52:30.800+0000] {processor.py:157} INFO - Started process (PID=15032) to work on /home/vscode/.local/lib/python3.10/site-packages/airflow/example_dags/example_branch_day_of_week_operator.py
[2025-10-30T01:52:30.800+0000] {processor.py:826} INFO - Processing file /home/vscode/.local/lib/python3.10/site-packages/airflow/example_dags/example_branch_day_of_week_operator.py for tasks to queue
[2025-10-30T01:52:30.801+0000] {logging_mixin.py:150} INFO - [2025-10-30T01:52:30.801+0000] {dagbag.py:541} INFO - Filling up the DagBag from /home/vscode/.local/lib/python3.10/site-packages/airflow/example_dags/example_branch_day_of_week_operator.py
[2025-10-30T01:52:30.806+0000] {processor.py:836} INFO - DAG(s) dict_keys(['example_weekday_branch_operator']) retrieved from /home/vscode/.local/lib/python3.10/site-packages/airflow/example_dags/example_branch_day_of_week_operator.py
[2025-10-30T01:52:30.818+0000] {logging_mixin.py:150} INFO - [2025-10-30T01:52:30.818+0000] {dag.py:2742} INFO - Sync 1 DAGs
[2025-10-30T01:52:30.832+0000] {logging_mixin.py:150} INFO - [2025-10-30T01:52:30.832+0000] {dag.py:3504} INFO - Setting next_dagrun for example_weekday_branch_operator to 2025-10-29T00:00:00+00:00, run_after=2025-10-30T00:00:00+00:00
[2025-10-30T01:52:30.850+0000] {processor.py:179} INFO - Processing /home/vscode/.local/lib/python3.10/site-packages/airflow/example_dags/example_branch_day_of_week_operator.py took 0.052 seconds
[2025-10-30T01:53:12.159+0000] {processor.py:157} INFO - Started process (PID=15317) to work on /home/vscode/.local/lib/python3.10/site-packages/airflow/example_dags/example_branch_day_of_week_operator.py
[2025-10-30T01:53:12.160+0000] {processor.py:826} INFO - Processing file /home/vscode/.local/lib/python3.10/site-packages/airflow/example_dags/example_branch_day_of_week_operator.py for tasks to queue
[2025-10-30T01:53:12.160+0000] {logging_mixin.py:150} INFO - [2025-10-30T01:53:12.160+0000] {dagbag.py:541} INFO - Filling up the DagBag from /home/vscode/.local/lib/python3.10/site-packages/airflow/example_dags/example_branch_day_of_week_operator.py
[2025-10-30T01:53:12.166+0000] {processor.py:836} INFO - DAG(s) dict_keys(['example_weekday_branch_operator']) retrieved from /home/vscode/.local/lib/python3.10/site-packages/airflow/example_dags/example_branch_day_of_week_operator.py
[2025-10-30T01:53:12.178+0000] {logging_mixin.py:150} INFO - [2025-10-30T01:53:12.178+0000] {dag.py:2742} INFO - Sync 1 DAGs
[2025-10-30T01:53:12.192+0000] {logging_mixin.py:150} INFO - [2025-10-30T01:53:12.192+0000] {dag.py:3504} INFO - Setting next_dagrun for example_weekday_branch_operator to 2025-10-29T00:00:00+00:00, run_after=2025-10-30T00:00:00+00:00
[2025-10-30T01:53:12.206+0000] {processor.py:179} INFO - Processing /home/vscode/.local/lib/python3.10/site-packages/airflow/example_dags/example_branch_day_of_week_operator.py took 0.049 seconds
[2025-10-30T01:54:03.574+0000] {processor.py:157} INFO - Started process (PID=15795) to work on /home/vscode/.local/lib/python3.10/site-packages/airflow/example_dags/example_branch_day_of_week_operator.py
[2025-10-30T01:54:03.575+0000] {processor.py:826} INFO - Processing file /home/vscode/.local/lib/python3.10/site-packages/airflow/example_dags/example_branch_day_of_week_operator.py for tasks to queue
[2025-10-30T01:54:03.576+0000] {logging_mixin.py:150} INFO - [2025-10-30T01:54:03.575+0000] {dagbag.py:541} INFO - Filling up the DagBag from /home/vscode/.local/lib/python3.10/site-packages/airflow/example_dags/example_branch_day_of_week_operator.py
[2025-10-30T01:54:03.581+0000] {processor.py:836} INFO - DAG(s) dict_keys(['example_weekday_branch_operator']) retrieved from /home/vscode/.local/lib/python3.10/site-packages/airflow/example_dags/example_branch_day_of_week_operator.py
[2025-10-30T01:54:03.593+0000] {logging_mixin.py:150} INFO - [2025-10-30T01:54:03.593+0000] {dag.py:2742} INFO - Sync 1 DAGs
[2025-10-30T01:54:03.607+0000] {logging_mixin.py:150} INFO - [2025-10-30T01:54:03.607+0000] {dag.py:3504} INFO - Setting next_dagrun for example_weekday_branch_operator to 2025-10-29T00:00:00+00:00, run_after=2025-10-30T00:00:00+00:00
[2025-10-30T01:54:03.622+0000] {processor.py:179} INFO - Processing /home/vscode/.local/lib/python3.10/site-packages/airflow/example_dags/example_branch_day_of_week_operator.py took 0.049 seconds
[2025-10-30T01:54:47.132+0000] {processor.py:157} INFO - Started process (PID=16092) to work on /home/vscode/.local/lib/python3.10/site-packages/airflow/example_dags/example_branch_day_of_week_operator.py
[2025-10-30T01:54:47.132+0000] {processor.py:826} INFO - Processing file /home/vscode/.local/lib/python3.10/site-packages/airflow/example_dags/example_branch_day_of_week_operator.py for tasks to queue
[2025-10-30T01:54:47.133+0000] {logging_mixin.py:150} INFO - [2025-10-30T01:54:47.133+0000] {dagbag.py:541} INFO - Filling up the DagBag from /home/vscode/.local/lib/python3.10/site-packages/airflow/example_dags/example_branch_day_of_week_operator.py
[2025-10-30T01:54:47.138+0000] {processor.py:836} INFO - DAG(s) dict_keys(['example_weekday_branch_operator']) retrieved from /home/vscode/.local/lib/python3.10/site-packages/airflow/example_dags/example_branch_day_of_week_operator.py
[2025-10-30T01:54:47.151+0000] {logging_mixin.py:150} INFO - [2025-10-30T01:54:47.151+0000] {dag.py:2742} INFO - Sync 1 DAGs
[2025-10-30T01:54:47.167+0000] {logging_mixin.py:150} INFO - [2025-10-30T01:54:47.167+0000] {dag.py:3504} INFO - Setting next_dagrun for example_weekday_branch_operator to 2025-10-29T00:00:00+00:00, run_after=2025-10-30T00:00:00+00:00
[2025-10-30T01:54:47.183+0000] {processor.py:179} INFO - Processing /home/vscode/.local/lib/python3.10/site-packages/airflow/example_dags/example_branch_day_of_week_operator.py took 0.053 seconds
[2025-10-30T01:55:42.190+0000] {processor.py:157} INFO - Started process (PID=16600) to work on /home/vscode/.local/lib/python3.10/site-packages/airflow/example_dags/example_branch_day_of_week_operator.py
[2025-10-30T01:55:42.191+0000] {processor.py:826} INFO - Processing file /home/vscode/.local/lib/python3.10/site-packages/airflow/example_dags/example_branch_day_of_week_operator.py for tasks to queue
[2025-10-30T01:55:42.192+0000] {logging_mixin.py:150} INFO - [2025-10-30T01:55:42.191+0000] {dagbag.py:541} INFO - Filling up the DagBag from /home/vscode/.local/lib/python3.10/site-packages/airflow/example_dags/example_branch_day_of_week_operator.py
[2025-10-30T01:55:42.200+0000] {processor.py:836} INFO - DAG(s) dict_keys(['example_weekday_branch_operator']) retrieved from /home/vscode/.local/lib/python3.10/site-packages/airflow/example_dags/example_branch_day_of_week_operator.py
[2025-10-30T01:55:42.216+0000] {logging_mixin.py:150} INFO - [2025-10-30T01:55:42.216+0000] {dag.py:2742} INFO - Sync 1 DAGs
[2025-10-30T01:55:42.232+0000] {logging_mixin.py:150} INFO - [2025-10-30T01:55:42.232+0000] {dag.py:3504} INFO - Setting next_dagrun for example_weekday_branch_operator to 2025-10-29T00:00:00+00:00, run_after=2025-10-30T00:00:00+00:00
[2025-10-30T01:55:42.251+0000] {processor.py:179} INFO - Processing /home/vscode/.local/lib/python3.10/site-packages/airflow/example_dags/example_branch_day_of_week_operator.py took 0.063 seconds
[2025-10-30T02:06:56.996+0000] {processor.py:157} INFO - Started process (PID=20800) to work on /home/vscode/.local/lib/python3.10/site-packages/airflow/example_dags/example_branch_day_of_week_operator.py
[2025-10-30T02:06:56.996+0000] {processor.py:826} INFO - Processing file /home/vscode/.local/lib/python3.10/site-packages/airflow/example_dags/example_branch_day_of_week_operator.py for tasks to queue
[2025-10-30T02:06:56.997+0000] {logging_mixin.py:150} INFO - [2025-10-30T02:06:56.997+0000] {dagbag.py:541} INFO - Filling up the DagBag from /home/vscode/.local/lib/python3.10/site-packages/airflow/example_dags/example_branch_day_of_week_operator.py
[2025-10-30T02:06:57.003+0000] {processor.py:836} INFO - DAG(s) dict_keys(['example_weekday_branch_operator']) retrieved from /home/vscode/.local/lib/python3.10/site-packages/airflow/example_dags/example_branch_day_of_week_operator.py
[2025-10-30T02:06:57.015+0000] {logging_mixin.py:150} INFO - [2025-10-30T02:06:57.015+0000] {dag.py:2742} INFO - Sync 1 DAGs
[2025-10-30T02:06:57.034+0000] {logging_mixin.py:150} INFO - [2025-10-30T02:06:57.034+0000] {dag.py:3504} INFO - Setting next_dagrun for example_weekday_branch_operator to 2025-10-29T00:00:00+00:00, run_after=2025-10-30T00:00:00+00:00
[2025-10-30T02:06:57.056+0000] {processor.py:179} INFO - Processing /home/vscode/.local/lib/python3.10/site-packages/airflow/example_dags/example_branch_day_of_week_operator.py took 0.063 seconds
[2025-10-30T02:07:41.635+0000] {processor.py:157} INFO - Started process (PID=21150) to work on /home/vscode/.local/lib/python3.10/site-packages/airflow/example_dags/example_branch_day_of_week_operator.py
[2025-10-30T02:07:41.636+0000] {processor.py:826} INFO - Processing file /home/vscode/.local/lib/python3.10/site-packages/airflow/example_dags/example_branch_day_of_week_operator.py for tasks to queue
[2025-10-30T02:07:41.636+0000] {logging_mixin.py:150} INFO - [2025-10-30T02:07:41.636+0000] {dagbag.py:541} INFO - Filling up the DagBag from /home/vscode/.local/lib/python3.10/site-packages/airflow/example_dags/example_branch_day_of_week_operator.py
[2025-10-30T02:07:41.644+0000] {processor.py:836} INFO - DAG(s) dict_keys(['example_weekday_branch_operator']) retrieved from /home/vscode/.local/lib/python3.10/site-packages/airflow/example_dags/example_branch_day_of_week_operator.py
[2025-10-30T02:07:41.662+0000] {logging_mixin.py:150} INFO - [2025-10-30T02:07:41.662+0000] {dag.py:2742} INFO - Sync 1 DAGs
[2025-10-30T02:07:41.683+0000] {logging_mixin.py:150} INFO - [2025-10-30T02:07:41.683+0000] {dag.py:3504} INFO - Setting next_dagrun for example_weekday_branch_operator to 2025-10-29T00:00:00+00:00, run_after=2025-10-30T00:00:00+00:00
[2025-10-30T02:07:41.698+0000] {processor.py:179} INFO - Processing /home/vscode/.local/lib/python3.10/site-packages/airflow/example_dags/example_branch_day_of_week_operator.py took 0.067 seconds
[2025-10-30T02:08:27.614+0000] {processor.py:157} INFO - Started process (PID=21534) to work on /home/vscode/.local/lib/python3.10/site-packages/airflow/example_dags/example_branch_day_of_week_operator.py
[2025-10-30T02:08:27.615+0000] {processor.py:826} INFO - Processing file /home/vscode/.local/lib/python3.10/site-packages/airflow/example_dags/example_branch_day_of_week_operator.py for tasks to queue
[2025-10-30T02:08:27.616+0000] {logging_mixin.py:150} INFO - [2025-10-30T02:08:27.615+0000] {dagbag.py:541} INFO - Filling up the DagBag from /home/vscode/.local/lib/python3.10/site-packages/airflow/example_dags/example_branch_day_of_week_operator.py
[2025-10-30T02:08:27.623+0000] {processor.py:836} INFO - DAG(s) dict_keys(['example_weekday_branch_operator']) retrieved from /home/vscode/.local/lib/python3.10/site-packages/airflow/example_dags/example_branch_day_of_week_operator.py
[2025-10-30T02:08:27.637+0000] {logging_mixin.py:150} INFO - [2025-10-30T02:08:27.636+0000] {dag.py:2742} INFO - Sync 1 DAGs
[2025-10-30T02:08:27.651+0000] {logging_mixin.py:150} INFO - [2025-10-30T02:08:27.651+0000] {dag.py:3504} INFO - Setting next_dagrun for example_weekday_branch_operator to 2025-10-29T00:00:00+00:00, run_after=2025-10-30T00:00:00+00:00
[2025-10-30T02:08:27.667+0000] {processor.py:179} INFO - Processing /home/vscode/.local/lib/python3.10/site-packages/airflow/example_dags/example_branch_day_of_week_operator.py took 0.056 seconds
[2025-10-30T02:09:13.827+0000] {processor.py:157} INFO - Started process (PID=22001) to work on /home/vscode/.local/lib/python3.10/site-packages/airflow/example_dags/example_branch_day_of_week_operator.py
[2025-10-30T02:09:13.827+0000] {processor.py:826} INFO - Processing file /home/vscode/.local/lib/python3.10/site-packages/airflow/example_dags/example_branch_day_of_week_operator.py for tasks to queue
[2025-10-30T02:09:13.828+0000] {logging_mixin.py:150} INFO - [2025-10-30T02:09:13.828+0000] {dagbag.py:541} INFO - Filling up the DagBag from /home/vscode/.local/lib/python3.10/site-packages/airflow/example_dags/example_branch_day_of_week_operator.py
[2025-10-30T02:09:13.833+0000] {processor.py:836} INFO - DAG(s) dict_keys(['example_weekday_branch_operator']) retrieved from /home/vscode/.local/lib/python3.10/site-packages/airflow/example_dags/example_branch_day_of_week_operator.py
[2025-10-30T02:09:13.846+0000] {logging_mixin.py:150} INFO - [2025-10-30T02:09:13.846+0000] {dag.py:2742} INFO - Sync 1 DAGs
[2025-10-30T02:09:13.861+0000] {logging_mixin.py:150} INFO - [2025-10-30T02:09:13.861+0000] {dag.py:3504} INFO - Setting next_dagrun for example_weekday_branch_operator to 2025-10-29T00:00:00+00:00, run_after=2025-10-30T00:00:00+00:00
[2025-10-30T02:09:13.876+0000] {processor.py:179} INFO - Processing /home/vscode/.local/lib/python3.10/site-packages/airflow/example_dags/example_branch_day_of_week_operator.py took 0.051 seconds
