[2025-10-30T01:49:15.856+0000] {processor.py:157} INFO - Started process (PID=13711) to work on /home/vscode/.local/lib/python3.10/site-packages/airflow/example_dags/example_latest_only.py
[2025-10-30T01:49:15.857+0000] {processor.py:826} INFO - Processing file /home/vscode/.local/lib/python3.10/site-packages/airflow/example_dags/example_latest_only.py for tasks to queue
[2025-10-30T01:49:15.858+0000] {logging_mixin.py:150} INFO - [2025-10-30T01:49:15.857+0000] {dagbag.py:541} INFO - Filling up the DagBag from /home/vscode/.local/lib/python3.10/site-packages/airflow/example_dags/example_latest_only.py
[2025-10-30T01:49:15.862+0000] {processor.py:836} INFO - DAG(s) dict_keys(['latest_only']) retrieved from /home/vscode/.local/lib/python3.10/site-packages/airflow/example_dags/example_latest_only.py
[2025-10-30T01:49:15.937+0000] {logging_mixin.py:150} INFO - [2025-10-30T01:49:15.937+0000] {manager.py:504} INFO - Created Permission View: can read on DAG:latest_only
[2025-10-30T01:49:15.945+0000] {logging_mixin.py:150} INFO - [2025-10-30T01:49:15.945+0000] {manager.py:504} INFO - Created Permission View: can delete on DAG:latest_only
[2025-10-30T01:49:15.951+0000] {logging_mixin.py:150} INFO - [2025-10-30T01:49:15.951+0000] {manager.py:504} INFO - Created Permission View: can edit on DAG:latest_only
[2025-10-30T01:49:15.959+0000] {logging_mixin.py:150} INFO - [2025-10-30T01:49:15.959+0000] {dag.py:2742} INFO - Sync 1 DAGs
[2025-10-30T01:49:15.965+0000] {logging_mixin.py:150} INFO - [2025-10-30T01:49:15.965+0000] {dag.py:2763} INFO - Creating ORM DAG for latest_only
[2025-10-30T01:49:15.971+0000] {logging_mixin.py:150} INFO - [2025-10-30T01:49:15.971+0000] {dag.py:3504} INFO - Setting next_dagrun for latest_only to 2025-10-29T21:49:15.971382+00:00, run_after=2025-10-30T01:49:15.971382+00:00
[2025-10-30T01:49:15.986+0000] {processor.py:179} INFO - Processing /home/vscode/.local/lib/python3.10/site-packages/airflow/example_dags/example_latest_only.py took 0.131 seconds
[2025-10-30T01:50:01.006+0000] {processor.py:157} INFO - Started process (PID=14016) to work on /home/vscode/.local/lib/python3.10/site-packages/airflow/example_dags/example_latest_only.py
[2025-10-30T01:50:01.007+0000] {processor.py:826} INFO - Processing file /home/vscode/.local/lib/python3.10/site-packages/airflow/example_dags/example_latest_only.py for tasks to queue
[2025-10-30T01:50:01.007+0000] {logging_mixin.py:150} INFO - [2025-10-30T01:50:01.007+0000] {dagbag.py:541} INFO - Filling up the DagBag from /home/vscode/.local/lib/python3.10/site-packages/airflow/example_dags/example_latest_only.py
[2025-10-30T01:50:01.011+0000] {processor.py:836} INFO - DAG(s) dict_keys(['latest_only']) retrieved from /home/vscode/.local/lib/python3.10/site-packages/airflow/example_dags/example_latest_only.py
[2025-10-30T01:50:01.022+0000] {logging_mixin.py:150} INFO - [2025-10-30T01:50:01.022+0000] {dag.py:2742} INFO - Sync 1 DAGs
[2025-10-30T01:50:01.036+0000] {logging_mixin.py:150} INFO - [2025-10-30T01:50:01.036+0000] {dag.py:3504} INFO - Setting next_dagrun for latest_only to 2025-10-29T21:50:01.036370+00:00, run_after=2025-10-30T01:50:01.036370+00:00
[2025-10-30T01:50:01.051+0000] {processor.py:179} INFO - Processing /home/vscode/.local/lib/python3.10/site-packages/airflow/example_dags/example_latest_only.py took 0.047 seconds
[2025-10-30T01:50:45.212+0000] {processor.py:157} INFO - Started process (PID=14334) to work on /home/vscode/.local/lib/python3.10/site-packages/airflow/example_dags/example_latest_only.py
[2025-10-30T01:50:45.213+0000] {processor.py:826} INFO - Processing file /home/vscode/.local/lib/python3.10/site-packages/airflow/example_dags/example_latest_only.py for tasks to queue
[2025-10-30T01:50:45.214+0000] {logging_mixin.py:150} INFO - [2025-10-30T01:50:45.213+0000] {dagbag.py:541} INFO - Filling up the DagBag from /home/vscode/.local/lib/python3.10/site-packages/airflow/example_dags/example_latest_only.py
[2025-10-30T01:50:45.218+0000] {processor.py:836} INFO - DAG(s) dict_keys(['latest_only']) retrieved from /home/vscode/.local/lib/python3.10/site-packages/airflow/example_dags/example_latest_only.py
[2025-10-30T01:50:45.228+0000] {logging_mixin.py:150} INFO - [2025-10-30T01:50:45.228+0000] {dag.py:2742} INFO - Sync 1 DAGs
[2025-10-30T01:50:45.242+0000] {logging_mixin.py:150} INFO - [2025-10-30T01:50:45.242+0000] {dag.py:3504} INFO - Setting next_dagrun for latest_only to 2025-10-29T21:50:45.242021+00:00, run_after=2025-10-30T01:50:45.242021+00:00
[2025-10-30T01:50:45.256+0000] {processor.py:179} INFO - Processing /home/vscode/.local/lib/python3.10/site-packages/airflow/example_dags/example_latest_only.py took 0.046 seconds
[2025-10-30T01:51:32.297+0000] {processor.py:157} INFO - Started process (PID=14645) to work on /home/vscode/.local/lib/python3.10/site-packages/airflow/example_dags/example_latest_only.py
[2025-10-30T01:51:32.298+0000] {processor.py:826} INFO - Processing file /home/vscode/.local/lib/python3.10/site-packages/airflow/example_dags/example_latest_only.py for tasks to queue
[2025-10-30T01:51:32.298+0000] {logging_mixin.py:150} INFO - [2025-10-30T01:51:32.298+0000] {dagbag.py:541} INFO - Filling up the DagBag from /home/vscode/.local/lib/python3.10/site-packages/airflow/example_dags/example_latest_only.py
[2025-10-30T01:51:32.302+0000] {processor.py:836} INFO - DAG(s) dict_keys(['latest_only']) retrieved from /home/vscode/.local/lib/python3.10/site-packages/airflow/example_dags/example_latest_only.py
[2025-10-30T01:51:32.314+0000] {logging_mixin.py:150} INFO - [2025-10-30T01:51:32.314+0000] {dag.py:2742} INFO - Sync 1 DAGs
[2025-10-30T01:51:32.328+0000] {logging_mixin.py:150} INFO - [2025-10-30T01:51:32.327+0000] {dag.py:3504} INFO - Setting next_dagrun for latest_only to 2025-10-29T21:51:32.327751+00:00, run_after=2025-10-30T01:51:32.327751+00:00
[2025-10-30T01:51:32.343+0000] {processor.py:179} INFO - Processing /home/vscode/.local/lib/python3.10/site-packages/airflow/example_dags/example_latest_only.py took 0.048 seconds
[2025-10-30T01:52:18.507+0000] {processor.py:157} INFO - Started process (PID=14954) to work on /home/vscode/.local/lib/python3.10/site-packages/airflow/example_dags/example_latest_only.py
[2025-10-30T01:52:18.508+0000] {processor.py:826} INFO - Processing file /home/vscode/.local/lib/python3.10/site-packages/airflow/example_dags/example_latest_only.py for tasks to queue
[2025-10-30T01:52:18.508+0000] {logging_mixin.py:150} INFO - [2025-10-30T01:52:18.508+0000] {dagbag.py:541} INFO - Filling up the DagBag from /home/vscode/.local/lib/python3.10/site-packages/airflow/example_dags/example_latest_only.py
[2025-10-30T01:52:18.512+0000] {processor.py:836} INFO - DAG(s) dict_keys(['latest_only']) retrieved from /home/vscode/.local/lib/python3.10/site-packages/airflow/example_dags/example_latest_only.py
[2025-10-30T01:52:18.523+0000] {logging_mixin.py:150} INFO - [2025-10-30T01:52:18.523+0000] {dag.py:2742} INFO - Sync 1 DAGs
[2025-10-30T01:52:18.536+0000] {logging_mixin.py:150} INFO - [2025-10-30T01:52:18.536+0000] {dag.py:3504} INFO - Setting next_dagrun for latest_only to 2025-10-29T21:52:18.536345+00:00, run_after=2025-10-30T01:52:18.536345+00:00
[2025-10-30T01:52:18.551+0000] {processor.py:179} INFO - Processing /home/vscode/.local/lib/python3.10/site-packages/airflow/example_dags/example_latest_only.py took 0.046 seconds
[2025-10-30T01:53:01.070+0000] {processor.py:157} INFO - Started process (PID=15235) to work on /home/vscode/.local/lib/python3.10/site-packages/airflow/example_dags/example_latest_only.py
[2025-10-30T01:53:01.070+0000] {processor.py:826} INFO - Processing file /home/vscode/.local/lib/python3.10/site-packages/airflow/example_dags/example_latest_only.py for tasks to queue
[2025-10-30T01:53:01.071+0000] {logging_mixin.py:150} INFO - [2025-10-30T01:53:01.071+0000] {dagbag.py:541} INFO - Filling up the DagBag from /home/vscode/.local/lib/python3.10/site-packages/airflow/example_dags/example_latest_only.py
[2025-10-30T01:53:01.075+0000] {processor.py:836} INFO - DAG(s) dict_keys(['latest_only']) retrieved from /home/vscode/.local/lib/python3.10/site-packages/airflow/example_dags/example_latest_only.py
[2025-10-30T01:53:01.086+0000] {logging_mixin.py:150} INFO - [2025-10-30T01:53:01.085+0000] {dag.py:2742} INFO - Sync 1 DAGs
[2025-10-30T01:53:01.099+0000] {logging_mixin.py:150} INFO - [2025-10-30T01:53:01.099+0000] {dag.py:3504} INFO - Setting next_dagrun for latest_only to 2025-10-29T21:53:01.099397+00:00, run_after=2025-10-30T01:53:01.099397+00:00
[2025-10-30T01:53:01.114+0000] {processor.py:179} INFO - Processing /home/vscode/.local/lib/python3.10/site-packages/airflow/example_dags/example_latest_only.py took 0.047 seconds
[2025-10-30T01:53:43.948+0000] {processor.py:157} INFO - Started process (PID=15606) to work on /home/vscode/.local/lib/python3.10/site-packages/airflow/example_dags/example_latest_only.py
[2025-10-30T01:53:43.949+0000] {processor.py:826} INFO - Processing file /home/vscode/.local/lib/python3.10/site-packages/airflow/example_dags/example_latest_only.py for tasks to queue
[2025-10-30T01:53:43.949+0000] {logging_mixin.py:150} INFO - [2025-10-30T01:53:43.949+0000] {dagbag.py:541} INFO - Filling up the DagBag from /home/vscode/.local/lib/python3.10/site-packages/airflow/example_dags/example_latest_only.py
[2025-10-30T01:53:43.954+0000] {processor.py:836} INFO - DAG(s) dict_keys(['latest_only']) retrieved from /home/vscode/.local/lib/python3.10/site-packages/airflow/example_dags/example_latest_only.py
[2025-10-30T01:53:43.965+0000] {logging_mixin.py:150} INFO - [2025-10-30T01:53:43.965+0000] {dag.py:2742} INFO - Sync 1 DAGs
[2025-10-30T01:53:43.978+0000] {logging_mixin.py:150} INFO - [2025-10-30T01:53:43.978+0000] {dag.py:3504} INFO - Setting next_dagrun for latest_only to 2025-10-29T21:53:43.978700+00:00, run_after=2025-10-30T01:53:43.978700+00:00
[2025-10-30T01:53:43.994+0000] {processor.py:179} INFO - Processing /home/vscode/.local/lib/python3.10/site-packages/airflow/example_dags/example_latest_only.py took 0.048 seconds
[2025-10-30T01:54:27.215+0000] {processor.py:157} INFO - Started process (PID=15960) to work on /home/vscode/.local/lib/python3.10/site-packages/airflow/example_dags/example_latest_only.py
[2025-10-30T01:54:27.216+0000] {processor.py:826} INFO - Processing file /home/vscode/.local/lib/python3.10/site-packages/airflow/example_dags/example_latest_only.py for tasks to queue
[2025-10-30T01:54:27.216+0000] {logging_mixin.py:150} INFO - [2025-10-30T01:54:27.216+0000] {dagbag.py:541} INFO - Filling up the DagBag from /home/vscode/.local/lib/python3.10/site-packages/airflow/example_dags/example_latest_only.py
[2025-10-30T01:54:27.220+0000] {processor.py:836} INFO - DAG(s) dict_keys(['latest_only']) retrieved from /home/vscode/.local/lib/python3.10/site-packages/airflow/example_dags/example_latest_only.py
[2025-10-30T01:54:27.231+0000] {logging_mixin.py:150} INFO - [2025-10-30T01:54:27.231+0000] {dag.py:2742} INFO - Sync 1 DAGs
[2025-10-30T01:54:27.245+0000] {logging_mixin.py:150} INFO - [2025-10-30T01:54:27.245+0000] {dag.py:3504} INFO - Setting next_dagrun for latest_only to 2025-10-29T21:54:27.245406+00:00, run_after=2025-10-30T01:54:27.245406+00:00
[2025-10-30T01:54:27.260+0000] {processor.py:179} INFO - Processing /home/vscode/.local/lib/python3.10/site-packages/airflow/example_dags/example_latest_only.py took 0.047 seconds
[2025-10-30T01:55:09.004+0000] {processor.py:157} INFO - Started process (PID=16281) to work on /home/vscode/.local/lib/python3.10/site-packages/airflow/example_dags/example_latest_only.py
[2025-10-30T01:55:09.004+0000] {processor.py:826} INFO - Processing file /home/vscode/.local/lib/python3.10/site-packages/airflow/example_dags/example_latest_only.py for tasks to queue
[2025-10-30T01:55:09.005+0000] {logging_mixin.py:150} INFO - [2025-10-30T01:55:09.005+0000] {dagbag.py:541} INFO - Filling up the DagBag from /home/vscode/.local/lib/python3.10/site-packages/airflow/example_dags/example_latest_only.py
[2025-10-30T01:55:09.009+0000] {processor.py:836} INFO - DAG(s) dict_keys(['latest_only']) retrieved from /home/vscode/.local/lib/python3.10/site-packages/airflow/example_dags/example_latest_only.py
[2025-10-30T01:55:09.020+0000] {logging_mixin.py:150} INFO - [2025-10-30T01:55:09.020+0000] {dag.py:2742} INFO - Sync 1 DAGs
[2025-10-30T01:55:09.034+0000] {logging_mixin.py:150} INFO - [2025-10-30T01:55:09.033+0000] {dag.py:3504} INFO - Setting next_dagrun for latest_only to 2025-10-29T21:55:09.033810+00:00, run_after=2025-10-30T01:55:09.033810+00:00
[2025-10-30T01:55:09.050+0000] {processor.py:179} INFO - Processing /home/vscode/.local/lib/python3.10/site-packages/airflow/example_dags/example_latest_only.py took 0.048 seconds
[2025-10-30T02:06:46.150+0000] {processor.py:157} INFO - Started process (PID=20713) to work on /home/vscode/.local/lib/python3.10/site-packages/airflow/example_dags/example_latest_only.py
[2025-10-30T02:06:46.150+0000] {processor.py:826} INFO - Processing file /home/vscode/.local/lib/python3.10/site-packages/airflow/example_dags/example_latest_only.py for tasks to queue
[2025-10-30T02:06:46.151+0000] {logging_mixin.py:150} INFO - [2025-10-30T02:06:46.151+0000] {dagbag.py:541} INFO - Filling up the DagBag from /home/vscode/.local/lib/python3.10/site-packages/airflow/example_dags/example_latest_only.py
[2025-10-30T02:06:46.155+0000] {processor.py:836} INFO - DAG(s) dict_keys(['latest_only']) retrieved from /home/vscode/.local/lib/python3.10/site-packages/airflow/example_dags/example_latest_only.py
[2025-10-30T02:06:46.168+0000] {logging_mixin.py:150} INFO - [2025-10-30T02:06:46.168+0000] {dag.py:2742} INFO - Sync 1 DAGs
[2025-10-30T02:06:46.181+0000] {logging_mixin.py:150} INFO - [2025-10-30T02:06:46.181+0000] {dag.py:3504} INFO - Setting next_dagrun for latest_only to 2025-10-29T22:06:46.181445+00:00, run_after=2025-10-30T02:06:46.181445+00:00
[2025-10-30T02:06:46.196+0000] {processor.py:179} INFO - Processing /home/vscode/.local/lib/python3.10/site-packages/airflow/example_dags/example_latest_only.py took 0.049 seconds
[2025-10-30T02:07:30.121+0000] {processor.py:157} INFO - Started process (PID=21065) to work on /home/vscode/.local/lib/python3.10/site-packages/airflow/example_dags/example_latest_only.py
[2025-10-30T02:07:30.122+0000] {processor.py:826} INFO - Processing file /home/vscode/.local/lib/python3.10/site-packages/airflow/example_dags/example_latest_only.py for tasks to queue
[2025-10-30T02:07:30.122+0000] {logging_mixin.py:150} INFO - [2025-10-30T02:07:30.122+0000] {dagbag.py:541} INFO - Filling up the DagBag from /home/vscode/.local/lib/python3.10/site-packages/airflow/example_dags/example_latest_only.py
[2025-10-30T02:07:30.127+0000] {processor.py:836} INFO - DAG(s) dict_keys(['latest_only']) retrieved from /home/vscode/.local/lib/python3.10/site-packages/airflow/example_dags/example_latest_only.py
[2025-10-30T02:07:30.138+0000] {logging_mixin.py:150} INFO - [2025-10-30T02:07:30.138+0000] {dag.py:2742} INFO - Sync 1 DAGs
[2025-10-30T02:07:30.153+0000] {logging_mixin.py:150} INFO - [2025-10-30T02:07:30.153+0000] {dag.py:3504} INFO - Setting next_dagrun for latest_only to 2025-10-29T22:07:30.153001+00:00, run_after=2025-10-30T02:07:30.153001+00:00
[2025-10-30T02:07:30.168+0000] {processor.py:179} INFO - Processing /home/vscode/.local/lib/python3.10/site-packages/airflow/example_dags/example_latest_only.py took 0.049 seconds
[2025-10-30T02:08:16.147+0000] {processor.py:157} INFO - Started process (PID=21401) to work on /home/vscode/.local/lib/python3.10/site-packages/airflow/example_dags/example_latest_only.py
[2025-10-30T02:08:16.148+0000] {processor.py:826} INFO - Processing file /home/vscode/.local/lib/python3.10/site-packages/airflow/example_dags/example_latest_only.py for tasks to queue
[2025-10-30T02:08:16.149+0000] {logging_mixin.py:150} INFO - [2025-10-30T02:08:16.148+0000] {dagbag.py:541} INFO - Filling up the DagBag from /home/vscode/.local/lib/python3.10/site-packages/airflow/example_dags/example_latest_only.py
[2025-10-30T02:08:16.153+0000] {processor.py:836} INFO - DAG(s) dict_keys(['latest_only']) retrieved from /home/vscode/.local/lib/python3.10/site-packages/airflow/example_dags/example_latest_only.py
[2025-10-30T02:08:16.164+0000] {logging_mixin.py:150} INFO - [2025-10-30T02:08:16.164+0000] {dag.py:2742} INFO - Sync 1 DAGs
[2025-10-30T02:08:16.179+0000] {logging_mixin.py:150} INFO - [2025-10-30T02:08:16.178+0000] {dag.py:3504} INFO - Setting next_dagrun for latest_only to 2025-10-29T22:08:16.178630+00:00, run_after=2025-10-30T02:08:16.178630+00:00
[2025-10-30T02:08:16.194+0000] {processor.py:179} INFO - Processing /home/vscode/.local/lib/python3.10/site-packages/airflow/example_dags/example_latest_only.py took 0.049 seconds
[2025-10-30T02:09:01.180+0000] {processor.py:157} INFO - Started process (PID=21869) to work on /home/vscode/.local/lib/python3.10/site-packages/airflow/example_dags/example_latest_only.py
[2025-10-30T02:09:01.181+0000] {processor.py:826} INFO - Processing file /home/vscode/.local/lib/python3.10/site-packages/airflow/example_dags/example_latest_only.py for tasks to queue
[2025-10-30T02:09:01.182+0000] {logging_mixin.py:150} INFO - [2025-10-30T02:09:01.181+0000] {dagbag.py:541} INFO - Filling up the DagBag from /home/vscode/.local/lib/python3.10/site-packages/airflow/example_dags/example_latest_only.py
[2025-10-30T02:09:01.186+0000] {processor.py:836} INFO - DAG(s) dict_keys(['latest_only']) retrieved from /home/vscode/.local/lib/python3.10/site-packages/airflow/example_dags/example_latest_only.py
[2025-10-30T02:09:01.196+0000] {logging_mixin.py:150} INFO - [2025-10-30T02:09:01.196+0000] {dag.py:2742} INFO - Sync 1 DAGs
[2025-10-30T02:09:01.210+0000] {logging_mixin.py:150} INFO - [2025-10-30T02:09:01.209+0000] {dag.py:3504} INFO - Setting next_dagrun for latest_only to 2025-10-29T22:09:01.209828+00:00, run_after=2025-10-30T02:09:01.209828+00:00
[2025-10-30T02:09:01.224+0000] {processor.py:179} INFO - Processing /home/vscode/.local/lib/python3.10/site-packages/airflow/example_dags/example_latest_only.py took 0.046 seconds
