[2025-10-30T01:49:19.950+0000] {processor.py:157} INFO - Started process (PID=13737) to work on /home/vscode/.local/lib/python3.10/site-packages/airflow/example_dags/example_dynamic_task_mapping_with_no_taskflow_operators.py
[2025-10-30T01:49:19.951+0000] {processor.py:826} INFO - Processing file /home/vscode/.local/lib/python3.10/site-packages/airflow/example_dags/example_dynamic_task_mapping_with_no_taskflow_operators.py for tasks to queue
[2025-10-30T01:49:19.951+0000] {logging_mixin.py:150} INFO - [2025-10-30T01:49:19.951+0000] {dagbag.py:541} INFO - Filling up the DagBag from /home/vscode/.local/lib/python3.10/site-packages/airflow/example_dags/example_dynamic_task_mapping_with_no_taskflow_operators.py
[2025-10-30T01:49:19.957+0000] {processor.py:836} INFO - DAG(s) dict_keys(['example_dynamic_task_mapping_with_no_taskflow_operators']) retrieved from /home/vscode/.local/lib/python3.10/site-packages/airflow/example_dags/example_dynamic_task_mapping_with_no_taskflow_operators.py
[2025-10-30T01:49:20.030+0000] {logging_mixin.py:150} INFO - [2025-10-30T01:49:20.030+0000] {manager.py:504} INFO - Created Permission View: can read on DAG:example_dynamic_task_mapping_with_no_taskflow_operators
[2025-10-30T01:49:20.038+0000] {logging_mixin.py:150} INFO - [2025-10-30T01:49:20.038+0000] {manager.py:504} INFO - Created Permission View: can delete on DAG:example_dynamic_task_mapping_with_no_taskflow_operators
[2025-10-30T01:49:20.044+0000] {logging_mixin.py:150} INFO - [2025-10-30T01:49:20.044+0000] {manager.py:504} INFO - Created Permission View: can edit on DAG:example_dynamic_task_mapping_with_no_taskflow_operators
[2025-10-30T01:49:20.051+0000] {logging_mixin.py:150} INFO - [2025-10-30T01:49:20.051+0000] {dag.py:2742} INFO - Sync 1 DAGs
[2025-10-30T01:49:20.058+0000] {logging_mixin.py:150} INFO - [2025-10-30T01:49:20.058+0000] {dag.py:2763} INFO - Creating ORM DAG for example_dynamic_task_mapping_with_no_taskflow_operators
[2025-10-30T01:49:20.064+0000] {logging_mixin.py:150} INFO - [2025-10-30T01:49:20.064+0000] {dag.py:3504} INFO - Setting next_dagrun for example_dynamic_task_mapping_with_no_taskflow_operators to 2025-10-29T01:49:20.064248+00:00, run_after=2025-10-30T01:49:20.064248+00:00
[2025-10-30T01:49:20.078+0000] {processor.py:179} INFO - Processing /home/vscode/.local/lib/python3.10/site-packages/airflow/example_dags/example_dynamic_task_mapping_with_no_taskflow_operators.py took 0.130 seconds
[2025-10-30T01:50:07.293+0000] {processor.py:157} INFO - Started process (PID=14059) to work on /home/vscode/.local/lib/python3.10/site-packages/airflow/example_dags/example_dynamic_task_mapping_with_no_taskflow_operators.py
[2025-10-30T01:50:07.294+0000] {processor.py:826} INFO - Processing file /home/vscode/.local/lib/python3.10/site-packages/airflow/example_dags/example_dynamic_task_mapping_with_no_taskflow_operators.py for tasks to queue
[2025-10-30T01:50:07.294+0000] {logging_mixin.py:150} INFO - [2025-10-30T01:50:07.294+0000] {dagbag.py:541} INFO - Filling up the DagBag from /home/vscode/.local/lib/python3.10/site-packages/airflow/example_dags/example_dynamic_task_mapping_with_no_taskflow_operators.py
[2025-10-30T01:50:07.299+0000] {processor.py:836} INFO - DAG(s) dict_keys(['example_dynamic_task_mapping_with_no_taskflow_operators']) retrieved from /home/vscode/.local/lib/python3.10/site-packages/airflow/example_dags/example_dynamic_task_mapping_with_no_taskflow_operators.py
[2025-10-30T01:50:07.309+0000] {logging_mixin.py:150} INFO - [2025-10-30T01:50:07.309+0000] {dag.py:2742} INFO - Sync 1 DAGs
[2025-10-30T01:50:07.323+0000] {logging_mixin.py:150} INFO - [2025-10-30T01:50:07.323+0000] {dag.py:3504} INFO - Setting next_dagrun for example_dynamic_task_mapping_with_no_taskflow_operators to 2025-10-29T01:50:07.323219+00:00, run_after=2025-10-30T01:50:07.323219+00:00
[2025-10-30T01:50:07.341+0000] {processor.py:179} INFO - Processing /home/vscode/.local/lib/python3.10/site-packages/airflow/example_dags/example_dynamic_task_mapping_with_no_taskflow_operators.py took 0.051 seconds
[2025-10-30T01:50:52.384+0000] {processor.py:157} INFO - Started process (PID=14384) to work on /home/vscode/.local/lib/python3.10/site-packages/airflow/example_dags/example_dynamic_task_mapping_with_no_taskflow_operators.py
[2025-10-30T01:50:52.385+0000] {processor.py:826} INFO - Processing file /home/vscode/.local/lib/python3.10/site-packages/airflow/example_dags/example_dynamic_task_mapping_with_no_taskflow_operators.py for tasks to queue
[2025-10-30T01:50:52.385+0000] {logging_mixin.py:150} INFO - [2025-10-30T01:50:52.385+0000] {dagbag.py:541} INFO - Filling up the DagBag from /home/vscode/.local/lib/python3.10/site-packages/airflow/example_dags/example_dynamic_task_mapping_with_no_taskflow_operators.py
[2025-10-30T01:50:52.390+0000] {processor.py:836} INFO - DAG(s) dict_keys(['example_dynamic_task_mapping_with_no_taskflow_operators']) retrieved from /home/vscode/.local/lib/python3.10/site-packages/airflow/example_dags/example_dynamic_task_mapping_with_no_taskflow_operators.py
[2025-10-30T01:50:52.401+0000] {logging_mixin.py:150} INFO - [2025-10-30T01:50:52.400+0000] {dag.py:2742} INFO - Sync 1 DAGs
[2025-10-30T01:50:52.414+0000] {logging_mixin.py:150} INFO - [2025-10-30T01:50:52.414+0000] {dag.py:3504} INFO - Setting next_dagrun for example_dynamic_task_mapping_with_no_taskflow_operators to 2025-10-29T01:50:52.414205+00:00, run_after=2025-10-30T01:50:52.414205+00:00
[2025-10-30T01:50:52.428+0000] {processor.py:179} INFO - Processing /home/vscode/.local/lib/python3.10/site-packages/airflow/example_dags/example_dynamic_task_mapping_with_no_taskflow_operators.py took 0.046 seconds
[2025-10-30T01:51:37.434+0000] {processor.py:157} INFO - Started process (PID=14680) to work on /home/vscode/.local/lib/python3.10/site-packages/airflow/example_dags/example_dynamic_task_mapping_with_no_taskflow_operators.py
[2025-10-30T01:51:37.435+0000] {processor.py:826} INFO - Processing file /home/vscode/.local/lib/python3.10/site-packages/airflow/example_dags/example_dynamic_task_mapping_with_no_taskflow_operators.py for tasks to queue
[2025-10-30T01:51:37.436+0000] {logging_mixin.py:150} INFO - [2025-10-30T01:51:37.435+0000] {dagbag.py:541} INFO - Filling up the DagBag from /home/vscode/.local/lib/python3.10/site-packages/airflow/example_dags/example_dynamic_task_mapping_with_no_taskflow_operators.py
[2025-10-30T01:51:37.441+0000] {processor.py:836} INFO - DAG(s) dict_keys(['example_dynamic_task_mapping_with_no_taskflow_operators']) retrieved from /home/vscode/.local/lib/python3.10/site-packages/airflow/example_dags/example_dynamic_task_mapping_with_no_taskflow_operators.py
[2025-10-30T01:51:37.451+0000] {logging_mixin.py:150} INFO - [2025-10-30T01:51:37.451+0000] {dag.py:2742} INFO - Sync 1 DAGs
[2025-10-30T01:51:37.464+0000] {logging_mixin.py:150} INFO - [2025-10-30T01:51:37.464+0000] {dag.py:3504} INFO - Setting next_dagrun for example_dynamic_task_mapping_with_no_taskflow_operators to 2025-10-29T01:51:37.464661+00:00, run_after=2025-10-30T01:51:37.464661+00:00
[2025-10-30T01:51:37.478+0000] {processor.py:179} INFO - Processing /home/vscode/.local/lib/python3.10/site-packages/airflow/example_dags/example_dynamic_task_mapping_with_no_taskflow_operators.py took 0.046 seconds
[2025-10-30T01:52:23.043+0000] {processor.py:157} INFO - Started process (PID=14981) to work on /home/vscode/.local/lib/python3.10/site-packages/airflow/example_dags/example_dynamic_task_mapping_with_no_taskflow_operators.py
[2025-10-30T01:52:23.043+0000] {processor.py:826} INFO - Processing file /home/vscode/.local/lib/python3.10/site-packages/airflow/example_dags/example_dynamic_task_mapping_with_no_taskflow_operators.py for tasks to queue
[2025-10-30T01:52:23.044+0000] {logging_mixin.py:150} INFO - [2025-10-30T01:52:23.044+0000] {dagbag.py:541} INFO - Filling up the DagBag from /home/vscode/.local/lib/python3.10/site-packages/airflow/example_dags/example_dynamic_task_mapping_with_no_taskflow_operators.py
[2025-10-30T01:52:23.049+0000] {processor.py:836} INFO - DAG(s) dict_keys(['example_dynamic_task_mapping_with_no_taskflow_operators']) retrieved from /home/vscode/.local/lib/python3.10/site-packages/airflow/example_dags/example_dynamic_task_mapping_with_no_taskflow_operators.py
[2025-10-30T01:52:23.059+0000] {logging_mixin.py:150} INFO - [2025-10-30T01:52:23.059+0000] {dag.py:2742} INFO - Sync 1 DAGs
[2025-10-30T01:52:23.073+0000] {logging_mixin.py:150} INFO - [2025-10-30T01:52:23.072+0000] {dag.py:3504} INFO - Setting next_dagrun for example_dynamic_task_mapping_with_no_taskflow_operators to 2025-10-29T01:52:23.072759+00:00, run_after=2025-10-30T01:52:23.072759+00:00
[2025-10-30T01:52:23.087+0000] {processor.py:179} INFO - Processing /home/vscode/.local/lib/python3.10/site-packages/airflow/example_dags/example_dynamic_task_mapping_with_no_taskflow_operators.py took 0.047 seconds
[2025-10-30T01:53:04.651+0000] {processor.py:157} INFO - Started process (PID=15260) to work on /home/vscode/.local/lib/python3.10/site-packages/airflow/example_dags/example_dynamic_task_mapping_with_no_taskflow_operators.py
[2025-10-30T01:53:04.652+0000] {processor.py:826} INFO - Processing file /home/vscode/.local/lib/python3.10/site-packages/airflow/example_dags/example_dynamic_task_mapping_with_no_taskflow_operators.py for tasks to queue
[2025-10-30T01:53:04.653+0000] {logging_mixin.py:150} INFO - [2025-10-30T01:53:04.652+0000] {dagbag.py:541} INFO - Filling up the DagBag from /home/vscode/.local/lib/python3.10/site-packages/airflow/example_dags/example_dynamic_task_mapping_with_no_taskflow_operators.py
[2025-10-30T01:53:04.658+0000] {processor.py:836} INFO - DAG(s) dict_keys(['example_dynamic_task_mapping_with_no_taskflow_operators']) retrieved from /home/vscode/.local/lib/python3.10/site-packages/airflow/example_dags/example_dynamic_task_mapping_with_no_taskflow_operators.py
[2025-10-30T01:53:04.668+0000] {logging_mixin.py:150} INFO - [2025-10-30T01:53:04.668+0000] {dag.py:2742} INFO - Sync 1 DAGs
[2025-10-30T01:53:04.682+0000] {logging_mixin.py:150} INFO - [2025-10-30T01:53:04.681+0000] {dag.py:3504} INFO - Setting next_dagrun for example_dynamic_task_mapping_with_no_taskflow_operators to 2025-10-29T01:53:04.681790+00:00, run_after=2025-10-30T01:53:04.681790+00:00
[2025-10-30T01:53:04.697+0000] {processor.py:179} INFO - Processing /home/vscode/.local/lib/python3.10/site-packages/airflow/example_dags/example_dynamic_task_mapping_with_no_taskflow_operators.py took 0.047 seconds
[2025-10-30T01:53:46.503+0000] {processor.py:157} INFO - Started process (PID=15625) to work on /home/vscode/.local/lib/python3.10/site-packages/airflow/example_dags/example_dynamic_task_mapping_with_no_taskflow_operators.py
[2025-10-30T01:53:46.503+0000] {processor.py:826} INFO - Processing file /home/vscode/.local/lib/python3.10/site-packages/airflow/example_dags/example_dynamic_task_mapping_with_no_taskflow_operators.py for tasks to queue
[2025-10-30T01:53:46.504+0000] {logging_mixin.py:150} INFO - [2025-10-30T01:53:46.504+0000] {dagbag.py:541} INFO - Filling up the DagBag from /home/vscode/.local/lib/python3.10/site-packages/airflow/example_dags/example_dynamic_task_mapping_with_no_taskflow_operators.py
[2025-10-30T01:53:46.510+0000] {processor.py:836} INFO - DAG(s) dict_keys(['example_dynamic_task_mapping_with_no_taskflow_operators']) retrieved from /home/vscode/.local/lib/python3.10/site-packages/airflow/example_dags/example_dynamic_task_mapping_with_no_taskflow_operators.py
[2025-10-30T01:53:46.525+0000] {logging_mixin.py:150} INFO - [2025-10-30T01:53:46.525+0000] {dag.py:2742} INFO - Sync 1 DAGs
[2025-10-30T01:53:46.544+0000] {logging_mixin.py:150} INFO - [2025-10-30T01:53:46.544+0000] {dag.py:3504} INFO - Setting next_dagrun for example_dynamic_task_mapping_with_no_taskflow_operators to 2025-10-29T01:53:46.544043+00:00, run_after=2025-10-30T01:53:46.544043+00:00
[2025-10-30T01:53:46.565+0000] {processor.py:179} INFO - Processing /home/vscode/.local/lib/python3.10/site-packages/airflow/example_dags/example_dynamic_task_mapping_with_no_taskflow_operators.py took 0.064 seconds
[2025-10-30T01:54:30.747+0000] {processor.py:157} INFO - Started process (PID=15979) to work on /home/vscode/.local/lib/python3.10/site-packages/airflow/example_dags/example_dynamic_task_mapping_with_no_taskflow_operators.py
[2025-10-30T01:54:30.748+0000] {processor.py:826} INFO - Processing file /home/vscode/.local/lib/python3.10/site-packages/airflow/example_dags/example_dynamic_task_mapping_with_no_taskflow_operators.py for tasks to queue
[2025-10-30T01:54:30.749+0000] {logging_mixin.py:150} INFO - [2025-10-30T01:54:30.748+0000] {dagbag.py:541} INFO - Filling up the DagBag from /home/vscode/.local/lib/python3.10/site-packages/airflow/example_dags/example_dynamic_task_mapping_with_no_taskflow_operators.py
[2025-10-30T01:54:30.754+0000] {processor.py:836} INFO - DAG(s) dict_keys(['example_dynamic_task_mapping_with_no_taskflow_operators']) retrieved from /home/vscode/.local/lib/python3.10/site-packages/airflow/example_dags/example_dynamic_task_mapping_with_no_taskflow_operators.py
[2025-10-30T01:54:30.765+0000] {logging_mixin.py:150} INFO - [2025-10-30T01:54:30.765+0000] {dag.py:2742} INFO - Sync 1 DAGs
[2025-10-30T01:54:30.778+0000] {logging_mixin.py:150} INFO - [2025-10-30T01:54:30.778+0000] {dag.py:3504} INFO - Setting next_dagrun for example_dynamic_task_mapping_with_no_taskflow_operators to 2025-10-29T01:54:30.778705+00:00, run_after=2025-10-30T01:54:30.778705+00:00
[2025-10-30T01:54:30.793+0000] {processor.py:179} INFO - Processing /home/vscode/.local/lib/python3.10/site-packages/airflow/example_dags/example_dynamic_task_mapping_with_no_taskflow_operators.py took 0.048 seconds
[2025-10-30T01:55:13.010+0000] {processor.py:157} INFO - Started process (PID=16312) to work on /home/vscode/.local/lib/python3.10/site-packages/airflow/example_dags/example_dynamic_task_mapping_with_no_taskflow_operators.py
[2025-10-30T01:55:13.011+0000] {processor.py:826} INFO - Processing file /home/vscode/.local/lib/python3.10/site-packages/airflow/example_dags/example_dynamic_task_mapping_with_no_taskflow_operators.py for tasks to queue
[2025-10-30T01:55:13.012+0000] {logging_mixin.py:150} INFO - [2025-10-30T01:55:13.011+0000] {dagbag.py:541} INFO - Filling up the DagBag from /home/vscode/.local/lib/python3.10/site-packages/airflow/example_dags/example_dynamic_task_mapping_with_no_taskflow_operators.py
[2025-10-30T01:55:13.020+0000] {processor.py:836} INFO - DAG(s) dict_keys(['example_dynamic_task_mapping_with_no_taskflow_operators']) retrieved from /home/vscode/.local/lib/python3.10/site-packages/airflow/example_dags/example_dynamic_task_mapping_with_no_taskflow_operators.py
[2025-10-30T01:55:13.035+0000] {logging_mixin.py:150} INFO - [2025-10-30T01:55:13.034+0000] {dag.py:2742} INFO - Sync 1 DAGs
[2025-10-30T01:55:13.059+0000] {logging_mixin.py:150} INFO - [2025-10-30T01:55:13.059+0000] {dag.py:3504} INFO - Setting next_dagrun for example_dynamic_task_mapping_with_no_taskflow_operators to 2025-10-29T01:55:13.058968+00:00, run_after=2025-10-30T01:55:13.058968+00:00
[2025-10-30T01:55:13.076+0000] {processor.py:179} INFO - Processing /home/vscode/.local/lib/python3.10/site-packages/airflow/example_dags/example_dynamic_task_mapping_with_no_taskflow_operators.py took 0.069 seconds
[2025-10-30T02:06:48.983+0000] {processor.py:157} INFO - Started process (PID=20738) to work on /home/vscode/.local/lib/python3.10/site-packages/airflow/example_dags/example_dynamic_task_mapping_with_no_taskflow_operators.py
[2025-10-30T02:06:48.984+0000] {processor.py:826} INFO - Processing file /home/vscode/.local/lib/python3.10/site-packages/airflow/example_dags/example_dynamic_task_mapping_with_no_taskflow_operators.py for tasks to queue
[2025-10-30T02:06:48.984+0000] {logging_mixin.py:150} INFO - [2025-10-30T02:06:48.984+0000] {dagbag.py:541} INFO - Filling up the DagBag from /home/vscode/.local/lib/python3.10/site-packages/airflow/example_dags/example_dynamic_task_mapping_with_no_taskflow_operators.py
[2025-10-30T02:06:48.990+0000] {processor.py:836} INFO - DAG(s) dict_keys(['example_dynamic_task_mapping_with_no_taskflow_operators']) retrieved from /home/vscode/.local/lib/python3.10/site-packages/airflow/example_dags/example_dynamic_task_mapping_with_no_taskflow_operators.py
[2025-10-30T02:06:49.000+0000] {logging_mixin.py:150} INFO - [2025-10-30T02:06:49.000+0000] {dag.py:2742} INFO - Sync 1 DAGs
[2025-10-30T02:06:49.014+0000] {logging_mixin.py:150} INFO - [2025-10-30T02:06:49.014+0000] {dag.py:3504} INFO - Setting next_dagrun for example_dynamic_task_mapping_with_no_taskflow_operators to 2025-10-29T02:06:49.013999+00:00, run_after=2025-10-30T02:06:49.013999+00:00
[2025-10-30T02:06:49.028+0000] {processor.py:179} INFO - Processing /home/vscode/.local/lib/python3.10/site-packages/airflow/example_dags/example_dynamic_task_mapping_with_no_taskflow_operators.py took 0.047 seconds
[2025-10-30T02:07:32.986+0000] {processor.py:157} INFO - Started process (PID=21078) to work on /home/vscode/.local/lib/python3.10/site-packages/airflow/example_dags/example_dynamic_task_mapping_with_no_taskflow_operators.py
[2025-10-30T02:07:32.987+0000] {processor.py:826} INFO - Processing file /home/vscode/.local/lib/python3.10/site-packages/airflow/example_dags/example_dynamic_task_mapping_with_no_taskflow_operators.py for tasks to queue
[2025-10-30T02:07:32.987+0000] {logging_mixin.py:150} INFO - [2025-10-30T02:07:32.987+0000] {dagbag.py:541} INFO - Filling up the DagBag from /home/vscode/.local/lib/python3.10/site-packages/airflow/example_dags/example_dynamic_task_mapping_with_no_taskflow_operators.py
[2025-10-30T02:07:32.992+0000] {processor.py:836} INFO - DAG(s) dict_keys(['example_dynamic_task_mapping_with_no_taskflow_operators']) retrieved from /home/vscode/.local/lib/python3.10/site-packages/airflow/example_dags/example_dynamic_task_mapping_with_no_taskflow_operators.py
[2025-10-30T02:07:33.003+0000] {logging_mixin.py:150} INFO - [2025-10-30T02:07:33.003+0000] {dag.py:2742} INFO - Sync 1 DAGs
[2025-10-30T02:07:33.017+0000] {logging_mixin.py:150} INFO - [2025-10-30T02:07:33.016+0000] {dag.py:3504} INFO - Setting next_dagrun for example_dynamic_task_mapping_with_no_taskflow_operators to 2025-10-29T02:07:33.016793+00:00, run_after=2025-10-30T02:07:33.016793+00:00
[2025-10-30T02:07:33.031+0000] {processor.py:179} INFO - Processing /home/vscode/.local/lib/python3.10/site-packages/airflow/example_dags/example_dynamic_task_mapping_with_no_taskflow_operators.py took 0.047 seconds
[2025-10-30T02:08:18.966+0000] {processor.py:157} INFO - Started process (PID=21443) to work on /home/vscode/.local/lib/python3.10/site-packages/airflow/example_dags/example_dynamic_task_mapping_with_no_taskflow_operators.py
[2025-10-30T02:08:18.967+0000] {processor.py:826} INFO - Processing file /home/vscode/.local/lib/python3.10/site-packages/airflow/example_dags/example_dynamic_task_mapping_with_no_taskflow_operators.py for tasks to queue
[2025-10-30T02:08:18.968+0000] {logging_mixin.py:150} INFO - [2025-10-30T02:08:18.967+0000] {dagbag.py:541} INFO - Filling up the DagBag from /home/vscode/.local/lib/python3.10/site-packages/airflow/example_dags/example_dynamic_task_mapping_with_no_taskflow_operators.py
[2025-10-30T02:08:18.973+0000] {processor.py:836} INFO - DAG(s) dict_keys(['example_dynamic_task_mapping_with_no_taskflow_operators']) retrieved from /home/vscode/.local/lib/python3.10/site-packages/airflow/example_dags/example_dynamic_task_mapping_with_no_taskflow_operators.py
[2025-10-30T02:08:18.983+0000] {logging_mixin.py:150} INFO - [2025-10-30T02:08:18.983+0000] {dag.py:2742} INFO - Sync 1 DAGs
[2025-10-30T02:08:19.006+0000] {logging_mixin.py:150} INFO - [2025-10-30T02:08:19.006+0000] {dag.py:3504} INFO - Setting next_dagrun for example_dynamic_task_mapping_with_no_taskflow_operators to 2025-10-29T02:08:19.005872+00:00, run_after=2025-10-30T02:08:19.005872+00:00
[2025-10-30T02:08:19.028+0000] {processor.py:179} INFO - Processing /home/vscode/.local/lib/python3.10/site-packages/airflow/example_dags/example_dynamic_task_mapping_with_no_taskflow_operators.py took 0.064 seconds
[2025-10-30T02:09:05.180+0000] {processor.py:157} INFO - Started process (PID=21900) to work on /home/vscode/.local/lib/python3.10/site-packages/airflow/example_dags/example_dynamic_task_mapping_with_no_taskflow_operators.py
[2025-10-30T02:09:05.181+0000] {processor.py:826} INFO - Processing file /home/vscode/.local/lib/python3.10/site-packages/airflow/example_dags/example_dynamic_task_mapping_with_no_taskflow_operators.py for tasks to queue
[2025-10-30T02:09:05.181+0000] {logging_mixin.py:150} INFO - [2025-10-30T02:09:05.181+0000] {dagbag.py:541} INFO - Filling up the DagBag from /home/vscode/.local/lib/python3.10/site-packages/airflow/example_dags/example_dynamic_task_mapping_with_no_taskflow_operators.py
[2025-10-30T02:09:05.186+0000] {processor.py:836} INFO - DAG(s) dict_keys(['example_dynamic_task_mapping_with_no_taskflow_operators']) retrieved from /home/vscode/.local/lib/python3.10/site-packages/airflow/example_dags/example_dynamic_task_mapping_with_no_taskflow_operators.py
[2025-10-30T02:09:05.196+0000] {logging_mixin.py:150} INFO - [2025-10-30T02:09:05.196+0000] {dag.py:2742} INFO - Sync 1 DAGs
[2025-10-30T02:09:05.210+0000] {logging_mixin.py:150} INFO - [2025-10-30T02:09:05.210+0000] {dag.py:3504} INFO - Setting next_dagrun for example_dynamic_task_mapping_with_no_taskflow_operators to 2025-10-29T02:09:05.210385+00:00, run_after=2025-10-30T02:09:05.210385+00:00
[2025-10-30T02:09:05.224+0000] {processor.py:179} INFO - Processing /home/vscode/.local/lib/python3.10/site-packages/airflow/example_dags/example_dynamic_task_mapping_with_no_taskflow_operators.py took 0.047 seconds
