[2025-10-30T01:49:26.527+0000] {processor.py:157} INFO - Started process (PID=13784) to work on /home/vscode/.local/lib/python3.10/site-packages/airflow/example_dags/example_branch_operator_decorator.py
[2025-10-30T01:49:26.528+0000] {processor.py:826} INFO - Processing file /home/vscode/.local/lib/python3.10/site-packages/airflow/example_dags/example_branch_operator_decorator.py for tasks to queue
[2025-10-30T01:49:26.528+0000] {logging_mixin.py:150} INFO - [2025-10-30T01:49:26.528+0000] {dagbag.py:541} INFO - Filling up the DagBag from /home/vscode/.local/lib/python3.10/site-packages/airflow/example_dags/example_branch_operator_decorator.py
[2025-10-30T01:49:26.537+0000] {processor.py:836} INFO - DAG(s) dict_keys(['example_branch_python_operator_decorator']) retrieved from /home/vscode/.local/lib/python3.10/site-packages/airflow/example_dags/example_branch_operator_decorator.py
[2025-10-30T01:49:26.611+0000] {logging_mixin.py:150} INFO - [2025-10-30T01:49:26.611+0000] {manager.py:504} INFO - Created Permission View: can read on DAG:example_branch_python_operator_decorator
[2025-10-30T01:49:26.619+0000] {logging_mixin.py:150} INFO - [2025-10-30T01:49:26.619+0000] {manager.py:504} INFO - Created Permission View: can delete on DAG:example_branch_python_operator_decorator
[2025-10-30T01:49:26.625+0000] {logging_mixin.py:150} INFO - [2025-10-30T01:49:26.625+0000] {manager.py:504} INFO - Created Permission View: can edit on DAG:example_branch_python_operator_decorator
[2025-10-30T01:49:26.632+0000] {logging_mixin.py:150} INFO - [2025-10-30T01:49:26.632+0000] {dag.py:2742} INFO - Sync 1 DAGs
[2025-10-30T01:49:26.639+0000] {logging_mixin.py:150} INFO - [2025-10-30T01:49:26.639+0000] {dag.py:2763} INFO - Creating ORM DAG for example_branch_python_operator_decorator
[2025-10-30T01:49:26.646+0000] {logging_mixin.py:150} INFO - [2025-10-30T01:49:26.646+0000] {dag.py:3504} INFO - Setting next_dagrun for example_branch_python_operator_decorator to 2025-10-29T00:00:00+00:00, run_after=2025-10-30T00:00:00+00:00
[2025-10-30T01:49:26.661+0000] {processor.py:179} INFO - Processing /home/vscode/.local/lib/python3.10/site-packages/airflow/example_dags/example_branch_operator_decorator.py took 0.136 seconds
[2025-10-30T01:50:13.265+0000] {processor.py:157} INFO - Started process (PID=14101) to work on /home/vscode/.local/lib/python3.10/site-packages/airflow/example_dags/example_branch_operator_decorator.py
[2025-10-30T01:50:13.266+0000] {processor.py:826} INFO - Processing file /home/vscode/.local/lib/python3.10/site-packages/airflow/example_dags/example_branch_operator_decorator.py for tasks to queue
[2025-10-30T01:50:13.266+0000] {logging_mixin.py:150} INFO - [2025-10-30T01:50:13.266+0000] {dagbag.py:541} INFO - Filling up the DagBag from /home/vscode/.local/lib/python3.10/site-packages/airflow/example_dags/example_branch_operator_decorator.py
[2025-10-30T01:50:13.273+0000] {processor.py:836} INFO - DAG(s) dict_keys(['example_branch_python_operator_decorator']) retrieved from /home/vscode/.local/lib/python3.10/site-packages/airflow/example_dags/example_branch_operator_decorator.py
[2025-10-30T01:50:13.287+0000] {logging_mixin.py:150} INFO - [2025-10-30T01:50:13.287+0000] {dag.py:2742} INFO - Sync 1 DAGs
[2025-10-30T01:50:13.310+0000] {logging_mixin.py:150} INFO - [2025-10-30T01:50:13.310+0000] {dag.py:3504} INFO - Setting next_dagrun for example_branch_python_operator_decorator to 2025-10-29T00:00:00+00:00, run_after=2025-10-30T00:00:00+00:00
[2025-10-30T01:50:13.328+0000] {processor.py:179} INFO - Processing /home/vscode/.local/lib/python3.10/site-packages/airflow/example_dags/example_branch_operator_decorator.py took 0.065 seconds
[2025-10-30T01:50:58.655+0000] {processor.py:157} INFO - Started process (PID=14420) to work on /home/vscode/.local/lib/python3.10/site-packages/airflow/example_dags/example_branch_operator_decorator.py
[2025-10-30T01:50:58.655+0000] {processor.py:826} INFO - Processing file /home/vscode/.local/lib/python3.10/site-packages/airflow/example_dags/example_branch_operator_decorator.py for tasks to queue
[2025-10-30T01:50:58.656+0000] {logging_mixin.py:150} INFO - [2025-10-30T01:50:58.655+0000] {dagbag.py:541} INFO - Filling up the DagBag from /home/vscode/.local/lib/python3.10/site-packages/airflow/example_dags/example_branch_operator_decorator.py
[2025-10-30T01:50:58.663+0000] {processor.py:836} INFO - DAG(s) dict_keys(['example_branch_python_operator_decorator']) retrieved from /home/vscode/.local/lib/python3.10/site-packages/airflow/example_dags/example_branch_operator_decorator.py
[2025-10-30T01:50:58.675+0000] {logging_mixin.py:150} INFO - [2025-10-30T01:50:58.675+0000] {dag.py:2742} INFO - Sync 1 DAGs
[2025-10-30T01:50:58.690+0000] {logging_mixin.py:150} INFO - [2025-10-30T01:50:58.690+0000] {dag.py:3504} INFO - Setting next_dagrun for example_branch_python_operator_decorator to 2025-10-29T00:00:00+00:00, run_after=2025-10-30T00:00:00+00:00
[2025-10-30T01:50:58.705+0000] {processor.py:179} INFO - Processing /home/vscode/.local/lib/python3.10/site-packages/airflow/example_dags/example_branch_operator_decorator.py took 0.053 seconds
[2025-10-30T01:51:43.680+0000] {processor.py:157} INFO - Started process (PID=14722) to work on /home/vscode/.local/lib/python3.10/site-packages/airflow/example_dags/example_branch_operator_decorator.py
[2025-10-30T01:51:43.681+0000] {processor.py:826} INFO - Processing file /home/vscode/.local/lib/python3.10/site-packages/airflow/example_dags/example_branch_operator_decorator.py for tasks to queue
[2025-10-30T01:51:43.681+0000] {logging_mixin.py:150} INFO - [2025-10-30T01:51:43.681+0000] {dagbag.py:541} INFO - Filling up the DagBag from /home/vscode/.local/lib/python3.10/site-packages/airflow/example_dags/example_branch_operator_decorator.py
[2025-10-30T01:51:43.688+0000] {processor.py:836} INFO - DAG(s) dict_keys(['example_branch_python_operator_decorator']) retrieved from /home/vscode/.local/lib/python3.10/site-packages/airflow/example_dags/example_branch_operator_decorator.py
[2025-10-30T01:51:43.701+0000] {logging_mixin.py:150} INFO - [2025-10-30T01:51:43.701+0000] {dag.py:2742} INFO - Sync 1 DAGs
[2025-10-30T01:51:43.715+0000] {logging_mixin.py:150} INFO - [2025-10-30T01:51:43.715+0000] {dag.py:3504} INFO - Setting next_dagrun for example_branch_python_operator_decorator to 2025-10-29T00:00:00+00:00, run_after=2025-10-30T00:00:00+00:00
[2025-10-30T01:51:43.730+0000] {processor.py:179} INFO - Processing /home/vscode/.local/lib/python3.10/site-packages/airflow/example_dags/example_branch_operator_decorator.py took 0.052 seconds
[2025-10-30T01:52:28.799+0000] {processor.py:157} INFO - Started process (PID=15016) to work on /home/vscode/.local/lib/python3.10/site-packages/airflow/example_dags/example_branch_operator_decorator.py
[2025-10-30T01:52:28.800+0000] {processor.py:826} INFO - Processing file /home/vscode/.local/lib/python3.10/site-packages/airflow/example_dags/example_branch_operator_decorator.py for tasks to queue
[2025-10-30T01:52:28.801+0000] {logging_mixin.py:150} INFO - [2025-10-30T01:52:28.800+0000] {dagbag.py:541} INFO - Filling up the DagBag from /home/vscode/.local/lib/python3.10/site-packages/airflow/example_dags/example_branch_operator_decorator.py
[2025-10-30T01:52:28.811+0000] {processor.py:836} INFO - DAG(s) dict_keys(['example_branch_python_operator_decorator']) retrieved from /home/vscode/.local/lib/python3.10/site-packages/airflow/example_dags/example_branch_operator_decorator.py
[2025-10-30T01:52:28.830+0000] {logging_mixin.py:150} INFO - [2025-10-30T01:52:28.830+0000] {dag.py:2742} INFO - Sync 1 DAGs
[2025-10-30T01:52:28.852+0000] {logging_mixin.py:150} INFO - [2025-10-30T01:52:28.852+0000] {dag.py:3504} INFO - Setting next_dagrun for example_branch_python_operator_decorator to 2025-10-29T00:00:00+00:00, run_after=2025-10-30T00:00:00+00:00
[2025-10-30T01:52:28.873+0000] {processor.py:179} INFO - Processing /home/vscode/.local/lib/python3.10/site-packages/airflow/example_dags/example_branch_operator_decorator.py took 0.077 seconds
[2025-10-30T01:53:09.789+0000] {processor.py:157} INFO - Started process (PID=15300) to work on /home/vscode/.local/lib/python3.10/site-packages/airflow/example_dags/example_branch_operator_decorator.py
[2025-10-30T01:53:09.790+0000] {processor.py:826} INFO - Processing file /home/vscode/.local/lib/python3.10/site-packages/airflow/example_dags/example_branch_operator_decorator.py for tasks to queue
[2025-10-30T01:53:09.790+0000] {logging_mixin.py:150} INFO - [2025-10-30T01:53:09.790+0000] {dagbag.py:541} INFO - Filling up the DagBag from /home/vscode/.local/lib/python3.10/site-packages/airflow/example_dags/example_branch_operator_decorator.py
[2025-10-30T01:53:09.798+0000] {processor.py:836} INFO - DAG(s) dict_keys(['example_branch_python_operator_decorator']) retrieved from /home/vscode/.local/lib/python3.10/site-packages/airflow/example_dags/example_branch_operator_decorator.py
[2025-10-30T01:53:09.811+0000] {logging_mixin.py:150} INFO - [2025-10-30T01:53:09.811+0000] {dag.py:2742} INFO - Sync 1 DAGs
[2025-10-30T01:53:09.825+0000] {logging_mixin.py:150} INFO - [2025-10-30T01:53:09.825+0000] {dag.py:3504} INFO - Setting next_dagrun for example_branch_python_operator_decorator to 2025-10-29T00:00:00+00:00, run_after=2025-10-30T00:00:00+00:00
[2025-10-30T01:53:09.840+0000] {processor.py:179} INFO - Processing /home/vscode/.local/lib/python3.10/site-packages/airflow/example_dags/example_branch_operator_decorator.py took 0.052 seconds
[2025-10-30T01:54:01.203+0000] {processor.py:157} INFO - Started process (PID=15768) to work on /home/vscode/.local/lib/python3.10/site-packages/airflow/example_dags/example_branch_operator_decorator.py
[2025-10-30T01:54:01.204+0000] {processor.py:826} INFO - Processing file /home/vscode/.local/lib/python3.10/site-packages/airflow/example_dags/example_branch_operator_decorator.py for tasks to queue
[2025-10-30T01:54:01.205+0000] {logging_mixin.py:150} INFO - [2025-10-30T01:54:01.204+0000] {dagbag.py:541} INFO - Filling up the DagBag from /home/vscode/.local/lib/python3.10/site-packages/airflow/example_dags/example_branch_operator_decorator.py
[2025-10-30T01:54:01.213+0000] {processor.py:836} INFO - DAG(s) dict_keys(['example_branch_python_operator_decorator']) retrieved from /home/vscode/.local/lib/python3.10/site-packages/airflow/example_dags/example_branch_operator_decorator.py
[2025-10-30T01:54:01.225+0000] {logging_mixin.py:150} INFO - [2025-10-30T01:54:01.225+0000] {dag.py:2742} INFO - Sync 1 DAGs
[2025-10-30T01:54:01.240+0000] {logging_mixin.py:150} INFO - [2025-10-30T01:54:01.240+0000] {dag.py:3504} INFO - Setting next_dagrun for example_branch_python_operator_decorator to 2025-10-29T00:00:00+00:00, run_after=2025-10-30T00:00:00+00:00
[2025-10-30T01:54:01.254+0000] {processor.py:179} INFO - Processing /home/vscode/.local/lib/python3.10/site-packages/airflow/example_dags/example_branch_operator_decorator.py took 0.053 seconds
[2025-10-30T01:54:45.209+0000] {processor.py:157} INFO - Started process (PID=16076) to work on /home/vscode/.local/lib/python3.10/site-packages/airflow/example_dags/example_branch_operator_decorator.py
[2025-10-30T01:54:45.209+0000] {processor.py:826} INFO - Processing file /home/vscode/.local/lib/python3.10/site-packages/airflow/example_dags/example_branch_operator_decorator.py for tasks to queue
[2025-10-30T01:54:45.210+0000] {logging_mixin.py:150} INFO - [2025-10-30T01:54:45.210+0000] {dagbag.py:541} INFO - Filling up the DagBag from /home/vscode/.local/lib/python3.10/site-packages/airflow/example_dags/example_branch_operator_decorator.py
[2025-10-30T01:54:45.217+0000] {processor.py:836} INFO - DAG(s) dict_keys(['example_branch_python_operator_decorator']) retrieved from /home/vscode/.local/lib/python3.10/site-packages/airflow/example_dags/example_branch_operator_decorator.py
[2025-10-30T01:54:45.230+0000] {logging_mixin.py:150} INFO - [2025-10-30T01:54:45.230+0000] {dag.py:2742} INFO - Sync 1 DAGs
[2025-10-30T01:54:45.244+0000] {logging_mixin.py:150} INFO - [2025-10-30T01:54:45.244+0000] {dag.py:3504} INFO - Setting next_dagrun for example_branch_python_operator_decorator to 2025-10-29T00:00:00+00:00, run_after=2025-10-30T00:00:00+00:00
[2025-10-30T01:54:45.269+0000] {processor.py:179} INFO - Processing /home/vscode/.local/lib/python3.10/site-packages/airflow/example_dags/example_branch_operator_decorator.py took 0.062 seconds
[2025-10-30T01:55:39.825+0000] {processor.py:157} INFO - Started process (PID=16579) to work on /home/vscode/.local/lib/python3.10/site-packages/airflow/example_dags/example_branch_operator_decorator.py
[2025-10-30T01:55:39.825+0000] {processor.py:826} INFO - Processing file /home/vscode/.local/lib/python3.10/site-packages/airflow/example_dags/example_branch_operator_decorator.py for tasks to queue
[2025-10-30T01:55:39.826+0000] {logging_mixin.py:150} INFO - [2025-10-30T01:55:39.826+0000] {dagbag.py:541} INFO - Filling up the DagBag from /home/vscode/.local/lib/python3.10/site-packages/airflow/example_dags/example_branch_operator_decorator.py
[2025-10-30T01:55:39.834+0000] {processor.py:836} INFO - DAG(s) dict_keys(['example_branch_python_operator_decorator']) retrieved from /home/vscode/.local/lib/python3.10/site-packages/airflow/example_dags/example_branch_operator_decorator.py
[2025-10-30T01:55:39.847+0000] {logging_mixin.py:150} INFO - [2025-10-30T01:55:39.847+0000] {dag.py:2742} INFO - Sync 1 DAGs
[2025-10-30T01:55:39.862+0000] {logging_mixin.py:150} INFO - [2025-10-30T01:55:39.862+0000] {dag.py:3504} INFO - Setting next_dagrun for example_branch_python_operator_decorator to 2025-10-29T00:00:00+00:00, run_after=2025-10-30T00:00:00+00:00
[2025-10-30T01:55:39.877+0000] {processor.py:179} INFO - Processing /home/vscode/.local/lib/python3.10/site-packages/airflow/example_dags/example_branch_operator_decorator.py took 0.055 seconds
[2025-10-30T02:06:55.258+0000] {processor.py:157} INFO - Started process (PID=20785) to work on /home/vscode/.local/lib/python3.10/site-packages/airflow/example_dags/example_branch_operator_decorator.py
[2025-10-30T02:06:55.259+0000] {processor.py:826} INFO - Processing file /home/vscode/.local/lib/python3.10/site-packages/airflow/example_dags/example_branch_operator_decorator.py for tasks to queue
[2025-10-30T02:06:55.259+0000] {logging_mixin.py:150} INFO - [2025-10-30T02:06:55.259+0000] {dagbag.py:541} INFO - Filling up the DagBag from /home/vscode/.local/lib/python3.10/site-packages/airflow/example_dags/example_branch_operator_decorator.py
[2025-10-30T02:06:55.266+0000] {processor.py:836} INFO - DAG(s) dict_keys(['example_branch_python_operator_decorator']) retrieved from /home/vscode/.local/lib/python3.10/site-packages/airflow/example_dags/example_branch_operator_decorator.py
[2025-10-30T02:06:55.279+0000] {logging_mixin.py:150} INFO - [2025-10-30T02:06:55.279+0000] {dag.py:2742} INFO - Sync 1 DAGs
[2025-10-30T02:06:55.294+0000] {logging_mixin.py:150} INFO - [2025-10-30T02:06:55.294+0000] {dag.py:3504} INFO - Setting next_dagrun for example_branch_python_operator_decorator to 2025-10-29T00:00:00+00:00, run_after=2025-10-30T00:00:00+00:00
[2025-10-30T02:06:55.308+0000] {processor.py:179} INFO - Processing /home/vscode/.local/lib/python3.10/site-packages/airflow/example_dags/example_branch_operator_decorator.py took 0.052 seconds
[2025-10-30T02:07:39.266+0000] {processor.py:157} INFO - Started process (PID=21125) to work on /home/vscode/.local/lib/python3.10/site-packages/airflow/example_dags/example_branch_operator_decorator.py
[2025-10-30T02:07:39.267+0000] {processor.py:826} INFO - Processing file /home/vscode/.local/lib/python3.10/site-packages/airflow/example_dags/example_branch_operator_decorator.py for tasks to queue
[2025-10-30T02:07:39.267+0000] {logging_mixin.py:150} INFO - [2025-10-30T02:07:39.267+0000] {dagbag.py:541} INFO - Filling up the DagBag from /home/vscode/.local/lib/python3.10/site-packages/airflow/example_dags/example_branch_operator_decorator.py
[2025-10-30T02:07:39.275+0000] {processor.py:836} INFO - DAG(s) dict_keys(['example_branch_python_operator_decorator']) retrieved from /home/vscode/.local/lib/python3.10/site-packages/airflow/example_dags/example_branch_operator_decorator.py
[2025-10-30T02:07:39.287+0000] {logging_mixin.py:150} INFO - [2025-10-30T02:07:39.287+0000] {dag.py:2742} INFO - Sync 1 DAGs
[2025-10-30T02:07:39.302+0000] {logging_mixin.py:150} INFO - [2025-10-30T02:07:39.302+0000] {dag.py:3504} INFO - Setting next_dagrun for example_branch_python_operator_decorator to 2025-10-29T00:00:00+00:00, run_after=2025-10-30T00:00:00+00:00
[2025-10-30T02:07:39.316+0000] {processor.py:179} INFO - Processing /home/vscode/.local/lib/python3.10/site-packages/airflow/example_dags/example_branch_operator_decorator.py took 0.053 seconds
[2025-10-30T02:08:25.248+0000] {processor.py:157} INFO - Started process (PID=21505) to work on /home/vscode/.local/lib/python3.10/site-packages/airflow/example_dags/example_branch_operator_decorator.py
[2025-10-30T02:08:25.249+0000] {processor.py:826} INFO - Processing file /home/vscode/.local/lib/python3.10/site-packages/airflow/example_dags/example_branch_operator_decorator.py for tasks to queue
[2025-10-30T02:08:25.249+0000] {logging_mixin.py:150} INFO - [2025-10-30T02:08:25.249+0000] {dagbag.py:541} INFO - Filling up the DagBag from /home/vscode/.local/lib/python3.10/site-packages/airflow/example_dags/example_branch_operator_decorator.py
[2025-10-30T02:08:25.257+0000] {processor.py:836} INFO - DAG(s) dict_keys(['example_branch_python_operator_decorator']) retrieved from /home/vscode/.local/lib/python3.10/site-packages/airflow/example_dags/example_branch_operator_decorator.py
[2025-10-30T02:08:25.270+0000] {logging_mixin.py:150} INFO - [2025-10-30T02:08:25.270+0000] {dag.py:2742} INFO - Sync 1 DAGs
[2025-10-30T02:08:25.291+0000] {logging_mixin.py:150} INFO - [2025-10-30T02:08:25.291+0000] {dag.py:3504} INFO - Setting next_dagrun for example_branch_python_operator_decorator to 2025-10-29T00:00:00+00:00, run_after=2025-10-30T00:00:00+00:00
[2025-10-30T02:08:25.306+0000] {processor.py:179} INFO - Processing /home/vscode/.local/lib/python3.10/site-packages/airflow/example_dags/example_branch_operator_decorator.py took 0.060 seconds
[2025-10-30T02:09:11.462+0000] {processor.py:157} INFO - Started process (PID=21964) to work on /home/vscode/.local/lib/python3.10/site-packages/airflow/example_dags/example_branch_operator_decorator.py
[2025-10-30T02:09:11.464+0000] {processor.py:826} INFO - Processing file /home/vscode/.local/lib/python3.10/site-packages/airflow/example_dags/example_branch_operator_decorator.py for tasks to queue
[2025-10-30T02:09:11.464+0000] {logging_mixin.py:150} INFO - [2025-10-30T02:09:11.464+0000] {dagbag.py:541} INFO - Filling up the DagBag from /home/vscode/.local/lib/python3.10/site-packages/airflow/example_dags/example_branch_operator_decorator.py
[2025-10-30T02:09:11.472+0000] {processor.py:836} INFO - DAG(s) dict_keys(['example_branch_python_operator_decorator']) retrieved from /home/vscode/.local/lib/python3.10/site-packages/airflow/example_dags/example_branch_operator_decorator.py
[2025-10-30T02:09:11.485+0000] {logging_mixin.py:150} INFO - [2025-10-30T02:09:11.485+0000] {dag.py:2742} INFO - Sync 1 DAGs
[2025-10-30T02:09:11.500+0000] {logging_mixin.py:150} INFO - [2025-10-30T02:09:11.500+0000] {dag.py:3504} INFO - Setting next_dagrun for example_branch_python_operator_decorator to 2025-10-29T00:00:00+00:00, run_after=2025-10-30T00:00:00+00:00
[2025-10-30T02:09:11.515+0000] {processor.py:179} INFO - Processing /home/vscode/.local/lib/python3.10/site-packages/airflow/example_dags/example_branch_operator_decorator.py took 0.055 seconds
