[2025-10-30T01:49:17.090+0000] {processor.py:157} INFO - Started process (PID=13713) to work on /home/vscode/.local/lib/python3.10/site-packages/airflow/example_dags/example_external_task_marker_dag.py
[2025-10-30T01:49:17.090+0000] {processor.py:826} INFO - Processing file /home/vscode/.local/lib/python3.10/site-packages/airflow/example_dags/example_external_task_marker_dag.py for tasks to queue
[2025-10-30T01:49:17.091+0000] {logging_mixin.py:150} INFO - [2025-10-30T01:49:17.090+0000] {dagbag.py:541} INFO - Filling up the DagBag from /home/vscode/.local/lib/python3.10/site-packages/airflow/example_dags/example_external_task_marker_dag.py
[2025-10-30T01:49:17.095+0000] {processor.py:836} INFO - DAG(s) dict_keys(['example_external_task_marker_child', 'example_external_task_marker_parent']) retrieved from /home/vscode/.local/lib/python3.10/site-packages/airflow/example_dags/example_external_task_marker_dag.py
[2025-10-30T01:49:17.172+0000] {logging_mixin.py:150} INFO - [2025-10-30T01:49:17.172+0000] {manager.py:504} INFO - Created Permission View: can read on DAG:example_external_task_marker_child
[2025-10-30T01:49:17.180+0000] {logging_mixin.py:150} INFO - [2025-10-30T01:49:17.180+0000] {manager.py:504} INFO - Created Permission View: can delete on DAG:example_external_task_marker_child
[2025-10-30T01:49:17.186+0000] {logging_mixin.py:150} INFO - [2025-10-30T01:49:17.186+0000] {manager.py:504} INFO - Created Permission View: can edit on DAG:example_external_task_marker_child
[2025-10-30T01:49:17.206+0000] {logging_mixin.py:150} INFO - [2025-10-30T01:49:17.206+0000] {manager.py:504} INFO - Created Permission View: can read on DAG:example_external_task_marker_parent
[2025-10-30T01:49:17.212+0000] {logging_mixin.py:150} INFO - [2025-10-30T01:49:17.212+0000] {manager.py:504} INFO - Created Permission View: can delete on DAG:example_external_task_marker_parent
[2025-10-30T01:49:17.218+0000] {logging_mixin.py:150} INFO - [2025-10-30T01:49:17.218+0000] {manager.py:504} INFO - Created Permission View: can edit on DAG:example_external_task_marker_parent
[2025-10-30T01:49:17.222+0000] {logging_mixin.py:150} INFO - [2025-10-30T01:49:17.222+0000] {dag.py:2742} INFO - Sync 2 DAGs
[2025-10-30T01:49:17.229+0000] {logging_mixin.py:150} INFO - [2025-10-30T01:49:17.229+0000] {dag.py:2763} INFO - Creating ORM DAG for example_external_task_marker_child
[2025-10-30T01:49:17.229+0000] {logging_mixin.py:150} INFO - [2025-10-30T01:49:17.229+0000] {dag.py:2763} INFO - Creating ORM DAG for example_external_task_marker_parent
[2025-10-30T01:49:17.235+0000] {logging_mixin.py:150} INFO - [2025-10-30T01:49:17.235+0000] {dag.py:3504} INFO - Setting next_dagrun for example_external_task_marker_child to None, run_after=None
[2025-10-30T01:49:17.235+0000] {logging_mixin.py:150} INFO - [2025-10-30T01:49:17.235+0000] {dag.py:3504} INFO - Setting next_dagrun for example_external_task_marker_parent to None, run_after=None
[2025-10-30T01:49:17.251+0000] {processor.py:179} INFO - Processing /home/vscode/.local/lib/python3.10/site-packages/airflow/example_dags/example_external_task_marker_dag.py took 0.164 seconds
[2025-10-30T01:50:02.138+0000] {processor.py:157} INFO - Started process (PID=14024) to work on /home/vscode/.local/lib/python3.10/site-packages/airflow/example_dags/example_external_task_marker_dag.py
[2025-10-30T01:50:02.139+0000] {processor.py:826} INFO - Processing file /home/vscode/.local/lib/python3.10/site-packages/airflow/example_dags/example_external_task_marker_dag.py for tasks to queue
[2025-10-30T01:50:02.139+0000] {logging_mixin.py:150} INFO - [2025-10-30T01:50:02.139+0000] {dagbag.py:541} INFO - Filling up the DagBag from /home/vscode/.local/lib/python3.10/site-packages/airflow/example_dags/example_external_task_marker_dag.py
[2025-10-30T01:50:02.143+0000] {processor.py:836} INFO - DAG(s) dict_keys(['example_external_task_marker_parent', 'example_external_task_marker_child']) retrieved from /home/vscode/.local/lib/python3.10/site-packages/airflow/example_dags/example_external_task_marker_dag.py
[2025-10-30T01:50:02.157+0000] {logging_mixin.py:150} INFO - [2025-10-30T01:50:02.157+0000] {dag.py:2742} INFO - Sync 2 DAGs
[2025-10-30T01:50:02.171+0000] {logging_mixin.py:150} INFO - [2025-10-30T01:50:02.171+0000] {dag.py:3504} INFO - Setting next_dagrun for example_external_task_marker_child to None, run_after=None
[2025-10-30T01:50:02.173+0000] {logging_mixin.py:150} INFO - [2025-10-30T01:50:02.173+0000] {dag.py:3504} INFO - Setting next_dagrun for example_external_task_marker_parent to None, run_after=None
[2025-10-30T01:50:02.186+0000] {processor.py:179} INFO - Processing /home/vscode/.local/lib/python3.10/site-packages/airflow/example_dags/example_external_task_marker_dag.py took 0.050 seconds
[2025-10-30T01:50:49.511+0000] {processor.py:157} INFO - Started process (PID=14354) to work on /home/vscode/.local/lib/python3.10/site-packages/airflow/example_dags/example_external_task_marker_dag.py
[2025-10-30T01:50:49.511+0000] {processor.py:826} INFO - Processing file /home/vscode/.local/lib/python3.10/site-packages/airflow/example_dags/example_external_task_marker_dag.py for tasks to queue
[2025-10-30T01:50:49.512+0000] {logging_mixin.py:150} INFO - [2025-10-30T01:50:49.512+0000] {dagbag.py:541} INFO - Filling up the DagBag from /home/vscode/.local/lib/python3.10/site-packages/airflow/example_dags/example_external_task_marker_dag.py
[2025-10-30T01:50:49.516+0000] {processor.py:836} INFO - DAG(s) dict_keys(['example_external_task_marker_parent', 'example_external_task_marker_child']) retrieved from /home/vscode/.local/lib/python3.10/site-packages/airflow/example_dags/example_external_task_marker_dag.py
[2025-10-30T01:50:49.530+0000] {logging_mixin.py:150} INFO - [2025-10-30T01:50:49.530+0000] {dag.py:2742} INFO - Sync 2 DAGs
[2025-10-30T01:50:49.545+0000] {logging_mixin.py:150} INFO - [2025-10-30T01:50:49.545+0000] {dag.py:3504} INFO - Setting next_dagrun for example_external_task_marker_child to None, run_after=None
[2025-10-30T01:50:49.547+0000] {logging_mixin.py:150} INFO - [2025-10-30T01:50:49.547+0000] {dag.py:3504} INFO - Setting next_dagrun for example_external_task_marker_parent to None, run_after=None
[2025-10-30T01:50:49.561+0000] {processor.py:179} INFO - Processing /home/vscode/.local/lib/python3.10/site-packages/airflow/example_dags/example_external_task_marker_dag.py took 0.052 seconds
[2025-10-30T01:51:34.748+0000] {processor.py:157} INFO - Started process (PID=14666) to work on /home/vscode/.local/lib/python3.10/site-packages/airflow/example_dags/example_external_task_marker_dag.py
[2025-10-30T01:51:34.748+0000] {processor.py:826} INFO - Processing file /home/vscode/.local/lib/python3.10/site-packages/airflow/example_dags/example_external_task_marker_dag.py for tasks to queue
[2025-10-30T01:51:34.749+0000] {logging_mixin.py:150} INFO - [2025-10-30T01:51:34.749+0000] {dagbag.py:541} INFO - Filling up the DagBag from /home/vscode/.local/lib/python3.10/site-packages/airflow/example_dags/example_external_task_marker_dag.py
[2025-10-30T01:51:34.754+0000] {processor.py:836} INFO - DAG(s) dict_keys(['example_external_task_marker_parent', 'example_external_task_marker_child']) retrieved from /home/vscode/.local/lib/python3.10/site-packages/airflow/example_dags/example_external_task_marker_dag.py
[2025-10-30T01:51:34.769+0000] {logging_mixin.py:150} INFO - [2025-10-30T01:51:34.769+0000] {dag.py:2742} INFO - Sync 2 DAGs
[2025-10-30T01:51:34.782+0000] {logging_mixin.py:150} INFO - [2025-10-30T01:51:34.782+0000] {dag.py:3504} INFO - Setting next_dagrun for example_external_task_marker_child to None, run_after=None
[2025-10-30T01:51:34.785+0000] {logging_mixin.py:150} INFO - [2025-10-30T01:51:34.784+0000] {dag.py:3504} INFO - Setting next_dagrun for example_external_task_marker_parent to None, run_after=None
[2025-10-30T01:51:34.798+0000] {processor.py:179} INFO - Processing /home/vscode/.local/lib/python3.10/site-packages/airflow/example_dags/example_external_task_marker_dag.py took 0.054 seconds
[2025-10-30T01:52:19.645+0000] {processor.py:157} INFO - Started process (PID=14956) to work on /home/vscode/.local/lib/python3.10/site-packages/airflow/example_dags/example_external_task_marker_dag.py
[2025-10-30T01:52:19.646+0000] {processor.py:826} INFO - Processing file /home/vscode/.local/lib/python3.10/site-packages/airflow/example_dags/example_external_task_marker_dag.py for tasks to queue
[2025-10-30T01:52:19.646+0000] {logging_mixin.py:150} INFO - [2025-10-30T01:52:19.646+0000] {dagbag.py:541} INFO - Filling up the DagBag from /home/vscode/.local/lib/python3.10/site-packages/airflow/example_dags/example_external_task_marker_dag.py
[2025-10-30T01:52:19.650+0000] {processor.py:836} INFO - DAG(s) dict_keys(['example_external_task_marker_child', 'example_external_task_marker_parent']) retrieved from /home/vscode/.local/lib/python3.10/site-packages/airflow/example_dags/example_external_task_marker_dag.py
[2025-10-30T01:52:19.664+0000] {logging_mixin.py:150} INFO - [2025-10-30T01:52:19.664+0000] {dag.py:2742} INFO - Sync 2 DAGs
[2025-10-30T01:52:19.681+0000] {logging_mixin.py:150} INFO - [2025-10-30T01:52:19.681+0000] {dag.py:3504} INFO - Setting next_dagrun for example_external_task_marker_child to None, run_after=None
[2025-10-30T01:52:19.683+0000] {logging_mixin.py:150} INFO - [2025-10-30T01:52:19.683+0000] {dag.py:3504} INFO - Setting next_dagrun for example_external_task_marker_parent to None, run_after=None
[2025-10-30T01:52:19.697+0000] {processor.py:179} INFO - Processing /home/vscode/.local/lib/python3.10/site-packages/airflow/example_dags/example_external_task_marker_dag.py took 0.054 seconds
[2025-10-30T01:53:02.202+0000] {processor.py:157} INFO - Started process (PID=15249) to work on /home/vscode/.local/lib/python3.10/site-packages/airflow/example_dags/example_external_task_marker_dag.py
[2025-10-30T01:53:02.203+0000] {processor.py:826} INFO - Processing file /home/vscode/.local/lib/python3.10/site-packages/airflow/example_dags/example_external_task_marker_dag.py for tasks to queue
[2025-10-30T01:53:02.203+0000] {logging_mixin.py:150} INFO - [2025-10-30T01:53:02.203+0000] {dagbag.py:541} INFO - Filling up the DagBag from /home/vscode/.local/lib/python3.10/site-packages/airflow/example_dags/example_external_task_marker_dag.py
[2025-10-30T01:53:02.207+0000] {processor.py:836} INFO - DAG(s) dict_keys(['example_external_task_marker_child', 'example_external_task_marker_parent']) retrieved from /home/vscode/.local/lib/python3.10/site-packages/airflow/example_dags/example_external_task_marker_dag.py
[2025-10-30T01:53:02.221+0000] {logging_mixin.py:150} INFO - [2025-10-30T01:53:02.220+0000] {dag.py:2742} INFO - Sync 2 DAGs
[2025-10-30T01:53:02.234+0000] {logging_mixin.py:150} INFO - [2025-10-30T01:53:02.234+0000] {dag.py:3504} INFO - Setting next_dagrun for example_external_task_marker_child to None, run_after=None
[2025-10-30T01:53:02.236+0000] {logging_mixin.py:150} INFO - [2025-10-30T01:53:02.236+0000] {dag.py:3504} INFO - Setting next_dagrun for example_external_task_marker_parent to None, run_after=None
[2025-10-30T01:53:02.249+0000] {processor.py:179} INFO - Processing /home/vscode/.local/lib/python3.10/site-packages/airflow/example_dags/example_external_task_marker_dag.py took 0.049 seconds
[2025-10-30T01:53:45.078+0000] {processor.py:157} INFO - Started process (PID=15609) to work on /home/vscode/.local/lib/python3.10/site-packages/airflow/example_dags/example_external_task_marker_dag.py
[2025-10-30T01:53:45.079+0000] {processor.py:826} INFO - Processing file /home/vscode/.local/lib/python3.10/site-packages/airflow/example_dags/example_external_task_marker_dag.py for tasks to queue
[2025-10-30T01:53:45.080+0000] {logging_mixin.py:150} INFO - [2025-10-30T01:53:45.079+0000] {dagbag.py:541} INFO - Filling up the DagBag from /home/vscode/.local/lib/python3.10/site-packages/airflow/example_dags/example_external_task_marker_dag.py
[2025-10-30T01:53:45.084+0000] {processor.py:836} INFO - DAG(s) dict_keys(['example_external_task_marker_parent', 'example_external_task_marker_child']) retrieved from /home/vscode/.local/lib/python3.10/site-packages/airflow/example_dags/example_external_task_marker_dag.py
[2025-10-30T01:53:45.097+0000] {logging_mixin.py:150} INFO - [2025-10-30T01:53:45.097+0000] {dag.py:2742} INFO - Sync 2 DAGs
[2025-10-30T01:53:45.110+0000] {logging_mixin.py:150} INFO - [2025-10-30T01:53:45.110+0000] {dag.py:3504} INFO - Setting next_dagrun for example_external_task_marker_child to None, run_after=None
[2025-10-30T01:53:45.112+0000] {logging_mixin.py:150} INFO - [2025-10-30T01:53:45.112+0000] {dag.py:3504} INFO - Setting next_dagrun for example_external_task_marker_parent to None, run_after=None
[2025-10-30T01:53:45.126+0000] {processor.py:179} INFO - Processing /home/vscode/.local/lib/python3.10/site-packages/airflow/example_dags/example_external_task_marker_dag.py took 0.050 seconds
[2025-10-30T01:54:28.350+0000] {processor.py:157} INFO - Started process (PID=15962) to work on /home/vscode/.local/lib/python3.10/site-packages/airflow/example_dags/example_external_task_marker_dag.py
[2025-10-30T01:54:28.350+0000] {processor.py:826} INFO - Processing file /home/vscode/.local/lib/python3.10/site-packages/airflow/example_dags/example_external_task_marker_dag.py for tasks to queue
[2025-10-30T01:54:28.351+0000] {logging_mixin.py:150} INFO - [2025-10-30T01:54:28.351+0000] {dagbag.py:541} INFO - Filling up the DagBag from /home/vscode/.local/lib/python3.10/site-packages/airflow/example_dags/example_external_task_marker_dag.py
[2025-10-30T01:54:28.355+0000] {processor.py:836} INFO - DAG(s) dict_keys(['example_external_task_marker_parent', 'example_external_task_marker_child']) retrieved from /home/vscode/.local/lib/python3.10/site-packages/airflow/example_dags/example_external_task_marker_dag.py
[2025-10-30T01:54:28.369+0000] {logging_mixin.py:150} INFO - [2025-10-30T01:54:28.369+0000] {dag.py:2742} INFO - Sync 2 DAGs
[2025-10-30T01:54:28.383+0000] {logging_mixin.py:150} INFO - [2025-10-30T01:54:28.383+0000] {dag.py:3504} INFO - Setting next_dagrun for example_external_task_marker_child to None, run_after=None
[2025-10-30T01:54:28.385+0000] {logging_mixin.py:150} INFO - [2025-10-30T01:54:28.385+0000] {dag.py:3504} INFO - Setting next_dagrun for example_external_task_marker_parent to None, run_after=None
[2025-10-30T01:54:28.399+0000] {processor.py:179} INFO - Processing /home/vscode/.local/lib/python3.10/site-packages/airflow/example_dags/example_external_task_marker_dag.py took 0.051 seconds
[2025-10-30T01:55:10.150+0000] {processor.py:157} INFO - Started process (PID=16290) to work on /home/vscode/.local/lib/python3.10/site-packages/airflow/example_dags/example_external_task_marker_dag.py
[2025-10-30T01:55:10.151+0000] {processor.py:826} INFO - Processing file /home/vscode/.local/lib/python3.10/site-packages/airflow/example_dags/example_external_task_marker_dag.py for tasks to queue
[2025-10-30T01:55:10.152+0000] {logging_mixin.py:150} INFO - [2025-10-30T01:55:10.152+0000] {dagbag.py:541} INFO - Filling up the DagBag from /home/vscode/.local/lib/python3.10/site-packages/airflow/example_dags/example_external_task_marker_dag.py
[2025-10-30T01:55:10.158+0000] {processor.py:836} INFO - DAG(s) dict_keys(['example_external_task_marker_child', 'example_external_task_marker_parent']) retrieved from /home/vscode/.local/lib/python3.10/site-packages/airflow/example_dags/example_external_task_marker_dag.py
[2025-10-30T01:55:10.180+0000] {logging_mixin.py:150} INFO - [2025-10-30T01:55:10.180+0000] {dag.py:2742} INFO - Sync 2 DAGs
[2025-10-30T01:55:10.208+0000] {logging_mixin.py:150} INFO - [2025-10-30T01:55:10.208+0000] {dag.py:3504} INFO - Setting next_dagrun for example_external_task_marker_child to None, run_after=None
[2025-10-30T01:55:10.211+0000] {logging_mixin.py:150} INFO - [2025-10-30T01:55:10.211+0000] {dag.py:3504} INFO - Setting next_dagrun for example_external_task_marker_parent to None, run_after=None
[2025-10-30T01:55:10.225+0000] {processor.py:179} INFO - Processing /home/vscode/.local/lib/python3.10/site-packages/airflow/example_dags/example_external_task_marker_dag.py took 0.078 seconds
[2025-10-30T02:06:46.319+0000] {processor.py:157} INFO - Started process (PID=20721) to work on /home/vscode/.local/lib/python3.10/site-packages/airflow/example_dags/example_external_task_marker_dag.py
[2025-10-30T02:06:46.320+0000] {processor.py:826} INFO - Processing file /home/vscode/.local/lib/python3.10/site-packages/airflow/example_dags/example_external_task_marker_dag.py for tasks to queue
[2025-10-30T02:06:46.320+0000] {logging_mixin.py:150} INFO - [2025-10-30T02:06:46.320+0000] {dagbag.py:541} INFO - Filling up the DagBag from /home/vscode/.local/lib/python3.10/site-packages/airflow/example_dags/example_external_task_marker_dag.py
[2025-10-30T02:06:46.325+0000] {processor.py:836} INFO - DAG(s) dict_keys(['example_external_task_marker_child', 'example_external_task_marker_parent']) retrieved from /home/vscode/.local/lib/python3.10/site-packages/airflow/example_dags/example_external_task_marker_dag.py
[2025-10-30T02:06:46.339+0000] {logging_mixin.py:150} INFO - [2025-10-30T02:06:46.339+0000] {dag.py:2742} INFO - Sync 2 DAGs
[2025-10-30T02:06:46.357+0000] {logging_mixin.py:150} INFO - [2025-10-30T02:06:46.357+0000] {dag.py:3504} INFO - Setting next_dagrun for example_external_task_marker_child to None, run_after=None
[2025-10-30T02:06:46.360+0000] {logging_mixin.py:150} INFO - [2025-10-30T02:06:46.360+0000] {dag.py:3504} INFO - Setting next_dagrun for example_external_task_marker_parent to None, run_after=None
[2025-10-30T02:06:46.385+0000] {processor.py:179} INFO - Processing /home/vscode/.local/lib/python3.10/site-packages/airflow/example_dags/example_external_task_marker_dag.py took 0.068 seconds
[2025-10-30T02:07:31.262+0000] {processor.py:157} INFO - Started process (PID=21068) to work on /home/vscode/.local/lib/python3.10/site-packages/airflow/example_dags/example_external_task_marker_dag.py
[2025-10-30T02:07:31.263+0000] {processor.py:826} INFO - Processing file /home/vscode/.local/lib/python3.10/site-packages/airflow/example_dags/example_external_task_marker_dag.py for tasks to queue
[2025-10-30T02:07:31.263+0000] {logging_mixin.py:150} INFO - [2025-10-30T02:07:31.263+0000] {dagbag.py:541} INFO - Filling up the DagBag from /home/vscode/.local/lib/python3.10/site-packages/airflow/example_dags/example_external_task_marker_dag.py
[2025-10-30T02:07:31.267+0000] {processor.py:836} INFO - DAG(s) dict_keys(['example_external_task_marker_child', 'example_external_task_marker_parent']) retrieved from /home/vscode/.local/lib/python3.10/site-packages/airflow/example_dags/example_external_task_marker_dag.py
[2025-10-30T02:07:31.281+0000] {logging_mixin.py:150} INFO - [2025-10-30T02:07:31.281+0000] {dag.py:2742} INFO - Sync 2 DAGs
[2025-10-30T02:07:31.295+0000] {logging_mixin.py:150} INFO - [2025-10-30T02:07:31.295+0000] {dag.py:3504} INFO - Setting next_dagrun for example_external_task_marker_child to None, run_after=None
[2025-10-30T02:07:31.297+0000] {logging_mixin.py:150} INFO - [2025-10-30T02:07:31.297+0000] {dag.py:3504} INFO - Setting next_dagrun for example_external_task_marker_parent to None, run_after=None
[2025-10-30T02:07:31.310+0000] {processor.py:179} INFO - Processing /home/vscode/.local/lib/python3.10/site-packages/airflow/example_dags/example_external_task_marker_dag.py took 0.051 seconds
[2025-10-30T02:08:16.941+0000] {processor.py:157} INFO - Started process (PID=21412) to work on /home/vscode/.local/lib/python3.10/site-packages/airflow/example_dags/example_external_task_marker_dag.py
[2025-10-30T02:08:16.942+0000] {processor.py:826} INFO - Processing file /home/vscode/.local/lib/python3.10/site-packages/airflow/example_dags/example_external_task_marker_dag.py for tasks to queue
[2025-10-30T02:08:16.943+0000] {logging_mixin.py:150} INFO - [2025-10-30T02:08:16.942+0000] {dagbag.py:541} INFO - Filling up the DagBag from /home/vscode/.local/lib/python3.10/site-packages/airflow/example_dags/example_external_task_marker_dag.py
[2025-10-30T02:08:16.947+0000] {processor.py:836} INFO - DAG(s) dict_keys(['example_external_task_marker_child', 'example_external_task_marker_parent']) retrieved from /home/vscode/.local/lib/python3.10/site-packages/airflow/example_dags/example_external_task_marker_dag.py
[2025-10-30T02:08:16.960+0000] {logging_mixin.py:150} INFO - [2025-10-30T02:08:16.960+0000] {dag.py:2742} INFO - Sync 2 DAGs
[2025-10-30T02:08:16.973+0000] {logging_mixin.py:150} INFO - [2025-10-30T02:08:16.973+0000] {dag.py:3504} INFO - Setting next_dagrun for example_external_task_marker_child to None, run_after=None
[2025-10-30T02:08:16.975+0000] {logging_mixin.py:150} INFO - [2025-10-30T02:08:16.975+0000] {dag.py:3504} INFO - Setting next_dagrun for example_external_task_marker_parent to None, run_after=None
[2025-10-30T02:08:16.989+0000] {processor.py:179} INFO - Processing /home/vscode/.local/lib/python3.10/site-packages/airflow/example_dags/example_external_task_marker_dag.py took 0.049 seconds
[2025-10-30T02:09:02.312+0000] {processor.py:157} INFO - Started process (PID=21877) to work on /home/vscode/.local/lib/python3.10/site-packages/airflow/example_dags/example_external_task_marker_dag.py
[2025-10-30T02:09:02.313+0000] {processor.py:826} INFO - Processing file /home/vscode/.local/lib/python3.10/site-packages/airflow/example_dags/example_external_task_marker_dag.py for tasks to queue
[2025-10-30T02:09:02.314+0000] {logging_mixin.py:150} INFO - [2025-10-30T02:09:02.313+0000] {dagbag.py:541} INFO - Filling up the DagBag from /home/vscode/.local/lib/python3.10/site-packages/airflow/example_dags/example_external_task_marker_dag.py
[2025-10-30T02:09:02.318+0000] {processor.py:836} INFO - DAG(s) dict_keys(['example_external_task_marker_child', 'example_external_task_marker_parent']) retrieved from /home/vscode/.local/lib/python3.10/site-packages/airflow/example_dags/example_external_task_marker_dag.py
[2025-10-30T02:09:02.331+0000] {logging_mixin.py:150} INFO - [2025-10-30T02:09:02.331+0000] {dag.py:2742} INFO - Sync 2 DAGs
[2025-10-30T02:09:02.344+0000] {logging_mixin.py:150} INFO - [2025-10-30T02:09:02.344+0000] {dag.py:3504} INFO - Setting next_dagrun for example_external_task_marker_child to None, run_after=None
[2025-10-30T02:09:02.346+0000] {logging_mixin.py:150} INFO - [2025-10-30T02:09:02.346+0000] {dag.py:3504} INFO - Setting next_dagrun for example_external_task_marker_parent to None, run_after=None
[2025-10-30T02:09:02.360+0000] {processor.py:179} INFO - Processing /home/vscode/.local/lib/python3.10/site-packages/airflow/example_dags/example_external_task_marker_dag.py took 0.050 seconds
