[2025-10-30T01:48:53.751+0000] {processor.py:157} INFO - Started process (PID=13567) to work on /home/vscode/.local/lib/python3.10/site-packages/airflow/example_dags/example_xcomargs.py
[2025-10-30T01:48:53.752+0000] {processor.py:826} INFO - Processing file /home/vscode/.local/lib/python3.10/site-packages/airflow/example_dags/example_xcomargs.py for tasks to queue
[2025-10-30T01:48:53.752+0000] {logging_mixin.py:150} INFO - [2025-10-30T01:48:53.752+0000] {dagbag.py:541} INFO - Filling up the DagBag from /home/vscode/.local/lib/python3.10/site-packages/airflow/example_dags/example_xcomargs.py
[2025-10-30T01:48:53.760+0000] {processor.py:836} INFO - DAG(s) dict_keys(['example_xcom_args', 'example_xcom_args_with_operators']) retrieved from /home/vscode/.local/lib/python3.10/site-packages/airflow/example_dags/example_xcomargs.py
[2025-10-30T01:48:53.835+0000] {logging_mixin.py:150} INFO - [2025-10-30T01:48:53.835+0000] {manager.py:504} INFO - Created Permission View: can read on DAG:example_xcom_args
[2025-10-30T01:48:53.843+0000] {logging_mixin.py:150} INFO - [2025-10-30T01:48:53.843+0000] {manager.py:504} INFO - Created Permission View: can delete on DAG:example_xcom_args
[2025-10-30T01:48:53.849+0000] {logging_mixin.py:150} INFO - [2025-10-30T01:48:53.849+0000] {manager.py:504} INFO - Created Permission View: can edit on DAG:example_xcom_args
[2025-10-30T01:48:53.870+0000] {logging_mixin.py:150} INFO - [2025-10-30T01:48:53.870+0000] {manager.py:504} INFO - Created Permission View: can read on DAG:example_xcom_args_with_operators
[2025-10-30T01:48:53.876+0000] {logging_mixin.py:150} INFO - [2025-10-30T01:48:53.876+0000] {manager.py:504} INFO - Created Permission View: can delete on DAG:example_xcom_args_with_operators
[2025-10-30T01:48:53.882+0000] {logging_mixin.py:150} INFO - [2025-10-30T01:48:53.882+0000] {manager.py:504} INFO - Created Permission View: can edit on DAG:example_xcom_args_with_operators
[2025-10-30T01:48:53.885+0000] {logging_mixin.py:150} INFO - [2025-10-30T01:48:53.885+0000] {dag.py:2742} INFO - Sync 2 DAGs
[2025-10-30T01:48:53.892+0000] {logging_mixin.py:150} INFO - [2025-10-30T01:48:53.891+0000] {dag.py:2763} INFO - Creating ORM DAG for example_xcom_args_with_operators
[2025-10-30T01:48:53.892+0000] {logging_mixin.py:150} INFO - [2025-10-30T01:48:53.892+0000] {dag.py:2763} INFO - Creating ORM DAG for example_xcom_args
[2025-10-30T01:48:53.898+0000] {logging_mixin.py:150} INFO - [2025-10-30T01:48:53.898+0000] {dag.py:3504} INFO - Setting next_dagrun for example_xcom_args to None, run_after=None
[2025-10-30T01:48:53.898+0000] {logging_mixin.py:150} INFO - [2025-10-30T01:48:53.898+0000] {dag.py:3504} INFO - Setting next_dagrun for example_xcom_args_with_operators to None, run_after=None
[2025-10-30T01:48:53.914+0000] {processor.py:179} INFO - Processing /home/vscode/.local/lib/python3.10/site-packages/airflow/example_dags/example_xcomargs.py took 0.165 seconds
[2025-10-30T01:49:42.399+0000] {processor.py:157} INFO - Started process (PID=13893) to work on /home/vscode/.local/lib/python3.10/site-packages/airflow/example_dags/example_xcomargs.py
[2025-10-30T01:49:42.400+0000] {processor.py:826} INFO - Processing file /home/vscode/.local/lib/python3.10/site-packages/airflow/example_dags/example_xcomargs.py for tasks to queue
[2025-10-30T01:49:42.401+0000] {logging_mixin.py:150} INFO - [2025-10-30T01:49:42.400+0000] {dagbag.py:541} INFO - Filling up the DagBag from /home/vscode/.local/lib/python3.10/site-packages/airflow/example_dags/example_xcomargs.py
[2025-10-30T01:49:42.407+0000] {processor.py:836} INFO - DAG(s) dict_keys(['example_xcom_args_with_operators', 'example_xcom_args']) retrieved from /home/vscode/.local/lib/python3.10/site-packages/airflow/example_dags/example_xcomargs.py
[2025-10-30T01:49:42.420+0000] {logging_mixin.py:150} INFO - [2025-10-30T01:49:42.420+0000] {dag.py:2742} INFO - Sync 2 DAGs
[2025-10-30T01:49:42.433+0000] {logging_mixin.py:150} INFO - [2025-10-30T01:49:42.433+0000] {dag.py:3504} INFO - Setting next_dagrun for example_xcom_args to None, run_after=None
[2025-10-30T01:49:42.435+0000] {logging_mixin.py:150} INFO - [2025-10-30T01:49:42.435+0000] {dag.py:3504} INFO - Setting next_dagrun for example_xcom_args_with_operators to None, run_after=None
[2025-10-30T01:49:42.449+0000] {processor.py:179} INFO - Processing /home/vscode/.local/lib/python3.10/site-packages/airflow/example_dags/example_xcomargs.py took 0.051 seconds
[2025-10-30T01:50:24.944+0000] {processor.py:157} INFO - Started process (PID=14178) to work on /home/vscode/.local/lib/python3.10/site-packages/airflow/example_dags/example_xcomargs.py
[2025-10-30T01:50:24.944+0000] {processor.py:826} INFO - Processing file /home/vscode/.local/lib/python3.10/site-packages/airflow/example_dags/example_xcomargs.py for tasks to queue
[2025-10-30T01:50:24.945+0000] {logging_mixin.py:150} INFO - [2025-10-30T01:50:24.945+0000] {dagbag.py:541} INFO - Filling up the DagBag from /home/vscode/.local/lib/python3.10/site-packages/airflow/example_dags/example_xcomargs.py
[2025-10-30T01:50:24.952+0000] {processor.py:836} INFO - DAG(s) dict_keys(['example_xcom_args', 'example_xcom_args_with_operators']) retrieved from /home/vscode/.local/lib/python3.10/site-packages/airflow/example_dags/example_xcomargs.py
[2025-10-30T01:50:24.966+0000] {logging_mixin.py:150} INFO - [2025-10-30T01:50:24.966+0000] {dag.py:2742} INFO - Sync 2 DAGs
[2025-10-30T01:50:24.983+0000] {logging_mixin.py:150} INFO - [2025-10-30T01:50:24.983+0000] {dag.py:3504} INFO - Setting next_dagrun for example_xcom_args to None, run_after=None
[2025-10-30T01:50:24.987+0000] {logging_mixin.py:150} INFO - [2025-10-30T01:50:24.987+0000] {dag.py:3504} INFO - Setting next_dagrun for example_xcom_args_with_operators to None, run_after=None
[2025-10-30T01:50:25.006+0000] {processor.py:179} INFO - Processing /home/vscode/.local/lib/python3.10/site-packages/airflow/example_dags/example_xcomargs.py took 0.064 seconds
[2025-10-30T01:51:10.013+0000] {processor.py:157} INFO - Started process (PID=14491) to work on /home/vscode/.local/lib/python3.10/site-packages/airflow/example_dags/example_xcomargs.py
[2025-10-30T01:51:10.013+0000] {processor.py:826} INFO - Processing file /home/vscode/.local/lib/python3.10/site-packages/airflow/example_dags/example_xcomargs.py for tasks to queue
[2025-10-30T01:51:10.014+0000] {logging_mixin.py:150} INFO - [2025-10-30T01:51:10.014+0000] {dagbag.py:541} INFO - Filling up the DagBag from /home/vscode/.local/lib/python3.10/site-packages/airflow/example_dags/example_xcomargs.py
[2025-10-30T01:51:10.020+0000] {processor.py:836} INFO - DAG(s) dict_keys(['example_xcom_args_with_operators', 'example_xcom_args']) retrieved from /home/vscode/.local/lib/python3.10/site-packages/airflow/example_dags/example_xcomargs.py
[2025-10-30T01:51:10.033+0000] {logging_mixin.py:150} INFO - [2025-10-30T01:51:10.033+0000] {dag.py:2742} INFO - Sync 2 DAGs
[2025-10-30T01:51:10.046+0000] {logging_mixin.py:150} INFO - [2025-10-30T01:51:10.046+0000] {dag.py:3504} INFO - Setting next_dagrun for example_xcom_args to None, run_after=None
[2025-10-30T01:51:10.048+0000] {logging_mixin.py:150} INFO - [2025-10-30T01:51:10.048+0000] {dag.py:3504} INFO - Setting next_dagrun for example_xcom_args_with_operators to None, run_after=None
[2025-10-30T01:51:10.062+0000] {processor.py:179} INFO - Processing /home/vscode/.local/lib/python3.10/site-packages/airflow/example_dags/example_xcomargs.py took 0.051 seconds
[2025-10-30T01:51:52.814+0000] {processor.py:157} INFO - Started process (PID=14784) to work on /home/vscode/.local/lib/python3.10/site-packages/airflow/example_dags/example_xcomargs.py
[2025-10-30T01:51:52.815+0000] {processor.py:826} INFO - Processing file /home/vscode/.local/lib/python3.10/site-packages/airflow/example_dags/example_xcomargs.py for tasks to queue
[2025-10-30T01:51:52.815+0000] {logging_mixin.py:150} INFO - [2025-10-30T01:51:52.815+0000] {dagbag.py:541} INFO - Filling up the DagBag from /home/vscode/.local/lib/python3.10/site-packages/airflow/example_dags/example_xcomargs.py
[2025-10-30T01:51:52.821+0000] {processor.py:836} INFO - DAG(s) dict_keys(['example_xcom_args_with_operators', 'example_xcom_args']) retrieved from /home/vscode/.local/lib/python3.10/site-packages/airflow/example_dags/example_xcomargs.py
[2025-10-30T01:51:52.834+0000] {logging_mixin.py:150} INFO - [2025-10-30T01:51:52.834+0000] {dag.py:2742} INFO - Sync 2 DAGs
[2025-10-30T01:51:52.847+0000] {logging_mixin.py:150} INFO - [2025-10-30T01:51:52.847+0000] {dag.py:3504} INFO - Setting next_dagrun for example_xcom_args to None, run_after=None
[2025-10-30T01:51:52.849+0000] {logging_mixin.py:150} INFO - [2025-10-30T01:51:52.849+0000] {dag.py:3504} INFO - Setting next_dagrun for example_xcom_args_with_operators to None, run_after=None
[2025-10-30T01:51:52.862+0000] {processor.py:179} INFO - Processing /home/vscode/.local/lib/python3.10/site-packages/airflow/example_dags/example_xcomargs.py took 0.050 seconds
[2025-10-30T01:52:41.229+0000] {processor.py:157} INFO - Started process (PID=15101) to work on /home/vscode/.local/lib/python3.10/site-packages/airflow/example_dags/example_xcomargs.py
[2025-10-30T01:52:41.229+0000] {processor.py:826} INFO - Processing file /home/vscode/.local/lib/python3.10/site-packages/airflow/example_dags/example_xcomargs.py for tasks to queue
[2025-10-30T01:52:41.230+0000] {logging_mixin.py:150} INFO - [2025-10-30T01:52:41.230+0000] {dagbag.py:541} INFO - Filling up the DagBag from /home/vscode/.local/lib/python3.10/site-packages/airflow/example_dags/example_xcomargs.py
[2025-10-30T01:52:41.235+0000] {processor.py:836} INFO - DAG(s) dict_keys(['example_xcom_args', 'example_xcom_args_with_operators']) retrieved from /home/vscode/.local/lib/python3.10/site-packages/airflow/example_dags/example_xcomargs.py
[2025-10-30T01:52:41.249+0000] {logging_mixin.py:150} INFO - [2025-10-30T01:52:41.248+0000] {dag.py:2742} INFO - Sync 2 DAGs
[2025-10-30T01:52:41.262+0000] {logging_mixin.py:150} INFO - [2025-10-30T01:52:41.262+0000] {dag.py:3504} INFO - Setting next_dagrun for example_xcom_args to None, run_after=None
[2025-10-30T01:52:41.264+0000] {logging_mixin.py:150} INFO - [2025-10-30T01:52:41.264+0000] {dag.py:3504} INFO - Setting next_dagrun for example_xcom_args_with_operators to None, run_after=None
[2025-10-30T01:52:41.278+0000] {processor.py:179} INFO - Processing /home/vscode/.local/lib/python3.10/site-packages/airflow/example_dags/example_xcomargs.py took 0.051 seconds
[2025-10-30T01:53:20.068+0000] {processor.py:157} INFO - Started process (PID=15370) to work on /home/vscode/.local/lib/python3.10/site-packages/airflow/example_dags/example_xcomargs.py
[2025-10-30T01:53:20.069+0000] {processor.py:826} INFO - Processing file /home/vscode/.local/lib/python3.10/site-packages/airflow/example_dags/example_xcomargs.py for tasks to queue
[2025-10-30T01:53:20.070+0000] {logging_mixin.py:150} INFO - [2025-10-30T01:53:20.069+0000] {dagbag.py:541} INFO - Filling up the DagBag from /home/vscode/.local/lib/python3.10/site-packages/airflow/example_dags/example_xcomargs.py
[2025-10-30T01:53:20.075+0000] {processor.py:836} INFO - DAG(s) dict_keys(['example_xcom_args_with_operators', 'example_xcom_args']) retrieved from /home/vscode/.local/lib/python3.10/site-packages/airflow/example_dags/example_xcomargs.py
[2025-10-30T01:53:20.089+0000] {logging_mixin.py:150} INFO - [2025-10-30T01:53:20.088+0000] {dag.py:2742} INFO - Sync 2 DAGs
[2025-10-30T01:53:20.102+0000] {logging_mixin.py:150} INFO - [2025-10-30T01:53:20.102+0000] {dag.py:3504} INFO - Setting next_dagrun for example_xcom_args to None, run_after=None
[2025-10-30T01:53:20.104+0000] {logging_mixin.py:150} INFO - [2025-10-30T01:53:20.104+0000] {dag.py:3504} INFO - Setting next_dagrun for example_xcom_args_with_operators to None, run_after=None
[2025-10-30T01:53:20.117+0000] {processor.py:179} INFO - Processing /home/vscode/.local/lib/python3.10/site-packages/airflow/example_dags/example_xcomargs.py took 0.051 seconds
[2025-10-30T01:53:58.912+0000] {processor.py:157} INFO - Started process (PID=15753) to work on /home/vscode/.local/lib/python3.10/site-packages/airflow/example_dags/example_xcomargs.py
[2025-10-30T01:53:58.913+0000] {processor.py:826} INFO - Processing file /home/vscode/.local/lib/python3.10/site-packages/airflow/example_dags/example_xcomargs.py for tasks to queue
[2025-10-30T01:53:58.913+0000] {logging_mixin.py:150} INFO - [2025-10-30T01:53:58.913+0000] {dagbag.py:541} INFO - Filling up the DagBag from /home/vscode/.local/lib/python3.10/site-packages/airflow/example_dags/example_xcomargs.py
[2025-10-30T01:53:58.919+0000] {processor.py:836} INFO - DAG(s) dict_keys(['example_xcom_args_with_operators', 'example_xcom_args']) retrieved from /home/vscode/.local/lib/python3.10/site-packages/airflow/example_dags/example_xcomargs.py
[2025-10-30T01:53:58.932+0000] {logging_mixin.py:150} INFO - [2025-10-30T01:53:58.932+0000] {dag.py:2742} INFO - Sync 2 DAGs
[2025-10-30T01:53:58.946+0000] {logging_mixin.py:150} INFO - [2025-10-30T01:53:58.946+0000] {dag.py:3504} INFO - Setting next_dagrun for example_xcom_args to None, run_after=None
[2025-10-30T01:53:58.948+0000] {logging_mixin.py:150} INFO - [2025-10-30T01:53:58.948+0000] {dag.py:3504} INFO - Setting next_dagrun for example_xcom_args_with_operators to None, run_after=None
[2025-10-30T01:53:58.961+0000] {processor.py:179} INFO - Processing /home/vscode/.local/lib/python3.10/site-packages/airflow/example_dags/example_xcomargs.py took 0.051 seconds
[2025-10-30T01:54:41.879+0000] {processor.py:157} INFO - Started process (PID=16055) to work on /home/vscode/.local/lib/python3.10/site-packages/airflow/example_dags/example_xcomargs.py
[2025-10-30T01:54:41.880+0000] {processor.py:826} INFO - Processing file /home/vscode/.local/lib/python3.10/site-packages/airflow/example_dags/example_xcomargs.py for tasks to queue
[2025-10-30T01:54:41.880+0000] {logging_mixin.py:150} INFO - [2025-10-30T01:54:41.880+0000] {dagbag.py:541} INFO - Filling up the DagBag from /home/vscode/.local/lib/python3.10/site-packages/airflow/example_dags/example_xcomargs.py
[2025-10-30T01:54:41.886+0000] {processor.py:836} INFO - DAG(s) dict_keys(['example_xcom_args_with_operators', 'example_xcom_args']) retrieved from /home/vscode/.local/lib/python3.10/site-packages/airflow/example_dags/example_xcomargs.py
[2025-10-30T01:54:41.899+0000] {logging_mixin.py:150} INFO - [2025-10-30T01:54:41.899+0000] {dag.py:2742} INFO - Sync 2 DAGs
[2025-10-30T01:54:41.915+0000] {logging_mixin.py:150} INFO - [2025-10-30T01:54:41.914+0000] {dag.py:3504} INFO - Setting next_dagrun for example_xcom_args to None, run_after=None
[2025-10-30T01:54:41.917+0000] {logging_mixin.py:150} INFO - [2025-10-30T01:54:41.917+0000] {dag.py:3504} INFO - Setting next_dagrun for example_xcom_args_with_operators to None, run_after=None
[2025-10-30T01:54:41.930+0000] {processor.py:179} INFO - Processing /home/vscode/.local/lib/python3.10/site-packages/airflow/example_dags/example_xcomargs.py took 0.053 seconds
[2025-10-30T01:55:21.556+0000] {processor.py:157} INFO - Started process (PID=16395) to work on /home/vscode/.local/lib/python3.10/site-packages/airflow/example_dags/example_xcomargs.py
[2025-10-30T01:55:21.557+0000] {processor.py:826} INFO - Processing file /home/vscode/.local/lib/python3.10/site-packages/airflow/example_dags/example_xcomargs.py for tasks to queue
[2025-10-30T01:55:21.557+0000] {logging_mixin.py:150} INFO - [2025-10-30T01:55:21.557+0000] {dagbag.py:541} INFO - Filling up the DagBag from /home/vscode/.local/lib/python3.10/site-packages/airflow/example_dags/example_xcomargs.py
[2025-10-30T01:55:21.563+0000] {processor.py:836} INFO - DAG(s) dict_keys(['example_xcom_args_with_operators', 'example_xcom_args']) retrieved from /home/vscode/.local/lib/python3.10/site-packages/airflow/example_dags/example_xcomargs.py
[2025-10-30T01:55:21.577+0000] {logging_mixin.py:150} INFO - [2025-10-30T01:55:21.577+0000] {dag.py:2742} INFO - Sync 2 DAGs
[2025-10-30T01:55:21.592+0000] {logging_mixin.py:150} INFO - [2025-10-30T01:55:21.592+0000] {dag.py:3504} INFO - Setting next_dagrun for example_xcom_args to None, run_after=None
[2025-10-30T01:55:21.594+0000] {logging_mixin.py:150} INFO - [2025-10-30T01:55:21.594+0000] {dag.py:3504} INFO - Setting next_dagrun for example_xcom_args_with_operators to None, run_after=None
[2025-10-30T01:55:21.608+0000] {processor.py:179} INFO - Processing /home/vscode/.local/lib/python3.10/site-packages/airflow/example_dags/example_xcomargs.py took 0.054 seconds
[2025-10-30T02:06:26.017+0000] {processor.py:157} INFO - Started process (PID=20572) to work on /home/vscode/.local/lib/python3.10/site-packages/airflow/example_dags/example_xcomargs.py
[2025-10-30T02:06:26.018+0000] {processor.py:826} INFO - Processing file /home/vscode/.local/lib/python3.10/site-packages/airflow/example_dags/example_xcomargs.py for tasks to queue
[2025-10-30T02:06:26.019+0000] {logging_mixin.py:150} INFO - [2025-10-30T02:06:26.018+0000] {dagbag.py:541} INFO - Filling up the DagBag from /home/vscode/.local/lib/python3.10/site-packages/airflow/example_dags/example_xcomargs.py
[2025-10-30T02:06:26.030+0000] {processor.py:836} INFO - DAG(s) dict_keys(['example_xcom_args_with_operators', 'example_xcom_args']) retrieved from /home/vscode/.local/lib/python3.10/site-packages/airflow/example_dags/example_xcomargs.py
[2025-10-30T02:06:26.060+0000] {logging_mixin.py:150} INFO - [2025-10-30T02:06:26.060+0000] {dag.py:2742} INFO - Sync 2 DAGs
[2025-10-30T02:06:26.082+0000] {logging_mixin.py:150} INFO - [2025-10-30T02:06:26.082+0000] {dag.py:3504} INFO - Setting next_dagrun for example_xcom_args to None, run_after=None
[2025-10-30T02:06:26.085+0000] {logging_mixin.py:150} INFO - [2025-10-30T02:06:26.085+0000] {dag.py:3504} INFO - Setting next_dagrun for example_xcom_args_with_operators to None, run_after=None
[2025-10-30T02:06:26.109+0000] {processor.py:179} INFO - Processing /home/vscode/.local/lib/python3.10/site-packages/airflow/example_dags/example_xcomargs.py took 0.095 seconds
[2025-10-30T02:07:10.680+0000] {processor.py:157} INFO - Started process (PID=20909) to work on /home/vscode/.local/lib/python3.10/site-packages/airflow/example_dags/example_xcomargs.py
[2025-10-30T02:07:10.681+0000] {processor.py:826} INFO - Processing file /home/vscode/.local/lib/python3.10/site-packages/airflow/example_dags/example_xcomargs.py for tasks to queue
[2025-10-30T02:07:10.681+0000] {logging_mixin.py:150} INFO - [2025-10-30T02:07:10.681+0000] {dagbag.py:541} INFO - Filling up the DagBag from /home/vscode/.local/lib/python3.10/site-packages/airflow/example_dags/example_xcomargs.py
[2025-10-30T02:07:10.687+0000] {processor.py:836} INFO - DAG(s) dict_keys(['example_xcom_args_with_operators', 'example_xcom_args']) retrieved from /home/vscode/.local/lib/python3.10/site-packages/airflow/example_dags/example_xcomargs.py
[2025-10-30T02:07:10.701+0000] {logging_mixin.py:150} INFO - [2025-10-30T02:07:10.701+0000] {dag.py:2742} INFO - Sync 2 DAGs
[2025-10-30T02:07:10.714+0000] {logging_mixin.py:150} INFO - [2025-10-30T02:07:10.714+0000] {dag.py:3504} INFO - Setting next_dagrun for example_xcom_args to None, run_after=None
[2025-10-30T02:07:10.716+0000] {logging_mixin.py:150} INFO - [2025-10-30T02:07:10.716+0000] {dag.py:3504} INFO - Setting next_dagrun for example_xcom_args_with_operators to None, run_after=None
[2025-10-30T02:07:10.730+0000] {processor.py:179} INFO - Processing /home/vscode/.local/lib/python3.10/site-packages/airflow/example_dags/example_xcomargs.py took 0.052 seconds
[2025-10-30T02:07:53.439+0000] {processor.py:157} INFO - Started process (PID=21235) to work on /home/vscode/.local/lib/python3.10/site-packages/airflow/example_dags/example_xcomargs.py
[2025-10-30T02:07:53.440+0000] {processor.py:826} INFO - Processing file /home/vscode/.local/lib/python3.10/site-packages/airflow/example_dags/example_xcomargs.py for tasks to queue
[2025-10-30T02:07:53.441+0000] {logging_mixin.py:150} INFO - [2025-10-30T02:07:53.440+0000] {dagbag.py:541} INFO - Filling up the DagBag from /home/vscode/.local/lib/python3.10/site-packages/airflow/example_dags/example_xcomargs.py
[2025-10-30T02:07:53.446+0000] {processor.py:836} INFO - DAG(s) dict_keys(['example_xcom_args_with_operators', 'example_xcom_args']) retrieved from /home/vscode/.local/lib/python3.10/site-packages/airflow/example_dags/example_xcomargs.py
[2025-10-30T02:07:53.460+0000] {logging_mixin.py:150} INFO - [2025-10-30T02:07:53.460+0000] {dag.py:2742} INFO - Sync 2 DAGs
[2025-10-30T02:07:53.475+0000] {logging_mixin.py:150} INFO - [2025-10-30T02:07:53.475+0000] {dag.py:3504} INFO - Setting next_dagrun for example_xcom_args to None, run_after=None
[2025-10-30T02:07:53.477+0000] {logging_mixin.py:150} INFO - [2025-10-30T02:07:53.477+0000] {dag.py:3504} INFO - Setting next_dagrun for example_xcom_args_with_operators to None, run_after=None
[2025-10-30T02:07:53.491+0000] {processor.py:179} INFO - Processing /home/vscode/.local/lib/python3.10/site-packages/airflow/example_dags/example_xcomargs.py took 0.054 seconds
[2025-10-30T02:08:38.887+0000] {processor.py:157} INFO - Started process (PID=21642) to work on /home/vscode/.local/lib/python3.10/site-packages/airflow/example_dags/example_xcomargs.py
[2025-10-30T02:08:38.887+0000] {processor.py:826} INFO - Processing file /home/vscode/.local/lib/python3.10/site-packages/airflow/example_dags/example_xcomargs.py for tasks to queue
[2025-10-30T02:08:38.888+0000] {logging_mixin.py:150} INFO - [2025-10-30T02:08:38.888+0000] {dagbag.py:541} INFO - Filling up the DagBag from /home/vscode/.local/lib/python3.10/site-packages/airflow/example_dags/example_xcomargs.py
[2025-10-30T02:08:38.897+0000] {processor.py:836} INFO - DAG(s) dict_keys(['example_xcom_args_with_operators', 'example_xcom_args']) retrieved from /home/vscode/.local/lib/python3.10/site-packages/airflow/example_dags/example_xcomargs.py
[2025-10-30T02:08:38.913+0000] {logging_mixin.py:150} INFO - [2025-10-30T02:08:38.913+0000] {dag.py:2742} INFO - Sync 2 DAGs
[2025-10-30T02:08:38.927+0000] {logging_mixin.py:150} INFO - [2025-10-30T02:08:38.927+0000] {dag.py:3504} INFO - Setting next_dagrun for example_xcom_args to None, run_after=None
[2025-10-30T02:08:38.930+0000] {logging_mixin.py:150} INFO - [2025-10-30T02:08:38.930+0000] {dag.py:3504} INFO - Setting next_dagrun for example_xcom_args_with_operators to None, run_after=None
[2025-10-30T02:08:38.950+0000] {processor.py:179} INFO - Processing /home/vscode/.local/lib/python3.10/site-packages/airflow/example_dags/example_xcomargs.py took 0.066 seconds
