[2025-10-30T01:49:18.322+0000] {processor.py:157} INFO - Started process (PID=13727) to work on /home/vscode/.local/lib/python3.10/site-packages/airflow/example_dags/example_latest_only_with_trigger.py
[2025-10-30T01:49:18.322+0000] {processor.py:826} INFO - Processing file /home/vscode/.local/lib/python3.10/site-packages/airflow/example_dags/example_latest_only_with_trigger.py for tasks to queue
[2025-10-30T01:49:18.323+0000] {logging_mixin.py:150} INFO - [2025-10-30T01:49:18.322+0000] {dagbag.py:541} INFO - Filling up the DagBag from /home/vscode/.local/lib/python3.10/site-packages/airflow/example_dags/example_latest_only_with_trigger.py
[2025-10-30T01:49:18.330+0000] {processor.py:836} INFO - DAG(s) dict_keys(['latest_only_with_trigger']) retrieved from /home/vscode/.local/lib/python3.10/site-packages/airflow/example_dags/example_latest_only_with_trigger.py
[2025-10-30T01:49:18.403+0000] {logging_mixin.py:150} INFO - [2025-10-30T01:49:18.403+0000] {manager.py:504} INFO - Created Permission View: can read on DAG:latest_only_with_trigger
[2025-10-30T01:49:18.411+0000] {logging_mixin.py:150} INFO - [2025-10-30T01:49:18.411+0000] {manager.py:504} INFO - Created Permission View: can delete on DAG:latest_only_with_trigger
[2025-10-30T01:49:18.417+0000] {logging_mixin.py:150} INFO - [2025-10-30T01:49:18.417+0000] {manager.py:504} INFO - Created Permission View: can edit on DAG:latest_only_with_trigger
[2025-10-30T01:49:18.424+0000] {logging_mixin.py:150} INFO - [2025-10-30T01:49:18.424+0000] {dag.py:2742} INFO - Sync 1 DAGs
[2025-10-30T01:49:18.431+0000] {logging_mixin.py:150} INFO - [2025-10-30T01:49:18.431+0000] {dag.py:2763} INFO - Creating ORM DAG for latest_only_with_trigger
[2025-10-30T01:49:18.437+0000] {logging_mixin.py:150} INFO - [2025-10-30T01:49:18.437+0000] {dag.py:3504} INFO - Setting next_dagrun for latest_only_with_trigger to 2025-10-29T21:49:18.437026+00:00, run_after=2025-10-30T01:49:18.437026+00:00
[2025-10-30T01:49:18.452+0000] {processor.py:179} INFO - Processing /home/vscode/.local/lib/python3.10/site-packages/airflow/example_dags/example_latest_only_with_trigger.py took 0.132 seconds
[2025-10-30T01:50:03.269+0000] {processor.py:157} INFO - Started process (PID=14032) to work on /home/vscode/.local/lib/python3.10/site-packages/airflow/example_dags/example_latest_only_with_trigger.py
[2025-10-30T01:50:03.270+0000] {processor.py:826} INFO - Processing file /home/vscode/.local/lib/python3.10/site-packages/airflow/example_dags/example_latest_only_with_trigger.py for tasks to queue
[2025-10-30T01:50:03.270+0000] {logging_mixin.py:150} INFO - [2025-10-30T01:50:03.270+0000] {dagbag.py:541} INFO - Filling up the DagBag from /home/vscode/.local/lib/python3.10/site-packages/airflow/example_dags/example_latest_only_with_trigger.py
[2025-10-30T01:50:03.275+0000] {processor.py:836} INFO - DAG(s) dict_keys(['latest_only_with_trigger']) retrieved from /home/vscode/.local/lib/python3.10/site-packages/airflow/example_dags/example_latest_only_with_trigger.py
[2025-10-30T01:50:03.286+0000] {logging_mixin.py:150} INFO - [2025-10-30T01:50:03.286+0000] {dag.py:2742} INFO - Sync 1 DAGs
[2025-10-30T01:50:03.300+0000] {logging_mixin.py:150} INFO - [2025-10-30T01:50:03.300+0000] {dag.py:3504} INFO - Setting next_dagrun for latest_only_with_trigger to 2025-10-29T21:50:03.300480+00:00, run_after=2025-10-30T01:50:03.300480+00:00
[2025-10-30T01:50:03.315+0000] {processor.py:179} INFO - Processing /home/vscode/.local/lib/python3.10/site-packages/airflow/example_dags/example_latest_only_with_trigger.py took 0.048 seconds
[2025-10-30T01:50:50.648+0000] {processor.py:157} INFO - Started process (PID=14368) to work on /home/vscode/.local/lib/python3.10/site-packages/airflow/example_dags/example_latest_only_with_trigger.py
[2025-10-30T01:50:50.649+0000] {processor.py:826} INFO - Processing file /home/vscode/.local/lib/python3.10/site-packages/airflow/example_dags/example_latest_only_with_trigger.py for tasks to queue
[2025-10-30T01:50:50.650+0000] {logging_mixin.py:150} INFO - [2025-10-30T01:50:50.649+0000] {dagbag.py:541} INFO - Filling up the DagBag from /home/vscode/.local/lib/python3.10/site-packages/airflow/example_dags/example_latest_only_with_trigger.py
[2025-10-30T01:50:50.654+0000] {processor.py:836} INFO - DAG(s) dict_keys(['latest_only_with_trigger']) retrieved from /home/vscode/.local/lib/python3.10/site-packages/airflow/example_dags/example_latest_only_with_trigger.py
[2025-10-30T01:50:50.665+0000] {logging_mixin.py:150} INFO - [2025-10-30T01:50:50.665+0000] {dag.py:2742} INFO - Sync 1 DAGs
[2025-10-30T01:50:50.679+0000] {logging_mixin.py:150} INFO - [2025-10-30T01:50:50.679+0000] {dag.py:3504} INFO - Setting next_dagrun for latest_only_with_trigger to 2025-10-29T21:50:50.678942+00:00, run_after=2025-10-30T01:50:50.678942+00:00
[2025-10-30T01:50:50.694+0000] {processor.py:179} INFO - Processing /home/vscode/.local/lib/python3.10/site-packages/airflow/example_dags/example_latest_only_with_trigger.py took 0.048 seconds
[2025-10-30T01:51:35.880+0000] {processor.py:157} INFO - Started process (PID=14671) to work on /home/vscode/.local/lib/python3.10/site-packages/airflow/example_dags/example_latest_only_with_trigger.py
[2025-10-30T01:51:35.881+0000] {processor.py:826} INFO - Processing file /home/vscode/.local/lib/python3.10/site-packages/airflow/example_dags/example_latest_only_with_trigger.py for tasks to queue
[2025-10-30T01:51:35.881+0000] {logging_mixin.py:150} INFO - [2025-10-30T01:51:35.881+0000] {dagbag.py:541} INFO - Filling up the DagBag from /home/vscode/.local/lib/python3.10/site-packages/airflow/example_dags/example_latest_only_with_trigger.py
[2025-10-30T01:51:35.886+0000] {processor.py:836} INFO - DAG(s) dict_keys(['latest_only_with_trigger']) retrieved from /home/vscode/.local/lib/python3.10/site-packages/airflow/example_dags/example_latest_only_with_trigger.py
[2025-10-30T01:51:35.897+0000] {logging_mixin.py:150} INFO - [2025-10-30T01:51:35.897+0000] {dag.py:2742} INFO - Sync 1 DAGs
[2025-10-30T01:51:35.911+0000] {logging_mixin.py:150} INFO - [2025-10-30T01:51:35.911+0000] {dag.py:3504} INFO - Setting next_dagrun for latest_only_with_trigger to 2025-10-29T21:51:35.910868+00:00, run_after=2025-10-30T01:51:35.910868+00:00
[2025-10-30T01:51:35.925+0000] {processor.py:179} INFO - Processing /home/vscode/.local/lib/python3.10/site-packages/airflow/example_dags/example_latest_only_with_trigger.py took 0.047 seconds
[2025-10-30T01:52:20.777+0000] {processor.py:157} INFO - Started process (PID=14964) to work on /home/vscode/.local/lib/python3.10/site-packages/airflow/example_dags/example_latest_only_with_trigger.py
[2025-10-30T01:52:20.777+0000] {processor.py:826} INFO - Processing file /home/vscode/.local/lib/python3.10/site-packages/airflow/example_dags/example_latest_only_with_trigger.py for tasks to queue
[2025-10-30T01:52:20.778+0000] {logging_mixin.py:150} INFO - [2025-10-30T01:52:20.778+0000] {dagbag.py:541} INFO - Filling up the DagBag from /home/vscode/.local/lib/python3.10/site-packages/airflow/example_dags/example_latest_only_with_trigger.py
[2025-10-30T01:52:20.783+0000] {processor.py:836} INFO - DAG(s) dict_keys(['latest_only_with_trigger']) retrieved from /home/vscode/.local/lib/python3.10/site-packages/airflow/example_dags/example_latest_only_with_trigger.py
[2025-10-30T01:52:20.794+0000] {logging_mixin.py:150} INFO - [2025-10-30T01:52:20.794+0000] {dag.py:2742} INFO - Sync 1 DAGs
[2025-10-30T01:52:20.808+0000] {logging_mixin.py:150} INFO - [2025-10-30T01:52:20.808+0000] {dag.py:3504} INFO - Setting next_dagrun for latest_only_with_trigger to 2025-10-29T21:52:20.808145+00:00, run_after=2025-10-30T01:52:20.808145+00:00
[2025-10-30T01:52:20.823+0000] {processor.py:179} INFO - Processing /home/vscode/.local/lib/python3.10/site-packages/airflow/example_dags/example_latest_only_with_trigger.py took 0.048 seconds
[2025-10-30T01:53:03.334+0000] {processor.py:157} INFO - Started process (PID=15257) to work on /home/vscode/.local/lib/python3.10/site-packages/airflow/example_dags/example_latest_only_with_trigger.py
[2025-10-30T01:53:03.334+0000] {processor.py:826} INFO - Processing file /home/vscode/.local/lib/python3.10/site-packages/airflow/example_dags/example_latest_only_with_trigger.py for tasks to queue
[2025-10-30T01:53:03.335+0000] {logging_mixin.py:150} INFO - [2025-10-30T01:53:03.334+0000] {dagbag.py:541} INFO - Filling up the DagBag from /home/vscode/.local/lib/python3.10/site-packages/airflow/example_dags/example_latest_only_with_trigger.py
[2025-10-30T01:53:03.339+0000] {processor.py:836} INFO - DAG(s) dict_keys(['latest_only_with_trigger']) retrieved from /home/vscode/.local/lib/python3.10/site-packages/airflow/example_dags/example_latest_only_with_trigger.py
[2025-10-30T01:53:03.350+0000] {logging_mixin.py:150} INFO - [2025-10-30T01:53:03.350+0000] {dag.py:2742} INFO - Sync 1 DAGs
[2025-10-30T01:53:03.365+0000] {logging_mixin.py:150} INFO - [2025-10-30T01:53:03.364+0000] {dag.py:3504} INFO - Setting next_dagrun for latest_only_with_trigger to 2025-10-29T21:53:03.364779+00:00, run_after=2025-10-30T01:53:03.364779+00:00
[2025-10-30T01:53:03.379+0000] {processor.py:179} INFO - Processing /home/vscode/.local/lib/python3.10/site-packages/airflow/example_dags/example_latest_only_with_trigger.py took 0.047 seconds
[2025-10-30T01:53:45.339+0000] {processor.py:157} INFO - Started process (PID=15610) to work on /home/vscode/.local/lib/python3.10/site-packages/airflow/example_dags/example_latest_only_with_trigger.py
[2025-10-30T01:53:45.340+0000] {processor.py:826} INFO - Processing file /home/vscode/.local/lib/python3.10/site-packages/airflow/example_dags/example_latest_only_with_trigger.py for tasks to queue
[2025-10-30T01:53:45.341+0000] {logging_mixin.py:150} INFO - [2025-10-30T01:53:45.341+0000] {dagbag.py:541} INFO - Filling up the DagBag from /home/vscode/.local/lib/python3.10/site-packages/airflow/example_dags/example_latest_only_with_trigger.py
[2025-10-30T01:53:45.345+0000] {processor.py:836} INFO - DAG(s) dict_keys(['latest_only_with_trigger']) retrieved from /home/vscode/.local/lib/python3.10/site-packages/airflow/example_dags/example_latest_only_with_trigger.py
[2025-10-30T01:53:45.357+0000] {logging_mixin.py:150} INFO - [2025-10-30T01:53:45.357+0000] {dag.py:2742} INFO - Sync 1 DAGs
[2025-10-30T01:53:45.370+0000] {logging_mixin.py:150} INFO - [2025-10-30T01:53:45.370+0000] {dag.py:3504} INFO - Setting next_dagrun for latest_only_with_trigger to 2025-10-29T21:53:45.370503+00:00, run_after=2025-10-30T01:53:45.370503+00:00
[2025-10-30T01:53:45.389+0000] {processor.py:179} INFO - Processing /home/vscode/.local/lib/python3.10/site-packages/airflow/example_dags/example_latest_only_with_trigger.py took 0.052 seconds
[2025-10-30T01:54:29.482+0000] {processor.py:157} INFO - Started process (PID=15976) to work on /home/vscode/.local/lib/python3.10/site-packages/airflow/example_dags/example_latest_only_with_trigger.py
[2025-10-30T01:54:29.482+0000] {processor.py:826} INFO - Processing file /home/vscode/.local/lib/python3.10/site-packages/airflow/example_dags/example_latest_only_with_trigger.py for tasks to queue
[2025-10-30T01:54:29.483+0000] {logging_mixin.py:150} INFO - [2025-10-30T01:54:29.483+0000] {dagbag.py:541} INFO - Filling up the DagBag from /home/vscode/.local/lib/python3.10/site-packages/airflow/example_dags/example_latest_only_with_trigger.py
[2025-10-30T01:54:29.492+0000] {processor.py:836} INFO - DAG(s) dict_keys(['latest_only_with_trigger']) retrieved from /home/vscode/.local/lib/python3.10/site-packages/airflow/example_dags/example_latest_only_with_trigger.py
[2025-10-30T01:54:29.510+0000] {logging_mixin.py:150} INFO - [2025-10-30T01:54:29.509+0000] {dag.py:2742} INFO - Sync 1 DAGs
[2025-10-30T01:54:29.524+0000] {logging_mixin.py:150} INFO - [2025-10-30T01:54:29.523+0000] {dag.py:3504} INFO - Setting next_dagrun for latest_only_with_trigger to 2025-10-29T21:54:29.523655+00:00, run_after=2025-10-30T01:54:29.523655+00:00
[2025-10-30T01:54:29.538+0000] {processor.py:179} INFO - Processing /home/vscode/.local/lib/python3.10/site-packages/airflow/example_dags/example_latest_only_with_trigger.py took 0.059 seconds
[2025-10-30T01:55:11.280+0000] {processor.py:157} INFO - Started process (PID=16297) to work on /home/vscode/.local/lib/python3.10/site-packages/airflow/example_dags/example_latest_only_with_trigger.py
[2025-10-30T01:55:11.281+0000] {processor.py:826} INFO - Processing file /home/vscode/.local/lib/python3.10/site-packages/airflow/example_dags/example_latest_only_with_trigger.py for tasks to queue
[2025-10-30T01:55:11.281+0000] {logging_mixin.py:150} INFO - [2025-10-30T01:55:11.281+0000] {dagbag.py:541} INFO - Filling up the DagBag from /home/vscode/.local/lib/python3.10/site-packages/airflow/example_dags/example_latest_only_with_trigger.py
[2025-10-30T01:55:11.286+0000] {processor.py:836} INFO - DAG(s) dict_keys(['latest_only_with_trigger']) retrieved from /home/vscode/.local/lib/python3.10/site-packages/airflow/example_dags/example_latest_only_with_trigger.py
[2025-10-30T01:55:11.297+0000] {logging_mixin.py:150} INFO - [2025-10-30T01:55:11.297+0000] {dag.py:2742} INFO - Sync 1 DAGs
[2025-10-30T01:55:11.311+0000] {logging_mixin.py:150} INFO - [2025-10-30T01:55:11.311+0000] {dag.py:3504} INFO - Setting next_dagrun for latest_only_with_trigger to 2025-10-29T21:55:11.311069+00:00, run_after=2025-10-30T01:55:11.311069+00:00
[2025-10-30T01:55:11.326+0000] {processor.py:179} INFO - Processing /home/vscode/.local/lib/python3.10/site-packages/airflow/example_dags/example_latest_only_with_trigger.py took 0.049 seconds
[2025-10-30T02:06:46.712+0000] {processor.py:157} INFO - Started process (PID=20722) to work on /home/vscode/.local/lib/python3.10/site-packages/airflow/example_dags/example_latest_only_with_trigger.py
[2025-10-30T02:06:46.713+0000] {processor.py:826} INFO - Processing file /home/vscode/.local/lib/python3.10/site-packages/airflow/example_dags/example_latest_only_with_trigger.py for tasks to queue
[2025-10-30T02:06:46.713+0000] {logging_mixin.py:150} INFO - [2025-10-30T02:06:46.713+0000] {dagbag.py:541} INFO - Filling up the DagBag from /home/vscode/.local/lib/python3.10/site-packages/airflow/example_dags/example_latest_only_with_trigger.py
[2025-10-30T02:06:46.719+0000] {processor.py:836} INFO - DAG(s) dict_keys(['latest_only_with_trigger']) retrieved from /home/vscode/.local/lib/python3.10/site-packages/airflow/example_dags/example_latest_only_with_trigger.py
[2025-10-30T02:06:46.730+0000] {logging_mixin.py:150} INFO - [2025-10-30T02:06:46.730+0000] {dag.py:2742} INFO - Sync 1 DAGs
[2025-10-30T02:06:46.743+0000] {logging_mixin.py:150} INFO - [2025-10-30T02:06:46.743+0000] {dag.py:3504} INFO - Setting next_dagrun for latest_only_with_trigger to 2025-10-29T22:06:46.743591+00:00, run_after=2025-10-30T02:06:46.743591+00:00
[2025-10-30T02:06:46.758+0000] {processor.py:179} INFO - Processing /home/vscode/.local/lib/python3.10/site-packages/airflow/example_dags/example_latest_only_with_trigger.py took 0.048 seconds
[2025-10-30T02:07:31.558+0000] {processor.py:157} INFO - Started process (PID=21075) to work on /home/vscode/.local/lib/python3.10/site-packages/airflow/example_dags/example_latest_only_with_trigger.py
[2025-10-30T02:07:31.559+0000] {processor.py:826} INFO - Processing file /home/vscode/.local/lib/python3.10/site-packages/airflow/example_dags/example_latest_only_with_trigger.py for tasks to queue
[2025-10-30T02:07:31.559+0000] {logging_mixin.py:150} INFO - [2025-10-30T02:07:31.559+0000] {dagbag.py:541} INFO - Filling up the DagBag from /home/vscode/.local/lib/python3.10/site-packages/airflow/example_dags/example_latest_only_with_trigger.py
[2025-10-30T02:07:31.564+0000] {processor.py:836} INFO - DAG(s) dict_keys(['latest_only_with_trigger']) retrieved from /home/vscode/.local/lib/python3.10/site-packages/airflow/example_dags/example_latest_only_with_trigger.py
[2025-10-30T02:07:31.576+0000] {logging_mixin.py:150} INFO - [2025-10-30T02:07:31.576+0000] {dag.py:2742} INFO - Sync 1 DAGs
[2025-10-30T02:07:31.590+0000] {logging_mixin.py:150} INFO - [2025-10-30T02:07:31.590+0000] {dag.py:3504} INFO - Setting next_dagrun for latest_only_with_trigger to 2025-10-29T22:07:31.590003+00:00, run_after=2025-10-30T02:07:31.590003+00:00
[2025-10-30T02:07:31.605+0000] {processor.py:179} INFO - Processing /home/vscode/.local/lib/python3.10/site-packages/airflow/example_dags/example_latest_only_with_trigger.py took 0.049 seconds
[2025-10-30T02:08:17.582+0000] {processor.py:157} INFO - Started process (PID=21420) to work on /home/vscode/.local/lib/python3.10/site-packages/airflow/example_dags/example_latest_only_with_trigger.py
[2025-10-30T02:08:17.583+0000] {processor.py:826} INFO - Processing file /home/vscode/.local/lib/python3.10/site-packages/airflow/example_dags/example_latest_only_with_trigger.py for tasks to queue
[2025-10-30T02:08:17.583+0000] {logging_mixin.py:150} INFO - [2025-10-30T02:08:17.583+0000] {dagbag.py:541} INFO - Filling up the DagBag from /home/vscode/.local/lib/python3.10/site-packages/airflow/example_dags/example_latest_only_with_trigger.py
[2025-10-30T02:08:17.588+0000] {processor.py:836} INFO - DAG(s) dict_keys(['latest_only_with_trigger']) retrieved from /home/vscode/.local/lib/python3.10/site-packages/airflow/example_dags/example_latest_only_with_trigger.py
[2025-10-30T02:08:17.599+0000] {logging_mixin.py:150} INFO - [2025-10-30T02:08:17.599+0000] {dag.py:2742} INFO - Sync 1 DAGs
[2025-10-30T02:08:17.613+0000] {logging_mixin.py:150} INFO - [2025-10-30T02:08:17.613+0000] {dag.py:3504} INFO - Setting next_dagrun for latest_only_with_trigger to 2025-10-29T22:08:17.613171+00:00, run_after=2025-10-30T02:08:17.613171+00:00
[2025-10-30T02:08:17.628+0000] {processor.py:179} INFO - Processing /home/vscode/.local/lib/python3.10/site-packages/airflow/example_dags/example_latest_only_with_trigger.py took 0.048 seconds
[2025-10-30T02:09:03.446+0000] {processor.py:157} INFO - Started process (PID=21886) to work on /home/vscode/.local/lib/python3.10/site-packages/airflow/example_dags/example_latest_only_with_trigger.py
[2025-10-30T02:09:03.447+0000] {processor.py:826} INFO - Processing file /home/vscode/.local/lib/python3.10/site-packages/airflow/example_dags/example_latest_only_with_trigger.py for tasks to queue
[2025-10-30T02:09:03.447+0000] {logging_mixin.py:150} INFO - [2025-10-30T02:09:03.447+0000] {dagbag.py:541} INFO - Filling up the DagBag from /home/vscode/.local/lib/python3.10/site-packages/airflow/example_dags/example_latest_only_with_trigger.py
[2025-10-30T02:09:03.452+0000] {processor.py:836} INFO - DAG(s) dict_keys(['latest_only_with_trigger']) retrieved from /home/vscode/.local/lib/python3.10/site-packages/airflow/example_dags/example_latest_only_with_trigger.py
[2025-10-30T02:09:03.463+0000] {logging_mixin.py:150} INFO - [2025-10-30T02:09:03.463+0000] {dag.py:2742} INFO - Sync 1 DAGs
[2025-10-30T02:09:03.478+0000] {logging_mixin.py:150} INFO - [2025-10-30T02:09:03.478+0000] {dag.py:3504} INFO - Setting next_dagrun for latest_only_with_trigger to 2025-10-29T22:09:03.477910+00:00, run_after=2025-10-30T02:09:03.477910+00:00
[2025-10-30T02:09:03.492+0000] {processor.py:179} INFO - Processing /home/vscode/.local/lib/python3.10/site-packages/airflow/example_dags/example_latest_only_with_trigger.py took 0.048 seconds
