[2025-10-30T01:48:57.750+0000] {processor.py:157} INFO - Started process (PID=13593) to work on /home/vscode/.local/lib/python3.10/site-packages/airflow/example_dags/example_sla_dag.py
[2025-10-30T01:48:57.750+0000] {processor.py:826} INFO - Processing file /home/vscode/.local/lib/python3.10/site-packages/airflow/example_dags/example_sla_dag.py for tasks to queue
[2025-10-30T01:48:57.751+0000] {logging_mixin.py:150} INFO - [2025-10-30T01:48:57.751+0000] {dagbag.py:541} INFO - Filling up the DagBag from /home/vscode/.local/lib/python3.10/site-packages/airflow/example_dags/example_sla_dag.py
[2025-10-30T01:48:57.757+0000] {processor.py:836} INFO - DAG(s) dict_keys(['example_sla_dag']) retrieved from /home/vscode/.local/lib/python3.10/site-packages/airflow/example_dags/example_sla_dag.py
[2025-10-30T01:48:57.834+0000] {logging_mixin.py:150} INFO - [2025-10-30T01:48:57.834+0000] {manager.py:504} INFO - Created Permission View: can read on DAG:example_sla_dag
[2025-10-30T01:48:57.842+0000] {logging_mixin.py:150} INFO - [2025-10-30T01:48:57.842+0000] {manager.py:504} INFO - Created Permission View: can delete on DAG:example_sla_dag
[2025-10-30T01:48:57.848+0000] {logging_mixin.py:150} INFO - [2025-10-30T01:48:57.848+0000] {manager.py:504} INFO - Created Permission View: can edit on DAG:example_sla_dag
[2025-10-30T01:48:57.856+0000] {logging_mixin.py:150} INFO - [2025-10-30T01:48:57.856+0000] {dag.py:2742} INFO - Sync 1 DAGs
[2025-10-30T01:48:57.862+0000] {logging_mixin.py:150} INFO - [2025-10-30T01:48:57.862+0000] {dag.py:2763} INFO - Creating ORM DAG for example_sla_dag
[2025-10-30T01:48:57.872+0000] {logging_mixin.py:150} INFO - [2025-10-30T01:48:57.872+0000] {dag.py:3504} INFO - Setting next_dagrun for example_sla_dag to 2025-10-30T01:46:00+00:00, run_after=2025-10-30T01:48:00+00:00
[2025-10-30T01:48:57.892+0000] {processor.py:179} INFO - Processing /home/vscode/.local/lib/python3.10/site-packages/airflow/example_dags/example_sla_dag.py took 0.144 seconds
[2025-10-30T01:49:44.455+0000] {processor.py:157} INFO - Started process (PID=13905) to work on /home/vscode/.local/lib/python3.10/site-packages/airflow/example_dags/example_sla_dag.py
[2025-10-30T01:49:44.456+0000] {processor.py:826} INFO - Processing file /home/vscode/.local/lib/python3.10/site-packages/airflow/example_dags/example_sla_dag.py for tasks to queue
[2025-10-30T01:49:44.456+0000] {logging_mixin.py:150} INFO - [2025-10-30T01:49:44.456+0000] {dagbag.py:541} INFO - Filling up the DagBag from /home/vscode/.local/lib/python3.10/site-packages/airflow/example_dags/example_sla_dag.py
[2025-10-30T01:49:44.462+0000] {processor.py:836} INFO - DAG(s) dict_keys(['example_sla_dag']) retrieved from /home/vscode/.local/lib/python3.10/site-packages/airflow/example_dags/example_sla_dag.py
[2025-10-30T01:49:44.476+0000] {logging_mixin.py:150} INFO - [2025-10-30T01:49:44.476+0000] {dag.py:2742} INFO - Sync 1 DAGs
[2025-10-30T01:49:44.492+0000] {logging_mixin.py:150} INFO - [2025-10-30T01:49:44.492+0000] {dag.py:3504} INFO - Setting next_dagrun for example_sla_dag to 2025-10-30T01:46:00+00:00, run_after=2025-10-30T01:48:00+00:00
[2025-10-30T01:49:44.506+0000] {processor.py:179} INFO - Processing /home/vscode/.local/lib/python3.10/site-packages/airflow/example_dags/example_sla_dag.py took 0.053 seconds
[2025-10-30T01:50:28.406+0000] {processor.py:157} INFO - Started process (PID=14201) to work on /home/vscode/.local/lib/python3.10/site-packages/airflow/example_dags/example_sla_dag.py
[2025-10-30T01:50:28.407+0000] {processor.py:826} INFO - Processing file /home/vscode/.local/lib/python3.10/site-packages/airflow/example_dags/example_sla_dag.py for tasks to queue
[2025-10-30T01:50:28.408+0000] {logging_mixin.py:150} INFO - [2025-10-30T01:50:28.407+0000] {dagbag.py:541} INFO - Filling up the DagBag from /home/vscode/.local/lib/python3.10/site-packages/airflow/example_dags/example_sla_dag.py
[2025-10-30T01:50:28.414+0000] {processor.py:836} INFO - DAG(s) dict_keys(['example_sla_dag']) retrieved from /home/vscode/.local/lib/python3.10/site-packages/airflow/example_dags/example_sla_dag.py
[2025-10-30T01:50:28.425+0000] {logging_mixin.py:150} INFO - [2025-10-30T01:50:28.425+0000] {dag.py:2742} INFO - Sync 1 DAGs
[2025-10-30T01:50:28.451+0000] {logging_mixin.py:150} INFO - [2025-10-30T01:50:28.451+0000] {dag.py:3504} INFO - Setting next_dagrun for example_sla_dag to 2025-10-30T01:48:00+00:00, run_after=2025-10-30T01:50:00+00:00
[2025-10-30T01:50:28.474+0000] {processor.py:179} INFO - Processing /home/vscode/.local/lib/python3.10/site-packages/airflow/example_dags/example_sla_dag.py took 0.071 seconds
[2025-10-30T01:51:13.788+0000] {processor.py:157} INFO - Started process (PID=14523) to work on /home/vscode/.local/lib/python3.10/site-packages/airflow/example_dags/example_sla_dag.py
[2025-10-30T01:51:13.788+0000] {processor.py:826} INFO - Processing file /home/vscode/.local/lib/python3.10/site-packages/airflow/example_dags/example_sla_dag.py for tasks to queue
[2025-10-30T01:51:13.789+0000] {logging_mixin.py:150} INFO - [2025-10-30T01:51:13.789+0000] {dagbag.py:541} INFO - Filling up the DagBag from /home/vscode/.local/lib/python3.10/site-packages/airflow/example_dags/example_sla_dag.py
[2025-10-30T01:51:13.795+0000] {processor.py:836} INFO - DAG(s) dict_keys(['example_sla_dag']) retrieved from /home/vscode/.local/lib/python3.10/site-packages/airflow/example_dags/example_sla_dag.py
[2025-10-30T01:51:13.806+0000] {logging_mixin.py:150} INFO - [2025-10-30T01:51:13.806+0000] {dag.py:2742} INFO - Sync 1 DAGs
[2025-10-30T01:51:13.821+0000] {logging_mixin.py:150} INFO - [2025-10-30T01:51:13.821+0000] {dag.py:3504} INFO - Setting next_dagrun for example_sla_dag to 2025-10-30T01:48:00+00:00, run_after=2025-10-30T01:50:00+00:00
[2025-10-30T01:51:13.837+0000] {processor.py:179} INFO - Processing /home/vscode/.local/lib/python3.10/site-packages/airflow/example_dags/example_sla_dag.py took 0.051 seconds
[2025-10-30T01:51:57.294+0000] {processor.py:157} INFO - Started process (PID=14810) to work on /home/vscode/.local/lib/python3.10/site-packages/airflow/example_dags/example_sla_dag.py
[2025-10-30T01:51:57.294+0000] {processor.py:826} INFO - Processing file /home/vscode/.local/lib/python3.10/site-packages/airflow/example_dags/example_sla_dag.py for tasks to queue
[2025-10-30T01:51:57.295+0000] {logging_mixin.py:150} INFO - [2025-10-30T01:51:57.295+0000] {dagbag.py:541} INFO - Filling up the DagBag from /home/vscode/.local/lib/python3.10/site-packages/airflow/example_dags/example_sla_dag.py
[2025-10-30T01:51:57.304+0000] {processor.py:836} INFO - DAG(s) dict_keys(['example_sla_dag']) retrieved from /home/vscode/.local/lib/python3.10/site-packages/airflow/example_dags/example_sla_dag.py
[2025-10-30T01:51:57.320+0000] {logging_mixin.py:150} INFO - [2025-10-30T01:51:57.320+0000] {dag.py:2742} INFO - Sync 1 DAGs
[2025-10-30T01:51:57.343+0000] {logging_mixin.py:150} INFO - [2025-10-30T01:51:57.343+0000] {dag.py:3504} INFO - Setting next_dagrun for example_sla_dag to 2025-10-30T01:48:00+00:00, run_after=2025-10-30T01:50:00+00:00
[2025-10-30T01:51:57.357+0000] {processor.py:179} INFO - Processing /home/vscode/.local/lib/python3.10/site-packages/airflow/example_dags/example_sla_dag.py took 0.066 seconds
[2025-10-30T01:52:43.810+0000] {processor.py:157} INFO - Started process (PID=15119) to work on /home/vscode/.local/lib/python3.10/site-packages/airflow/example_dags/example_sla_dag.py
[2025-10-30T01:52:43.811+0000] {processor.py:826} INFO - Processing file /home/vscode/.local/lib/python3.10/site-packages/airflow/example_dags/example_sla_dag.py for tasks to queue
[2025-10-30T01:52:43.812+0000] {logging_mixin.py:150} INFO - [2025-10-30T01:52:43.811+0000] {dagbag.py:541} INFO - Filling up the DagBag from /home/vscode/.local/lib/python3.10/site-packages/airflow/example_dags/example_sla_dag.py
[2025-10-30T01:52:43.818+0000] {processor.py:836} INFO - DAG(s) dict_keys(['example_sla_dag']) retrieved from /home/vscode/.local/lib/python3.10/site-packages/airflow/example_dags/example_sla_dag.py
[2025-10-30T01:52:43.828+0000] {logging_mixin.py:150} INFO - [2025-10-30T01:52:43.828+0000] {dag.py:2742} INFO - Sync 1 DAGs
[2025-10-30T01:52:43.844+0000] {logging_mixin.py:150} INFO - [2025-10-30T01:52:43.844+0000] {dag.py:3504} INFO - Setting next_dagrun for example_sla_dag to 2025-10-30T01:50:00+00:00, run_after=2025-10-30T01:52:00+00:00
[2025-10-30T01:52:43.858+0000] {processor.py:179} INFO - Processing /home/vscode/.local/lib/python3.10/site-packages/airflow/example_dags/example_sla_dag.py took 0.050 seconds
[2025-10-30T01:53:27.368+0000] {processor.py:157} INFO - Started process (PID=15419) to work on /home/vscode/.local/lib/python3.10/site-packages/airflow/example_dags/example_sla_dag.py
[2025-10-30T01:53:27.369+0000] {processor.py:826} INFO - Processing file /home/vscode/.local/lib/python3.10/site-packages/airflow/example_dags/example_sla_dag.py for tasks to queue
[2025-10-30T01:53:27.369+0000] {logging_mixin.py:150} INFO - [2025-10-30T01:53:27.369+0000] {dagbag.py:541} INFO - Filling up the DagBag from /home/vscode/.local/lib/python3.10/site-packages/airflow/example_dags/example_sla_dag.py
[2025-10-30T01:53:27.378+0000] {processor.py:836} INFO - DAG(s) dict_keys(['example_sla_dag']) retrieved from /home/vscode/.local/lib/python3.10/site-packages/airflow/example_dags/example_sla_dag.py
[2025-10-30T01:53:27.392+0000] {logging_mixin.py:150} INFO - [2025-10-30T01:53:27.392+0000] {dag.py:2742} INFO - Sync 1 DAGs
[2025-10-30T01:53:27.409+0000] {logging_mixin.py:150} INFO - [2025-10-30T01:53:27.409+0000] {dag.py:3504} INFO - Setting next_dagrun for example_sla_dag to 2025-10-30T01:50:00+00:00, run_after=2025-10-30T01:52:00+00:00
[2025-10-30T01:53:27.428+0000] {processor.py:179} INFO - Processing /home/vscode/.local/lib/python3.10/site-packages/airflow/example_dags/example_sla_dag.py took 0.062 seconds
[2025-10-30T01:54:09.215+0000] {processor.py:157} INFO - Started process (PID=15836) to work on /home/vscode/.local/lib/python3.10/site-packages/airflow/example_dags/example_sla_dag.py
[2025-10-30T01:54:09.215+0000] {processor.py:826} INFO - Processing file /home/vscode/.local/lib/python3.10/site-packages/airflow/example_dags/example_sla_dag.py for tasks to queue
[2025-10-30T01:54:09.216+0000] {logging_mixin.py:150} INFO - [2025-10-30T01:54:09.216+0000] {dagbag.py:541} INFO - Filling up the DagBag from /home/vscode/.local/lib/python3.10/site-packages/airflow/example_dags/example_sla_dag.py
[2025-10-30T01:54:09.222+0000] {processor.py:836} INFO - DAG(s) dict_keys(['example_sla_dag']) retrieved from /home/vscode/.local/lib/python3.10/site-packages/airflow/example_dags/example_sla_dag.py
[2025-10-30T01:54:09.233+0000] {logging_mixin.py:150} INFO - [2025-10-30T01:54:09.233+0000] {dag.py:2742} INFO - Sync 1 DAGs
[2025-10-30T01:54:09.250+0000] {logging_mixin.py:150} INFO - [2025-10-30T01:54:09.250+0000] {dag.py:3504} INFO - Setting next_dagrun for example_sla_dag to 2025-10-30T01:52:00+00:00, run_after=2025-10-30T01:54:00+00:00
[2025-10-30T01:54:09.264+0000] {processor.py:179} INFO - Processing /home/vscode/.local/lib/python3.10/site-packages/airflow/example_dags/example_sla_dag.py took 0.051 seconds
[2025-10-30T01:54:52.015+0000] {processor.py:157} INFO - Started process (PID=16126) to work on /home/vscode/.local/lib/python3.10/site-packages/airflow/example_dags/example_sla_dag.py
[2025-10-30T01:54:52.016+0000] {processor.py:826} INFO - Processing file /home/vscode/.local/lib/python3.10/site-packages/airflow/example_dags/example_sla_dag.py for tasks to queue
[2025-10-30T01:54:52.016+0000] {logging_mixin.py:150} INFO - [2025-10-30T01:54:52.016+0000] {dagbag.py:541} INFO - Filling up the DagBag from /home/vscode/.local/lib/python3.10/site-packages/airflow/example_dags/example_sla_dag.py
[2025-10-30T01:54:52.023+0000] {processor.py:836} INFO - DAG(s) dict_keys(['example_sla_dag']) retrieved from /home/vscode/.local/lib/python3.10/site-packages/airflow/example_dags/example_sla_dag.py
[2025-10-30T01:54:52.037+0000] {logging_mixin.py:150} INFO - [2025-10-30T01:54:52.037+0000] {dag.py:2742} INFO - Sync 1 DAGs
[2025-10-30T01:54:52.053+0000] {logging_mixin.py:150} INFO - [2025-10-30T01:54:52.053+0000] {dag.py:3504} INFO - Setting next_dagrun for example_sla_dag to 2025-10-30T01:52:00+00:00, run_after=2025-10-30T01:54:00+00:00
[2025-10-30T01:54:52.067+0000] {processor.py:179} INFO - Processing /home/vscode/.local/lib/python3.10/site-packages/airflow/example_dags/example_sla_dag.py took 0.054 seconds
[2025-10-30T01:55:31.274+0000] {processor.py:157} INFO - Started process (PID=16490) to work on /home/vscode/.local/lib/python3.10/site-packages/airflow/example_dags/example_sla_dag.py
[2025-10-30T01:55:31.275+0000] {processor.py:826} INFO - Processing file /home/vscode/.local/lib/python3.10/site-packages/airflow/example_dags/example_sla_dag.py for tasks to queue
[2025-10-30T01:55:31.276+0000] {logging_mixin.py:150} INFO - [2025-10-30T01:55:31.276+0000] {dagbag.py:541} INFO - Filling up the DagBag from /home/vscode/.local/lib/python3.10/site-packages/airflow/example_dags/example_sla_dag.py
[2025-10-30T01:55:31.284+0000] {processor.py:836} INFO - DAG(s) dict_keys(['example_sla_dag']) retrieved from /home/vscode/.local/lib/python3.10/site-packages/airflow/example_dags/example_sla_dag.py
[2025-10-30T01:55:31.300+0000] {logging_mixin.py:150} INFO - [2025-10-30T01:55:31.299+0000] {dag.py:2742} INFO - Sync 1 DAGs
[2025-10-30T01:55:31.324+0000] {logging_mixin.py:150} INFO - [2025-10-30T01:55:31.324+0000] {dag.py:3504} INFO - Setting next_dagrun for example_sla_dag to 2025-10-30T01:52:00+00:00, run_after=2025-10-30T01:54:00+00:00
[2025-10-30T01:55:31.345+0000] {processor.py:179} INFO - Processing /home/vscode/.local/lib/python3.10/site-packages/airflow/example_dags/example_sla_dag.py took 0.073 seconds
[2025-10-30T02:06:30.614+0000] {processor.py:157} INFO - Started process (PID=20605) to work on /home/vscode/.local/lib/python3.10/site-packages/airflow/example_dags/example_sla_dag.py
[2025-10-30T02:06:30.615+0000] {processor.py:826} INFO - Processing file /home/vscode/.local/lib/python3.10/site-packages/airflow/example_dags/example_sla_dag.py for tasks to queue
[2025-10-30T02:06:30.615+0000] {logging_mixin.py:150} INFO - [2025-10-30T02:06:30.615+0000] {dagbag.py:541} INFO - Filling up the DagBag from /home/vscode/.local/lib/python3.10/site-packages/airflow/example_dags/example_sla_dag.py
[2025-10-30T02:06:30.622+0000] {processor.py:836} INFO - DAG(s) dict_keys(['example_sla_dag']) retrieved from /home/vscode/.local/lib/python3.10/site-packages/airflow/example_dags/example_sla_dag.py
[2025-10-30T02:06:30.639+0000] {logging_mixin.py:150} INFO - [2025-10-30T02:06:30.639+0000] {dag.py:2742} INFO - Sync 1 DAGs
[2025-10-30T02:06:30.655+0000] {logging_mixin.py:150} INFO - [2025-10-30T02:06:30.655+0000] {dag.py:3504} INFO - Setting next_dagrun for example_sla_dag to 2025-10-30T02:04:00+00:00, run_after=2025-10-30T02:06:00+00:00
[2025-10-30T02:06:30.669+0000] {processor.py:179} INFO - Processing /home/vscode/.local/lib/python3.10/site-packages/airflow/example_dags/example_sla_dag.py took 0.057 seconds
[2025-10-30T02:07:14.688+0000] {processor.py:157} INFO - Started process (PID=20940) to work on /home/vscode/.local/lib/python3.10/site-packages/airflow/example_dags/example_sla_dag.py
[2025-10-30T02:07:14.688+0000] {processor.py:826} INFO - Processing file /home/vscode/.local/lib/python3.10/site-packages/airflow/example_dags/example_sla_dag.py for tasks to queue
[2025-10-30T02:07:14.689+0000] {logging_mixin.py:150} INFO - [2025-10-30T02:07:14.689+0000] {dagbag.py:541} INFO - Filling up the DagBag from /home/vscode/.local/lib/python3.10/site-packages/airflow/example_dags/example_sla_dag.py
[2025-10-30T02:07:14.695+0000] {processor.py:836} INFO - DAG(s) dict_keys(['example_sla_dag']) retrieved from /home/vscode/.local/lib/python3.10/site-packages/airflow/example_dags/example_sla_dag.py
[2025-10-30T02:07:14.706+0000] {logging_mixin.py:150} INFO - [2025-10-30T02:07:14.706+0000] {dag.py:2742} INFO - Sync 1 DAGs
[2025-10-30T02:07:14.723+0000] {logging_mixin.py:150} INFO - [2025-10-30T02:07:14.723+0000] {dag.py:3504} INFO - Setting next_dagrun for example_sla_dag to 2025-10-30T02:04:00+00:00, run_after=2025-10-30T02:06:00+00:00
[2025-10-30T02:07:14.738+0000] {processor.py:179} INFO - Processing /home/vscode/.local/lib/python3.10/site-packages/airflow/example_dags/example_sla_dag.py took 0.053 seconds
[2025-10-30T02:07:58.449+0000] {processor.py:157} INFO - Started process (PID=21275) to work on /home/vscode/.local/lib/python3.10/site-packages/airflow/example_dags/example_sla_dag.py
[2025-10-30T02:07:58.449+0000] {processor.py:826} INFO - Processing file /home/vscode/.local/lib/python3.10/site-packages/airflow/example_dags/example_sla_dag.py for tasks to queue
[2025-10-30T02:07:58.450+0000] {logging_mixin.py:150} INFO - [2025-10-30T02:07:58.449+0000] {dagbag.py:541} INFO - Filling up the DagBag from /home/vscode/.local/lib/python3.10/site-packages/airflow/example_dags/example_sla_dag.py
[2025-10-30T02:07:58.457+0000] {processor.py:836} INFO - DAG(s) dict_keys(['example_sla_dag']) retrieved from /home/vscode/.local/lib/python3.10/site-packages/airflow/example_dags/example_sla_dag.py
[2025-10-30T02:07:58.471+0000] {logging_mixin.py:150} INFO - [2025-10-30T02:07:58.471+0000] {dag.py:2742} INFO - Sync 1 DAGs
[2025-10-30T02:07:58.487+0000] {logging_mixin.py:150} INFO - [2025-10-30T02:07:58.487+0000] {dag.py:3504} INFO - Setting next_dagrun for example_sla_dag to 2025-10-30T02:04:00+00:00, run_after=2025-10-30T02:06:00+00:00
[2025-10-30T02:07:58.505+0000] {processor.py:179} INFO - Processing /home/vscode/.local/lib/python3.10/site-packages/airflow/example_dags/example_sla_dag.py took 0.058 seconds
[2025-10-30T02:08:42.887+0000] {processor.py:157} INFO - Started process (PID=21681) to work on /home/vscode/.local/lib/python3.10/site-packages/airflow/example_dags/example_sla_dag.py
[2025-10-30T02:08:42.888+0000] {processor.py:826} INFO - Processing file /home/vscode/.local/lib/python3.10/site-packages/airflow/example_dags/example_sla_dag.py for tasks to queue
[2025-10-30T02:08:42.888+0000] {logging_mixin.py:150} INFO - [2025-10-30T02:08:42.888+0000] {dagbag.py:541} INFO - Filling up the DagBag from /home/vscode/.local/lib/python3.10/site-packages/airflow/example_dags/example_sla_dag.py
[2025-10-30T02:08:42.894+0000] {processor.py:836} INFO - DAG(s) dict_keys(['example_sla_dag']) retrieved from /home/vscode/.local/lib/python3.10/site-packages/airflow/example_dags/example_sla_dag.py
[2025-10-30T02:08:42.905+0000] {logging_mixin.py:150} INFO - [2025-10-30T02:08:42.905+0000] {dag.py:2742} INFO - Sync 1 DAGs
[2025-10-30T02:08:42.920+0000] {logging_mixin.py:150} INFO - [2025-10-30T02:08:42.920+0000] {dag.py:3504} INFO - Setting next_dagrun for example_sla_dag to 2025-10-30T02:06:00+00:00, run_after=2025-10-30T02:08:00+00:00
[2025-10-30T02:08:42.935+0000] {processor.py:179} INFO - Processing /home/vscode/.local/lib/python3.10/site-packages/airflow/example_dags/example_sla_dag.py took 0.050 seconds
