[2025-10-30T01:49:23.950+0000] {processor.py:157} INFO - Started process (PID=13769) to work on /home/vscode/.local/lib/python3.10/site-packages/airflow/example_dags/example_branch_python_dop_operator_3.py
[2025-10-30T01:49:23.951+0000] {processor.py:826} INFO - Processing file /home/vscode/.local/lib/python3.10/site-packages/airflow/example_dags/example_branch_python_dop_operator_3.py for tasks to queue
[2025-10-30T01:49:23.952+0000] {logging_mixin.py:150} INFO - [2025-10-30T01:49:23.951+0000] {dagbag.py:541} INFO - Filling up the DagBag from /home/vscode/.local/lib/python3.10/site-packages/airflow/example_dags/example_branch_python_dop_operator_3.py
[2025-10-30T01:49:23.957+0000] {processor.py:836} INFO - DAG(s) dict_keys(['example_branch_dop_operator_v3']) retrieved from /home/vscode/.local/lib/python3.10/site-packages/airflow/example_dags/example_branch_python_dop_operator_3.py
[2025-10-30T01:49:24.029+0000] {logging_mixin.py:150} INFO - [2025-10-30T01:49:24.029+0000] {manager.py:504} INFO - Created Permission View: can read on DAG:example_branch_dop_operator_v3
[2025-10-30T01:49:24.038+0000] {logging_mixin.py:150} INFO - [2025-10-30T01:49:24.038+0000] {manager.py:504} INFO - Created Permission View: can delete on DAG:example_branch_dop_operator_v3
[2025-10-30T01:49:24.044+0000] {logging_mixin.py:150} INFO - [2025-10-30T01:49:24.044+0000] {manager.py:504} INFO - Created Permission View: can edit on DAG:example_branch_dop_operator_v3
[2025-10-30T01:49:24.051+0000] {logging_mixin.py:150} INFO - [2025-10-30T01:49:24.051+0000] {dag.py:2742} INFO - Sync 1 DAGs
[2025-10-30T01:49:24.058+0000] {logging_mixin.py:150} INFO - [2025-10-30T01:49:24.057+0000] {dag.py:2763} INFO - Creating ORM DAG for example_branch_dop_operator_v3
[2025-10-30T01:49:24.067+0000] {logging_mixin.py:150} INFO - [2025-10-30T01:49:24.067+0000] {dag.py:3504} INFO - Setting next_dagrun for example_branch_dop_operator_v3 to 2025-10-30T01:48:00+00:00, run_after=2025-10-30T01:49:00+00:00
[2025-10-30T01:49:24.082+0000] {processor.py:179} INFO - Processing /home/vscode/.local/lib/python3.10/site-packages/airflow/example_dags/example_branch_python_dop_operator_3.py took 0.134 seconds
[2025-10-30T01:50:11.281+0000] {processor.py:157} INFO - Started process (PID=14085) to work on /home/vscode/.local/lib/python3.10/site-packages/airflow/example_dags/example_branch_python_dop_operator_3.py
[2025-10-30T01:50:11.282+0000] {processor.py:826} INFO - Processing file /home/vscode/.local/lib/python3.10/site-packages/airflow/example_dags/example_branch_python_dop_operator_3.py for tasks to queue
[2025-10-30T01:50:11.282+0000] {logging_mixin.py:150} INFO - [2025-10-30T01:50:11.282+0000] {dagbag.py:541} INFO - Filling up the DagBag from /home/vscode/.local/lib/python3.10/site-packages/airflow/example_dags/example_branch_python_dop_operator_3.py
[2025-10-30T01:50:11.288+0000] {processor.py:836} INFO - DAG(s) dict_keys(['example_branch_dop_operator_v3']) retrieved from /home/vscode/.local/lib/python3.10/site-packages/airflow/example_dags/example_branch_python_dop_operator_3.py
[2025-10-30T01:50:11.300+0000] {logging_mixin.py:150} INFO - [2025-10-30T01:50:11.300+0000] {dag.py:2742} INFO - Sync 1 DAGs
[2025-10-30T01:50:11.317+0000] {logging_mixin.py:150} INFO - [2025-10-30T01:50:11.317+0000] {dag.py:3504} INFO - Setting next_dagrun for example_branch_dop_operator_v3 to 2025-10-30T01:49:00+00:00, run_after=2025-10-30T01:50:00+00:00
[2025-10-30T01:50:11.331+0000] {processor.py:179} INFO - Processing /home/vscode/.local/lib/python3.10/site-packages/airflow/example_dags/example_branch_python_dop_operator_3.py took 0.052 seconds
[2025-10-30T01:50:56.384+0000] {processor.py:157} INFO - Started process (PID=14410) to work on /home/vscode/.local/lib/python3.10/site-packages/airflow/example_dags/example_branch_python_dop_operator_3.py
[2025-10-30T01:50:56.385+0000] {processor.py:826} INFO - Processing file /home/vscode/.local/lib/python3.10/site-packages/airflow/example_dags/example_branch_python_dop_operator_3.py for tasks to queue
[2025-10-30T01:50:56.386+0000] {logging_mixin.py:150} INFO - [2025-10-30T01:50:56.385+0000] {dagbag.py:541} INFO - Filling up the DagBag from /home/vscode/.local/lib/python3.10/site-packages/airflow/example_dags/example_branch_python_dop_operator_3.py
[2025-10-30T01:50:56.392+0000] {processor.py:836} INFO - DAG(s) dict_keys(['example_branch_dop_operator_v3']) retrieved from /home/vscode/.local/lib/python3.10/site-packages/airflow/example_dags/example_branch_python_dop_operator_3.py
[2025-10-30T01:50:56.404+0000] {logging_mixin.py:150} INFO - [2025-10-30T01:50:56.404+0000] {dag.py:2742} INFO - Sync 1 DAGs
[2025-10-30T01:50:56.424+0000] {logging_mixin.py:150} INFO - [2025-10-30T01:50:56.424+0000] {dag.py:3504} INFO - Setting next_dagrun for example_branch_dop_operator_v3 to 2025-10-30T01:49:00+00:00, run_after=2025-10-30T01:50:00+00:00
[2025-10-30T01:50:56.446+0000] {processor.py:179} INFO - Processing /home/vscode/.local/lib/python3.10/site-packages/airflow/example_dags/example_branch_python_dop_operator_3.py took 0.063 seconds
[2025-10-30T01:51:41.968+0000] {processor.py:157} INFO - Started process (PID=14713) to work on /home/vscode/.local/lib/python3.10/site-packages/airflow/example_dags/example_branch_python_dop_operator_3.py
[2025-10-30T01:51:41.969+0000] {processor.py:826} INFO - Processing file /home/vscode/.local/lib/python3.10/site-packages/airflow/example_dags/example_branch_python_dop_operator_3.py for tasks to queue
[2025-10-30T01:51:41.969+0000] {logging_mixin.py:150} INFO - [2025-10-30T01:51:41.969+0000] {dagbag.py:541} INFO - Filling up the DagBag from /home/vscode/.local/lib/python3.10/site-packages/airflow/example_dags/example_branch_python_dop_operator_3.py
[2025-10-30T01:51:41.975+0000] {processor.py:836} INFO - DAG(s) dict_keys(['example_branch_dop_operator_v3']) retrieved from /home/vscode/.local/lib/python3.10/site-packages/airflow/example_dags/example_branch_python_dop_operator_3.py
[2025-10-30T01:51:41.987+0000] {logging_mixin.py:150} INFO - [2025-10-30T01:51:41.987+0000] {dag.py:2742} INFO - Sync 1 DAGs
[2025-10-30T01:51:42.003+0000] {logging_mixin.py:150} INFO - [2025-10-30T01:51:42.003+0000] {dag.py:3504} INFO - Setting next_dagrun for example_branch_dop_operator_v3 to 2025-10-30T01:50:00+00:00, run_after=2025-10-30T01:51:00+00:00
[2025-10-30T01:51:42.018+0000] {processor.py:179} INFO - Processing /home/vscode/.local/lib/python3.10/site-packages/airflow/example_dags/example_branch_python_dop_operator_3.py took 0.052 seconds
[2025-10-30T01:52:26.553+0000] {processor.py:157} INFO - Started process (PID=15006) to work on /home/vscode/.local/lib/python3.10/site-packages/airflow/example_dags/example_branch_python_dop_operator_3.py
[2025-10-30T01:52:26.554+0000] {processor.py:826} INFO - Processing file /home/vscode/.local/lib/python3.10/site-packages/airflow/example_dags/example_branch_python_dop_operator_3.py for tasks to queue
[2025-10-30T01:52:26.554+0000] {logging_mixin.py:150} INFO - [2025-10-30T01:52:26.554+0000] {dagbag.py:541} INFO - Filling up the DagBag from /home/vscode/.local/lib/python3.10/site-packages/airflow/example_dags/example_branch_python_dop_operator_3.py
[2025-10-30T01:52:26.560+0000] {processor.py:836} INFO - DAG(s) dict_keys(['example_branch_dop_operator_v3']) retrieved from /home/vscode/.local/lib/python3.10/site-packages/airflow/example_dags/example_branch_python_dop_operator_3.py
[2025-10-30T01:52:26.572+0000] {logging_mixin.py:150} INFO - [2025-10-30T01:52:26.572+0000] {dag.py:2742} INFO - Sync 1 DAGs
[2025-10-30T01:52:26.588+0000] {logging_mixin.py:150} INFO - [2025-10-30T01:52:26.588+0000] {dag.py:3504} INFO - Setting next_dagrun for example_branch_dop_operator_v3 to 2025-10-30T01:51:00+00:00, run_after=2025-10-30T01:52:00+00:00
[2025-10-30T01:52:26.603+0000] {processor.py:179} INFO - Processing /home/vscode/.local/lib/python3.10/site-packages/airflow/example_dags/example_branch_python_dop_operator_3.py took 0.052 seconds
[2025-10-30T01:53:08.228+0000] {processor.py:157} INFO - Started process (PID=15291) to work on /home/vscode/.local/lib/python3.10/site-packages/airflow/example_dags/example_branch_python_dop_operator_3.py
[2025-10-30T01:53:08.229+0000] {processor.py:826} INFO - Processing file /home/vscode/.local/lib/python3.10/site-packages/airflow/example_dags/example_branch_python_dop_operator_3.py for tasks to queue
[2025-10-30T01:53:08.229+0000] {logging_mixin.py:150} INFO - [2025-10-30T01:53:08.229+0000] {dagbag.py:541} INFO - Filling up the DagBag from /home/vscode/.local/lib/python3.10/site-packages/airflow/example_dags/example_branch_python_dop_operator_3.py
[2025-10-30T01:53:08.235+0000] {processor.py:836} INFO - DAG(s) dict_keys(['example_branch_dop_operator_v3']) retrieved from /home/vscode/.local/lib/python3.10/site-packages/airflow/example_dags/example_branch_python_dop_operator_3.py
[2025-10-30T01:53:08.247+0000] {logging_mixin.py:150} INFO - [2025-10-30T01:53:08.247+0000] {dag.py:2742} INFO - Sync 1 DAGs
[2025-10-30T01:53:08.264+0000] {logging_mixin.py:150} INFO - [2025-10-30T01:53:08.263+0000] {dag.py:3504} INFO - Setting next_dagrun for example_branch_dop_operator_v3 to 2025-10-30T01:52:00+00:00, run_after=2025-10-30T01:53:00+00:00
[2025-10-30T01:53:08.278+0000] {processor.py:179} INFO - Processing /home/vscode/.local/lib/python3.10/site-packages/airflow/example_dags/example_branch_python_dop_operator_3.py took 0.052 seconds
[2025-10-30T01:54:00.044+0000] {processor.py:157} INFO - Started process (PID=15759) to work on /home/vscode/.local/lib/python3.10/site-packages/airflow/example_dags/example_branch_python_dop_operator_3.py
[2025-10-30T01:54:00.045+0000] {processor.py:826} INFO - Processing file /home/vscode/.local/lib/python3.10/site-packages/airflow/example_dags/example_branch_python_dop_operator_3.py for tasks to queue
[2025-10-30T01:54:00.045+0000] {logging_mixin.py:150} INFO - [2025-10-30T01:54:00.045+0000] {dagbag.py:541} INFO - Filling up the DagBag from /home/vscode/.local/lib/python3.10/site-packages/airflow/example_dags/example_branch_python_dop_operator_3.py
[2025-10-30T01:54:00.051+0000] {processor.py:836} INFO - DAG(s) dict_keys(['example_branch_dop_operator_v3']) retrieved from /home/vscode/.local/lib/python3.10/site-packages/airflow/example_dags/example_branch_python_dop_operator_3.py
[2025-10-30T01:54:00.062+0000] {logging_mixin.py:150} INFO - [2025-10-30T01:54:00.062+0000] {dag.py:2742} INFO - Sync 1 DAGs
[2025-10-30T01:54:00.079+0000] {logging_mixin.py:150} INFO - [2025-10-30T01:54:00.079+0000] {dag.py:3504} INFO - Setting next_dagrun for example_branch_dop_operator_v3 to 2025-10-30T01:53:00+00:00, run_after=2025-10-30T01:54:00+00:00
[2025-10-30T01:54:00.094+0000] {processor.py:179} INFO - Processing /home/vscode/.local/lib/python3.10/site-packages/airflow/example_dags/example_branch_python_dop_operator_3.py took 0.052 seconds
[2025-10-30T01:54:42.939+0000] {processor.py:157} INFO - Started process (PID=16065) to work on /home/vscode/.local/lib/python3.10/site-packages/airflow/example_dags/example_branch_python_dop_operator_3.py
[2025-10-30T01:54:42.940+0000] {processor.py:826} INFO - Processing file /home/vscode/.local/lib/python3.10/site-packages/airflow/example_dags/example_branch_python_dop_operator_3.py for tasks to queue
[2025-10-30T01:54:42.941+0000] {logging_mixin.py:150} INFO - [2025-10-30T01:54:42.940+0000] {dagbag.py:541} INFO - Filling up the DagBag from /home/vscode/.local/lib/python3.10/site-packages/airflow/example_dags/example_branch_python_dop_operator_3.py
[2025-10-30T01:54:42.948+0000] {processor.py:836} INFO - DAG(s) dict_keys(['example_branch_dop_operator_v3']) retrieved from /home/vscode/.local/lib/python3.10/site-packages/airflow/example_dags/example_branch_python_dop_operator_3.py
[2025-10-30T01:54:42.963+0000] {logging_mixin.py:150} INFO - [2025-10-30T01:54:42.963+0000] {dag.py:2742} INFO - Sync 1 DAGs
[2025-10-30T01:54:42.981+0000] {logging_mixin.py:150} INFO - [2025-10-30T01:54:42.980+0000] {dag.py:3504} INFO - Setting next_dagrun for example_branch_dop_operator_v3 to 2025-10-30T01:53:00+00:00, run_after=2025-10-30T01:54:00+00:00
[2025-10-30T01:54:42.996+0000] {processor.py:179} INFO - Processing /home/vscode/.local/lib/python3.10/site-packages/airflow/example_dags/example_branch_python_dop_operator_3.py took 0.059 seconds
[2025-10-30T01:55:25.561+0000] {processor.py:157} INFO - Started process (PID=16427) to work on /home/vscode/.local/lib/python3.10/site-packages/airflow/example_dags/example_branch_python_dop_operator_3.py
[2025-10-30T01:55:25.562+0000] {processor.py:826} INFO - Processing file /home/vscode/.local/lib/python3.10/site-packages/airflow/example_dags/example_branch_python_dop_operator_3.py for tasks to queue
[2025-10-30T01:55:25.562+0000] {logging_mixin.py:150} INFO - [2025-10-30T01:55:25.562+0000] {dagbag.py:541} INFO - Filling up the DagBag from /home/vscode/.local/lib/python3.10/site-packages/airflow/example_dags/example_branch_python_dop_operator_3.py
[2025-10-30T01:55:25.568+0000] {processor.py:836} INFO - DAG(s) dict_keys(['example_branch_dop_operator_v3']) retrieved from /home/vscode/.local/lib/python3.10/site-packages/airflow/example_dags/example_branch_python_dop_operator_3.py
[2025-10-30T01:55:25.580+0000] {logging_mixin.py:150} INFO - [2025-10-30T01:55:25.580+0000] {dag.py:2742} INFO - Sync 1 DAGs
[2025-10-30T01:55:25.597+0000] {logging_mixin.py:150} INFO - [2025-10-30T01:55:25.597+0000] {dag.py:3504} INFO - Setting next_dagrun for example_branch_dop_operator_v3 to 2025-10-30T01:54:00+00:00, run_after=2025-10-30T01:55:00+00:00
[2025-10-30T01:55:25.613+0000] {processor.py:179} INFO - Processing /home/vscode/.local/lib/python3.10/site-packages/airflow/example_dags/example_branch_python_dop_operator_3.py took 0.054 seconds
[2025-10-30T02:06:52.988+0000] {processor.py:157} INFO - Started process (PID=20769) to work on /home/vscode/.local/lib/python3.10/site-packages/airflow/example_dags/example_branch_python_dop_operator_3.py
[2025-10-30T02:06:52.989+0000] {processor.py:826} INFO - Processing file /home/vscode/.local/lib/python3.10/site-packages/airflow/example_dags/example_branch_python_dop_operator_3.py for tasks to queue
[2025-10-30T02:06:52.990+0000] {logging_mixin.py:150} INFO - [2025-10-30T02:06:52.989+0000] {dagbag.py:541} INFO - Filling up the DagBag from /home/vscode/.local/lib/python3.10/site-packages/airflow/example_dags/example_branch_python_dop_operator_3.py
[2025-10-30T02:06:52.995+0000] {processor.py:836} INFO - DAG(s) dict_keys(['example_branch_dop_operator_v3']) retrieved from /home/vscode/.local/lib/python3.10/site-packages/airflow/example_dags/example_branch_python_dop_operator_3.py
[2025-10-30T02:06:53.007+0000] {logging_mixin.py:150} INFO - [2025-10-30T02:06:53.007+0000] {dag.py:2742} INFO - Sync 1 DAGs
[2025-10-30T02:06:53.024+0000] {logging_mixin.py:150} INFO - [2025-10-30T02:06:53.024+0000] {dag.py:3504} INFO - Setting next_dagrun for example_branch_dop_operator_v3 to 2025-10-30T02:05:00+00:00, run_after=2025-10-30T02:06:00+00:00
[2025-10-30T02:06:53.038+0000] {processor.py:179} INFO - Processing /home/vscode/.local/lib/python3.10/site-packages/airflow/example_dags/example_branch_python_dop_operator_3.py took 0.052 seconds
[2025-10-30T02:07:37.029+0000] {processor.py:157} INFO - Started process (PID=21109) to work on /home/vscode/.local/lib/python3.10/site-packages/airflow/example_dags/example_branch_python_dop_operator_3.py
[2025-10-30T02:07:37.030+0000] {processor.py:826} INFO - Processing file /home/vscode/.local/lib/python3.10/site-packages/airflow/example_dags/example_branch_python_dop_operator_3.py for tasks to queue
[2025-10-30T02:07:37.030+0000] {logging_mixin.py:150} INFO - [2025-10-30T02:07:37.030+0000] {dagbag.py:541} INFO - Filling up the DagBag from /home/vscode/.local/lib/python3.10/site-packages/airflow/example_dags/example_branch_python_dop_operator_3.py
[2025-10-30T02:07:37.036+0000] {processor.py:836} INFO - DAG(s) dict_keys(['example_branch_dop_operator_v3']) retrieved from /home/vscode/.local/lib/python3.10/site-packages/airflow/example_dags/example_branch_python_dop_operator_3.py
[2025-10-30T02:07:37.048+0000] {logging_mixin.py:150} INFO - [2025-10-30T02:07:37.048+0000] {dag.py:2742} INFO - Sync 1 DAGs
[2025-10-30T02:07:37.065+0000] {logging_mixin.py:150} INFO - [2025-10-30T02:07:37.065+0000] {dag.py:3504} INFO - Setting next_dagrun for example_branch_dop_operator_v3 to 2025-10-30T02:06:00+00:00, run_after=2025-10-30T02:07:00+00:00
[2025-10-30T02:07:37.080+0000] {processor.py:179} INFO - Processing /home/vscode/.local/lib/python3.10/site-packages/airflow/example_dags/example_branch_python_dop_operator_3.py took 0.053 seconds
[2025-10-30T02:08:23.510+0000] {processor.py:157} INFO - Started process (PID=21485) to work on /home/vscode/.local/lib/python3.10/site-packages/airflow/example_dags/example_branch_python_dop_operator_3.py
[2025-10-30T02:08:23.510+0000] {processor.py:826} INFO - Processing file /home/vscode/.local/lib/python3.10/site-packages/airflow/example_dags/example_branch_python_dop_operator_3.py for tasks to queue
[2025-10-30T02:08:23.511+0000] {logging_mixin.py:150} INFO - [2025-10-30T02:08:23.510+0000] {dagbag.py:541} INFO - Filling up the DagBag from /home/vscode/.local/lib/python3.10/site-packages/airflow/example_dags/example_branch_python_dop_operator_3.py
[2025-10-30T02:08:23.517+0000] {processor.py:836} INFO - DAG(s) dict_keys(['example_branch_dop_operator_v3']) retrieved from /home/vscode/.local/lib/python3.10/site-packages/airflow/example_dags/example_branch_python_dop_operator_3.py
[2025-10-30T02:08:23.529+0000] {logging_mixin.py:150} INFO - [2025-10-30T02:08:23.528+0000] {dag.py:2742} INFO - Sync 1 DAGs
[2025-10-30T02:08:23.545+0000] {logging_mixin.py:150} INFO - [2025-10-30T02:08:23.545+0000] {dag.py:3504} INFO - Setting next_dagrun for example_branch_dop_operator_v3 to 2025-10-30T02:07:00+00:00, run_after=2025-10-30T02:08:00+00:00
[2025-10-30T02:08:23.563+0000] {processor.py:179} INFO - Processing /home/vscode/.local/lib/python3.10/site-packages/airflow/example_dags/example_branch_python_dop_operator_3.py took 0.055 seconds
[2025-10-30T02:09:09.285+0000] {processor.py:157} INFO - Started process (PID=21936) to work on /home/vscode/.local/lib/python3.10/site-packages/airflow/example_dags/example_branch_python_dop_operator_3.py
[2025-10-30T02:09:09.286+0000] {processor.py:826} INFO - Processing file /home/vscode/.local/lib/python3.10/site-packages/airflow/example_dags/example_branch_python_dop_operator_3.py for tasks to queue
[2025-10-30T02:09:09.287+0000] {logging_mixin.py:150} INFO - [2025-10-30T02:09:09.287+0000] {dagbag.py:541} INFO - Filling up the DagBag from /home/vscode/.local/lib/python3.10/site-packages/airflow/example_dags/example_branch_python_dop_operator_3.py
[2025-10-30T02:09:09.297+0000] {processor.py:836} INFO - DAG(s) dict_keys(['example_branch_dop_operator_v3']) retrieved from /home/vscode/.local/lib/python3.10/site-packages/airflow/example_dags/example_branch_python_dop_operator_3.py
[2025-10-30T02:09:09.310+0000] {logging_mixin.py:150} INFO - [2025-10-30T02:09:09.309+0000] {dag.py:2742} INFO - Sync 1 DAGs
[2025-10-30T02:09:09.327+0000] {logging_mixin.py:150} INFO - [2025-10-30T02:09:09.327+0000] {dag.py:3504} INFO - Setting next_dagrun for example_branch_dop_operator_v3 to 2025-10-30T02:08:00+00:00, run_after=2025-10-30T02:09:00+00:00
[2025-10-30T02:09:09.342+0000] {processor.py:179} INFO - Processing /home/vscode/.local/lib/python3.10/site-packages/airflow/example_dags/example_branch_python_dop_operator_3.py took 0.060 seconds
