[2025-10-30T01:49:25.189+0000] {processor.py:157} INFO - Started process (PID=13771) to work on /home/vscode/.local/lib/python3.10/site-packages/airflow/example_dags/example_datasets.py
[2025-10-30T01:49:25.189+0000] {processor.py:826} INFO - Processing file /home/vscode/.local/lib/python3.10/site-packages/airflow/example_dags/example_datasets.py for tasks to queue
[2025-10-30T01:49:25.190+0000] {logging_mixin.py:150} INFO - [2025-10-30T01:49:25.190+0000] {dagbag.py:541} INFO - Filling up the DagBag from /home/vscode/.local/lib/python3.10/site-packages/airflow/example_dags/example_datasets.py
[2025-10-30T01:49:25.196+0000] {processor.py:836} INFO - DAG(s) dict_keys(['dataset_consumes_unknown_never_scheduled', 'dataset_produces_1', 'dataset_produces_2', 'dataset_consumes_1_and_2', 'dataset_consumes_1_never_scheduled', 'dataset_consumes_1']) retrieved from /home/vscode/.local/lib/python3.10/site-packages/airflow/example_dags/example_datasets.py
[2025-10-30T01:49:25.272+0000] {logging_mixin.py:150} INFO - [2025-10-30T01:49:25.272+0000] {manager.py:504} INFO - Created Permission View: can read on DAG:dataset_consumes_unknown_never_scheduled
[2025-10-30T01:49:25.280+0000] {logging_mixin.py:150} INFO - [2025-10-30T01:49:25.280+0000] {manager.py:504} INFO - Created Permission View: can delete on DAG:dataset_consumes_unknown_never_scheduled
[2025-10-30T01:49:25.287+0000] {logging_mixin.py:150} INFO - [2025-10-30T01:49:25.286+0000] {manager.py:504} INFO - Created Permission View: can edit on DAG:dataset_consumes_unknown_never_scheduled
[2025-10-30T01:49:25.305+0000] {logging_mixin.py:150} INFO - [2025-10-30T01:49:25.305+0000] {manager.py:504} INFO - Created Permission View: can read on DAG:dataset_produces_1
[2025-10-30T01:49:25.311+0000] {logging_mixin.py:150} INFO - [2025-10-30T01:49:25.311+0000] {manager.py:504} INFO - Created Permission View: can delete on DAG:dataset_produces_1
[2025-10-30T01:49:25.317+0000] {logging_mixin.py:150} INFO - [2025-10-30T01:49:25.317+0000] {manager.py:504} INFO - Created Permission View: can edit on DAG:dataset_produces_1
[2025-10-30T01:49:25.332+0000] {logging_mixin.py:150} INFO - [2025-10-30T01:49:25.332+0000] {manager.py:504} INFO - Created Permission View: can read on DAG:dataset_produces_2
[2025-10-30T01:49:25.339+0000] {logging_mixin.py:150} INFO - [2025-10-30T01:49:25.338+0000] {manager.py:504} INFO - Created Permission View: can delete on DAG:dataset_produces_2
[2025-10-30T01:49:25.345+0000] {logging_mixin.py:150} INFO - [2025-10-30T01:49:25.345+0000] {manager.py:504} INFO - Created Permission View: can edit on DAG:dataset_produces_2
[2025-10-30T01:49:25.360+0000] {logging_mixin.py:150} INFO - [2025-10-30T01:49:25.360+0000] {manager.py:504} INFO - Created Permission View: can read on DAG:dataset_consumes_1_and_2
[2025-10-30T01:49:25.366+0000] {logging_mixin.py:150} INFO - [2025-10-30T01:49:25.366+0000] {manager.py:504} INFO - Created Permission View: can delete on DAG:dataset_consumes_1_and_2
[2025-10-30T01:49:25.372+0000] {logging_mixin.py:150} INFO - [2025-10-30T01:49:25.372+0000] {manager.py:504} INFO - Created Permission View: can edit on DAG:dataset_consumes_1_and_2
[2025-10-30T01:49:25.397+0000] {logging_mixin.py:150} INFO - [2025-10-30T01:49:25.397+0000] {manager.py:504} INFO - Created Permission View: can read on DAG:dataset_consumes_1_never_scheduled
[2025-10-30T01:49:25.404+0000] {logging_mixin.py:150} INFO - [2025-10-30T01:49:25.404+0000] {manager.py:504} INFO - Created Permission View: can delete on DAG:dataset_consumes_1_never_scheduled
[2025-10-30T01:49:25.410+0000] {logging_mixin.py:150} INFO - [2025-10-30T01:49:25.410+0000] {manager.py:504} INFO - Created Permission View: can edit on DAG:dataset_consumes_1_never_scheduled
[2025-10-30T01:49:25.425+0000] {logging_mixin.py:150} INFO - [2025-10-30T01:49:25.425+0000] {manager.py:504} INFO - Created Permission View: can read on DAG:dataset_consumes_1
[2025-10-30T01:49:25.431+0000] {logging_mixin.py:150} INFO - [2025-10-30T01:49:25.431+0000] {manager.py:504} INFO - Created Permission View: can delete on DAG:dataset_consumes_1
[2025-10-30T01:49:25.437+0000] {logging_mixin.py:150} INFO - [2025-10-30T01:49:25.437+0000] {manager.py:504} INFO - Created Permission View: can edit on DAG:dataset_consumes_1
[2025-10-30T01:49:25.440+0000] {logging_mixin.py:150} INFO - [2025-10-30T01:49:25.440+0000] {dag.py:2742} INFO - Sync 6 DAGs
[2025-10-30T01:49:25.448+0000] {logging_mixin.py:150} INFO - [2025-10-30T01:49:25.448+0000] {dag.py:2763} INFO - Creating ORM DAG for dataset_consumes_1_never_scheduled
[2025-10-30T01:49:25.449+0000] {logging_mixin.py:150} INFO - [2025-10-30T01:49:25.449+0000] {dag.py:2763} INFO - Creating ORM DAG for dataset_produces_1
[2025-10-30T01:49:25.449+0000] {logging_mixin.py:150} INFO - [2025-10-30T01:49:25.449+0000] {dag.py:2763} INFO - Creating ORM DAG for dataset_produces_2
[2025-10-30T01:49:25.450+0000] {logging_mixin.py:150} INFO - [2025-10-30T01:49:25.450+0000] {dag.py:2763} INFO - Creating ORM DAG for dataset_consumes_1
[2025-10-30T01:49:25.450+0000] {logging_mixin.py:150} INFO - [2025-10-30T01:49:25.450+0000] {dag.py:2763} INFO - Creating ORM DAG for dataset_consumes_unknown_never_scheduled
[2025-10-30T01:49:25.450+0000] {logging_mixin.py:150} INFO - [2025-10-30T01:49:25.450+0000] {dag.py:2763} INFO - Creating ORM DAG for dataset_consumes_1_and_2
[2025-10-30T01:49:25.458+0000] {logging_mixin.py:150} INFO - [2025-10-30T01:49:25.458+0000] {dag.py:3504} INFO - Setting next_dagrun for dataset_consumes_1 to None, run_after=None
[2025-10-30T01:49:25.459+0000] {logging_mixin.py:150} INFO - [2025-10-30T01:49:25.459+0000] {dag.py:3504} INFO - Setting next_dagrun for dataset_consumes_1_and_2 to None, run_after=None
[2025-10-30T01:49:25.460+0000] {logging_mixin.py:150} INFO - [2025-10-30T01:49:25.459+0000] {dag.py:3504} INFO - Setting next_dagrun for dataset_consumes_1_never_scheduled to None, run_after=None
[2025-10-30T01:49:25.460+0000] {logging_mixin.py:150} INFO - [2025-10-30T01:49:25.460+0000] {dag.py:3504} INFO - Setting next_dagrun for dataset_consumes_unknown_never_scheduled to None, run_after=None
[2025-10-30T01:49:25.461+0000] {logging_mixin.py:150} INFO - [2025-10-30T01:49:25.461+0000] {dag.py:3504} INFO - Setting next_dagrun for dataset_produces_1 to 2025-10-29T00:00:00+00:00, run_after=2025-10-30T00:00:00+00:00
[2025-10-30T01:49:25.462+0000] {logging_mixin.py:150} INFO - [2025-10-30T01:49:25.462+0000] {dag.py:3504} INFO - Setting next_dagrun for dataset_produces_2 to None, run_after=None
[2025-10-30T01:49:25.486+0000] {processor.py:179} INFO - Processing /home/vscode/.local/lib/python3.10/site-packages/airflow/example_dags/example_datasets.py took 0.300 seconds
[2025-10-30T01:50:12.418+0000] {processor.py:157} INFO - Started process (PID=14093) to work on /home/vscode/.local/lib/python3.10/site-packages/airflow/example_dags/example_datasets.py
[2025-10-30T01:50:12.419+0000] {processor.py:826} INFO - Processing file /home/vscode/.local/lib/python3.10/site-packages/airflow/example_dags/example_datasets.py for tasks to queue
[2025-10-30T01:50:12.419+0000] {logging_mixin.py:150} INFO - [2025-10-30T01:50:12.419+0000] {dagbag.py:541} INFO - Filling up the DagBag from /home/vscode/.local/lib/python3.10/site-packages/airflow/example_dags/example_datasets.py
[2025-10-30T01:50:12.429+0000] {processor.py:836} INFO - DAG(s) dict_keys(['dataset_consumes_1', 'dataset_produces_2', 'dataset_consumes_1_and_2', 'dataset_consumes_1_never_scheduled', 'dataset_produces_1', 'dataset_consumes_unknown_never_scheduled']) retrieved from /home/vscode/.local/lib/python3.10/site-packages/airflow/example_dags/example_datasets.py
[2025-10-30T01:50:12.461+0000] {logging_mixin.py:150} INFO - [2025-10-30T01:50:12.461+0000] {dag.py:2742} INFO - Sync 6 DAGs
[2025-10-30T01:50:12.477+0000] {logging_mixin.py:150} INFO - [2025-10-30T01:50:12.477+0000] {dag.py:3504} INFO - Setting next_dagrun for dataset_consumes_1 to None, run_after=None
[2025-10-30T01:50:12.479+0000] {logging_mixin.py:150} INFO - [2025-10-30T01:50:12.479+0000] {dag.py:3504} INFO - Setting next_dagrun for dataset_consumes_1_and_2 to None, run_after=None
[2025-10-30T01:50:12.480+0000] {logging_mixin.py:150} INFO - [2025-10-30T01:50:12.480+0000] {dag.py:3504} INFO - Setting next_dagrun for dataset_consumes_1_never_scheduled to None, run_after=None
[2025-10-30T01:50:12.480+0000] {logging_mixin.py:150} INFO - [2025-10-30T01:50:12.480+0000] {dag.py:3504} INFO - Setting next_dagrun for dataset_consumes_unknown_never_scheduled to None, run_after=None
[2025-10-30T01:50:12.482+0000] {logging_mixin.py:150} INFO - [2025-10-30T01:50:12.482+0000] {dag.py:3504} INFO - Setting next_dagrun for dataset_produces_1 to 2025-10-29T00:00:00+00:00, run_after=2025-10-30T00:00:00+00:00
[2025-10-30T01:50:12.483+0000] {logging_mixin.py:150} INFO - [2025-10-30T01:50:12.483+0000] {dag.py:3504} INFO - Setting next_dagrun for dataset_produces_2 to None, run_after=None
[2025-10-30T01:50:12.503+0000] {processor.py:179} INFO - Processing /home/vscode/.local/lib/python3.10/site-packages/airflow/example_dags/example_datasets.py took 0.088 seconds
[2025-10-30T01:50:57.523+0000] {processor.py:157} INFO - Started process (PID=14412) to work on /home/vscode/.local/lib/python3.10/site-packages/airflow/example_dags/example_datasets.py
[2025-10-30T01:50:57.524+0000] {processor.py:826} INFO - Processing file /home/vscode/.local/lib/python3.10/site-packages/airflow/example_dags/example_datasets.py for tasks to queue
[2025-10-30T01:50:57.524+0000] {logging_mixin.py:150} INFO - [2025-10-30T01:50:57.524+0000] {dagbag.py:541} INFO - Filling up the DagBag from /home/vscode/.local/lib/python3.10/site-packages/airflow/example_dags/example_datasets.py
[2025-10-30T01:50:57.531+0000] {processor.py:836} INFO - DAG(s) dict_keys(['dataset_consumes_1', 'dataset_consumes_unknown_never_scheduled', 'dataset_consumes_1_and_2', 'dataset_produces_2', 'dataset_produces_1', 'dataset_consumes_1_never_scheduled']) retrieved from /home/vscode/.local/lib/python3.10/site-packages/airflow/example_dags/example_datasets.py
[2025-10-30T01:50:57.551+0000] {logging_mixin.py:150} INFO - [2025-10-30T01:50:57.550+0000] {dag.py:2742} INFO - Sync 6 DAGs
[2025-10-30T01:50:57.565+0000] {logging_mixin.py:150} INFO - [2025-10-30T01:50:57.565+0000] {dag.py:3504} INFO - Setting next_dagrun for dataset_consumes_1 to None, run_after=None
[2025-10-30T01:50:57.567+0000] {logging_mixin.py:150} INFO - [2025-10-30T01:50:57.567+0000] {dag.py:3504} INFO - Setting next_dagrun for dataset_consumes_1_and_2 to None, run_after=None
[2025-10-30T01:50:57.568+0000] {logging_mixin.py:150} INFO - [2025-10-30T01:50:57.567+0000] {dag.py:3504} INFO - Setting next_dagrun for dataset_consumes_1_never_scheduled to None, run_after=None
[2025-10-30T01:50:57.568+0000] {logging_mixin.py:150} INFO - [2025-10-30T01:50:57.568+0000] {dag.py:3504} INFO - Setting next_dagrun for dataset_consumes_unknown_never_scheduled to None, run_after=None
[2025-10-30T01:50:57.570+0000] {logging_mixin.py:150} INFO - [2025-10-30T01:50:57.570+0000] {dag.py:3504} INFO - Setting next_dagrun for dataset_produces_1 to 2025-10-29T00:00:00+00:00, run_after=2025-10-30T00:00:00+00:00
[2025-10-30T01:50:57.571+0000] {logging_mixin.py:150} INFO - [2025-10-30T01:50:57.571+0000] {dag.py:3504} INFO - Setting next_dagrun for dataset_produces_2 to None, run_after=None
[2025-10-30T01:50:57.594+0000] {processor.py:179} INFO - Processing /home/vscode/.local/lib/python3.10/site-packages/airflow/example_dags/example_datasets.py took 0.073 seconds
[2025-10-30T01:51:42.537+0000] {processor.py:157} INFO - Started process (PID=14714) to work on /home/vscode/.local/lib/python3.10/site-packages/airflow/example_dags/example_datasets.py
[2025-10-30T01:51:42.538+0000] {processor.py:826} INFO - Processing file /home/vscode/.local/lib/python3.10/site-packages/airflow/example_dags/example_datasets.py for tasks to queue
[2025-10-30T01:51:42.539+0000] {logging_mixin.py:150} INFO - [2025-10-30T01:51:42.538+0000] {dagbag.py:541} INFO - Filling up the DagBag from /home/vscode/.local/lib/python3.10/site-packages/airflow/example_dags/example_datasets.py
[2025-10-30T01:51:42.545+0000] {processor.py:836} INFO - DAG(s) dict_keys(['dataset_consumes_1', 'dataset_produces_2', 'dataset_consumes_1_and_2', 'dataset_consumes_1_never_scheduled', 'dataset_produces_1', 'dataset_consumes_unknown_never_scheduled']) retrieved from /home/vscode/.local/lib/python3.10/site-packages/airflow/example_dags/example_datasets.py
[2025-10-30T01:51:42.565+0000] {logging_mixin.py:150} INFO - [2025-10-30T01:51:42.565+0000] {dag.py:2742} INFO - Sync 6 DAGs
[2025-10-30T01:51:42.579+0000] {logging_mixin.py:150} INFO - [2025-10-30T01:51:42.579+0000] {dag.py:3504} INFO - Setting next_dagrun for dataset_consumes_1 to None, run_after=None
[2025-10-30T01:51:42.581+0000] {logging_mixin.py:150} INFO - [2025-10-30T01:51:42.581+0000] {dag.py:3504} INFO - Setting next_dagrun for dataset_consumes_1_and_2 to None, run_after=None
[2025-10-30T01:51:42.582+0000] {logging_mixin.py:150} INFO - [2025-10-30T01:51:42.582+0000] {dag.py:3504} INFO - Setting next_dagrun for dataset_consumes_1_never_scheduled to None, run_after=None
[2025-10-30T01:51:42.582+0000] {logging_mixin.py:150} INFO - [2025-10-30T01:51:42.582+0000] {dag.py:3504} INFO - Setting next_dagrun for dataset_consumes_unknown_never_scheduled to None, run_after=None
[2025-10-30T01:51:42.584+0000] {logging_mixin.py:150} INFO - [2025-10-30T01:51:42.584+0000] {dag.py:3504} INFO - Setting next_dagrun for dataset_produces_1 to 2025-10-29T00:00:00+00:00, run_after=2025-10-30T00:00:00+00:00
[2025-10-30T01:51:42.585+0000] {logging_mixin.py:150} INFO - [2025-10-30T01:51:42.585+0000] {dag.py:3504} INFO - Setting next_dagrun for dataset_produces_2 to None, run_after=None
[2025-10-30T01:51:42.606+0000] {processor.py:179} INFO - Processing /home/vscode/.local/lib/python3.10/site-packages/airflow/example_dags/example_datasets.py took 0.070 seconds
[2025-10-30T01:52:27.685+0000] {processor.py:157} INFO - Started process (PID=15008) to work on /home/vscode/.local/lib/python3.10/site-packages/airflow/example_dags/example_datasets.py
[2025-10-30T01:52:27.686+0000] {processor.py:826} INFO - Processing file /home/vscode/.local/lib/python3.10/site-packages/airflow/example_dags/example_datasets.py for tasks to queue
[2025-10-30T01:52:27.687+0000] {logging_mixin.py:150} INFO - [2025-10-30T01:52:27.686+0000] {dagbag.py:541} INFO - Filling up the DagBag from /home/vscode/.local/lib/python3.10/site-packages/airflow/example_dags/example_datasets.py
[2025-10-30T01:52:27.694+0000] {processor.py:836} INFO - DAG(s) dict_keys(['dataset_consumes_1', 'dataset_produces_1', 'dataset_produces_2', 'dataset_consumes_unknown_never_scheduled', 'dataset_consumes_1_and_2', 'dataset_consumes_1_never_scheduled']) retrieved from /home/vscode/.local/lib/python3.10/site-packages/airflow/example_dags/example_datasets.py
[2025-10-30T01:52:27.713+0000] {logging_mixin.py:150} INFO - [2025-10-30T01:52:27.713+0000] {dag.py:2742} INFO - Sync 6 DAGs
[2025-10-30T01:52:27.727+0000] {logging_mixin.py:150} INFO - [2025-10-30T01:52:27.727+0000] {dag.py:3504} INFO - Setting next_dagrun for dataset_consumes_1 to None, run_after=None
[2025-10-30T01:52:27.730+0000] {logging_mixin.py:150} INFO - [2025-10-30T01:52:27.730+0000] {dag.py:3504} INFO - Setting next_dagrun for dataset_consumes_1_and_2 to None, run_after=None
[2025-10-30T01:52:27.730+0000] {logging_mixin.py:150} INFO - [2025-10-30T01:52:27.730+0000] {dag.py:3504} INFO - Setting next_dagrun for dataset_consumes_1_never_scheduled to None, run_after=None
[2025-10-30T01:52:27.731+0000] {logging_mixin.py:150} INFO - [2025-10-30T01:52:27.731+0000] {dag.py:3504} INFO - Setting next_dagrun for dataset_consumes_unknown_never_scheduled to None, run_after=None
[2025-10-30T01:52:27.733+0000] {logging_mixin.py:150} INFO - [2025-10-30T01:52:27.733+0000] {dag.py:3504} INFO - Setting next_dagrun for dataset_produces_1 to 2025-10-29T00:00:00+00:00, run_after=2025-10-30T00:00:00+00:00
[2025-10-30T01:52:27.733+0000] {logging_mixin.py:150} INFO - [2025-10-30T01:52:27.733+0000] {dag.py:3504} INFO - Setting next_dagrun for dataset_produces_2 to None, run_after=None
[2025-10-30T01:52:27.759+0000] {processor.py:179} INFO - Processing /home/vscode/.local/lib/python3.10/site-packages/airflow/example_dags/example_datasets.py took 0.075 seconds
[2025-10-30T01:53:09.360+0000] {processor.py:157} INFO - Started process (PID=15299) to work on /home/vscode/.local/lib/python3.10/site-packages/airflow/example_dags/example_datasets.py
[2025-10-30T01:53:09.360+0000] {processor.py:826} INFO - Processing file /home/vscode/.local/lib/python3.10/site-packages/airflow/example_dags/example_datasets.py for tasks to queue
[2025-10-30T01:53:09.361+0000] {logging_mixin.py:150} INFO - [2025-10-30T01:53:09.361+0000] {dagbag.py:541} INFO - Filling up the DagBag from /home/vscode/.local/lib/python3.10/site-packages/airflow/example_dags/example_datasets.py
[2025-10-30T01:53:09.368+0000] {processor.py:836} INFO - DAG(s) dict_keys(['dataset_produces_1', 'dataset_consumes_1', 'dataset_produces_2', 'dataset_consumes_unknown_never_scheduled', 'dataset_consumes_1_never_scheduled', 'dataset_consumes_1_and_2']) retrieved from /home/vscode/.local/lib/python3.10/site-packages/airflow/example_dags/example_datasets.py
[2025-10-30T01:53:09.387+0000] {logging_mixin.py:150} INFO - [2025-10-30T01:53:09.387+0000] {dag.py:2742} INFO - Sync 6 DAGs
[2025-10-30T01:53:09.401+0000] {logging_mixin.py:150} INFO - [2025-10-30T01:53:09.401+0000] {dag.py:3504} INFO - Setting next_dagrun for dataset_consumes_1 to None, run_after=None
[2025-10-30T01:53:09.403+0000] {logging_mixin.py:150} INFO - [2025-10-30T01:53:09.403+0000] {dag.py:3504} INFO - Setting next_dagrun for dataset_consumes_1_and_2 to None, run_after=None
[2025-10-30T01:53:09.404+0000] {logging_mixin.py:150} INFO - [2025-10-30T01:53:09.404+0000] {dag.py:3504} INFO - Setting next_dagrun for dataset_consumes_1_never_scheduled to None, run_after=None
[2025-10-30T01:53:09.405+0000] {logging_mixin.py:150} INFO - [2025-10-30T01:53:09.405+0000] {dag.py:3504} INFO - Setting next_dagrun for dataset_consumes_unknown_never_scheduled to None, run_after=None
[2025-10-30T01:53:09.407+0000] {logging_mixin.py:150} INFO - [2025-10-30T01:53:09.406+0000] {dag.py:3504} INFO - Setting next_dagrun for dataset_produces_1 to 2025-10-29T00:00:00+00:00, run_after=2025-10-30T00:00:00+00:00
[2025-10-30T01:53:09.407+0000] {logging_mixin.py:150} INFO - [2025-10-30T01:53:09.407+0000] {dag.py:3504} INFO - Setting next_dagrun for dataset_produces_2 to None, run_after=None
[2025-10-30T01:53:09.428+0000] {processor.py:179} INFO - Processing /home/vscode/.local/lib/python3.10/site-packages/airflow/example_dags/example_datasets.py took 0.070 seconds
[2025-10-30T01:54:00.479+0000] {processor.py:157} INFO - Started process (PID=15766) to work on /home/vscode/.local/lib/python3.10/site-packages/airflow/example_dags/example_datasets.py
[2025-10-30T01:54:00.480+0000] {processor.py:826} INFO - Processing file /home/vscode/.local/lib/python3.10/site-packages/airflow/example_dags/example_datasets.py for tasks to queue
[2025-10-30T01:54:00.480+0000] {logging_mixin.py:150} INFO - [2025-10-30T01:54:00.480+0000] {dagbag.py:541} INFO - Filling up the DagBag from /home/vscode/.local/lib/python3.10/site-packages/airflow/example_dags/example_datasets.py
[2025-10-30T01:54:00.487+0000] {processor.py:836} INFO - DAG(s) dict_keys(['dataset_consumes_1', 'dataset_consumes_1_and_2', 'dataset_produces_1', 'dataset_consumes_1_never_scheduled', 'dataset_consumes_unknown_never_scheduled', 'dataset_produces_2']) retrieved from /home/vscode/.local/lib/python3.10/site-packages/airflow/example_dags/example_datasets.py
[2025-10-30T01:54:00.512+0000] {logging_mixin.py:150} INFO - [2025-10-30T01:54:00.512+0000] {dag.py:2742} INFO - Sync 6 DAGs
[2025-10-30T01:54:00.527+0000] {logging_mixin.py:150} INFO - [2025-10-30T01:54:00.527+0000] {dag.py:3504} INFO - Setting next_dagrun for dataset_consumes_1 to None, run_after=None
[2025-10-30T01:54:00.529+0000] {logging_mixin.py:150} INFO - [2025-10-30T01:54:00.529+0000] {dag.py:3504} INFO - Setting next_dagrun for dataset_consumes_1_and_2 to None, run_after=None
[2025-10-30T01:54:00.530+0000] {logging_mixin.py:150} INFO - [2025-10-30T01:54:00.530+0000] {dag.py:3504} INFO - Setting next_dagrun for dataset_consumes_1_never_scheduled to None, run_after=None
[2025-10-30T01:54:00.530+0000] {logging_mixin.py:150} INFO - [2025-10-30T01:54:00.530+0000] {dag.py:3504} INFO - Setting next_dagrun for dataset_consumes_unknown_never_scheduled to None, run_after=None
[2025-10-30T01:54:00.532+0000] {logging_mixin.py:150} INFO - [2025-10-30T01:54:00.532+0000] {dag.py:3504} INFO - Setting next_dagrun for dataset_produces_1 to 2025-10-29T00:00:00+00:00, run_after=2025-10-30T00:00:00+00:00
[2025-10-30T01:54:00.533+0000] {logging_mixin.py:150} INFO - [2025-10-30T01:54:00.533+0000] {dag.py:3504} INFO - Setting next_dagrun for dataset_produces_2 to None, run_after=None
[2025-10-30T01:54:00.553+0000] {processor.py:179} INFO - Processing /home/vscode/.local/lib/python3.10/site-packages/airflow/example_dags/example_datasets.py took 0.076 seconds
[2025-10-30T01:54:44.077+0000] {processor.py:157} INFO - Started process (PID=16074) to work on /home/vscode/.local/lib/python3.10/site-packages/airflow/example_dags/example_datasets.py
[2025-10-30T01:54:44.078+0000] {processor.py:826} INFO - Processing file /home/vscode/.local/lib/python3.10/site-packages/airflow/example_dags/example_datasets.py for tasks to queue
[2025-10-30T01:54:44.078+0000] {logging_mixin.py:150} INFO - [2025-10-30T01:54:44.078+0000] {dagbag.py:541} INFO - Filling up the DagBag from /home/vscode/.local/lib/python3.10/site-packages/airflow/example_dags/example_datasets.py
[2025-10-30T01:54:44.085+0000] {processor.py:836} INFO - DAG(s) dict_keys(['dataset_consumes_1_never_scheduled', 'dataset_consumes_1', 'dataset_produces_2', 'dataset_produces_1', 'dataset_consumes_1_and_2', 'dataset_consumes_unknown_never_scheduled']) retrieved from /home/vscode/.local/lib/python3.10/site-packages/airflow/example_dags/example_datasets.py
[2025-10-30T01:54:44.104+0000] {logging_mixin.py:150} INFO - [2025-10-30T01:54:44.104+0000] {dag.py:2742} INFO - Sync 6 DAGs
[2025-10-30T01:54:44.118+0000] {logging_mixin.py:150} INFO - [2025-10-30T01:54:44.118+0000] {dag.py:3504} INFO - Setting next_dagrun for dataset_consumes_1 to None, run_after=None
[2025-10-30T01:54:44.121+0000] {logging_mixin.py:150} INFO - [2025-10-30T01:54:44.120+0000] {dag.py:3504} INFO - Setting next_dagrun for dataset_consumes_1_and_2 to None, run_after=None
[2025-10-30T01:54:44.121+0000] {logging_mixin.py:150} INFO - [2025-10-30T01:54:44.121+0000] {dag.py:3504} INFO - Setting next_dagrun for dataset_consumes_1_never_scheduled to None, run_after=None
[2025-10-30T01:54:44.122+0000] {logging_mixin.py:150} INFO - [2025-10-30T01:54:44.122+0000] {dag.py:3504} INFO - Setting next_dagrun for dataset_consumes_unknown_never_scheduled to None, run_after=None
[2025-10-30T01:54:44.124+0000] {logging_mixin.py:150} INFO - [2025-10-30T01:54:44.124+0000] {dag.py:3504} INFO - Setting next_dagrun for dataset_produces_1 to 2025-10-29T00:00:00+00:00, run_after=2025-10-30T00:00:00+00:00
[2025-10-30T01:54:44.124+0000] {logging_mixin.py:150} INFO - [2025-10-30T01:54:44.124+0000] {dag.py:3504} INFO - Setting next_dagrun for dataset_produces_2 to None, run_after=None
[2025-10-30T01:54:44.145+0000] {processor.py:179} INFO - Processing /home/vscode/.local/lib/python3.10/site-packages/airflow/example_dags/example_datasets.py took 0.070 seconds
[2025-10-30T01:55:38.685+0000] {processor.py:157} INFO - Started process (PID=16571) to work on /home/vscode/.local/lib/python3.10/site-packages/airflow/example_dags/example_datasets.py
[2025-10-30T01:55:38.686+0000] {processor.py:826} INFO - Processing file /home/vscode/.local/lib/python3.10/site-packages/airflow/example_dags/example_datasets.py for tasks to queue
[2025-10-30T01:55:38.686+0000] {logging_mixin.py:150} INFO - [2025-10-30T01:55:38.686+0000] {dagbag.py:541} INFO - Filling up the DagBag from /home/vscode/.local/lib/python3.10/site-packages/airflow/example_dags/example_datasets.py
[2025-10-30T01:55:38.693+0000] {processor.py:836} INFO - DAG(s) dict_keys(['dataset_produces_2', 'dataset_consumes_1_never_scheduled', 'dataset_produces_1', 'dataset_consumes_1_and_2', 'dataset_consumes_1', 'dataset_consumes_unknown_never_scheduled']) retrieved from /home/vscode/.local/lib/python3.10/site-packages/airflow/example_dags/example_datasets.py
[2025-10-30T01:55:38.713+0000] {logging_mixin.py:150} INFO - [2025-10-30T01:55:38.712+0000] {dag.py:2742} INFO - Sync 6 DAGs
[2025-10-30T01:55:38.728+0000] {logging_mixin.py:150} INFO - [2025-10-30T01:55:38.727+0000] {dag.py:3504} INFO - Setting next_dagrun for dataset_consumes_1 to None, run_after=None
[2025-10-30T01:55:38.730+0000] {logging_mixin.py:150} INFO - [2025-10-30T01:55:38.730+0000] {dag.py:3504} INFO - Setting next_dagrun for dataset_consumes_1_and_2 to None, run_after=None
[2025-10-30T01:55:38.730+0000] {logging_mixin.py:150} INFO - [2025-10-30T01:55:38.730+0000] {dag.py:3504} INFO - Setting next_dagrun for dataset_consumes_1_never_scheduled to None, run_after=None
[2025-10-30T01:55:38.731+0000] {logging_mixin.py:150} INFO - [2025-10-30T01:55:38.731+0000] {dag.py:3504} INFO - Setting next_dagrun for dataset_consumes_unknown_never_scheduled to None, run_after=None
[2025-10-30T01:55:38.733+0000] {logging_mixin.py:150} INFO - [2025-10-30T01:55:38.733+0000] {dag.py:3504} INFO - Setting next_dagrun for dataset_produces_1 to 2025-10-29T00:00:00+00:00, run_after=2025-10-30T00:00:00+00:00
[2025-10-30T01:55:38.734+0000] {logging_mixin.py:150} INFO - [2025-10-30T01:55:38.733+0000] {dag.py:3504} INFO - Setting next_dagrun for dataset_produces_2 to None, run_after=None
[2025-10-30T01:55:38.755+0000] {processor.py:179} INFO - Processing /home/vscode/.local/lib/python3.10/site-packages/airflow/example_dags/example_datasets.py took 0.071 seconds
[2025-10-30T02:06:54.121+0000] {processor.py:157} INFO - Started process (PID=20771) to work on /home/vscode/.local/lib/python3.10/site-packages/airflow/example_dags/example_datasets.py
[2025-10-30T02:06:54.122+0000] {processor.py:826} INFO - Processing file /home/vscode/.local/lib/python3.10/site-packages/airflow/example_dags/example_datasets.py for tasks to queue
[2025-10-30T02:06:54.122+0000] {logging_mixin.py:150} INFO - [2025-10-30T02:06:54.122+0000] {dagbag.py:541} INFO - Filling up the DagBag from /home/vscode/.local/lib/python3.10/site-packages/airflow/example_dags/example_datasets.py
[2025-10-30T02:06:54.129+0000] {processor.py:836} INFO - DAG(s) dict_keys(['dataset_consumes_1_never_scheduled', 'dataset_consumes_1_and_2', 'dataset_produces_1', 'dataset_consumes_1', 'dataset_consumes_unknown_never_scheduled', 'dataset_produces_2']) retrieved from /home/vscode/.local/lib/python3.10/site-packages/airflow/example_dags/example_datasets.py
[2025-10-30T02:06:54.149+0000] {logging_mixin.py:150} INFO - [2025-10-30T02:06:54.149+0000] {dag.py:2742} INFO - Sync 6 DAGs
[2025-10-30T02:06:54.164+0000] {logging_mixin.py:150} INFO - [2025-10-30T02:06:54.164+0000] {dag.py:3504} INFO - Setting next_dagrun for dataset_consumes_1 to None, run_after=None
[2025-10-30T02:06:54.166+0000] {logging_mixin.py:150} INFO - [2025-10-30T02:06:54.166+0000] {dag.py:3504} INFO - Setting next_dagrun for dataset_consumes_1_and_2 to None, run_after=None
[2025-10-30T02:06:54.166+0000] {logging_mixin.py:150} INFO - [2025-10-30T02:06:54.166+0000] {dag.py:3504} INFO - Setting next_dagrun for dataset_consumes_1_never_scheduled to None, run_after=None
[2025-10-30T02:06:54.167+0000] {logging_mixin.py:150} INFO - [2025-10-30T02:06:54.167+0000] {dag.py:3504} INFO - Setting next_dagrun for dataset_consumes_unknown_never_scheduled to None, run_after=None
[2025-10-30T02:06:54.169+0000] {logging_mixin.py:150} INFO - [2025-10-30T02:06:54.169+0000] {dag.py:3504} INFO - Setting next_dagrun for dataset_produces_1 to 2025-10-29T00:00:00+00:00, run_after=2025-10-30T00:00:00+00:00
[2025-10-30T02:06:54.169+0000] {logging_mixin.py:150} INFO - [2025-10-30T02:06:54.169+0000] {dag.py:3504} INFO - Setting next_dagrun for dataset_produces_2 to None, run_after=None
[2025-10-30T02:06:54.197+0000] {processor.py:179} INFO - Processing /home/vscode/.local/lib/python3.10/site-packages/airflow/example_dags/example_datasets.py took 0.078 seconds
[2025-10-30T02:07:38.129+0000] {processor.py:157} INFO - Started process (PID=21123) to work on /home/vscode/.local/lib/python3.10/site-packages/airflow/example_dags/example_datasets.py
[2025-10-30T02:07:38.130+0000] {processor.py:826} INFO - Processing file /home/vscode/.local/lib/python3.10/site-packages/airflow/example_dags/example_datasets.py for tasks to queue
[2025-10-30T02:07:38.131+0000] {logging_mixin.py:150} INFO - [2025-10-30T02:07:38.130+0000] {dagbag.py:541} INFO - Filling up the DagBag from /home/vscode/.local/lib/python3.10/site-packages/airflow/example_dags/example_datasets.py
[2025-10-30T02:07:38.139+0000] {processor.py:836} INFO - DAG(s) dict_keys(['dataset_consumes_1_never_scheduled', 'dataset_produces_1', 'dataset_consumes_1', 'dataset_consumes_unknown_never_scheduled', 'dataset_consumes_1_and_2', 'dataset_produces_2']) retrieved from /home/vscode/.local/lib/python3.10/site-packages/airflow/example_dags/example_datasets.py
[2025-10-30T02:07:38.159+0000] {logging_mixin.py:150} INFO - [2025-10-30T02:07:38.159+0000] {dag.py:2742} INFO - Sync 6 DAGs
[2025-10-30T02:07:38.174+0000] {logging_mixin.py:150} INFO - [2025-10-30T02:07:38.174+0000] {dag.py:3504} INFO - Setting next_dagrun for dataset_consumes_1 to None, run_after=None
[2025-10-30T02:07:38.176+0000] {logging_mixin.py:150} INFO - [2025-10-30T02:07:38.176+0000] {dag.py:3504} INFO - Setting next_dagrun for dataset_consumes_1_and_2 to None, run_after=None
[2025-10-30T02:07:38.177+0000] {logging_mixin.py:150} INFO - [2025-10-30T02:07:38.176+0000] {dag.py:3504} INFO - Setting next_dagrun for dataset_consumes_1_never_scheduled to None, run_after=None
[2025-10-30T02:07:38.177+0000] {logging_mixin.py:150} INFO - [2025-10-30T02:07:38.177+0000] {dag.py:3504} INFO - Setting next_dagrun for dataset_consumes_unknown_never_scheduled to None, run_after=None
[2025-10-30T02:07:38.179+0000] {logging_mixin.py:150} INFO - [2025-10-30T02:07:38.179+0000] {dag.py:3504} INFO - Setting next_dagrun for dataset_produces_1 to 2025-10-29T00:00:00+00:00, run_after=2025-10-30T00:00:00+00:00
[2025-10-30T02:07:38.180+0000] {logging_mixin.py:150} INFO - [2025-10-30T02:07:38.180+0000] {dag.py:3504} INFO - Setting next_dagrun for dataset_produces_2 to None, run_after=None
[2025-10-30T02:07:38.200+0000] {processor.py:179} INFO - Processing /home/vscode/.local/lib/python3.10/site-packages/airflow/example_dags/example_datasets.py took 0.074 seconds
[2025-10-30T02:08:24.110+0000] {processor.py:157} INFO - Started process (PID=21491) to work on /home/vscode/.local/lib/python3.10/site-packages/airflow/example_dags/example_datasets.py
[2025-10-30T02:08:24.111+0000] {processor.py:826} INFO - Processing file /home/vscode/.local/lib/python3.10/site-packages/airflow/example_dags/example_datasets.py for tasks to queue
[2025-10-30T02:08:24.111+0000] {logging_mixin.py:150} INFO - [2025-10-30T02:08:24.111+0000] {dagbag.py:541} INFO - Filling up the DagBag from /home/vscode/.local/lib/python3.10/site-packages/airflow/example_dags/example_datasets.py
[2025-10-30T02:08:24.118+0000] {processor.py:836} INFO - DAG(s) dict_keys(['dataset_consumes_unknown_never_scheduled', 'dataset_produces_2', 'dataset_consumes_1', 'dataset_consumes_1_never_scheduled', 'dataset_consumes_1_and_2', 'dataset_produces_1']) retrieved from /home/vscode/.local/lib/python3.10/site-packages/airflow/example_dags/example_datasets.py
[2025-10-30T02:08:24.138+0000] {logging_mixin.py:150} INFO - [2025-10-30T02:08:24.138+0000] {dag.py:2742} INFO - Sync 6 DAGs
[2025-10-30T02:08:24.152+0000] {logging_mixin.py:150} INFO - [2025-10-30T02:08:24.152+0000] {dag.py:3504} INFO - Setting next_dagrun for dataset_consumes_1 to None, run_after=None
[2025-10-30T02:08:24.154+0000] {logging_mixin.py:150} INFO - [2025-10-30T02:08:24.154+0000] {dag.py:3504} INFO - Setting next_dagrun for dataset_consumes_1_and_2 to None, run_after=None
[2025-10-30T02:08:24.155+0000] {logging_mixin.py:150} INFO - [2025-10-30T02:08:24.155+0000] {dag.py:3504} INFO - Setting next_dagrun for dataset_consumes_1_never_scheduled to None, run_after=None
[2025-10-30T02:08:24.155+0000] {logging_mixin.py:150} INFO - [2025-10-30T02:08:24.155+0000] {dag.py:3504} INFO - Setting next_dagrun for dataset_consumes_unknown_never_scheduled to None, run_after=None
[2025-10-30T02:08:24.157+0000] {logging_mixin.py:150} INFO - [2025-10-30T02:08:24.157+0000] {dag.py:3504} INFO - Setting next_dagrun for dataset_produces_1 to 2025-10-29T00:00:00+00:00, run_after=2025-10-30T00:00:00+00:00
[2025-10-30T02:08:24.158+0000] {logging_mixin.py:150} INFO - [2025-10-30T02:08:24.158+0000] {dag.py:3504} INFO - Setting next_dagrun for dataset_produces_2 to None, run_after=None
[2025-10-30T02:08:24.179+0000] {processor.py:179} INFO - Processing /home/vscode/.local/lib/python3.10/site-packages/airflow/example_dags/example_datasets.py took 0.071 seconds
[2025-10-30T02:09:10.320+0000] {processor.py:157} INFO - Started process (PID=21944) to work on /home/vscode/.local/lib/python3.10/site-packages/airflow/example_dags/example_datasets.py
[2025-10-30T02:09:10.320+0000] {processor.py:826} INFO - Processing file /home/vscode/.local/lib/python3.10/site-packages/airflow/example_dags/example_datasets.py for tasks to queue
[2025-10-30T02:09:10.321+0000] {logging_mixin.py:150} INFO - [2025-10-30T02:09:10.321+0000] {dagbag.py:541} INFO - Filling up the DagBag from /home/vscode/.local/lib/python3.10/site-packages/airflow/example_dags/example_datasets.py
[2025-10-30T02:09:10.328+0000] {processor.py:836} INFO - DAG(s) dict_keys(['dataset_consumes_unknown_never_scheduled', 'dataset_produces_1', 'dataset_consumes_1_never_scheduled', 'dataset_produces_2', 'dataset_consumes_1', 'dataset_consumes_1_and_2']) retrieved from /home/vscode/.local/lib/python3.10/site-packages/airflow/example_dags/example_datasets.py
[2025-10-30T02:09:10.354+0000] {logging_mixin.py:150} INFO - [2025-10-30T02:09:10.354+0000] {dag.py:2742} INFO - Sync 6 DAGs
[2025-10-30T02:09:10.368+0000] {logging_mixin.py:150} INFO - [2025-10-30T02:09:10.368+0000] {dag.py:3504} INFO - Setting next_dagrun for dataset_consumes_1 to None, run_after=None
[2025-10-30T02:09:10.370+0000] {logging_mixin.py:150} INFO - [2025-10-30T02:09:10.370+0000] {dag.py:3504} INFO - Setting next_dagrun for dataset_consumes_1_and_2 to None, run_after=None
[2025-10-30T02:09:10.371+0000] {logging_mixin.py:150} INFO - [2025-10-30T02:09:10.371+0000] {dag.py:3504} INFO - Setting next_dagrun for dataset_consumes_1_never_scheduled to None, run_after=None
[2025-10-30T02:09:10.371+0000] {logging_mixin.py:150} INFO - [2025-10-30T02:09:10.371+0000] {dag.py:3504} INFO - Setting next_dagrun for dataset_consumes_unknown_never_scheduled to None, run_after=None
[2025-10-30T02:09:10.373+0000] {logging_mixin.py:150} INFO - [2025-10-30T02:09:10.373+0000] {dag.py:3504} INFO - Setting next_dagrun for dataset_produces_1 to 2025-10-29T00:00:00+00:00, run_after=2025-10-30T00:00:00+00:00
[2025-10-30T02:09:10.374+0000] {logging_mixin.py:150} INFO - [2025-10-30T02:09:10.374+0000] {dag.py:3504} INFO - Setting next_dagrun for dataset_produces_2 to None, run_after=None
[2025-10-30T02:09:10.395+0000] {processor.py:179} INFO - Processing /home/vscode/.local/lib/python3.10/site-packages/airflow/example_dags/example_datasets.py took 0.078 seconds
