[2025-10-30T01:49:02.996+0000] {processor.py:157} INFO - Started process (PID=13633) to work on /home/vscode/.local/lib/python3.10/site-packages/airflow/example_dags/example_short_circuit_operator.py
[2025-10-30T01:49:02.997+0000] {processor.py:826} INFO - Processing file /home/vscode/.local/lib/python3.10/site-packages/airflow/example_dags/example_short_circuit_operator.py for tasks to queue
[2025-10-30T01:49:02.997+0000] {logging_mixin.py:150} INFO - [2025-10-30T01:49:02.997+0000] {dagbag.py:541} INFO - Filling up the DagBag from /home/vscode/.local/lib/python3.10/site-packages/airflow/example_dags/example_short_circuit_operator.py
[2025-10-30T01:49:03.003+0000] {processor.py:836} INFO - DAG(s) dict_keys(['example_short_circuit_operator']) retrieved from /home/vscode/.local/lib/python3.10/site-packages/airflow/example_dags/example_short_circuit_operator.py
[2025-10-30T01:49:03.083+0000] {logging_mixin.py:150} INFO - [2025-10-30T01:49:03.083+0000] {manager.py:504} INFO - Created Permission View: can read on DAG:example_short_circuit_operator
[2025-10-30T01:49:03.091+0000] {logging_mixin.py:150} INFO - [2025-10-30T01:49:03.091+0000] {manager.py:504} INFO - Created Permission View: can delete on DAG:example_short_circuit_operator
[2025-10-30T01:49:03.097+0000] {logging_mixin.py:150} INFO - [2025-10-30T01:49:03.097+0000] {manager.py:504} INFO - Created Permission View: can edit on DAG:example_short_circuit_operator
[2025-10-30T01:49:03.105+0000] {logging_mixin.py:150} INFO - [2025-10-30T01:49:03.105+0000] {dag.py:2742} INFO - Sync 1 DAGs
[2025-10-30T01:49:03.112+0000] {logging_mixin.py:150} INFO - [2025-10-30T01:49:03.112+0000] {dag.py:2763} INFO - Creating ORM DAG for example_short_circuit_operator
[2025-10-30T01:49:03.118+0000] {logging_mixin.py:150} INFO - [2025-10-30T01:49:03.118+0000] {dag.py:3504} INFO - Setting next_dagrun for example_short_circuit_operator to 2025-10-29T01:49:03.117925+00:00, run_after=2025-10-30T01:49:03.117925+00:00
[2025-10-30T01:49:03.133+0000] {processor.py:179} INFO - Processing /home/vscode/.local/lib/python3.10/site-packages/airflow/example_dags/example_short_circuit_operator.py took 0.139 seconds
[2025-10-30T01:49:49.593+0000] {processor.py:157} INFO - Started process (PID=13933) to work on /home/vscode/.local/lib/python3.10/site-packages/airflow/example_dags/example_short_circuit_operator.py
[2025-10-30T01:49:49.593+0000] {processor.py:826} INFO - Processing file /home/vscode/.local/lib/python3.10/site-packages/airflow/example_dags/example_short_circuit_operator.py for tasks to queue
[2025-10-30T01:49:49.594+0000] {logging_mixin.py:150} INFO - [2025-10-30T01:49:49.594+0000] {dagbag.py:541} INFO - Filling up the DagBag from /home/vscode/.local/lib/python3.10/site-packages/airflow/example_dags/example_short_circuit_operator.py
[2025-10-30T01:49:49.600+0000] {processor.py:836} INFO - DAG(s) dict_keys(['example_short_circuit_operator']) retrieved from /home/vscode/.local/lib/python3.10/site-packages/airflow/example_dags/example_short_circuit_operator.py
[2025-10-30T01:49:49.613+0000] {logging_mixin.py:150} INFO - [2025-10-30T01:49:49.613+0000] {dag.py:2742} INFO - Sync 1 DAGs
[2025-10-30T01:49:49.627+0000] {logging_mixin.py:150} INFO - [2025-10-30T01:49:49.627+0000] {dag.py:3504} INFO - Setting next_dagrun for example_short_circuit_operator to 2025-10-29T01:49:49.627061+00:00, run_after=2025-10-30T01:49:49.627061+00:00
[2025-10-30T01:49:49.642+0000] {processor.py:179} INFO - Processing /home/vscode/.local/lib/python3.10/site-packages/airflow/example_dags/example_short_circuit_operator.py took 0.051 seconds
[2025-10-30T01:50:33.944+0000] {processor.py:157} INFO - Started process (PID=14252) to work on /home/vscode/.local/lib/python3.10/site-packages/airflow/example_dags/example_short_circuit_operator.py
[2025-10-30T01:50:33.945+0000] {processor.py:826} INFO - Processing file /home/vscode/.local/lib/python3.10/site-packages/airflow/example_dags/example_short_circuit_operator.py for tasks to queue
[2025-10-30T01:50:33.945+0000] {logging_mixin.py:150} INFO - [2025-10-30T01:50:33.945+0000] {dagbag.py:541} INFO - Filling up the DagBag from /home/vscode/.local/lib/python3.10/site-packages/airflow/example_dags/example_short_circuit_operator.py
[2025-10-30T01:50:33.951+0000] {processor.py:836} INFO - DAG(s) dict_keys(['example_short_circuit_operator']) retrieved from /home/vscode/.local/lib/python3.10/site-packages/airflow/example_dags/example_short_circuit_operator.py
[2025-10-30T01:50:33.965+0000] {logging_mixin.py:150} INFO - [2025-10-30T01:50:33.965+0000] {dag.py:2742} INFO - Sync 1 DAGs
[2025-10-30T01:50:33.979+0000] {logging_mixin.py:150} INFO - [2025-10-30T01:50:33.979+0000] {dag.py:3504} INFO - Setting next_dagrun for example_short_circuit_operator to 2025-10-29T01:50:33.979541+00:00, run_after=2025-10-30T01:50:33.979541+00:00
[2025-10-30T01:50:33.994+0000] {processor.py:179} INFO - Processing /home/vscode/.local/lib/python3.10/site-packages/airflow/example_dags/example_short_circuit_operator.py took 0.052 seconds
[2025-10-30T01:51:21.430+0000] {processor.py:157} INFO - Started process (PID=14574) to work on /home/vscode/.local/lib/python3.10/site-packages/airflow/example_dags/example_short_circuit_operator.py
[2025-10-30T01:51:21.430+0000] {processor.py:826} INFO - Processing file /home/vscode/.local/lib/python3.10/site-packages/airflow/example_dags/example_short_circuit_operator.py for tasks to queue
[2025-10-30T01:51:21.431+0000] {logging_mixin.py:150} INFO - [2025-10-30T01:51:21.430+0000] {dagbag.py:541} INFO - Filling up the DagBag from /home/vscode/.local/lib/python3.10/site-packages/airflow/example_dags/example_short_circuit_operator.py
[2025-10-30T01:51:21.436+0000] {processor.py:836} INFO - DAG(s) dict_keys(['example_short_circuit_operator']) retrieved from /home/vscode/.local/lib/python3.10/site-packages/airflow/example_dags/example_short_circuit_operator.py
[2025-10-30T01:51:21.449+0000] {logging_mixin.py:150} INFO - [2025-10-30T01:51:21.449+0000] {dag.py:2742} INFO - Sync 1 DAGs
[2025-10-30T01:51:21.463+0000] {logging_mixin.py:150} INFO - [2025-10-30T01:51:21.463+0000] {dag.py:3504} INFO - Setting next_dagrun for example_short_circuit_operator to 2025-10-29T01:51:21.463086+00:00, run_after=2025-10-30T01:51:21.463086+00:00
[2025-10-30T01:51:21.479+0000] {processor.py:179} INFO - Processing /home/vscode/.local/lib/python3.10/site-packages/airflow/example_dags/example_short_circuit_operator.py took 0.052 seconds
[2025-10-30T01:52:04.232+0000] {processor.py:157} INFO - Started process (PID=14860) to work on /home/vscode/.local/lib/python3.10/site-packages/airflow/example_dags/example_short_circuit_operator.py
[2025-10-30T01:52:04.232+0000] {processor.py:826} INFO - Processing file /home/vscode/.local/lib/python3.10/site-packages/airflow/example_dags/example_short_circuit_operator.py for tasks to queue
[2025-10-30T01:52:04.233+0000] {logging_mixin.py:150} INFO - [2025-10-30T01:52:04.232+0000] {dagbag.py:541} INFO - Filling up the DagBag from /home/vscode/.local/lib/python3.10/site-packages/airflow/example_dags/example_short_circuit_operator.py
[2025-10-30T01:52:04.238+0000] {processor.py:836} INFO - DAG(s) dict_keys(['example_short_circuit_operator']) retrieved from /home/vscode/.local/lib/python3.10/site-packages/airflow/example_dags/example_short_circuit_operator.py
[2025-10-30T01:52:04.251+0000] {logging_mixin.py:150} INFO - [2025-10-30T01:52:04.251+0000] {dag.py:2742} INFO - Sync 1 DAGs
[2025-10-30T01:52:04.265+0000] {logging_mixin.py:150} INFO - [2025-10-30T01:52:04.265+0000] {dag.py:3504} INFO - Setting next_dagrun for example_short_circuit_operator to 2025-10-29T01:52:04.265078+00:00, run_after=2025-10-30T01:52:04.265078+00:00
[2025-10-30T01:52:04.280+0000] {processor.py:179} INFO - Processing /home/vscode/.local/lib/python3.10/site-packages/airflow/example_dags/example_short_circuit_operator.py took 0.050 seconds
[2025-10-30T01:52:50.372+0000] {processor.py:157} INFO - Started process (PID=15158) to work on /home/vscode/.local/lib/python3.10/site-packages/airflow/example_dags/example_short_circuit_operator.py
[2025-10-30T01:52:50.373+0000] {processor.py:826} INFO - Processing file /home/vscode/.local/lib/python3.10/site-packages/airflow/example_dags/example_short_circuit_operator.py for tasks to queue
[2025-10-30T01:52:50.374+0000] {logging_mixin.py:150} INFO - [2025-10-30T01:52:50.373+0000] {dagbag.py:541} INFO - Filling up the DagBag from /home/vscode/.local/lib/python3.10/site-packages/airflow/example_dags/example_short_circuit_operator.py
[2025-10-30T01:52:50.379+0000] {processor.py:836} INFO - DAG(s) dict_keys(['example_short_circuit_operator']) retrieved from /home/vscode/.local/lib/python3.10/site-packages/airflow/example_dags/example_short_circuit_operator.py
[2025-10-30T01:52:50.392+0000] {logging_mixin.py:150} INFO - [2025-10-30T01:52:50.392+0000] {dag.py:2742} INFO - Sync 1 DAGs
[2025-10-30T01:52:50.406+0000] {logging_mixin.py:150} INFO - [2025-10-30T01:52:50.406+0000] {dag.py:3504} INFO - Setting next_dagrun for example_short_circuit_operator to 2025-10-29T01:52:50.405967+00:00, run_after=2025-10-30T01:52:50.405967+00:00
[2025-10-30T01:52:50.421+0000] {processor.py:179} INFO - Processing /home/vscode/.local/lib/python3.10/site-packages/airflow/example_dags/example_short_circuit_operator.py took 0.050 seconds
[2025-10-30T01:53:31.486+0000] {processor.py:157} INFO - Started process (PID=15451) to work on /home/vscode/.local/lib/python3.10/site-packages/airflow/example_dags/example_short_circuit_operator.py
[2025-10-30T01:53:31.486+0000] {processor.py:826} INFO - Processing file /home/vscode/.local/lib/python3.10/site-packages/airflow/example_dags/example_short_circuit_operator.py for tasks to queue
[2025-10-30T01:53:31.487+0000] {logging_mixin.py:150} INFO - [2025-10-30T01:53:31.487+0000] {dagbag.py:541} INFO - Filling up the DagBag from /home/vscode/.local/lib/python3.10/site-packages/airflow/example_dags/example_short_circuit_operator.py
[2025-10-30T01:53:31.493+0000] {processor.py:836} INFO - DAG(s) dict_keys(['example_short_circuit_operator']) retrieved from /home/vscode/.local/lib/python3.10/site-packages/airflow/example_dags/example_short_circuit_operator.py
[2025-10-30T01:53:31.510+0000] {logging_mixin.py:150} INFO - [2025-10-30T01:53:31.510+0000] {dag.py:2742} INFO - Sync 1 DAGs
[2025-10-30T01:53:31.528+0000] {logging_mixin.py:150} INFO - [2025-10-30T01:53:31.528+0000] {dag.py:3504} INFO - Setting next_dagrun for example_short_circuit_operator to 2025-10-29T01:53:31.528463+00:00, run_after=2025-10-30T01:53:31.528463+00:00
[2025-10-30T01:53:31.543+0000] {processor.py:179} INFO - Processing /home/vscode/.local/lib/python3.10/site-packages/airflow/example_dags/example_short_circuit_operator.py took 0.060 seconds
[2025-10-30T01:54:14.880+0000] {processor.py:157} INFO - Started process (PID=15881) to work on /home/vscode/.local/lib/python3.10/site-packages/airflow/example_dags/example_short_circuit_operator.py
[2025-10-30T01:54:14.881+0000] {processor.py:826} INFO - Processing file /home/vscode/.local/lib/python3.10/site-packages/airflow/example_dags/example_short_circuit_operator.py for tasks to queue
[2025-10-30T01:54:14.881+0000] {logging_mixin.py:150} INFO - [2025-10-30T01:54:14.881+0000] {dagbag.py:541} INFO - Filling up the DagBag from /home/vscode/.local/lib/python3.10/site-packages/airflow/example_dags/example_short_circuit_operator.py
[2025-10-30T01:54:14.887+0000] {processor.py:836} INFO - DAG(s) dict_keys(['example_short_circuit_operator']) retrieved from /home/vscode/.local/lib/python3.10/site-packages/airflow/example_dags/example_short_circuit_operator.py
[2025-10-30T01:54:14.900+0000] {logging_mixin.py:150} INFO - [2025-10-30T01:54:14.900+0000] {dag.py:2742} INFO - Sync 1 DAGs
[2025-10-30T01:54:14.914+0000] {logging_mixin.py:150} INFO - [2025-10-30T01:54:14.914+0000] {dag.py:3504} INFO - Setting next_dagrun for example_short_circuit_operator to 2025-10-29T01:54:14.914372+00:00, run_after=2025-10-30T01:54:14.914372+00:00
[2025-10-30T01:54:14.932+0000] {processor.py:179} INFO - Processing /home/vscode/.local/lib/python3.10/site-packages/airflow/example_dags/example_short_circuit_operator.py took 0.054 seconds
[2025-10-30T01:54:56.985+0000] {processor.py:157} INFO - Started process (PID=16164) to work on /home/vscode/.local/lib/python3.10/site-packages/airflow/example_dags/example_short_circuit_operator.py
[2025-10-30T01:54:56.985+0000] {processor.py:826} INFO - Processing file /home/vscode/.local/lib/python3.10/site-packages/airflow/example_dags/example_short_circuit_operator.py for tasks to queue
[2025-10-30T01:54:56.986+0000] {logging_mixin.py:150} INFO - [2025-10-30T01:54:56.986+0000] {dagbag.py:541} INFO - Filling up the DagBag from /home/vscode/.local/lib/python3.10/site-packages/airflow/example_dags/example_short_circuit_operator.py
[2025-10-30T01:54:56.992+0000] {processor.py:836} INFO - DAG(s) dict_keys(['example_short_circuit_operator']) retrieved from /home/vscode/.local/lib/python3.10/site-packages/airflow/example_dags/example_short_circuit_operator.py
[2025-10-30T01:54:57.012+0000] {logging_mixin.py:150} INFO - [2025-10-30T01:54:57.011+0000] {dag.py:2742} INFO - Sync 1 DAGs
[2025-10-30T01:54:57.032+0000] {logging_mixin.py:150} INFO - [2025-10-30T01:54:57.032+0000] {dag.py:3504} INFO - Setting next_dagrun for example_short_circuit_operator to 2025-10-29T01:54:57.031824+00:00, run_after=2025-10-30T01:54:57.031824+00:00
[2025-10-30T01:54:57.052+0000] {processor.py:179} INFO - Processing /home/vscode/.local/lib/python3.10/site-packages/airflow/example_dags/example_short_circuit_operator.py took 0.070 seconds
[2025-10-30T01:55:36.950+0000] {processor.py:157} INFO - Started process (PID=16556) to work on /home/vscode/.local/lib/python3.10/site-packages/airflow/example_dags/example_short_circuit_operator.py
[2025-10-30T01:55:36.950+0000] {processor.py:826} INFO - Processing file /home/vscode/.local/lib/python3.10/site-packages/airflow/example_dags/example_short_circuit_operator.py for tasks to queue
[2025-10-30T01:55:36.951+0000] {logging_mixin.py:150} INFO - [2025-10-30T01:55:36.951+0000] {dagbag.py:541} INFO - Filling up the DagBag from /home/vscode/.local/lib/python3.10/site-packages/airflow/example_dags/example_short_circuit_operator.py
[2025-10-30T01:55:36.957+0000] {processor.py:836} INFO - DAG(s) dict_keys(['example_short_circuit_operator']) retrieved from /home/vscode/.local/lib/python3.10/site-packages/airflow/example_dags/example_short_circuit_operator.py
[2025-10-30T01:55:36.970+0000] {logging_mixin.py:150} INFO - [2025-10-30T01:55:36.970+0000] {dag.py:2742} INFO - Sync 1 DAGs
[2025-10-30T01:55:36.984+0000] {logging_mixin.py:150} INFO - [2025-10-30T01:55:36.984+0000] {dag.py:3504} INFO - Setting next_dagrun for example_short_circuit_operator to 2025-10-29T01:55:36.984558+00:00, run_after=2025-10-30T01:55:36.984558+00:00
[2025-10-30T01:55:36.999+0000] {processor.py:179} INFO - Processing /home/vscode/.local/lib/python3.10/site-packages/airflow/example_dags/example_short_circuit_operator.py took 0.052 seconds
[2025-10-30T02:06:34.633+0000] {processor.py:157} INFO - Started process (PID=20631) to work on /home/vscode/.local/lib/python3.10/site-packages/airflow/example_dags/example_short_circuit_operator.py
[2025-10-30T02:06:34.633+0000] {processor.py:826} INFO - Processing file /home/vscode/.local/lib/python3.10/site-packages/airflow/example_dags/example_short_circuit_operator.py for tasks to queue
[2025-10-30T02:06:34.634+0000] {logging_mixin.py:150} INFO - [2025-10-30T02:06:34.634+0000] {dagbag.py:541} INFO - Filling up the DagBag from /home/vscode/.local/lib/python3.10/site-packages/airflow/example_dags/example_short_circuit_operator.py
[2025-10-30T02:06:34.640+0000] {processor.py:836} INFO - DAG(s) dict_keys(['example_short_circuit_operator']) retrieved from /home/vscode/.local/lib/python3.10/site-packages/airflow/example_dags/example_short_circuit_operator.py
[2025-10-30T02:06:34.654+0000] {logging_mixin.py:150} INFO - [2025-10-30T02:06:34.654+0000] {dag.py:2742} INFO - Sync 1 DAGs
[2025-10-30T02:06:34.668+0000] {logging_mixin.py:150} INFO - [2025-10-30T02:06:34.668+0000] {dag.py:3504} INFO - Setting next_dagrun for example_short_circuit_operator to 2025-10-29T02:06:34.668342+00:00, run_after=2025-10-30T02:06:34.668342+00:00
[2025-10-30T02:06:34.684+0000] {processor.py:179} INFO - Processing /home/vscode/.local/lib/python3.10/site-packages/airflow/example_dags/example_short_circuit_operator.py took 0.054 seconds
[2025-10-30T02:07:17.554+0000] {processor.py:157} INFO - Started process (PID=20966) to work on /home/vscode/.local/lib/python3.10/site-packages/airflow/example_dags/example_short_circuit_operator.py
[2025-10-30T02:07:17.555+0000] {processor.py:826} INFO - Processing file /home/vscode/.local/lib/python3.10/site-packages/airflow/example_dags/example_short_circuit_operator.py for tasks to queue
[2025-10-30T02:07:17.555+0000] {logging_mixin.py:150} INFO - [2025-10-30T02:07:17.555+0000] {dagbag.py:541} INFO - Filling up the DagBag from /home/vscode/.local/lib/python3.10/site-packages/airflow/example_dags/example_short_circuit_operator.py
[2025-10-30T02:07:17.561+0000] {processor.py:836} INFO - DAG(s) dict_keys(['example_short_circuit_operator']) retrieved from /home/vscode/.local/lib/python3.10/site-packages/airflow/example_dags/example_short_circuit_operator.py
[2025-10-30T02:07:17.574+0000] {logging_mixin.py:150} INFO - [2025-10-30T02:07:17.574+0000] {dag.py:2742} INFO - Sync 1 DAGs
[2025-10-30T02:07:17.589+0000] {logging_mixin.py:150} INFO - [2025-10-30T02:07:17.589+0000] {dag.py:3504} INFO - Setting next_dagrun for example_short_circuit_operator to 2025-10-29T02:07:17.589275+00:00, run_after=2025-10-30T02:07:17.589275+00:00
[2025-10-30T02:07:17.605+0000] {processor.py:179} INFO - Processing /home/vscode/.local/lib/python3.10/site-packages/airflow/example_dags/example_short_circuit_operator.py took 0.053 seconds
[2025-10-30T02:08:03.586+0000] {processor.py:157} INFO - Started process (PID=21303) to work on /home/vscode/.local/lib/python3.10/site-packages/airflow/example_dags/example_short_circuit_operator.py
[2025-10-30T02:08:03.587+0000] {processor.py:826} INFO - Processing file /home/vscode/.local/lib/python3.10/site-packages/airflow/example_dags/example_short_circuit_operator.py for tasks to queue
[2025-10-30T02:08:03.587+0000] {logging_mixin.py:150} INFO - [2025-10-30T02:08:03.587+0000] {dagbag.py:541} INFO - Filling up the DagBag from /home/vscode/.local/lib/python3.10/site-packages/airflow/example_dags/example_short_circuit_operator.py
[2025-10-30T02:08:03.593+0000] {processor.py:836} INFO - DAG(s) dict_keys(['example_short_circuit_operator']) retrieved from /home/vscode/.local/lib/python3.10/site-packages/airflow/example_dags/example_short_circuit_operator.py
[2025-10-30T02:08:03.606+0000] {logging_mixin.py:150} INFO - [2025-10-30T02:08:03.606+0000] {dag.py:2742} INFO - Sync 1 DAGs
[2025-10-30T02:08:03.620+0000] {logging_mixin.py:150} INFO - [2025-10-30T02:08:03.619+0000] {dag.py:3504} INFO - Setting next_dagrun for example_short_circuit_operator to 2025-10-29T02:08:03.619838+00:00, run_after=2025-10-30T02:08:03.619838+00:00
[2025-10-30T02:08:03.637+0000] {processor.py:179} INFO - Processing /home/vscode/.local/lib/python3.10/site-packages/airflow/example_dags/example_short_circuit_operator.py took 0.053 seconds
[2025-10-30T02:08:49.016+0000] {processor.py:157} INFO - Started process (PID=21770) to work on /home/vscode/.local/lib/python3.10/site-packages/airflow/example_dags/example_short_circuit_operator.py
[2025-10-30T02:08:49.017+0000] {processor.py:826} INFO - Processing file /home/vscode/.local/lib/python3.10/site-packages/airflow/example_dags/example_short_circuit_operator.py for tasks to queue
[2025-10-30T02:08:49.018+0000] {logging_mixin.py:150} INFO - [2025-10-30T02:08:49.018+0000] {dagbag.py:541} INFO - Filling up the DagBag from /home/vscode/.local/lib/python3.10/site-packages/airflow/example_dags/example_short_circuit_operator.py
[2025-10-30T02:08:49.027+0000] {processor.py:836} INFO - DAG(s) dict_keys(['example_short_circuit_operator']) retrieved from /home/vscode/.local/lib/python3.10/site-packages/airflow/example_dags/example_short_circuit_operator.py
[2025-10-30T02:08:49.041+0000] {logging_mixin.py:150} INFO - [2025-10-30T02:08:49.041+0000] {dag.py:2742} INFO - Sync 1 DAGs
[2025-10-30T02:08:49.054+0000] {logging_mixin.py:150} INFO - [2025-10-30T02:08:49.054+0000] {dag.py:3504} INFO - Setting next_dagrun for example_short_circuit_operator to 2025-10-29T02:08:49.054544+00:00, run_after=2025-10-30T02:08:49.054544+00:00
[2025-10-30T02:08:49.071+0000] {processor.py:179} INFO - Processing /home/vscode/.local/lib/python3.10/site-packages/airflow/example_dags/example_short_circuit_operator.py took 0.057 seconds
