[2025-10-30T01:49:00.229+0000] {processor.py:157} INFO - Started process (PID=13603) to work on /home/vscode/.local/lib/python3.10/site-packages/airflow/example_dags/example_trigger_controller_dag.py
[2025-10-30T01:49:00.229+0000] {processor.py:826} INFO - Processing file /home/vscode/.local/lib/python3.10/site-packages/airflow/example_dags/example_trigger_controller_dag.py for tasks to queue
[2025-10-30T01:49:00.230+0000] {logging_mixin.py:150} INFO - [2025-10-30T01:49:00.230+0000] {dagbag.py:541} INFO - Filling up the DagBag from /home/vscode/.local/lib/python3.10/site-packages/airflow/example_dags/example_trigger_controller_dag.py
[2025-10-30T01:49:00.233+0000] {processor.py:836} INFO - DAG(s) dict_keys(['example_trigger_controller_dag']) retrieved from /home/vscode/.local/lib/python3.10/site-packages/airflow/example_dags/example_trigger_controller_dag.py
[2025-10-30T01:49:00.307+0000] {logging_mixin.py:150} INFO - [2025-10-30T01:49:00.307+0000] {manager.py:504} INFO - Created Permission View: can read on DAG:example_trigger_controller_dag
[2025-10-30T01:49:00.315+0000] {logging_mixin.py:150} INFO - [2025-10-30T01:49:00.315+0000] {manager.py:504} INFO - Created Permission View: can delete on DAG:example_trigger_controller_dag
[2025-10-30T01:49:00.321+0000] {logging_mixin.py:150} INFO - [2025-10-30T01:49:00.321+0000] {manager.py:504} INFO - Created Permission View: can edit on DAG:example_trigger_controller_dag
[2025-10-30T01:49:00.329+0000] {logging_mixin.py:150} INFO - [2025-10-30T01:49:00.329+0000] {dag.py:2742} INFO - Sync 1 DAGs
[2025-10-30T01:49:00.335+0000] {logging_mixin.py:150} INFO - [2025-10-30T01:49:00.335+0000] {dag.py:2763} INFO - Creating ORM DAG for example_trigger_controller_dag
[2025-10-30T01:49:00.341+0000] {logging_mixin.py:150} INFO - [2025-10-30T01:49:00.341+0000] {dag.py:3504} INFO - Setting next_dagrun for example_trigger_controller_dag to 2021-01-01T00:00:00+00:00, run_after=2021-01-01T00:00:00+00:00
[2025-10-30T01:49:00.355+0000] {processor.py:179} INFO - Processing /home/vscode/.local/lib/python3.10/site-packages/airflow/example_dags/example_trigger_controller_dag.py took 0.129 seconds
[2025-10-30T01:49:46.724+0000] {processor.py:157} INFO - Started process (PID=13922) to work on /home/vscode/.local/lib/python3.10/site-packages/airflow/example_dags/example_trigger_controller_dag.py
[2025-10-30T01:49:46.724+0000] {processor.py:826} INFO - Processing file /home/vscode/.local/lib/python3.10/site-packages/airflow/example_dags/example_trigger_controller_dag.py for tasks to queue
[2025-10-30T01:49:46.725+0000] {logging_mixin.py:150} INFO - [2025-10-30T01:49:46.725+0000] {dagbag.py:541} INFO - Filling up the DagBag from /home/vscode/.local/lib/python3.10/site-packages/airflow/example_dags/example_trigger_controller_dag.py
[2025-10-30T01:49:46.728+0000] {processor.py:836} INFO - DAG(s) dict_keys(['example_trigger_controller_dag']) retrieved from /home/vscode/.local/lib/python3.10/site-packages/airflow/example_dags/example_trigger_controller_dag.py
[2025-10-30T01:49:46.739+0000] {logging_mixin.py:150} INFO - [2025-10-30T01:49:46.739+0000] {dag.py:2742} INFO - Sync 1 DAGs
[2025-10-30T01:49:46.753+0000] {logging_mixin.py:150} INFO - [2025-10-30T01:49:46.752+0000] {dag.py:3504} INFO - Setting next_dagrun for example_trigger_controller_dag to 2021-01-01T00:00:00+00:00, run_after=2021-01-01T00:00:00+00:00
[2025-10-30T01:49:46.768+0000] {processor.py:179} INFO - Processing /home/vscode/.local/lib/python3.10/site-packages/airflow/example_dags/example_trigger_controller_dag.py took 0.046 seconds
[2025-10-30T01:50:30.671+0000] {processor.py:157} INFO - Started process (PID=14222) to work on /home/vscode/.local/lib/python3.10/site-packages/airflow/example_dags/example_trigger_controller_dag.py
[2025-10-30T01:50:30.671+0000] {processor.py:826} INFO - Processing file /home/vscode/.local/lib/python3.10/site-packages/airflow/example_dags/example_trigger_controller_dag.py for tasks to queue
[2025-10-30T01:50:30.672+0000] {logging_mixin.py:150} INFO - [2025-10-30T01:50:30.672+0000] {dagbag.py:541} INFO - Filling up the DagBag from /home/vscode/.local/lib/python3.10/site-packages/airflow/example_dags/example_trigger_controller_dag.py
[2025-10-30T01:50:30.675+0000] {processor.py:836} INFO - DAG(s) dict_keys(['example_trigger_controller_dag']) retrieved from /home/vscode/.local/lib/python3.10/site-packages/airflow/example_dags/example_trigger_controller_dag.py
[2025-10-30T01:50:30.687+0000] {logging_mixin.py:150} INFO - [2025-10-30T01:50:30.687+0000] {dag.py:2742} INFO - Sync 1 DAGs
[2025-10-30T01:50:30.700+0000] {logging_mixin.py:150} INFO - [2025-10-30T01:50:30.700+0000] {dag.py:3504} INFO - Setting next_dagrun for example_trigger_controller_dag to 2021-01-01T00:00:00+00:00, run_after=2021-01-01T00:00:00+00:00
[2025-10-30T01:50:30.714+0000] {processor.py:179} INFO - Processing /home/vscode/.local/lib/python3.10/site-packages/airflow/example_dags/example_trigger_controller_dag.py took 0.046 seconds
[2025-10-30T01:51:15.612+0000] {processor.py:157} INFO - Started process (PID=14532) to work on /home/vscode/.local/lib/python3.10/site-packages/airflow/example_dags/example_trigger_controller_dag.py
[2025-10-30T01:51:15.613+0000] {processor.py:826} INFO - Processing file /home/vscode/.local/lib/python3.10/site-packages/airflow/example_dags/example_trigger_controller_dag.py for tasks to queue
[2025-10-30T01:51:15.613+0000] {logging_mixin.py:150} INFO - [2025-10-30T01:51:15.613+0000] {dagbag.py:541} INFO - Filling up the DagBag from /home/vscode/.local/lib/python3.10/site-packages/airflow/example_dags/example_trigger_controller_dag.py
[2025-10-30T01:51:15.617+0000] {processor.py:836} INFO - DAG(s) dict_keys(['example_trigger_controller_dag']) retrieved from /home/vscode/.local/lib/python3.10/site-packages/airflow/example_dags/example_trigger_controller_dag.py
[2025-10-30T01:51:15.628+0000] {logging_mixin.py:150} INFO - [2025-10-30T01:51:15.628+0000] {dag.py:2742} INFO - Sync 1 DAGs
[2025-10-30T01:51:15.643+0000] {logging_mixin.py:150} INFO - [2025-10-30T01:51:15.643+0000] {dag.py:3504} INFO - Setting next_dagrun for example_trigger_controller_dag to 2021-01-01T00:00:00+00:00, run_after=2021-01-01T00:00:00+00:00
[2025-10-30T01:51:15.657+0000] {processor.py:179} INFO - Processing /home/vscode/.local/lib/python3.10/site-packages/airflow/example_dags/example_trigger_controller_dag.py took 0.047 seconds
[2025-10-30T01:51:59.094+0000] {processor.py:157} INFO - Started process (PID=14819) to work on /home/vscode/.local/lib/python3.10/site-packages/airflow/example_dags/example_trigger_controller_dag.py
[2025-10-30T01:51:59.095+0000] {processor.py:826} INFO - Processing file /home/vscode/.local/lib/python3.10/site-packages/airflow/example_dags/example_trigger_controller_dag.py for tasks to queue
[2025-10-30T01:51:59.095+0000] {logging_mixin.py:150} INFO - [2025-10-30T01:51:59.095+0000] {dagbag.py:541} INFO - Filling up the DagBag from /home/vscode/.local/lib/python3.10/site-packages/airflow/example_dags/example_trigger_controller_dag.py
[2025-10-30T01:51:59.099+0000] {processor.py:836} INFO - DAG(s) dict_keys(['example_trigger_controller_dag']) retrieved from /home/vscode/.local/lib/python3.10/site-packages/airflow/example_dags/example_trigger_controller_dag.py
[2025-10-30T01:51:59.110+0000] {logging_mixin.py:150} INFO - [2025-10-30T01:51:59.109+0000] {dag.py:2742} INFO - Sync 1 DAGs
[2025-10-30T01:51:59.123+0000] {logging_mixin.py:150} INFO - [2025-10-30T01:51:59.123+0000] {dag.py:3504} INFO - Setting next_dagrun for example_trigger_controller_dag to 2021-01-01T00:00:00+00:00, run_after=2021-01-01T00:00:00+00:00
[2025-10-30T01:51:59.138+0000] {processor.py:179} INFO - Processing /home/vscode/.local/lib/python3.10/site-packages/airflow/example_dags/example_trigger_controller_dag.py took 0.046 seconds
[2025-10-30T01:52:44.799+0000] {processor.py:157} INFO - Started process (PID=15128) to work on /home/vscode/.local/lib/python3.10/site-packages/airflow/example_dags/example_trigger_controller_dag.py
[2025-10-30T01:52:44.800+0000] {processor.py:826} INFO - Processing file /home/vscode/.local/lib/python3.10/site-packages/airflow/example_dags/example_trigger_controller_dag.py for tasks to queue
[2025-10-30T01:52:44.801+0000] {logging_mixin.py:150} INFO - [2025-10-30T01:52:44.800+0000] {dagbag.py:541} INFO - Filling up the DagBag from /home/vscode/.local/lib/python3.10/site-packages/airflow/example_dags/example_trigger_controller_dag.py
[2025-10-30T01:52:44.804+0000] {processor.py:836} INFO - DAG(s) dict_keys(['example_trigger_controller_dag']) retrieved from /home/vscode/.local/lib/python3.10/site-packages/airflow/example_dags/example_trigger_controller_dag.py
[2025-10-30T01:52:44.815+0000] {logging_mixin.py:150} INFO - [2025-10-30T01:52:44.815+0000] {dag.py:2742} INFO - Sync 1 DAGs
[2025-10-30T01:52:44.828+0000] {logging_mixin.py:150} INFO - [2025-10-30T01:52:44.828+0000] {dag.py:3504} INFO - Setting next_dagrun for example_trigger_controller_dag to 2021-01-01T00:00:00+00:00, run_after=2021-01-01T00:00:00+00:00
[2025-10-30T01:52:44.843+0000] {processor.py:179} INFO - Processing /home/vscode/.local/lib/python3.10/site-packages/airflow/example_dags/example_trigger_controller_dag.py took 0.045 seconds
[2025-10-30T01:53:29.631+0000] {processor.py:157} INFO - Started process (PID=15441) to work on /home/vscode/.local/lib/python3.10/site-packages/airflow/example_dags/example_trigger_controller_dag.py
[2025-10-30T01:53:29.632+0000] {processor.py:826} INFO - Processing file /home/vscode/.local/lib/python3.10/site-packages/airflow/example_dags/example_trigger_controller_dag.py for tasks to queue
[2025-10-30T01:53:29.633+0000] {logging_mixin.py:150} INFO - [2025-10-30T01:53:29.632+0000] {dagbag.py:541} INFO - Filling up the DagBag from /home/vscode/.local/lib/python3.10/site-packages/airflow/example_dags/example_trigger_controller_dag.py
[2025-10-30T01:53:29.636+0000] {processor.py:836} INFO - DAG(s) dict_keys(['example_trigger_controller_dag']) retrieved from /home/vscode/.local/lib/python3.10/site-packages/airflow/example_dags/example_trigger_controller_dag.py
[2025-10-30T01:53:29.647+0000] {logging_mixin.py:150} INFO - [2025-10-30T01:53:29.647+0000] {dag.py:2742} INFO - Sync 1 DAGs
[2025-10-30T01:53:29.660+0000] {logging_mixin.py:150} INFO - [2025-10-30T01:53:29.660+0000] {dag.py:3504} INFO - Setting next_dagrun for example_trigger_controller_dag to 2021-01-01T00:00:00+00:00, run_after=2021-01-01T00:00:00+00:00
[2025-10-30T01:53:29.675+0000] {processor.py:179} INFO - Processing /home/vscode/.local/lib/python3.10/site-packages/airflow/example_dags/example_trigger_controller_dag.py took 0.045 seconds
[2025-10-30T01:54:11.478+0000] {processor.py:157} INFO - Started process (PID=15846) to work on /home/vscode/.local/lib/python3.10/site-packages/airflow/example_dags/example_trigger_controller_dag.py
[2025-10-30T01:54:11.478+0000] {processor.py:826} INFO - Processing file /home/vscode/.local/lib/python3.10/site-packages/airflow/example_dags/example_trigger_controller_dag.py for tasks to queue
[2025-10-30T01:54:11.479+0000] {logging_mixin.py:150} INFO - [2025-10-30T01:54:11.479+0000] {dagbag.py:541} INFO - Filling up the DagBag from /home/vscode/.local/lib/python3.10/site-packages/airflow/example_dags/example_trigger_controller_dag.py
[2025-10-30T01:54:11.482+0000] {processor.py:836} INFO - DAG(s) dict_keys(['example_trigger_controller_dag']) retrieved from /home/vscode/.local/lib/python3.10/site-packages/airflow/example_dags/example_trigger_controller_dag.py
[2025-10-30T01:54:11.493+0000] {logging_mixin.py:150} INFO - [2025-10-30T01:54:11.493+0000] {dag.py:2742} INFO - Sync 1 DAGs
[2025-10-30T01:54:11.507+0000] {logging_mixin.py:150} INFO - [2025-10-30T01:54:11.507+0000] {dag.py:3504} INFO - Setting next_dagrun for example_trigger_controller_dag to 2021-01-01T00:00:00+00:00, run_after=2021-01-01T00:00:00+00:00
[2025-10-30T01:54:11.522+0000] {processor.py:179} INFO - Processing /home/vscode/.local/lib/python3.10/site-packages/airflow/example_dags/example_trigger_controller_dag.py took 0.046 seconds
[2025-10-30T01:54:53.582+0000] {processor.py:157} INFO - Started process (PID=16136) to work on /home/vscode/.local/lib/python3.10/site-packages/airflow/example_dags/example_trigger_controller_dag.py
[2025-10-30T01:54:53.582+0000] {processor.py:826} INFO - Processing file /home/vscode/.local/lib/python3.10/site-packages/airflow/example_dags/example_trigger_controller_dag.py for tasks to queue
[2025-10-30T01:54:53.583+0000] {logging_mixin.py:150} INFO - [2025-10-30T01:54:53.582+0000] {dagbag.py:541} INFO - Filling up the DagBag from /home/vscode/.local/lib/python3.10/site-packages/airflow/example_dags/example_trigger_controller_dag.py
[2025-10-30T01:54:53.586+0000] {processor.py:836} INFO - DAG(s) dict_keys(['example_trigger_controller_dag']) retrieved from /home/vscode/.local/lib/python3.10/site-packages/airflow/example_dags/example_trigger_controller_dag.py
[2025-10-30T01:54:53.597+0000] {logging_mixin.py:150} INFO - [2025-10-30T01:54:53.597+0000] {dag.py:2742} INFO - Sync 1 DAGs
[2025-10-30T01:54:53.610+0000] {logging_mixin.py:150} INFO - [2025-10-30T01:54:53.610+0000] {dag.py:3504} INFO - Setting next_dagrun for example_trigger_controller_dag to 2021-01-01T00:00:00+00:00, run_after=2021-01-01T00:00:00+00:00
[2025-10-30T01:54:53.626+0000] {processor.py:179} INFO - Processing /home/vscode/.local/lib/python3.10/site-packages/airflow/example_dags/example_trigger_controller_dag.py took 0.046 seconds
[2025-10-30T01:55:33.545+0000] {processor.py:157} INFO - Started process (PID=16526) to work on /home/vscode/.local/lib/python3.10/site-packages/airflow/example_dags/example_trigger_controller_dag.py
[2025-10-30T01:55:33.546+0000] {processor.py:826} INFO - Processing file /home/vscode/.local/lib/python3.10/site-packages/airflow/example_dags/example_trigger_controller_dag.py for tasks to queue
[2025-10-30T01:55:33.547+0000] {logging_mixin.py:150} INFO - [2025-10-30T01:55:33.546+0000] {dagbag.py:541} INFO - Filling up the DagBag from /home/vscode/.local/lib/python3.10/site-packages/airflow/example_dags/example_trigger_controller_dag.py
[2025-10-30T01:55:33.550+0000] {processor.py:836} INFO - DAG(s) dict_keys(['example_trigger_controller_dag']) retrieved from /home/vscode/.local/lib/python3.10/site-packages/airflow/example_dags/example_trigger_controller_dag.py
[2025-10-30T01:55:33.562+0000] {logging_mixin.py:150} INFO - [2025-10-30T01:55:33.562+0000] {dag.py:2742} INFO - Sync 1 DAGs
[2025-10-30T01:55:33.576+0000] {logging_mixin.py:150} INFO - [2025-10-30T01:55:33.576+0000] {dag.py:3504} INFO - Setting next_dagrun for example_trigger_controller_dag to 2021-01-01T00:00:00+00:00, run_after=2021-01-01T00:00:00+00:00
[2025-10-30T01:55:33.591+0000] {processor.py:179} INFO - Processing /home/vscode/.local/lib/python3.10/site-packages/airflow/example_dags/example_trigger_controller_dag.py took 0.048 seconds
[2025-10-30T02:06:31.193+0000] {processor.py:157} INFO - Started process (PID=20608) to work on /home/vscode/.local/lib/python3.10/site-packages/airflow/example_dags/example_trigger_controller_dag.py
[2025-10-30T02:06:31.194+0000] {processor.py:826} INFO - Processing file /home/vscode/.local/lib/python3.10/site-packages/airflow/example_dags/example_trigger_controller_dag.py for tasks to queue
[2025-10-30T02:06:31.194+0000] {logging_mixin.py:150} INFO - [2025-10-30T02:06:31.194+0000] {dagbag.py:541} INFO - Filling up the DagBag from /home/vscode/.local/lib/python3.10/site-packages/airflow/example_dags/example_trigger_controller_dag.py
[2025-10-30T02:06:31.198+0000] {processor.py:836} INFO - DAG(s) dict_keys(['example_trigger_controller_dag']) retrieved from /home/vscode/.local/lib/python3.10/site-packages/airflow/example_dags/example_trigger_controller_dag.py
[2025-10-30T02:06:31.211+0000] {logging_mixin.py:150} INFO - [2025-10-30T02:06:31.211+0000] {dag.py:2742} INFO - Sync 1 DAGs
[2025-10-30T02:06:31.226+0000] {logging_mixin.py:150} INFO - [2025-10-30T02:06:31.226+0000] {dag.py:3504} INFO - Setting next_dagrun for example_trigger_controller_dag to 2021-01-01T00:00:00+00:00, run_after=2021-01-01T00:00:00+00:00
[2025-10-30T02:06:31.240+0000] {processor.py:179} INFO - Processing /home/vscode/.local/lib/python3.10/site-packages/airflow/example_dags/example_trigger_controller_dag.py took 0.050 seconds
[2025-10-30T02:07:16.009+0000] {processor.py:157} INFO - Started process (PID=20949) to work on /home/vscode/.local/lib/python3.10/site-packages/airflow/example_dags/example_trigger_controller_dag.py
[2025-10-30T02:07:16.010+0000] {processor.py:826} INFO - Processing file /home/vscode/.local/lib/python3.10/site-packages/airflow/example_dags/example_trigger_controller_dag.py for tasks to queue
[2025-10-30T02:07:16.011+0000] {logging_mixin.py:150} INFO - [2025-10-30T02:07:16.010+0000] {dagbag.py:541} INFO - Filling up the DagBag from /home/vscode/.local/lib/python3.10/site-packages/airflow/example_dags/example_trigger_controller_dag.py
[2025-10-30T02:07:16.014+0000] {processor.py:836} INFO - DAG(s) dict_keys(['example_trigger_controller_dag']) retrieved from /home/vscode/.local/lib/python3.10/site-packages/airflow/example_dags/example_trigger_controller_dag.py
[2025-10-30T02:07:16.026+0000] {logging_mixin.py:150} INFO - [2025-10-30T02:07:16.026+0000] {dag.py:2742} INFO - Sync 1 DAGs
[2025-10-30T02:07:16.040+0000] {logging_mixin.py:150} INFO - [2025-10-30T02:07:16.040+0000] {dag.py:3504} INFO - Setting next_dagrun for example_trigger_controller_dag to 2021-01-01T00:00:00+00:00, run_after=2021-01-01T00:00:00+00:00
[2025-10-30T02:07:16.056+0000] {processor.py:179} INFO - Processing /home/vscode/.local/lib/python3.10/site-packages/airflow/example_dags/example_trigger_controller_dag.py took 0.048 seconds
[2025-10-30T02:08:00.718+0000] {processor.py:157} INFO - Started process (PID=21285) to work on /home/vscode/.local/lib/python3.10/site-packages/airflow/example_dags/example_trigger_controller_dag.py
[2025-10-30T02:08:00.718+0000] {processor.py:826} INFO - Processing file /home/vscode/.local/lib/python3.10/site-packages/airflow/example_dags/example_trigger_controller_dag.py for tasks to queue
[2025-10-30T02:08:00.719+0000] {logging_mixin.py:150} INFO - [2025-10-30T02:08:00.719+0000] {dagbag.py:541} INFO - Filling up the DagBag from /home/vscode/.local/lib/python3.10/site-packages/airflow/example_dags/example_trigger_controller_dag.py
[2025-10-30T02:08:00.722+0000] {processor.py:836} INFO - DAG(s) dict_keys(['example_trigger_controller_dag']) retrieved from /home/vscode/.local/lib/python3.10/site-packages/airflow/example_dags/example_trigger_controller_dag.py
[2025-10-30T02:08:00.734+0000] {logging_mixin.py:150} INFO - [2025-10-30T02:08:00.734+0000] {dag.py:2742} INFO - Sync 1 DAGs
[2025-10-30T02:08:00.747+0000] {logging_mixin.py:150} INFO - [2025-10-30T02:08:00.747+0000] {dag.py:3504} INFO - Setting next_dagrun for example_trigger_controller_dag to 2021-01-01T00:00:00+00:00, run_after=2021-01-01T00:00:00+00:00
[2025-10-30T02:08:00.762+0000] {processor.py:179} INFO - Processing /home/vscode/.local/lib/python3.10/site-packages/airflow/example_dags/example_trigger_controller_dag.py took 0.046 seconds
[2025-10-30T02:08:46.897+0000] {processor.py:157} INFO - Started process (PID=21736) to work on /home/vscode/.local/lib/python3.10/site-packages/airflow/example_dags/example_trigger_controller_dag.py
[2025-10-30T02:08:46.897+0000] {processor.py:826} INFO - Processing file /home/vscode/.local/lib/python3.10/site-packages/airflow/example_dags/example_trigger_controller_dag.py for tasks to queue
[2025-10-30T02:08:46.898+0000] {logging_mixin.py:150} INFO - [2025-10-30T02:08:46.898+0000] {dagbag.py:541} INFO - Filling up the DagBag from /home/vscode/.local/lib/python3.10/site-packages/airflow/example_dags/example_trigger_controller_dag.py
[2025-10-30T02:08:46.901+0000] {processor.py:836} INFO - DAG(s) dict_keys(['example_trigger_controller_dag']) retrieved from /home/vscode/.local/lib/python3.10/site-packages/airflow/example_dags/example_trigger_controller_dag.py
[2025-10-30T02:08:46.913+0000] {logging_mixin.py:150} INFO - [2025-10-30T02:08:46.912+0000] {dag.py:2742} INFO - Sync 1 DAGs
[2025-10-30T02:08:46.926+0000] {logging_mixin.py:150} INFO - [2025-10-30T02:08:46.926+0000] {dag.py:3504} INFO - Setting next_dagrun for example_trigger_controller_dag to 2021-01-01T00:00:00+00:00, run_after=2021-01-01T00:00:00+00:00
[2025-10-30T02:08:46.941+0000] {processor.py:179} INFO - Processing /home/vscode/.local/lib/python3.10/site-packages/airflow/example_dags/example_trigger_controller_dag.py took 0.046 seconds
