[2025-10-30T01:49:13.474+0000] {processor.py:157} INFO - Started process (PID=13700) to work on /home/vscode/.local/lib/python3.10/site-packages/airflow/example_dags/example_nested_branch_dag.py
[2025-10-30T01:49:13.475+0000] {processor.py:826} INFO - Processing file /home/vscode/.local/lib/python3.10/site-packages/airflow/example_dags/example_nested_branch_dag.py for tasks to queue
[2025-10-30T01:49:13.476+0000] {logging_mixin.py:150} INFO - [2025-10-30T01:49:13.475+0000] {dagbag.py:541} INFO - Filling up the DagBag from /home/vscode/.local/lib/python3.10/site-packages/airflow/example_dags/example_nested_branch_dag.py
[2025-10-30T01:49:13.483+0000] {processor.py:836} INFO - DAG(s) dict_keys(['example_nested_branch_dag']) retrieved from /home/vscode/.local/lib/python3.10/site-packages/airflow/example_dags/example_nested_branch_dag.py
[2025-10-30T01:49:13.557+0000] {logging_mixin.py:150} INFO - [2025-10-30T01:49:13.557+0000] {manager.py:504} INFO - Created Permission View: can read on DAG:example_nested_branch_dag
[2025-10-30T01:49:13.565+0000] {logging_mixin.py:150} INFO - [2025-10-30T01:49:13.565+0000] {manager.py:504} INFO - Created Permission View: can delete on DAG:example_nested_branch_dag
[2025-10-30T01:49:13.571+0000] {logging_mixin.py:150} INFO - [2025-10-30T01:49:13.571+0000] {manager.py:504} INFO - Created Permission View: can edit on DAG:example_nested_branch_dag
[2025-10-30T01:49:13.578+0000] {logging_mixin.py:150} INFO - [2025-10-30T01:49:13.578+0000] {dag.py:2742} INFO - Sync 1 DAGs
[2025-10-30T01:49:13.585+0000] {logging_mixin.py:150} INFO - [2025-10-30T01:49:13.585+0000] {dag.py:2763} INFO - Creating ORM DAG for example_nested_branch_dag
[2025-10-30T01:49:13.592+0000] {logging_mixin.py:150} INFO - [2025-10-30T01:49:13.592+0000] {dag.py:3504} INFO - Setting next_dagrun for example_nested_branch_dag to 2025-10-29T00:00:00+00:00, run_after=2025-10-30T00:00:00+00:00
[2025-10-30T01:49:13.607+0000] {processor.py:179} INFO - Processing /home/vscode/.local/lib/python3.10/site-packages/airflow/example_dags/example_nested_branch_dag.py took 0.135 seconds
[2025-10-30T01:49:59.265+0000] {processor.py:157} INFO - Started process (PID=14000) to work on /home/vscode/.local/lib/python3.10/site-packages/airflow/example_dags/example_nested_branch_dag.py
[2025-10-30T01:49:59.266+0000] {processor.py:826} INFO - Processing file /home/vscode/.local/lib/python3.10/site-packages/airflow/example_dags/example_nested_branch_dag.py for tasks to queue
[2025-10-30T01:49:59.266+0000] {logging_mixin.py:150} INFO - [2025-10-30T01:49:59.266+0000] {dagbag.py:541} INFO - Filling up the DagBag from /home/vscode/.local/lib/python3.10/site-packages/airflow/example_dags/example_nested_branch_dag.py
[2025-10-30T01:49:59.273+0000] {processor.py:836} INFO - DAG(s) dict_keys(['example_nested_branch_dag']) retrieved from /home/vscode/.local/lib/python3.10/site-packages/airflow/example_dags/example_nested_branch_dag.py
[2025-10-30T01:49:59.286+0000] {logging_mixin.py:150} INFO - [2025-10-30T01:49:59.286+0000] {dag.py:2742} INFO - Sync 1 DAGs
[2025-10-30T01:49:59.301+0000] {logging_mixin.py:150} INFO - [2025-10-30T01:49:59.300+0000] {dag.py:3504} INFO - Setting next_dagrun for example_nested_branch_dag to 2025-10-29T00:00:00+00:00, run_after=2025-10-30T00:00:00+00:00
[2025-10-30T01:49:59.315+0000] {processor.py:179} INFO - Processing /home/vscode/.local/lib/python3.10/site-packages/airflow/example_dags/example_nested_branch_dag.py took 0.052 seconds
[2025-10-30T01:50:43.540+0000] {processor.py:157} INFO - Started process (PID=14324) to work on /home/vscode/.local/lib/python3.10/site-packages/airflow/example_dags/example_nested_branch_dag.py
[2025-10-30T01:50:43.541+0000] {processor.py:826} INFO - Processing file /home/vscode/.local/lib/python3.10/site-packages/airflow/example_dags/example_nested_branch_dag.py for tasks to queue
[2025-10-30T01:50:43.542+0000] {logging_mixin.py:150} INFO - [2025-10-30T01:50:43.541+0000] {dagbag.py:541} INFO - Filling up the DagBag from /home/vscode/.local/lib/python3.10/site-packages/airflow/example_dags/example_nested_branch_dag.py
[2025-10-30T01:50:43.549+0000] {processor.py:836} INFO - DAG(s) dict_keys(['example_nested_branch_dag']) retrieved from /home/vscode/.local/lib/python3.10/site-packages/airflow/example_dags/example_nested_branch_dag.py
[2025-10-30T01:50:43.561+0000] {logging_mixin.py:150} INFO - [2025-10-30T01:50:43.561+0000] {dag.py:2742} INFO - Sync 1 DAGs
[2025-10-30T01:50:43.575+0000] {logging_mixin.py:150} INFO - [2025-10-30T01:50:43.575+0000] {dag.py:3504} INFO - Setting next_dagrun for example_nested_branch_dag to 2025-10-29T00:00:00+00:00, run_after=2025-10-30T00:00:00+00:00
[2025-10-30T01:50:43.590+0000] {processor.py:179} INFO - Processing /home/vscode/.local/lib/python3.10/site-packages/airflow/example_dags/example_nested_branch_dag.py took 0.052 seconds
[2025-10-30T01:51:30.060+0000] {processor.py:157} INFO - Started process (PID=14629) to work on /home/vscode/.local/lib/python3.10/site-packages/airflow/example_dags/example_nested_branch_dag.py
[2025-10-30T01:51:30.060+0000] {processor.py:826} INFO - Processing file /home/vscode/.local/lib/python3.10/site-packages/airflow/example_dags/example_nested_branch_dag.py for tasks to queue
[2025-10-30T01:51:30.061+0000] {logging_mixin.py:150} INFO - [2025-10-30T01:51:30.061+0000] {dagbag.py:541} INFO - Filling up the DagBag from /home/vscode/.local/lib/python3.10/site-packages/airflow/example_dags/example_nested_branch_dag.py
[2025-10-30T01:51:30.068+0000] {processor.py:836} INFO - DAG(s) dict_keys(['example_nested_branch_dag']) retrieved from /home/vscode/.local/lib/python3.10/site-packages/airflow/example_dags/example_nested_branch_dag.py
[2025-10-30T01:51:30.080+0000] {logging_mixin.py:150} INFO - [2025-10-30T01:51:30.080+0000] {dag.py:2742} INFO - Sync 1 DAGs
[2025-10-30T01:51:30.095+0000] {logging_mixin.py:150} INFO - [2025-10-30T01:51:30.094+0000] {dag.py:3504} INFO - Setting next_dagrun for example_nested_branch_dag to 2025-10-29T00:00:00+00:00, run_after=2025-10-30T00:00:00+00:00
[2025-10-30T01:51:30.109+0000] {processor.py:179} INFO - Processing /home/vscode/.local/lib/python3.10/site-packages/airflow/example_dags/example_nested_branch_dag.py took 0.051 seconds
[2025-10-30T01:52:14.428+0000] {processor.py:157} INFO - Started process (PID=14928) to work on /home/vscode/.local/lib/python3.10/site-packages/airflow/example_dags/example_nested_branch_dag.py
[2025-10-30T01:52:14.429+0000] {processor.py:826} INFO - Processing file /home/vscode/.local/lib/python3.10/site-packages/airflow/example_dags/example_nested_branch_dag.py for tasks to queue
[2025-10-30T01:52:14.429+0000] {logging_mixin.py:150} INFO - [2025-10-30T01:52:14.429+0000] {dagbag.py:541} INFO - Filling up the DagBag from /home/vscode/.local/lib/python3.10/site-packages/airflow/example_dags/example_nested_branch_dag.py
[2025-10-30T01:52:14.436+0000] {processor.py:836} INFO - DAG(s) dict_keys(['example_nested_branch_dag']) retrieved from /home/vscode/.local/lib/python3.10/site-packages/airflow/example_dags/example_nested_branch_dag.py
[2025-10-30T01:52:14.448+0000] {logging_mixin.py:150} INFO - [2025-10-30T01:52:14.448+0000] {dag.py:2742} INFO - Sync 1 DAGs
[2025-10-30T01:52:14.463+0000] {logging_mixin.py:150} INFO - [2025-10-30T01:52:14.463+0000] {dag.py:3504} INFO - Setting next_dagrun for example_nested_branch_dag to 2025-10-29T00:00:00+00:00, run_after=2025-10-30T00:00:00+00:00
[2025-10-30T01:52:14.478+0000] {processor.py:179} INFO - Processing /home/vscode/.local/lib/python3.10/site-packages/airflow/example_dags/example_nested_branch_dag.py took 0.053 seconds
[2025-10-30T01:52:59.509+0000] {processor.py:157} INFO - Started process (PID=15225) to work on /home/vscode/.local/lib/python3.10/site-packages/airflow/example_dags/example_nested_branch_dag.py
[2025-10-30T01:52:59.510+0000] {processor.py:826} INFO - Processing file /home/vscode/.local/lib/python3.10/site-packages/airflow/example_dags/example_nested_branch_dag.py for tasks to queue
[2025-10-30T01:52:59.510+0000] {logging_mixin.py:150} INFO - [2025-10-30T01:52:59.510+0000] {dagbag.py:541} INFO - Filling up the DagBag from /home/vscode/.local/lib/python3.10/site-packages/airflow/example_dags/example_nested_branch_dag.py
[2025-10-30T01:52:59.519+0000] {processor.py:836} INFO - DAG(s) dict_keys(['example_nested_branch_dag']) retrieved from /home/vscode/.local/lib/python3.10/site-packages/airflow/example_dags/example_nested_branch_dag.py
[2025-10-30T01:52:59.536+0000] {logging_mixin.py:150} INFO - [2025-10-30T01:52:59.535+0000] {dag.py:2742} INFO - Sync 1 DAGs
[2025-10-30T01:52:59.557+0000] {logging_mixin.py:150} INFO - [2025-10-30T01:52:59.557+0000] {dag.py:3504} INFO - Setting next_dagrun for example_nested_branch_dag to 2025-10-29T00:00:00+00:00, run_after=2025-10-30T00:00:00+00:00
[2025-10-30T01:52:59.576+0000] {processor.py:179} INFO - Processing /home/vscode/.local/lib/python3.10/site-packages/airflow/example_dags/example_nested_branch_dag.py took 0.069 seconds
[2025-10-30T01:53:42.421+0000] {processor.py:157} INFO - Started process (PID=15597) to work on /home/vscode/.local/lib/python3.10/site-packages/airflow/example_dags/example_nested_branch_dag.py
[2025-10-30T01:53:42.421+0000] {processor.py:826} INFO - Processing file /home/vscode/.local/lib/python3.10/site-packages/airflow/example_dags/example_nested_branch_dag.py for tasks to queue
[2025-10-30T01:53:42.422+0000] {logging_mixin.py:150} INFO - [2025-10-30T01:53:42.422+0000] {dagbag.py:541} INFO - Filling up the DagBag from /home/vscode/.local/lib/python3.10/site-packages/airflow/example_dags/example_nested_branch_dag.py
[2025-10-30T01:53:42.429+0000] {processor.py:836} INFO - DAG(s) dict_keys(['example_nested_branch_dag']) retrieved from /home/vscode/.local/lib/python3.10/site-packages/airflow/example_dags/example_nested_branch_dag.py
[2025-10-30T01:53:42.441+0000] {logging_mixin.py:150} INFO - [2025-10-30T01:53:42.441+0000] {dag.py:2742} INFO - Sync 1 DAGs
[2025-10-30T01:53:42.456+0000] {logging_mixin.py:150} INFO - [2025-10-30T01:53:42.456+0000] {dag.py:3504} INFO - Setting next_dagrun for example_nested_branch_dag to 2025-10-29T00:00:00+00:00, run_after=2025-10-30T00:00:00+00:00
[2025-10-30T01:53:42.471+0000] {processor.py:179} INFO - Processing /home/vscode/.local/lib/python3.10/site-packages/airflow/example_dags/example_nested_branch_dag.py took 0.053 seconds
[2025-10-30T01:54:26.185+0000] {processor.py:157} INFO - Started process (PID=15951) to work on /home/vscode/.local/lib/python3.10/site-packages/airflow/example_dags/example_nested_branch_dag.py
[2025-10-30T01:54:26.185+0000] {processor.py:826} INFO - Processing file /home/vscode/.local/lib/python3.10/site-packages/airflow/example_dags/example_nested_branch_dag.py for tasks to queue
[2025-10-30T01:54:26.186+0000] {logging_mixin.py:150} INFO - [2025-10-30T01:54:26.186+0000] {dagbag.py:541} INFO - Filling up the DagBag from /home/vscode/.local/lib/python3.10/site-packages/airflow/example_dags/example_nested_branch_dag.py
[2025-10-30T01:54:26.193+0000] {processor.py:836} INFO - DAG(s) dict_keys(['example_nested_branch_dag']) retrieved from /home/vscode/.local/lib/python3.10/site-packages/airflow/example_dags/example_nested_branch_dag.py
[2025-10-30T01:54:26.205+0000] {logging_mixin.py:150} INFO - [2025-10-30T01:54:26.205+0000] {dag.py:2742} INFO - Sync 1 DAGs
[2025-10-30T01:54:26.219+0000] {logging_mixin.py:150} INFO - [2025-10-30T01:54:26.219+0000] {dag.py:3504} INFO - Setting next_dagrun for example_nested_branch_dag to 2025-10-29T00:00:00+00:00, run_after=2025-10-30T00:00:00+00:00
[2025-10-30T01:54:26.234+0000] {processor.py:179} INFO - Processing /home/vscode/.local/lib/python3.10/site-packages/airflow/example_dags/example_nested_branch_dag.py took 0.051 seconds
[2025-10-30T01:55:07.722+0000] {processor.py:157} INFO - Started process (PID=16272) to work on /home/vscode/.local/lib/python3.10/site-packages/airflow/example_dags/example_nested_branch_dag.py
[2025-10-30T01:55:07.723+0000] {processor.py:826} INFO - Processing file /home/vscode/.local/lib/python3.10/site-packages/airflow/example_dags/example_nested_branch_dag.py for tasks to queue
[2025-10-30T01:55:07.723+0000] {logging_mixin.py:150} INFO - [2025-10-30T01:55:07.723+0000] {dagbag.py:541} INFO - Filling up the DagBag from /home/vscode/.local/lib/python3.10/site-packages/airflow/example_dags/example_nested_branch_dag.py
[2025-10-30T01:55:07.731+0000] {processor.py:836} INFO - DAG(s) dict_keys(['example_nested_branch_dag']) retrieved from /home/vscode/.local/lib/python3.10/site-packages/airflow/example_dags/example_nested_branch_dag.py
[2025-10-30T01:55:07.745+0000] {logging_mixin.py:150} INFO - [2025-10-30T01:55:07.745+0000] {dag.py:2742} INFO - Sync 1 DAGs
[2025-10-30T01:55:07.760+0000] {logging_mixin.py:150} INFO - [2025-10-30T01:55:07.760+0000] {dag.py:3504} INFO - Setting next_dagrun for example_nested_branch_dag to 2025-10-29T00:00:00+00:00, run_after=2025-10-30T00:00:00+00:00
[2025-10-30T01:55:07.780+0000] {processor.py:179} INFO - Processing /home/vscode/.local/lib/python3.10/site-packages/airflow/example_dags/example_nested_branch_dag.py took 0.060 seconds
[2025-10-30T02:06:44.038+0000] {processor.py:157} INFO - Started process (PID=20692) to work on /home/vscode/.local/lib/python3.10/site-packages/airflow/example_dags/example_nested_branch_dag.py
[2025-10-30T02:06:44.038+0000] {processor.py:826} INFO - Processing file /home/vscode/.local/lib/python3.10/site-packages/airflow/example_dags/example_nested_branch_dag.py for tasks to queue
[2025-10-30T02:06:44.039+0000] {logging_mixin.py:150} INFO - [2025-10-30T02:06:44.039+0000] {dagbag.py:541} INFO - Filling up the DagBag from /home/vscode/.local/lib/python3.10/site-packages/airflow/example_dags/example_nested_branch_dag.py
[2025-10-30T02:06:44.046+0000] {processor.py:836} INFO - DAG(s) dict_keys(['example_nested_branch_dag']) retrieved from /home/vscode/.local/lib/python3.10/site-packages/airflow/example_dags/example_nested_branch_dag.py
[2025-10-30T02:06:44.060+0000] {logging_mixin.py:150} INFO - [2025-10-30T02:06:44.060+0000] {dag.py:2742} INFO - Sync 1 DAGs
[2025-10-30T02:06:44.075+0000] {logging_mixin.py:150} INFO - [2025-10-30T02:06:44.074+0000] {dag.py:3504} INFO - Setting next_dagrun for example_nested_branch_dag to 2025-10-29T00:00:00+00:00, run_after=2025-10-30T00:00:00+00:00
[2025-10-30T02:06:44.089+0000] {processor.py:179} INFO - Processing /home/vscode/.local/lib/python3.10/site-packages/airflow/example_dags/example_nested_branch_dag.py took 0.053 seconds
[2025-10-30T02:07:27.850+0000] {processor.py:157} INFO - Started process (PID=21044) to work on /home/vscode/.local/lib/python3.10/site-packages/airflow/example_dags/example_nested_branch_dag.py
[2025-10-30T02:07:27.851+0000] {processor.py:826} INFO - Processing file /home/vscode/.local/lib/python3.10/site-packages/airflow/example_dags/example_nested_branch_dag.py for tasks to queue
[2025-10-30T02:07:27.852+0000] {logging_mixin.py:150} INFO - [2025-10-30T02:07:27.852+0000] {dagbag.py:541} INFO - Filling up the DagBag from /home/vscode/.local/lib/python3.10/site-packages/airflow/example_dags/example_nested_branch_dag.py
[2025-10-30T02:07:27.863+0000] {processor.py:836} INFO - DAG(s) dict_keys(['example_nested_branch_dag']) retrieved from /home/vscode/.local/lib/python3.10/site-packages/airflow/example_dags/example_nested_branch_dag.py
[2025-10-30T02:07:27.881+0000] {logging_mixin.py:150} INFO - [2025-10-30T02:07:27.881+0000] {dag.py:2742} INFO - Sync 1 DAGs
[2025-10-30T02:07:27.898+0000] {logging_mixin.py:150} INFO - [2025-10-30T02:07:27.898+0000] {dag.py:3504} INFO - Setting next_dagrun for example_nested_branch_dag to 2025-10-29T00:00:00+00:00, run_after=2025-10-30T00:00:00+00:00
[2025-10-30T02:07:27.913+0000] {processor.py:179} INFO - Processing /home/vscode/.local/lib/python3.10/site-packages/airflow/example_dags/example_nested_branch_dag.py took 0.066 seconds
[2025-10-30T02:08:14.967+0000] {processor.py:157} INFO - Started process (PID=21389) to work on /home/vscode/.local/lib/python3.10/site-packages/airflow/example_dags/example_nested_branch_dag.py
[2025-10-30T02:08:14.968+0000] {processor.py:826} INFO - Processing file /home/vscode/.local/lib/python3.10/site-packages/airflow/example_dags/example_nested_branch_dag.py for tasks to queue
[2025-10-30T02:08:14.968+0000] {logging_mixin.py:150} INFO - [2025-10-30T02:08:14.968+0000] {dagbag.py:541} INFO - Filling up the DagBag from /home/vscode/.local/lib/python3.10/site-packages/airflow/example_dags/example_nested_branch_dag.py
[2025-10-30T02:08:14.975+0000] {processor.py:836} INFO - DAG(s) dict_keys(['example_nested_branch_dag']) retrieved from /home/vscode/.local/lib/python3.10/site-packages/airflow/example_dags/example_nested_branch_dag.py
[2025-10-30T02:08:14.989+0000] {logging_mixin.py:150} INFO - [2025-10-30T02:08:14.989+0000] {dag.py:2742} INFO - Sync 1 DAGs
[2025-10-30T02:08:15.004+0000] {logging_mixin.py:150} INFO - [2025-10-30T02:08:15.004+0000] {dag.py:3504} INFO - Setting next_dagrun for example_nested_branch_dag to 2025-10-29T00:00:00+00:00, run_after=2025-10-30T00:00:00+00:00
[2025-10-30T02:08:15.019+0000] {processor.py:179} INFO - Processing /home/vscode/.local/lib/python3.10/site-packages/airflow/example_dags/example_nested_branch_dag.py took 0.054 seconds
[2025-10-30T02:08:59.151+0000] {processor.py:157} INFO - Started process (PID=21859) to work on /home/vscode/.local/lib/python3.10/site-packages/airflow/example_dags/example_nested_branch_dag.py
[2025-10-30T02:08:59.151+0000] {processor.py:826} INFO - Processing file /home/vscode/.local/lib/python3.10/site-packages/airflow/example_dags/example_nested_branch_dag.py for tasks to queue
[2025-10-30T02:08:59.152+0000] {logging_mixin.py:150} INFO - [2025-10-30T02:08:59.152+0000] {dagbag.py:541} INFO - Filling up the DagBag from /home/vscode/.local/lib/python3.10/site-packages/airflow/example_dags/example_nested_branch_dag.py
[2025-10-30T02:08:59.159+0000] {processor.py:836} INFO - DAG(s) dict_keys(['example_nested_branch_dag']) retrieved from /home/vscode/.local/lib/python3.10/site-packages/airflow/example_dags/example_nested_branch_dag.py
[2025-10-30T02:08:59.175+0000] {logging_mixin.py:150} INFO - [2025-10-30T02:08:59.175+0000] {dag.py:2742} INFO - Sync 1 DAGs
[2025-10-30T02:08:59.192+0000] {logging_mixin.py:150} INFO - [2025-10-30T02:08:59.191+0000] {dag.py:3504} INFO - Setting next_dagrun for example_nested_branch_dag to 2025-10-29T00:00:00+00:00, run_after=2025-10-30T00:00:00+00:00
[2025-10-30T02:08:59.208+0000] {processor.py:179} INFO - Processing /home/vscode/.local/lib/python3.10/site-packages/airflow/example_dags/example_nested_branch_dag.py took 0.060 seconds
