[2025-10-30T01:49:18.712+0000] {processor.py:157} INFO - Started process (PID=13729) to work on /home/vscode/.local/lib/python3.10/site-packages/airflow/example_dags/example_dynamic_task_mapping.py
[2025-10-30T01:49:18.712+0000] {processor.py:826} INFO - Processing file /home/vscode/.local/lib/python3.10/site-packages/airflow/example_dags/example_dynamic_task_mapping.py for tasks to queue
[2025-10-30T01:49:18.713+0000] {logging_mixin.py:150} INFO - [2025-10-30T01:49:18.713+0000] {dagbag.py:541} INFO - Filling up the DagBag from /home/vscode/.local/lib/python3.10/site-packages/airflow/example_dags/example_dynamic_task_mapping.py
[2025-10-30T01:49:18.719+0000] {processor.py:836} INFO - DAG(s) dict_keys(['example_dynamic_task_mapping']) retrieved from /home/vscode/.local/lib/python3.10/site-packages/airflow/example_dags/example_dynamic_task_mapping.py
[2025-10-30T01:49:18.791+0000] {logging_mixin.py:150} INFO - [2025-10-30T01:49:18.791+0000] {manager.py:504} INFO - Created Permission View: can read on DAG:example_dynamic_task_mapping
[2025-10-30T01:49:18.800+0000] {logging_mixin.py:150} INFO - [2025-10-30T01:49:18.800+0000] {manager.py:504} INFO - Created Permission View: can delete on DAG:example_dynamic_task_mapping
[2025-10-30T01:49:18.806+0000] {logging_mixin.py:150} INFO - [2025-10-30T01:49:18.806+0000] {manager.py:504} INFO - Created Permission View: can edit on DAG:example_dynamic_task_mapping
[2025-10-30T01:49:18.814+0000] {logging_mixin.py:150} INFO - [2025-10-30T01:49:18.813+0000] {dag.py:2742} INFO - Sync 1 DAGs
[2025-10-30T01:49:18.820+0000] {logging_mixin.py:150} INFO - [2025-10-30T01:49:18.820+0000] {dag.py:2763} INFO - Creating ORM DAG for example_dynamic_task_mapping
[2025-10-30T01:49:18.826+0000] {logging_mixin.py:150} INFO - [2025-10-30T01:49:18.826+0000] {dag.py:3504} INFO - Setting next_dagrun for example_dynamic_task_mapping to 2022-03-04T00:00:00+00:00, run_after=2022-03-05T00:00:00+00:00
[2025-10-30T01:49:18.840+0000] {processor.py:179} INFO - Processing /home/vscode/.local/lib/python3.10/site-packages/airflow/example_dags/example_dynamic_task_mapping.py took 0.130 seconds
[2025-10-30T01:50:03.440+0000] {processor.py:157} INFO - Started process (PID=14033) to work on /home/vscode/.local/lib/python3.10/site-packages/airflow/example_dags/example_dynamic_task_mapping.py
[2025-10-30T01:50:03.440+0000] {processor.py:826} INFO - Processing file /home/vscode/.local/lib/python3.10/site-packages/airflow/example_dags/example_dynamic_task_mapping.py for tasks to queue
[2025-10-30T01:50:03.441+0000] {logging_mixin.py:150} INFO - [2025-10-30T01:50:03.441+0000] {dagbag.py:541} INFO - Filling up the DagBag from /home/vscode/.local/lib/python3.10/site-packages/airflow/example_dags/example_dynamic_task_mapping.py
[2025-10-30T01:50:03.446+0000] {processor.py:836} INFO - DAG(s) dict_keys(['example_dynamic_task_mapping']) retrieved from /home/vscode/.local/lib/python3.10/site-packages/airflow/example_dags/example_dynamic_task_mapping.py
[2025-10-30T01:50:03.457+0000] {logging_mixin.py:150} INFO - [2025-10-30T01:50:03.456+0000] {dag.py:2742} INFO - Sync 1 DAGs
[2025-10-30T01:50:03.473+0000] {logging_mixin.py:150} INFO - [2025-10-30T01:50:03.473+0000] {dag.py:3504} INFO - Setting next_dagrun for example_dynamic_task_mapping to 2022-03-04T00:00:00+00:00, run_after=2022-03-05T00:00:00+00:00
[2025-10-30T01:50:03.487+0000] {processor.py:179} INFO - Processing /home/vscode/.local/lib/python3.10/site-packages/airflow/example_dags/example_dynamic_task_mapping.py took 0.049 seconds
[2025-10-30T01:50:51.247+0000] {processor.py:157} INFO - Started process (PID=14376) to work on /home/vscode/.local/lib/python3.10/site-packages/airflow/example_dags/example_dynamic_task_mapping.py
[2025-10-30T01:50:51.247+0000] {processor.py:826} INFO - Processing file /home/vscode/.local/lib/python3.10/site-packages/airflow/example_dags/example_dynamic_task_mapping.py for tasks to queue
[2025-10-30T01:50:51.248+0000] {logging_mixin.py:150} INFO - [2025-10-30T01:50:51.248+0000] {dagbag.py:541} INFO - Filling up the DagBag from /home/vscode/.local/lib/python3.10/site-packages/airflow/example_dags/example_dynamic_task_mapping.py
[2025-10-30T01:50:51.253+0000] {processor.py:836} INFO - DAG(s) dict_keys(['example_dynamic_task_mapping']) retrieved from /home/vscode/.local/lib/python3.10/site-packages/airflow/example_dags/example_dynamic_task_mapping.py
[2025-10-30T01:50:51.264+0000] {logging_mixin.py:150} INFO - [2025-10-30T01:50:51.264+0000] {dag.py:2742} INFO - Sync 1 DAGs
[2025-10-30T01:50:51.278+0000] {logging_mixin.py:150} INFO - [2025-10-30T01:50:51.278+0000] {dag.py:3504} INFO - Setting next_dagrun for example_dynamic_task_mapping to 2022-03-04T00:00:00+00:00, run_after=2022-03-05T00:00:00+00:00
[2025-10-30T01:50:51.292+0000] {processor.py:179} INFO - Processing /home/vscode/.local/lib/python3.10/site-packages/airflow/example_dags/example_dynamic_task_mapping.py took 0.047 seconds
[2025-10-30T01:51:37.012+0000] {processor.py:157} INFO - Started process (PID=14679) to work on /home/vscode/.local/lib/python3.10/site-packages/airflow/example_dags/example_dynamic_task_mapping.py
[2025-10-30T01:51:37.012+0000] {processor.py:826} INFO - Processing file /home/vscode/.local/lib/python3.10/site-packages/airflow/example_dags/example_dynamic_task_mapping.py for tasks to queue
[2025-10-30T01:51:37.013+0000] {logging_mixin.py:150} INFO - [2025-10-30T01:51:37.013+0000] {dagbag.py:541} INFO - Filling up the DagBag from /home/vscode/.local/lib/python3.10/site-packages/airflow/example_dags/example_dynamic_task_mapping.py
[2025-10-30T01:51:37.018+0000] {processor.py:836} INFO - DAG(s) dict_keys(['example_dynamic_task_mapping']) retrieved from /home/vscode/.local/lib/python3.10/site-packages/airflow/example_dags/example_dynamic_task_mapping.py
[2025-10-30T01:51:37.028+0000] {logging_mixin.py:150} INFO - [2025-10-30T01:51:37.028+0000] {dag.py:2742} INFO - Sync 1 DAGs
[2025-10-30T01:51:37.042+0000] {logging_mixin.py:150} INFO - [2025-10-30T01:51:37.042+0000] {dag.py:3504} INFO - Setting next_dagrun for example_dynamic_task_mapping to 2022-03-04T00:00:00+00:00, run_after=2022-03-05T00:00:00+00:00
[2025-10-30T01:51:37.056+0000] {processor.py:179} INFO - Processing /home/vscode/.local/lib/python3.10/site-packages/airflow/example_dags/example_dynamic_task_mapping.py took 0.046 seconds
[2025-10-30T01:52:21.913+0000] {processor.py:157} INFO - Started process (PID=14976) to work on /home/vscode/.local/lib/python3.10/site-packages/airflow/example_dags/example_dynamic_task_mapping.py
[2025-10-30T01:52:21.914+0000] {processor.py:826} INFO - Processing file /home/vscode/.local/lib/python3.10/site-packages/airflow/example_dags/example_dynamic_task_mapping.py for tasks to queue
[2025-10-30T01:52:21.915+0000] {logging_mixin.py:150} INFO - [2025-10-30T01:52:21.915+0000] {dagbag.py:541} INFO - Filling up the DagBag from /home/vscode/.local/lib/python3.10/site-packages/airflow/example_dags/example_dynamic_task_mapping.py
[2025-10-30T01:52:21.922+0000] {processor.py:836} INFO - DAG(s) dict_keys(['example_dynamic_task_mapping']) retrieved from /home/vscode/.local/lib/python3.10/site-packages/airflow/example_dags/example_dynamic_task_mapping.py
[2025-10-30T01:52:21.935+0000] {logging_mixin.py:150} INFO - [2025-10-30T01:52:21.934+0000] {dag.py:2742} INFO - Sync 1 DAGs
[2025-10-30T01:52:21.948+0000] {logging_mixin.py:150} INFO - [2025-10-30T01:52:21.948+0000] {dag.py:3504} INFO - Setting next_dagrun for example_dynamic_task_mapping to 2022-03-04T00:00:00+00:00, run_after=2022-03-05T00:00:00+00:00
[2025-10-30T01:52:21.963+0000] {processor.py:179} INFO - Processing /home/vscode/.local/lib/python3.10/site-packages/airflow/example_dags/example_dynamic_task_mapping.py took 0.052 seconds
[2025-10-30T01:53:04.465+0000] {processor.py:157} INFO - Started process (PID=15259) to work on /home/vscode/.local/lib/python3.10/site-packages/airflow/example_dags/example_dynamic_task_mapping.py
[2025-10-30T01:53:04.465+0000] {processor.py:826} INFO - Processing file /home/vscode/.local/lib/python3.10/site-packages/airflow/example_dags/example_dynamic_task_mapping.py for tasks to queue
[2025-10-30T01:53:04.466+0000] {logging_mixin.py:150} INFO - [2025-10-30T01:53:04.466+0000] {dagbag.py:541} INFO - Filling up the DagBag from /home/vscode/.local/lib/python3.10/site-packages/airflow/example_dags/example_dynamic_task_mapping.py
[2025-10-30T01:53:04.471+0000] {processor.py:836} INFO - DAG(s) dict_keys(['example_dynamic_task_mapping']) retrieved from /home/vscode/.local/lib/python3.10/site-packages/airflow/example_dags/example_dynamic_task_mapping.py
[2025-10-30T01:53:04.482+0000] {logging_mixin.py:150} INFO - [2025-10-30T01:53:04.481+0000] {dag.py:2742} INFO - Sync 1 DAGs
[2025-10-30T01:53:04.495+0000] {logging_mixin.py:150} INFO - [2025-10-30T01:53:04.495+0000] {dag.py:3504} INFO - Setting next_dagrun for example_dynamic_task_mapping to 2022-03-04T00:00:00+00:00, run_after=2022-03-05T00:00:00+00:00
[2025-10-30T01:53:04.509+0000] {processor.py:179} INFO - Processing /home/vscode/.local/lib/python3.10/site-packages/airflow/example_dags/example_dynamic_task_mapping.py took 0.046 seconds
[2025-10-30T01:53:45.764+0000] {processor.py:157} INFO - Started process (PID=15617) to work on /home/vscode/.local/lib/python3.10/site-packages/airflow/example_dags/example_dynamic_task_mapping.py
[2025-10-30T01:53:45.765+0000] {processor.py:826} INFO - Processing file /home/vscode/.local/lib/python3.10/site-packages/airflow/example_dags/example_dynamic_task_mapping.py for tasks to queue
[2025-10-30T01:53:45.765+0000] {logging_mixin.py:150} INFO - [2025-10-30T01:53:45.765+0000] {dagbag.py:541} INFO - Filling up the DagBag from /home/vscode/.local/lib/python3.10/site-packages/airflow/example_dags/example_dynamic_task_mapping.py
[2025-10-30T01:53:45.771+0000] {processor.py:836} INFO - DAG(s) dict_keys(['example_dynamic_task_mapping']) retrieved from /home/vscode/.local/lib/python3.10/site-packages/airflow/example_dags/example_dynamic_task_mapping.py
[2025-10-30T01:53:45.781+0000] {logging_mixin.py:150} INFO - [2025-10-30T01:53:45.781+0000] {dag.py:2742} INFO - Sync 1 DAGs
[2025-10-30T01:53:45.795+0000] {logging_mixin.py:150} INFO - [2025-10-30T01:53:45.795+0000] {dag.py:3504} INFO - Setting next_dagrun for example_dynamic_task_mapping to 2022-03-04T00:00:00+00:00, run_after=2022-03-05T00:00:00+00:00
[2025-10-30T01:53:45.810+0000] {processor.py:179} INFO - Processing /home/vscode/.local/lib/python3.10/site-packages/airflow/example_dags/example_dynamic_task_mapping.py took 0.048 seconds
[2025-10-30T01:54:30.614+0000] {processor.py:157} INFO - Started process (PID=15978) to work on /home/vscode/.local/lib/python3.10/site-packages/airflow/example_dags/example_dynamic_task_mapping.py
[2025-10-30T01:54:30.614+0000] {processor.py:826} INFO - Processing file /home/vscode/.local/lib/python3.10/site-packages/airflow/example_dags/example_dynamic_task_mapping.py for tasks to queue
[2025-10-30T01:54:30.615+0000] {logging_mixin.py:150} INFO - [2025-10-30T01:54:30.614+0000] {dagbag.py:541} INFO - Filling up the DagBag from /home/vscode/.local/lib/python3.10/site-packages/airflow/example_dags/example_dynamic_task_mapping.py
[2025-10-30T01:54:30.620+0000] {processor.py:836} INFO - DAG(s) dict_keys(['example_dynamic_task_mapping']) retrieved from /home/vscode/.local/lib/python3.10/site-packages/airflow/example_dags/example_dynamic_task_mapping.py
[2025-10-30T01:54:30.630+0000] {logging_mixin.py:150} INFO - [2025-10-30T01:54:30.630+0000] {dag.py:2742} INFO - Sync 1 DAGs
[2025-10-30T01:54:30.644+0000] {logging_mixin.py:150} INFO - [2025-10-30T01:54:30.643+0000] {dag.py:3504} INFO - Setting next_dagrun for example_dynamic_task_mapping to 2022-03-04T00:00:00+00:00, run_after=2022-03-05T00:00:00+00:00
[2025-10-30T01:54:30.658+0000] {processor.py:179} INFO - Processing /home/vscode/.local/lib/python3.10/site-packages/airflow/example_dags/example_dynamic_task_mapping.py took 0.047 seconds
[2025-10-30T01:55:12.412+0000] {processor.py:157} INFO - Started process (PID=16305) to work on /home/vscode/.local/lib/python3.10/site-packages/airflow/example_dags/example_dynamic_task_mapping.py
[2025-10-30T01:55:12.413+0000] {processor.py:826} INFO - Processing file /home/vscode/.local/lib/python3.10/site-packages/airflow/example_dags/example_dynamic_task_mapping.py for tasks to queue
[2025-10-30T01:55:12.413+0000] {logging_mixin.py:150} INFO - [2025-10-30T01:55:12.413+0000] {dagbag.py:541} INFO - Filling up the DagBag from /home/vscode/.local/lib/python3.10/site-packages/airflow/example_dags/example_dynamic_task_mapping.py
[2025-10-30T01:55:12.419+0000] {processor.py:836} INFO - DAG(s) dict_keys(['example_dynamic_task_mapping']) retrieved from /home/vscode/.local/lib/python3.10/site-packages/airflow/example_dags/example_dynamic_task_mapping.py
[2025-10-30T01:55:12.431+0000] {logging_mixin.py:150} INFO - [2025-10-30T01:55:12.430+0000] {dag.py:2742} INFO - Sync 1 DAGs
[2025-10-30T01:55:12.445+0000] {logging_mixin.py:150} INFO - [2025-10-30T01:55:12.445+0000] {dag.py:3504} INFO - Setting next_dagrun for example_dynamic_task_mapping to 2022-03-04T00:00:00+00:00, run_after=2022-03-05T00:00:00+00:00
[2025-10-30T01:55:12.462+0000] {processor.py:179} INFO - Processing /home/vscode/.local/lib/python3.10/site-packages/airflow/example_dags/example_dynamic_task_mapping.py took 0.051 seconds
[2025-10-30T02:06:47.851+0000] {processor.py:157} INFO - Started process (PID=20730) to work on /home/vscode/.local/lib/python3.10/site-packages/airflow/example_dags/example_dynamic_task_mapping.py
[2025-10-30T02:06:47.852+0000] {processor.py:826} INFO - Processing file /home/vscode/.local/lib/python3.10/site-packages/airflow/example_dags/example_dynamic_task_mapping.py for tasks to queue
[2025-10-30T02:06:47.852+0000] {logging_mixin.py:150} INFO - [2025-10-30T02:06:47.852+0000] {dagbag.py:541} INFO - Filling up the DagBag from /home/vscode/.local/lib/python3.10/site-packages/airflow/example_dags/example_dynamic_task_mapping.py
[2025-10-30T02:06:47.858+0000] {processor.py:836} INFO - DAG(s) dict_keys(['example_dynamic_task_mapping']) retrieved from /home/vscode/.local/lib/python3.10/site-packages/airflow/example_dags/example_dynamic_task_mapping.py
[2025-10-30T02:06:47.869+0000] {logging_mixin.py:150} INFO - [2025-10-30T02:06:47.869+0000] {dag.py:2742} INFO - Sync 1 DAGs
[2025-10-30T02:06:47.882+0000] {logging_mixin.py:150} INFO - [2025-10-30T02:06:47.882+0000] {dag.py:3504} INFO - Setting next_dagrun for example_dynamic_task_mapping to 2022-03-04T00:00:00+00:00, run_after=2022-03-05T00:00:00+00:00
[2025-10-30T02:06:47.897+0000] {processor.py:179} INFO - Processing /home/vscode/.local/lib/python3.10/site-packages/airflow/example_dags/example_dynamic_task_mapping.py took 0.048 seconds
[2025-10-30T02:07:32.693+0000] {processor.py:157} INFO - Started process (PID=21077) to work on /home/vscode/.local/lib/python3.10/site-packages/airflow/example_dags/example_dynamic_task_mapping.py
[2025-10-30T02:07:32.693+0000] {processor.py:826} INFO - Processing file /home/vscode/.local/lib/python3.10/site-packages/airflow/example_dags/example_dynamic_task_mapping.py for tasks to queue
[2025-10-30T02:07:32.694+0000] {logging_mixin.py:150} INFO - [2025-10-30T02:07:32.694+0000] {dagbag.py:541} INFO - Filling up the DagBag from /home/vscode/.local/lib/python3.10/site-packages/airflow/example_dags/example_dynamic_task_mapping.py
[2025-10-30T02:07:32.699+0000] {processor.py:836} INFO - DAG(s) dict_keys(['example_dynamic_task_mapping']) retrieved from /home/vscode/.local/lib/python3.10/site-packages/airflow/example_dags/example_dynamic_task_mapping.py
[2025-10-30T02:07:32.710+0000] {logging_mixin.py:150} INFO - [2025-10-30T02:07:32.710+0000] {dag.py:2742} INFO - Sync 1 DAGs
[2025-10-30T02:07:32.723+0000] {logging_mixin.py:150} INFO - [2025-10-30T02:07:32.723+0000] {dag.py:3504} INFO - Setting next_dagrun for example_dynamic_task_mapping to 2022-03-04T00:00:00+00:00, run_after=2022-03-05T00:00:00+00:00
[2025-10-30T02:07:32.738+0000] {processor.py:179} INFO - Processing /home/vscode/.local/lib/python3.10/site-packages/airflow/example_dags/example_dynamic_task_mapping.py took 0.047 seconds
[2025-10-30T02:08:18.716+0000] {processor.py:157} INFO - Started process (PID=21442) to work on /home/vscode/.local/lib/python3.10/site-packages/airflow/example_dags/example_dynamic_task_mapping.py
[2025-10-30T02:08:18.717+0000] {processor.py:826} INFO - Processing file /home/vscode/.local/lib/python3.10/site-packages/airflow/example_dags/example_dynamic_task_mapping.py for tasks to queue
[2025-10-30T02:08:18.717+0000] {logging_mixin.py:150} INFO - [2025-10-30T02:08:18.717+0000] {dagbag.py:541} INFO - Filling up the DagBag from /home/vscode/.local/lib/python3.10/site-packages/airflow/example_dags/example_dynamic_task_mapping.py
[2025-10-30T02:08:18.723+0000] {processor.py:836} INFO - DAG(s) dict_keys(['example_dynamic_task_mapping']) retrieved from /home/vscode/.local/lib/python3.10/site-packages/airflow/example_dags/example_dynamic_task_mapping.py
[2025-10-30T02:08:18.735+0000] {logging_mixin.py:150} INFO - [2025-10-30T02:08:18.735+0000] {dag.py:2742} INFO - Sync 1 DAGs
[2025-10-30T02:08:18.760+0000] {logging_mixin.py:150} INFO - [2025-10-30T02:08:18.760+0000] {dag.py:3504} INFO - Setting next_dagrun for example_dynamic_task_mapping to 2022-03-04T00:00:00+00:00, run_after=2022-03-05T00:00:00+00:00
[2025-10-30T02:08:18.775+0000] {processor.py:179} INFO - Processing /home/vscode/.local/lib/python3.10/site-packages/airflow/example_dags/example_dynamic_task_mapping.py took 0.061 seconds
[2025-10-30T02:09:04.585+0000] {processor.py:157} INFO - Started process (PID=21899) to work on /home/vscode/.local/lib/python3.10/site-packages/airflow/example_dags/example_dynamic_task_mapping.py
[2025-10-30T02:09:04.585+0000] {processor.py:826} INFO - Processing file /home/vscode/.local/lib/python3.10/site-packages/airflow/example_dags/example_dynamic_task_mapping.py for tasks to queue
[2025-10-30T02:09:04.586+0000] {logging_mixin.py:150} INFO - [2025-10-30T02:09:04.586+0000] {dagbag.py:541} INFO - Filling up the DagBag from /home/vscode/.local/lib/python3.10/site-packages/airflow/example_dags/example_dynamic_task_mapping.py
[2025-10-30T02:09:04.595+0000] {processor.py:836} INFO - DAG(s) dict_keys(['example_dynamic_task_mapping']) retrieved from /home/vscode/.local/lib/python3.10/site-packages/airflow/example_dags/example_dynamic_task_mapping.py
[2025-10-30T02:09:04.606+0000] {logging_mixin.py:150} INFO - [2025-10-30T02:09:04.606+0000] {dag.py:2742} INFO - Sync 1 DAGs
[2025-10-30T02:09:04.620+0000] {logging_mixin.py:150} INFO - [2025-10-30T02:09:04.620+0000] {dag.py:3504} INFO - Setting next_dagrun for example_dynamic_task_mapping to 2022-03-04T00:00:00+00:00, run_after=2022-03-05T00:00:00+00:00
[2025-10-30T02:09:04.635+0000] {processor.py:179} INFO - Processing /home/vscode/.local/lib/python3.10/site-packages/airflow/example_dags/example_dynamic_task_mapping.py took 0.054 seconds
