[2025-10-30T01:49:21.187+0000] {processor.py:157} INFO - Started process (PID=13745) to work on /home/vscode/.local/lib/python3.10/site-packages/airflow/example_dags/example_branch_operator.py
[2025-10-30T01:49:21.187+0000] {processor.py:826} INFO - Processing file /home/vscode/.local/lib/python3.10/site-packages/airflow/example_dags/example_branch_operator.py for tasks to queue
[2025-10-30T01:49:21.188+0000] {logging_mixin.py:150} INFO - [2025-10-30T01:49:21.188+0000] {dagbag.py:541} INFO - Filling up the DagBag from /home/vscode/.local/lib/python3.10/site-packages/airflow/example_dags/example_branch_operator.py
[2025-10-30T01:49:21.195+0000] {processor.py:836} INFO - DAG(s) dict_keys(['example_branch_operator']) retrieved from /home/vscode/.local/lib/python3.10/site-packages/airflow/example_dags/example_branch_operator.py
[2025-10-30T01:49:21.270+0000] {logging_mixin.py:150} INFO - [2025-10-30T01:49:21.270+0000] {manager.py:504} INFO - Created Permission View: can read on DAG:example_branch_operator
[2025-10-30T01:49:21.278+0000] {logging_mixin.py:150} INFO - [2025-10-30T01:49:21.278+0000] {manager.py:504} INFO - Created Permission View: can delete on DAG:example_branch_operator
[2025-10-30T01:49:21.284+0000] {logging_mixin.py:150} INFO - [2025-10-30T01:49:21.284+0000] {manager.py:504} INFO - Created Permission View: can edit on DAG:example_branch_operator
[2025-10-30T01:49:21.291+0000] {logging_mixin.py:150} INFO - [2025-10-30T01:49:21.291+0000] {dag.py:2742} INFO - Sync 1 DAGs
[2025-10-30T01:49:21.298+0000] {logging_mixin.py:150} INFO - [2025-10-30T01:49:21.298+0000] {dag.py:2763} INFO - Creating ORM DAG for example_branch_operator
[2025-10-30T01:49:21.305+0000] {logging_mixin.py:150} INFO - [2025-10-30T01:49:21.305+0000] {dag.py:3504} INFO - Setting next_dagrun for example_branch_operator to 2025-10-29T00:00:00+00:00, run_after=2025-10-30T00:00:00+00:00
[2025-10-30T01:49:21.320+0000] {processor.py:179} INFO - Processing /home/vscode/.local/lib/python3.10/site-packages/airflow/example_dags/example_branch_operator.py took 0.135 seconds
[2025-10-30T01:50:08.421+0000] {processor.py:157} INFO - Started process (PID=14061) to work on /home/vscode/.local/lib/python3.10/site-packages/airflow/example_dags/example_branch_operator.py
[2025-10-30T01:50:08.422+0000] {processor.py:826} INFO - Processing file /home/vscode/.local/lib/python3.10/site-packages/airflow/example_dags/example_branch_operator.py for tasks to queue
[2025-10-30T01:50:08.423+0000] {logging_mixin.py:150} INFO - [2025-10-30T01:50:08.422+0000] {dagbag.py:541} INFO - Filling up the DagBag from /home/vscode/.local/lib/python3.10/site-packages/airflow/example_dags/example_branch_operator.py
[2025-10-30T01:50:08.429+0000] {processor.py:836} INFO - DAG(s) dict_keys(['example_branch_operator']) retrieved from /home/vscode/.local/lib/python3.10/site-packages/airflow/example_dags/example_branch_operator.py
[2025-10-30T01:50:08.442+0000] {logging_mixin.py:150} INFO - [2025-10-30T01:50:08.442+0000] {dag.py:2742} INFO - Sync 1 DAGs
[2025-10-30T01:50:08.457+0000] {logging_mixin.py:150} INFO - [2025-10-30T01:50:08.457+0000] {dag.py:3504} INFO - Setting next_dagrun for example_branch_operator to 2025-10-29T00:00:00+00:00, run_after=2025-10-30T00:00:00+00:00
[2025-10-30T01:50:08.471+0000] {processor.py:179} INFO - Processing /home/vscode/.local/lib/python3.10/site-packages/airflow/example_dags/example_branch_operator.py took 0.052 seconds
[2025-10-30T01:50:53.516+0000] {processor.py:157} INFO - Started process (PID=14386) to work on /home/vscode/.local/lib/python3.10/site-packages/airflow/example_dags/example_branch_operator.py
[2025-10-30T01:50:53.516+0000] {processor.py:826} INFO - Processing file /home/vscode/.local/lib/python3.10/site-packages/airflow/example_dags/example_branch_operator.py for tasks to queue
[2025-10-30T01:50:53.517+0000] {logging_mixin.py:150} INFO - [2025-10-30T01:50:53.517+0000] {dagbag.py:541} INFO - Filling up the DagBag from /home/vscode/.local/lib/python3.10/site-packages/airflow/example_dags/example_branch_operator.py
[2025-10-30T01:50:53.525+0000] {processor.py:836} INFO - DAG(s) dict_keys(['example_branch_operator']) retrieved from /home/vscode/.local/lib/python3.10/site-packages/airflow/example_dags/example_branch_operator.py
[2025-10-30T01:50:53.545+0000] {logging_mixin.py:150} INFO - [2025-10-30T01:50:53.544+0000] {dag.py:2742} INFO - Sync 1 DAGs
[2025-10-30T01:50:53.566+0000] {logging_mixin.py:150} INFO - [2025-10-30T01:50:53.566+0000] {dag.py:3504} INFO - Setting next_dagrun for example_branch_operator to 2025-10-29T00:00:00+00:00, run_after=2025-10-30T00:00:00+00:00
[2025-10-30T01:50:53.581+0000] {processor.py:179} INFO - Processing /home/vscode/.local/lib/python3.10/site-packages/airflow/example_dags/example_branch_operator.py took 0.067 seconds
[2025-10-30T01:51:38.572+0000] {processor.py:157} INFO - Started process (PID=14682) to work on /home/vscode/.local/lib/python3.10/site-packages/airflow/example_dags/example_branch_operator.py
[2025-10-30T01:51:38.573+0000] {processor.py:826} INFO - Processing file /home/vscode/.local/lib/python3.10/site-packages/airflow/example_dags/example_branch_operator.py for tasks to queue
[2025-10-30T01:51:38.573+0000] {logging_mixin.py:150} INFO - [2025-10-30T01:51:38.573+0000] {dagbag.py:541} INFO - Filling up the DagBag from /home/vscode/.local/lib/python3.10/site-packages/airflow/example_dags/example_branch_operator.py
[2025-10-30T01:51:38.580+0000] {processor.py:836} INFO - DAG(s) dict_keys(['example_branch_operator']) retrieved from /home/vscode/.local/lib/python3.10/site-packages/airflow/example_dags/example_branch_operator.py
[2025-10-30T01:51:38.593+0000] {logging_mixin.py:150} INFO - [2025-10-30T01:51:38.593+0000] {dag.py:2742} INFO - Sync 1 DAGs
[2025-10-30T01:51:38.608+0000] {logging_mixin.py:150} INFO - [2025-10-30T01:51:38.607+0000] {dag.py:3504} INFO - Setting next_dagrun for example_branch_operator to 2025-10-29T00:00:00+00:00, run_after=2025-10-30T00:00:00+00:00
[2025-10-30T01:51:38.622+0000] {processor.py:179} INFO - Processing /home/vscode/.local/lib/python3.10/site-packages/airflow/example_dags/example_branch_operator.py took 0.052 seconds
[2025-10-30T01:52:23.645+0000] {processor.py:157} INFO - Started process (PID=14988) to work on /home/vscode/.local/lib/python3.10/site-packages/airflow/example_dags/example_branch_operator.py
[2025-10-30T01:52:23.645+0000] {processor.py:826} INFO - Processing file /home/vscode/.local/lib/python3.10/site-packages/airflow/example_dags/example_branch_operator.py for tasks to queue
[2025-10-30T01:52:23.646+0000] {logging_mixin.py:150} INFO - [2025-10-30T01:52:23.646+0000] {dagbag.py:541} INFO - Filling up the DagBag from /home/vscode/.local/lib/python3.10/site-packages/airflow/example_dags/example_branch_operator.py
[2025-10-30T01:52:23.653+0000] {processor.py:836} INFO - DAG(s) dict_keys(['example_branch_operator']) retrieved from /home/vscode/.local/lib/python3.10/site-packages/airflow/example_dags/example_branch_operator.py
[2025-10-30T01:52:23.666+0000] {logging_mixin.py:150} INFO - [2025-10-30T01:52:23.666+0000] {dag.py:2742} INFO - Sync 1 DAGs
[2025-10-30T01:52:23.681+0000] {logging_mixin.py:150} INFO - [2025-10-30T01:52:23.681+0000] {dag.py:3504} INFO - Setting next_dagrun for example_branch_operator to 2025-10-29T00:00:00+00:00, run_after=2025-10-30T00:00:00+00:00
[2025-10-30T01:52:23.696+0000] {processor.py:179} INFO - Processing /home/vscode/.local/lib/python3.10/site-packages/airflow/example_dags/example_branch_operator.py took 0.053 seconds
[2025-10-30T01:53:05.791+0000] {processor.py:157} INFO - Started process (PID=15268) to work on /home/vscode/.local/lib/python3.10/site-packages/airflow/example_dags/example_branch_operator.py
[2025-10-30T01:53:05.792+0000] {processor.py:826} INFO - Processing file /home/vscode/.local/lib/python3.10/site-packages/airflow/example_dags/example_branch_operator.py for tasks to queue
[2025-10-30T01:53:05.793+0000] {logging_mixin.py:150} INFO - [2025-10-30T01:53:05.792+0000] {dagbag.py:541} INFO - Filling up the DagBag from /home/vscode/.local/lib/python3.10/site-packages/airflow/example_dags/example_branch_operator.py
[2025-10-30T01:53:05.799+0000] {processor.py:836} INFO - DAG(s) dict_keys(['example_branch_operator']) retrieved from /home/vscode/.local/lib/python3.10/site-packages/airflow/example_dags/example_branch_operator.py
[2025-10-30T01:53:05.812+0000] {logging_mixin.py:150} INFO - [2025-10-30T01:53:05.812+0000] {dag.py:2742} INFO - Sync 1 DAGs
[2025-10-30T01:53:05.827+0000] {logging_mixin.py:150} INFO - [2025-10-30T01:53:05.827+0000] {dag.py:3504} INFO - Setting next_dagrun for example_branch_operator to 2025-10-29T00:00:00+00:00, run_after=2025-10-30T00:00:00+00:00
[2025-10-30T01:53:05.841+0000] {processor.py:179} INFO - Processing /home/vscode/.local/lib/python3.10/site-packages/airflow/example_dags/example_branch_operator.py took 0.053 seconds
[2025-10-30T01:53:47.637+0000] {processor.py:157} INFO - Started process (PID=15632) to work on /home/vscode/.local/lib/python3.10/site-packages/airflow/example_dags/example_branch_operator.py
[2025-10-30T01:53:47.638+0000] {processor.py:826} INFO - Processing file /home/vscode/.local/lib/python3.10/site-packages/airflow/example_dags/example_branch_operator.py for tasks to queue
[2025-10-30T01:53:47.639+0000] {logging_mixin.py:150} INFO - [2025-10-30T01:53:47.638+0000] {dagbag.py:541} INFO - Filling up the DagBag from /home/vscode/.local/lib/python3.10/site-packages/airflow/example_dags/example_branch_operator.py
[2025-10-30T01:53:47.645+0000] {processor.py:836} INFO - DAG(s) dict_keys(['example_branch_operator']) retrieved from /home/vscode/.local/lib/python3.10/site-packages/airflow/example_dags/example_branch_operator.py
[2025-10-30T01:53:47.658+0000] {logging_mixin.py:150} INFO - [2025-10-30T01:53:47.658+0000] {dag.py:2742} INFO - Sync 1 DAGs
[2025-10-30T01:53:47.672+0000] {logging_mixin.py:150} INFO - [2025-10-30T01:53:47.672+0000] {dag.py:3504} INFO - Setting next_dagrun for example_branch_operator to 2025-10-29T00:00:00+00:00, run_after=2025-10-30T00:00:00+00:00
[2025-10-30T01:53:47.689+0000] {processor.py:179} INFO - Processing /home/vscode/.local/lib/python3.10/site-packages/airflow/example_dags/example_branch_operator.py took 0.053 seconds
[2025-10-30T01:54:31.882+0000] {processor.py:157} INFO - Started process (PID=15987) to work on /home/vscode/.local/lib/python3.10/site-packages/airflow/example_dags/example_branch_operator.py
[2025-10-30T01:54:31.882+0000] {processor.py:826} INFO - Processing file /home/vscode/.local/lib/python3.10/site-packages/airflow/example_dags/example_branch_operator.py for tasks to queue
[2025-10-30T01:54:31.883+0000] {logging_mixin.py:150} INFO - [2025-10-30T01:54:31.882+0000] {dagbag.py:541} INFO - Filling up the DagBag from /home/vscode/.local/lib/python3.10/site-packages/airflow/example_dags/example_branch_operator.py
[2025-10-30T01:54:31.889+0000] {processor.py:836} INFO - DAG(s) dict_keys(['example_branch_operator']) retrieved from /home/vscode/.local/lib/python3.10/site-packages/airflow/example_dags/example_branch_operator.py
[2025-10-30T01:54:31.902+0000] {logging_mixin.py:150} INFO - [2025-10-30T01:54:31.902+0000] {dag.py:2742} INFO - Sync 1 DAGs
[2025-10-30T01:54:31.917+0000] {logging_mixin.py:150} INFO - [2025-10-30T01:54:31.917+0000] {dag.py:3504} INFO - Setting next_dagrun for example_branch_operator to 2025-10-29T00:00:00+00:00, run_after=2025-10-30T00:00:00+00:00
[2025-10-30T01:54:31.931+0000] {processor.py:179} INFO - Processing /home/vscode/.local/lib/python3.10/site-packages/airflow/example_dags/example_branch_operator.py took 0.052 seconds
[2025-10-30T01:55:22.689+0000] {processor.py:157} INFO - Started process (PID=16403) to work on /home/vscode/.local/lib/python3.10/site-packages/airflow/example_dags/example_branch_operator.py
[2025-10-30T01:55:22.689+0000] {processor.py:826} INFO - Processing file /home/vscode/.local/lib/python3.10/site-packages/airflow/example_dags/example_branch_operator.py for tasks to queue
[2025-10-30T01:55:22.690+0000] {logging_mixin.py:150} INFO - [2025-10-30T01:55:22.690+0000] {dagbag.py:541} INFO - Filling up the DagBag from /home/vscode/.local/lib/python3.10/site-packages/airflow/example_dags/example_branch_operator.py
[2025-10-30T01:55:22.700+0000] {processor.py:836} INFO - DAG(s) dict_keys(['example_branch_operator']) retrieved from /home/vscode/.local/lib/python3.10/site-packages/airflow/example_dags/example_branch_operator.py
[2025-10-30T01:55:22.721+0000] {logging_mixin.py:150} INFO - [2025-10-30T01:55:22.721+0000] {dag.py:2742} INFO - Sync 1 DAGs
[2025-10-30T01:55:22.745+0000] {logging_mixin.py:150} INFO - [2025-10-30T01:55:22.744+0000] {dag.py:3504} INFO - Setting next_dagrun for example_branch_operator to 2025-10-29T00:00:00+00:00, run_after=2025-10-30T00:00:00+00:00
[2025-10-30T01:55:22.766+0000] {processor.py:179} INFO - Processing /home/vscode/.local/lib/python3.10/site-packages/airflow/example_dags/example_branch_operator.py took 0.079 seconds
[2025-10-30T02:06:50.115+0000] {processor.py:157} INFO - Started process (PID=20745) to work on /home/vscode/.local/lib/python3.10/site-packages/airflow/example_dags/example_branch_operator.py
[2025-10-30T02:06:50.115+0000] {processor.py:826} INFO - Processing file /home/vscode/.local/lib/python3.10/site-packages/airflow/example_dags/example_branch_operator.py for tasks to queue
[2025-10-30T02:06:50.116+0000] {logging_mixin.py:150} INFO - [2025-10-30T02:06:50.115+0000] {dagbag.py:541} INFO - Filling up the DagBag from /home/vscode/.local/lib/python3.10/site-packages/airflow/example_dags/example_branch_operator.py
[2025-10-30T02:06:50.123+0000] {processor.py:836} INFO - DAG(s) dict_keys(['example_branch_operator']) retrieved from /home/vscode/.local/lib/python3.10/site-packages/airflow/example_dags/example_branch_operator.py
[2025-10-30T02:06:50.136+0000] {logging_mixin.py:150} INFO - [2025-10-30T02:06:50.136+0000] {dag.py:2742} INFO - Sync 1 DAGs
[2025-10-30T02:06:50.151+0000] {logging_mixin.py:150} INFO - [2025-10-30T02:06:50.150+0000] {dag.py:3504} INFO - Setting next_dagrun for example_branch_operator to 2025-10-29T00:00:00+00:00, run_after=2025-10-30T00:00:00+00:00
[2025-10-30T02:06:50.165+0000] {processor.py:179} INFO - Processing /home/vscode/.local/lib/python3.10/site-packages/airflow/example_dags/example_branch_operator.py took 0.053 seconds
[2025-10-30T02:07:34.127+0000] {processor.py:157} INFO - Started process (PID=21086) to work on /home/vscode/.local/lib/python3.10/site-packages/airflow/example_dags/example_branch_operator.py
[2025-10-30T02:07:34.128+0000] {processor.py:826} INFO - Processing file /home/vscode/.local/lib/python3.10/site-packages/airflow/example_dags/example_branch_operator.py for tasks to queue
[2025-10-30T02:07:34.128+0000] {logging_mixin.py:150} INFO - [2025-10-30T02:07:34.128+0000] {dagbag.py:541} INFO - Filling up the DagBag from /home/vscode/.local/lib/python3.10/site-packages/airflow/example_dags/example_branch_operator.py
[2025-10-30T02:07:34.135+0000] {processor.py:836} INFO - DAG(s) dict_keys(['example_branch_operator']) retrieved from /home/vscode/.local/lib/python3.10/site-packages/airflow/example_dags/example_branch_operator.py
[2025-10-30T02:07:34.148+0000] {logging_mixin.py:150} INFO - [2025-10-30T02:07:34.148+0000] {dag.py:2742} INFO - Sync 1 DAGs
[2025-10-30T02:07:34.163+0000] {logging_mixin.py:150} INFO - [2025-10-30T02:07:34.163+0000] {dag.py:3504} INFO - Setting next_dagrun for example_branch_operator to 2025-10-29T00:00:00+00:00, run_after=2025-10-30T00:00:00+00:00
[2025-10-30T02:07:34.177+0000] {processor.py:179} INFO - Processing /home/vscode/.local/lib/python3.10/site-packages/airflow/example_dags/example_branch_operator.py took 0.052 seconds
[2025-10-30T02:08:20.108+0000] {processor.py:157} INFO - Started process (PID=21463) to work on /home/vscode/.local/lib/python3.10/site-packages/airflow/example_dags/example_branch_operator.py
[2025-10-30T02:08:20.109+0000] {processor.py:826} INFO - Processing file /home/vscode/.local/lib/python3.10/site-packages/airflow/example_dags/example_branch_operator.py for tasks to queue
[2025-10-30T02:08:20.109+0000] {logging_mixin.py:150} INFO - [2025-10-30T02:08:20.109+0000] {dagbag.py:541} INFO - Filling up the DagBag from /home/vscode/.local/lib/python3.10/site-packages/airflow/example_dags/example_branch_operator.py
[2025-10-30T02:08:20.116+0000] {processor.py:836} INFO - DAG(s) dict_keys(['example_branch_operator']) retrieved from /home/vscode/.local/lib/python3.10/site-packages/airflow/example_dags/example_branch_operator.py
[2025-10-30T02:08:20.129+0000] {logging_mixin.py:150} INFO - [2025-10-30T02:08:20.129+0000] {dag.py:2742} INFO - Sync 1 DAGs
[2025-10-30T02:08:20.143+0000] {logging_mixin.py:150} INFO - [2025-10-30T02:08:20.143+0000] {dag.py:3504} INFO - Setting next_dagrun for example_branch_operator to 2025-10-29T00:00:00+00:00, run_after=2025-10-30T00:00:00+00:00
[2025-10-30T02:08:20.158+0000] {processor.py:179} INFO - Processing /home/vscode/.local/lib/python3.10/site-packages/airflow/example_dags/example_branch_operator.py took 0.052 seconds
[2025-10-30T02:09:06.318+0000] {processor.py:157} INFO - Started process (PID=21908) to work on /home/vscode/.local/lib/python3.10/site-packages/airflow/example_dags/example_branch_operator.py
[2025-10-30T02:09:06.319+0000] {processor.py:826} INFO - Processing file /home/vscode/.local/lib/python3.10/site-packages/airflow/example_dags/example_branch_operator.py for tasks to queue
[2025-10-30T02:09:06.320+0000] {logging_mixin.py:150} INFO - [2025-10-30T02:09:06.320+0000] {dagbag.py:541} INFO - Filling up the DagBag from /home/vscode/.local/lib/python3.10/site-packages/airflow/example_dags/example_branch_operator.py
[2025-10-30T02:09:06.329+0000] {processor.py:836} INFO - DAG(s) dict_keys(['example_branch_operator']) retrieved from /home/vscode/.local/lib/python3.10/site-packages/airflow/example_dags/example_branch_operator.py
[2025-10-30T02:09:06.344+0000] {logging_mixin.py:150} INFO - [2025-10-30T02:09:06.344+0000] {dag.py:2742} INFO - Sync 1 DAGs
[2025-10-30T02:09:06.362+0000] {logging_mixin.py:150} INFO - [2025-10-30T02:09:06.362+0000] {dag.py:3504} INFO - Setting next_dagrun for example_branch_operator to 2025-10-29T00:00:00+00:00, run_after=2025-10-30T00:00:00+00:00
[2025-10-30T02:09:06.377+0000] {processor.py:179} INFO - Processing /home/vscode/.local/lib/python3.10/site-packages/airflow/example_dags/example_branch_operator.py took 0.061 seconds
