[2025-10-30T01:49:05.367+0000] {processor.py:157} INFO - Started process (PID=13643) to work on /home/vscode/.local/lib/python3.10/site-packages/airflow/example_dags/example_short_circuit_decorator.py
[2025-10-30T01:49:05.367+0000] {processor.py:826} INFO - Processing file /home/vscode/.local/lib/python3.10/site-packages/airflow/example_dags/example_short_circuit_decorator.py for tasks to queue
[2025-10-30T01:49:05.368+0000] {logging_mixin.py:150} INFO - [2025-10-30T01:49:05.367+0000] {dagbag.py:541} INFO - Filling up the DagBag from /home/vscode/.local/lib/python3.10/site-packages/airflow/example_dags/example_short_circuit_decorator.py
[2025-10-30T01:49:05.374+0000] {processor.py:836} INFO - DAG(s) dict_keys(['example_short_circuit_decorator']) retrieved from /home/vscode/.local/lib/python3.10/site-packages/airflow/example_dags/example_short_circuit_decorator.py
[2025-10-30T01:49:05.449+0000] {logging_mixin.py:150} INFO - [2025-10-30T01:49:05.449+0000] {manager.py:504} INFO - Created Permission View: can read on DAG:example_short_circuit_decorator
[2025-10-30T01:49:05.457+0000] {logging_mixin.py:150} INFO - [2025-10-30T01:49:05.457+0000] {manager.py:504} INFO - Created Permission View: can delete on DAG:example_short_circuit_decorator
[2025-10-30T01:49:05.463+0000] {logging_mixin.py:150} INFO - [2025-10-30T01:49:05.463+0000] {manager.py:504} INFO - Created Permission View: can edit on DAG:example_short_circuit_decorator
[2025-10-30T01:49:05.471+0000] {logging_mixin.py:150} INFO - [2025-10-30T01:49:05.471+0000] {dag.py:2742} INFO - Sync 1 DAGs
[2025-10-30T01:49:05.477+0000] {logging_mixin.py:150} INFO - [2025-10-30T01:49:05.477+0000] {dag.py:2763} INFO - Creating ORM DAG for example_short_circuit_decorator
[2025-10-30T01:49:05.483+0000] {logging_mixin.py:150} INFO - [2025-10-30T01:49:05.483+0000] {dag.py:3504} INFO - Setting next_dagrun for example_short_circuit_decorator to 2025-10-29T01:49:05.483673+00:00, run_after=2025-10-30T01:49:05.483673+00:00
[2025-10-30T01:49:05.498+0000] {processor.py:179} INFO - Processing /home/vscode/.local/lib/python3.10/site-packages/airflow/example_dags/example_short_circuit_decorator.py took 0.134 seconds
[2025-10-30T01:49:51.870+0000] {processor.py:157} INFO - Started process (PID=13955) to work on /home/vscode/.local/lib/python3.10/site-packages/airflow/example_dags/example_short_circuit_decorator.py
[2025-10-30T01:49:51.871+0000] {processor.py:826} INFO - Processing file /home/vscode/.local/lib/python3.10/site-packages/airflow/example_dags/example_short_circuit_decorator.py for tasks to queue
[2025-10-30T01:49:51.872+0000] {logging_mixin.py:150} INFO - [2025-10-30T01:49:51.871+0000] {dagbag.py:541} INFO - Filling up the DagBag from /home/vscode/.local/lib/python3.10/site-packages/airflow/example_dags/example_short_circuit_decorator.py
[2025-10-30T01:49:51.878+0000] {processor.py:836} INFO - DAG(s) dict_keys(['example_short_circuit_decorator']) retrieved from /home/vscode/.local/lib/python3.10/site-packages/airflow/example_dags/example_short_circuit_decorator.py
[2025-10-30T01:49:51.891+0000] {logging_mixin.py:150} INFO - [2025-10-30T01:49:51.891+0000] {dag.py:2742} INFO - Sync 1 DAGs
[2025-10-30T01:49:51.906+0000] {logging_mixin.py:150} INFO - [2025-10-30T01:49:51.905+0000] {dag.py:3504} INFO - Setting next_dagrun for example_short_circuit_decorator to 2025-10-29T01:49:51.905846+00:00, run_after=2025-10-30T01:49:51.905846+00:00
[2025-10-30T01:49:51.922+0000] {processor.py:179} INFO - Processing /home/vscode/.local/lib/python3.10/site-packages/airflow/example_dags/example_short_circuit_decorator.py took 0.054 seconds
[2025-10-30T01:50:35.825+0000] {processor.py:157} INFO - Started process (PID=14268) to work on /home/vscode/.local/lib/python3.10/site-packages/airflow/example_dags/example_short_circuit_decorator.py
[2025-10-30T01:50:35.826+0000] {processor.py:826} INFO - Processing file /home/vscode/.local/lib/python3.10/site-packages/airflow/example_dags/example_short_circuit_decorator.py for tasks to queue
[2025-10-30T01:50:35.827+0000] {logging_mixin.py:150} INFO - [2025-10-30T01:50:35.827+0000] {dagbag.py:541} INFO - Filling up the DagBag from /home/vscode/.local/lib/python3.10/site-packages/airflow/example_dags/example_short_circuit_decorator.py
[2025-10-30T01:50:35.837+0000] {processor.py:836} INFO - DAG(s) dict_keys(['example_short_circuit_decorator']) retrieved from /home/vscode/.local/lib/python3.10/site-packages/airflow/example_dags/example_short_circuit_decorator.py
[2025-10-30T01:50:35.854+0000] {logging_mixin.py:150} INFO - [2025-10-30T01:50:35.854+0000] {dag.py:2742} INFO - Sync 1 DAGs
[2025-10-30T01:50:35.870+0000] {logging_mixin.py:150} INFO - [2025-10-30T01:50:35.870+0000] {dag.py:3504} INFO - Setting next_dagrun for example_short_circuit_decorator to 2025-10-29T01:50:35.870172+00:00, run_after=2025-10-30T01:50:35.870172+00:00
[2025-10-30T01:50:35.885+0000] {processor.py:179} INFO - Processing /home/vscode/.local/lib/python3.10/site-packages/airflow/example_dags/example_short_circuit_decorator.py took 0.062 seconds
[2025-10-30T01:51:23.165+0000] {processor.py:157} INFO - Started process (PID=14584) to work on /home/vscode/.local/lib/python3.10/site-packages/airflow/example_dags/example_short_circuit_decorator.py
[2025-10-30T01:51:23.165+0000] {processor.py:826} INFO - Processing file /home/vscode/.local/lib/python3.10/site-packages/airflow/example_dags/example_short_circuit_decorator.py for tasks to queue
[2025-10-30T01:51:23.166+0000] {logging_mixin.py:150} INFO - [2025-10-30T01:51:23.166+0000] {dagbag.py:541} INFO - Filling up the DagBag from /home/vscode/.local/lib/python3.10/site-packages/airflow/example_dags/example_short_circuit_decorator.py
[2025-10-30T01:51:23.173+0000] {processor.py:836} INFO - DAG(s) dict_keys(['example_short_circuit_decorator']) retrieved from /home/vscode/.local/lib/python3.10/site-packages/airflow/example_dags/example_short_circuit_decorator.py
[2025-10-30T01:51:23.189+0000] {logging_mixin.py:150} INFO - [2025-10-30T01:51:23.189+0000] {dag.py:2742} INFO - Sync 1 DAGs
[2025-10-30T01:51:23.204+0000] {logging_mixin.py:150} INFO - [2025-10-30T01:51:23.204+0000] {dag.py:3504} INFO - Setting next_dagrun for example_short_circuit_decorator to 2025-10-29T01:51:23.204075+00:00, run_after=2025-10-30T01:51:23.204075+00:00
[2025-10-30T01:51:23.219+0000] {processor.py:179} INFO - Processing /home/vscode/.local/lib/python3.10/site-packages/airflow/example_dags/example_short_circuit_decorator.py took 0.057 seconds
[2025-10-30T01:52:06.287+0000] {processor.py:157} INFO - Started process (PID=14870) to work on /home/vscode/.local/lib/python3.10/site-packages/airflow/example_dags/example_short_circuit_decorator.py
[2025-10-30T01:52:06.288+0000] {processor.py:826} INFO - Processing file /home/vscode/.local/lib/python3.10/site-packages/airflow/example_dags/example_short_circuit_decorator.py for tasks to queue
[2025-10-30T01:52:06.288+0000] {logging_mixin.py:150} INFO - [2025-10-30T01:52:06.288+0000] {dagbag.py:541} INFO - Filling up the DagBag from /home/vscode/.local/lib/python3.10/site-packages/airflow/example_dags/example_short_circuit_decorator.py
[2025-10-30T01:52:06.295+0000] {processor.py:836} INFO - DAG(s) dict_keys(['example_short_circuit_decorator']) retrieved from /home/vscode/.local/lib/python3.10/site-packages/airflow/example_dags/example_short_circuit_decorator.py
[2025-10-30T01:52:06.308+0000] {logging_mixin.py:150} INFO - [2025-10-30T01:52:06.308+0000] {dag.py:2742} INFO - Sync 1 DAGs
[2025-10-30T01:52:06.322+0000] {logging_mixin.py:150} INFO - [2025-10-30T01:52:06.322+0000] {dag.py:3504} INFO - Setting next_dagrun for example_short_circuit_decorator to 2025-10-29T01:52:06.321917+00:00, run_after=2025-10-30T01:52:06.321917+00:00
[2025-10-30T01:52:06.336+0000] {processor.py:179} INFO - Processing /home/vscode/.local/lib/python3.10/site-packages/airflow/example_dags/example_short_circuit_decorator.py took 0.051 seconds
[2025-10-30T01:52:52.641+0000] {processor.py:157} INFO - Started process (PID=15181) to work on /home/vscode/.local/lib/python3.10/site-packages/airflow/example_dags/example_short_circuit_decorator.py
[2025-10-30T01:52:52.642+0000] {processor.py:826} INFO - Processing file /home/vscode/.local/lib/python3.10/site-packages/airflow/example_dags/example_short_circuit_decorator.py for tasks to queue
[2025-10-30T01:52:52.642+0000] {logging_mixin.py:150} INFO - [2025-10-30T01:52:52.642+0000] {dagbag.py:541} INFO - Filling up the DagBag from /home/vscode/.local/lib/python3.10/site-packages/airflow/example_dags/example_short_circuit_decorator.py
[2025-10-30T01:52:52.652+0000] {processor.py:836} INFO - DAG(s) dict_keys(['example_short_circuit_decorator']) retrieved from /home/vscode/.local/lib/python3.10/site-packages/airflow/example_dags/example_short_circuit_decorator.py
[2025-10-30T01:52:52.672+0000] {logging_mixin.py:150} INFO - [2025-10-30T01:52:52.672+0000] {dag.py:2742} INFO - Sync 1 DAGs
[2025-10-30T01:52:52.692+0000] {logging_mixin.py:150} INFO - [2025-10-30T01:52:52.692+0000] {dag.py:3504} INFO - Setting next_dagrun for example_short_circuit_decorator to 2025-10-29T01:52:52.692403+00:00, run_after=2025-10-30T01:52:52.692403+00:00
[2025-10-30T01:52:52.707+0000] {processor.py:179} INFO - Processing /home/vscode/.local/lib/python3.10/site-packages/airflow/example_dags/example_short_circuit_decorator.py took 0.069 seconds
[2025-10-30T01:53:33.751+0000] {processor.py:157} INFO - Started process (PID=15485) to work on /home/vscode/.local/lib/python3.10/site-packages/airflow/example_dags/example_short_circuit_decorator.py
[2025-10-30T01:53:33.752+0000] {processor.py:826} INFO - Processing file /home/vscode/.local/lib/python3.10/site-packages/airflow/example_dags/example_short_circuit_decorator.py for tasks to queue
[2025-10-30T01:53:33.752+0000] {logging_mixin.py:150} INFO - [2025-10-30T01:53:33.752+0000] {dagbag.py:541} INFO - Filling up the DagBag from /home/vscode/.local/lib/python3.10/site-packages/airflow/example_dags/example_short_circuit_decorator.py
[2025-10-30T01:53:33.759+0000] {processor.py:836} INFO - DAG(s) dict_keys(['example_short_circuit_decorator']) retrieved from /home/vscode/.local/lib/python3.10/site-packages/airflow/example_dags/example_short_circuit_decorator.py
[2025-10-30T01:53:33.772+0000] {logging_mixin.py:150} INFO - [2025-10-30T01:53:33.772+0000] {dag.py:2742} INFO - Sync 1 DAGs
[2025-10-30T01:53:33.786+0000] {logging_mixin.py:150} INFO - [2025-10-30T01:53:33.786+0000] {dag.py:3504} INFO - Setting next_dagrun for example_short_circuit_decorator to 2025-10-29T01:53:33.786067+00:00, run_after=2025-10-30T01:53:33.786067+00:00
[2025-10-30T01:53:33.801+0000] {processor.py:179} INFO - Processing /home/vscode/.local/lib/python3.10/site-packages/airflow/example_dags/example_short_circuit_decorator.py took 0.052 seconds
[2025-10-30T01:54:16.616+0000] {processor.py:157} INFO - Started process (PID=15885) to work on /home/vscode/.local/lib/python3.10/site-packages/airflow/example_dags/example_short_circuit_decorator.py
[2025-10-30T01:54:16.616+0000] {processor.py:826} INFO - Processing file /home/vscode/.local/lib/python3.10/site-packages/airflow/example_dags/example_short_circuit_decorator.py for tasks to queue
[2025-10-30T01:54:16.617+0000] {logging_mixin.py:150} INFO - [2025-10-30T01:54:16.616+0000] {dagbag.py:541} INFO - Filling up the DagBag from /home/vscode/.local/lib/python3.10/site-packages/airflow/example_dags/example_short_circuit_decorator.py
[2025-10-30T01:54:16.623+0000] {processor.py:836} INFO - DAG(s) dict_keys(['example_short_circuit_decorator']) retrieved from /home/vscode/.local/lib/python3.10/site-packages/airflow/example_dags/example_short_circuit_decorator.py
[2025-10-30T01:54:16.636+0000] {logging_mixin.py:150} INFO - [2025-10-30T01:54:16.636+0000] {dag.py:2742} INFO - Sync 1 DAGs
[2025-10-30T01:54:16.650+0000] {logging_mixin.py:150} INFO - [2025-10-30T01:54:16.650+0000] {dag.py:3504} INFO - Setting next_dagrun for example_short_circuit_decorator to 2025-10-29T01:54:16.650059+00:00, run_after=2025-10-30T01:54:16.650059+00:00
[2025-10-30T01:54:16.664+0000] {processor.py:179} INFO - Processing /home/vscode/.local/lib/python3.10/site-packages/airflow/example_dags/example_short_circuit_decorator.py took 0.051 seconds
[2025-10-30T01:54:58.722+0000] {processor.py:157} INFO - Started process (PID=16183) to work on /home/vscode/.local/lib/python3.10/site-packages/airflow/example_dags/example_short_circuit_decorator.py
[2025-10-30T01:54:58.723+0000] {processor.py:826} INFO - Processing file /home/vscode/.local/lib/python3.10/site-packages/airflow/example_dags/example_short_circuit_decorator.py for tasks to queue
[2025-10-30T01:54:58.724+0000] {logging_mixin.py:150} INFO - [2025-10-30T01:54:58.723+0000] {dagbag.py:541} INFO - Filling up the DagBag from /home/vscode/.local/lib/python3.10/site-packages/airflow/example_dags/example_short_circuit_decorator.py
[2025-10-30T01:54:58.730+0000] {processor.py:836} INFO - DAG(s) dict_keys(['example_short_circuit_decorator']) retrieved from /home/vscode/.local/lib/python3.10/site-packages/airflow/example_dags/example_short_circuit_decorator.py
[2025-10-30T01:54:58.744+0000] {logging_mixin.py:150} INFO - [2025-10-30T01:54:58.743+0000] {dag.py:2742} INFO - Sync 1 DAGs
[2025-10-30T01:54:58.757+0000] {logging_mixin.py:150} INFO - [2025-10-30T01:54:58.757+0000] {dag.py:3504} INFO - Setting next_dagrun for example_short_circuit_decorator to 2025-10-29T01:54:58.757674+00:00, run_after=2025-10-30T01:54:58.757674+00:00
[2025-10-30T01:54:58.772+0000] {processor.py:179} INFO - Processing /home/vscode/.local/lib/python3.10/site-packages/airflow/example_dags/example_short_circuit_decorator.py took 0.052 seconds
[2025-10-30T01:55:43.074+0000] {processor.py:157} INFO - Started process (PID=16607) to work on /home/vscode/.local/lib/python3.10/site-packages/airflow/example_dags/example_short_circuit_decorator.py
[2025-10-30T01:55:43.074+0000] {processor.py:826} INFO - Processing file /home/vscode/.local/lib/python3.10/site-packages/airflow/example_dags/example_short_circuit_decorator.py for tasks to queue
[2025-10-30T01:55:43.075+0000] {logging_mixin.py:150} INFO - [2025-10-30T01:55:43.075+0000] {dagbag.py:541} INFO - Filling up the DagBag from /home/vscode/.local/lib/python3.10/site-packages/airflow/example_dags/example_short_circuit_decorator.py
[2025-10-30T01:55:43.082+0000] {processor.py:836} INFO - DAG(s) dict_keys(['example_short_circuit_decorator']) retrieved from /home/vscode/.local/lib/python3.10/site-packages/airflow/example_dags/example_short_circuit_decorator.py
[2025-10-30T01:55:43.095+0000] {logging_mixin.py:150} INFO - [2025-10-30T01:55:43.095+0000] {dag.py:2742} INFO - Sync 1 DAGs
[2025-10-30T01:55:43.109+0000] {logging_mixin.py:150} INFO - [2025-10-30T01:55:43.109+0000] {dag.py:3504} INFO - Setting next_dagrun for example_short_circuit_decorator to 2025-10-29T01:55:43.109502+00:00, run_after=2025-10-30T01:55:43.109502+00:00
[2025-10-30T01:55:43.125+0000] {processor.py:179} INFO - Processing /home/vscode/.local/lib/python3.10/site-packages/airflow/example_dags/example_short_circuit_decorator.py took 0.053 seconds
[2025-10-30T02:06:36.186+0000] {processor.py:157} INFO - Started process (PID=20647) to work on /home/vscode/.local/lib/python3.10/site-packages/airflow/example_dags/example_short_circuit_decorator.py
[2025-10-30T02:06:36.186+0000] {processor.py:826} INFO - Processing file /home/vscode/.local/lib/python3.10/site-packages/airflow/example_dags/example_short_circuit_decorator.py for tasks to queue
[2025-10-30T02:06:36.187+0000] {logging_mixin.py:150} INFO - [2025-10-30T02:06:36.187+0000] {dagbag.py:541} INFO - Filling up the DagBag from /home/vscode/.local/lib/python3.10/site-packages/airflow/example_dags/example_short_circuit_decorator.py
[2025-10-30T02:06:36.194+0000] {processor.py:836} INFO - DAG(s) dict_keys(['example_short_circuit_decorator']) retrieved from /home/vscode/.local/lib/python3.10/site-packages/airflow/example_dags/example_short_circuit_decorator.py
[2025-10-30T02:06:36.208+0000] {logging_mixin.py:150} INFO - [2025-10-30T02:06:36.208+0000] {dag.py:2742} INFO - Sync 1 DAGs
[2025-10-30T02:06:36.222+0000] {logging_mixin.py:150} INFO - [2025-10-30T02:06:36.222+0000] {dag.py:3504} INFO - Setting next_dagrun for example_short_circuit_decorator to 2025-10-29T02:06:36.222329+00:00, run_after=2025-10-30T02:06:36.222329+00:00
[2025-10-30T02:06:36.237+0000] {processor.py:179} INFO - Processing /home/vscode/.local/lib/python3.10/site-packages/airflow/example_dags/example_short_circuit_decorator.py took 0.053 seconds
[2025-10-30T02:07:19.826+0000] {processor.py:157} INFO - Started process (PID=20987) to work on /home/vscode/.local/lib/python3.10/site-packages/airflow/example_dags/example_short_circuit_decorator.py
[2025-10-30T02:07:19.827+0000] {processor.py:826} INFO - Processing file /home/vscode/.local/lib/python3.10/site-packages/airflow/example_dags/example_short_circuit_decorator.py for tasks to queue
[2025-10-30T02:07:19.827+0000] {logging_mixin.py:150} INFO - [2025-10-30T02:07:19.827+0000] {dagbag.py:541} INFO - Filling up the DagBag from /home/vscode/.local/lib/python3.10/site-packages/airflow/example_dags/example_short_circuit_decorator.py
[2025-10-30T02:07:19.834+0000] {processor.py:836} INFO - DAG(s) dict_keys(['example_short_circuit_decorator']) retrieved from /home/vscode/.local/lib/python3.10/site-packages/airflow/example_dags/example_short_circuit_decorator.py
[2025-10-30T02:07:19.847+0000] {logging_mixin.py:150} INFO - [2025-10-30T02:07:19.847+0000] {dag.py:2742} INFO - Sync 1 DAGs
[2025-10-30T02:07:19.860+0000] {logging_mixin.py:150} INFO - [2025-10-30T02:07:19.860+0000] {dag.py:3504} INFO - Setting next_dagrun for example_short_circuit_decorator to 2025-10-29T02:07:19.860619+00:00, run_after=2025-10-30T02:07:19.860619+00:00
[2025-10-30T02:07:19.876+0000] {processor.py:179} INFO - Processing /home/vscode/.local/lib/python3.10/site-packages/airflow/example_dags/example_short_circuit_decorator.py took 0.052 seconds
[2025-10-30T02:08:05.856+0000] {processor.py:157} INFO - Started process (PID=21313) to work on /home/vscode/.local/lib/python3.10/site-packages/airflow/example_dags/example_short_circuit_decorator.py
[2025-10-30T02:08:05.857+0000] {processor.py:826} INFO - Processing file /home/vscode/.local/lib/python3.10/site-packages/airflow/example_dags/example_short_circuit_decorator.py for tasks to queue
[2025-10-30T02:08:05.857+0000] {logging_mixin.py:150} INFO - [2025-10-30T02:08:05.857+0000] {dagbag.py:541} INFO - Filling up the DagBag from /home/vscode/.local/lib/python3.10/site-packages/airflow/example_dags/example_short_circuit_decorator.py
[2025-10-30T02:08:05.865+0000] {processor.py:836} INFO - DAG(s) dict_keys(['example_short_circuit_decorator']) retrieved from /home/vscode/.local/lib/python3.10/site-packages/airflow/example_dags/example_short_circuit_decorator.py
[2025-10-30T02:08:05.878+0000] {logging_mixin.py:150} INFO - [2025-10-30T02:08:05.878+0000] {dag.py:2742} INFO - Sync 1 DAGs
[2025-10-30T02:08:05.892+0000] {logging_mixin.py:150} INFO - [2025-10-30T02:08:05.892+0000] {dag.py:3504} INFO - Setting next_dagrun for example_short_circuit_decorator to 2025-10-29T02:08:05.891982+00:00, run_after=2025-10-30T02:08:05.891982+00:00
[2025-10-30T02:08:05.908+0000] {processor.py:179} INFO - Processing /home/vscode/.local/lib/python3.10/site-packages/airflow/example_dags/example_short_circuit_decorator.py took 0.054 seconds
[2025-10-30T02:08:50.901+0000] {processor.py:157} INFO - Started process (PID=21792) to work on /home/vscode/.local/lib/python3.10/site-packages/airflow/example_dags/example_short_circuit_decorator.py
[2025-10-30T02:08:50.902+0000] {processor.py:826} INFO - Processing file /home/vscode/.local/lib/python3.10/site-packages/airflow/example_dags/example_short_circuit_decorator.py for tasks to queue
[2025-10-30T02:08:50.902+0000] {logging_mixin.py:150} INFO - [2025-10-30T02:08:50.902+0000] {dagbag.py:541} INFO - Filling up the DagBag from /home/vscode/.local/lib/python3.10/site-packages/airflow/example_dags/example_short_circuit_decorator.py
[2025-10-30T02:08:50.909+0000] {processor.py:836} INFO - DAG(s) dict_keys(['example_short_circuit_decorator']) retrieved from /home/vscode/.local/lib/python3.10/site-packages/airflow/example_dags/example_short_circuit_decorator.py
[2025-10-30T02:08:50.921+0000] {logging_mixin.py:150} INFO - [2025-10-30T02:08:50.921+0000] {dag.py:2742} INFO - Sync 1 DAGs
[2025-10-30T02:08:50.935+0000] {logging_mixin.py:150} INFO - [2025-10-30T02:08:50.935+0000] {dag.py:3504} INFO - Setting next_dagrun for example_short_circuit_decorator to 2025-10-29T02:08:50.935627+00:00, run_after=2025-10-30T02:08:50.935627+00:00
[2025-10-30T02:08:50.950+0000] {processor.py:179} INFO - Processing /home/vscode/.local/lib/python3.10/site-packages/airflow/example_dags/example_short_circuit_decorator.py took 0.051 seconds
