[2025-10-30T01:49:22.809+0000] {processor.py:157} INFO - Started process (PID=13755) to work on /home/vscode/.local/lib/python3.10/site-packages/airflow/example_dags/example_branch_labels.py
[2025-10-30T01:49:22.810+0000] {processor.py:826} INFO - Processing file /home/vscode/.local/lib/python3.10/site-packages/airflow/example_dags/example_branch_labels.py for tasks to queue
[2025-10-30T01:49:22.811+0000] {logging_mixin.py:150} INFO - [2025-10-30T01:49:22.811+0000] {dagbag.py:541} INFO - Filling up the DagBag from /home/vscode/.local/lib/python3.10/site-packages/airflow/example_dags/example_branch_labels.py
[2025-10-30T01:49:22.818+0000] {processor.py:836} INFO - DAG(s) dict_keys(['example_branch_labels']) retrieved from /home/vscode/.local/lib/python3.10/site-packages/airflow/example_dags/example_branch_labels.py
[2025-10-30T01:49:22.896+0000] {logging_mixin.py:150} INFO - [2025-10-30T01:49:22.896+0000] {manager.py:504} INFO - Created Permission View: can read on DAG:example_branch_labels
[2025-10-30T01:49:22.904+0000] {logging_mixin.py:150} INFO - [2025-10-30T01:49:22.904+0000] {manager.py:504} INFO - Created Permission View: can delete on DAG:example_branch_labels
[2025-10-30T01:49:22.910+0000] {logging_mixin.py:150} INFO - [2025-10-30T01:49:22.910+0000] {manager.py:504} INFO - Created Permission View: can edit on DAG:example_branch_labels
[2025-10-30T01:49:22.917+0000] {logging_mixin.py:150} INFO - [2025-10-30T01:49:22.917+0000] {dag.py:2742} INFO - Sync 1 DAGs
[2025-10-30T01:49:22.924+0000] {logging_mixin.py:150} INFO - [2025-10-30T01:49:22.924+0000] {dag.py:2763} INFO - Creating ORM DAG for example_branch_labels
[2025-10-30T01:49:22.931+0000] {logging_mixin.py:150} INFO - [2025-10-30T01:49:22.931+0000] {dag.py:3504} INFO - Setting next_dagrun for example_branch_labels to 2025-10-29T00:00:00+00:00, run_after=2025-10-30T00:00:00+00:00
[2025-10-30T01:49:22.946+0000] {processor.py:179} INFO - Processing /home/vscode/.local/lib/python3.10/site-packages/airflow/example_dags/example_branch_labels.py took 0.140 seconds
[2025-10-30T01:50:10.143+0000] {processor.py:157} INFO - Started process (PID=14071) to work on /home/vscode/.local/lib/python3.10/site-packages/airflow/example_dags/example_branch_labels.py
[2025-10-30T01:50:10.144+0000] {processor.py:826} INFO - Processing file /home/vscode/.local/lib/python3.10/site-packages/airflow/example_dags/example_branch_labels.py for tasks to queue
[2025-10-30T01:50:10.144+0000] {logging_mixin.py:150} INFO - [2025-10-30T01:50:10.144+0000] {dagbag.py:541} INFO - Filling up the DagBag from /home/vscode/.local/lib/python3.10/site-packages/airflow/example_dags/example_branch_labels.py
[2025-10-30T01:50:10.150+0000] {processor.py:836} INFO - DAG(s) dict_keys(['example_branch_labels']) retrieved from /home/vscode/.local/lib/python3.10/site-packages/airflow/example_dags/example_branch_labels.py
[2025-10-30T01:50:10.162+0000] {logging_mixin.py:150} INFO - [2025-10-30T01:50:10.162+0000] {dag.py:2742} INFO - Sync 1 DAGs
[2025-10-30T01:50:10.177+0000] {logging_mixin.py:150} INFO - [2025-10-30T01:50:10.177+0000] {dag.py:3504} INFO - Setting next_dagrun for example_branch_labels to 2025-10-29T00:00:00+00:00, run_after=2025-10-30T00:00:00+00:00
[2025-10-30T01:50:10.191+0000] {processor.py:179} INFO - Processing /home/vscode/.local/lib/python3.10/site-packages/airflow/example_dags/example_branch_labels.py took 0.050 seconds
[2025-10-30T01:50:55.345+0000] {processor.py:157} INFO - Started process (PID=14396) to work on /home/vscode/.local/lib/python3.10/site-packages/airflow/example_dags/example_branch_labels.py
[2025-10-30T01:50:55.346+0000] {processor.py:826} INFO - Processing file /home/vscode/.local/lib/python3.10/site-packages/airflow/example_dags/example_branch_labels.py for tasks to queue
[2025-10-30T01:50:55.346+0000] {logging_mixin.py:150} INFO - [2025-10-30T01:50:55.346+0000] {dagbag.py:541} INFO - Filling up the DagBag from /home/vscode/.local/lib/python3.10/site-packages/airflow/example_dags/example_branch_labels.py
[2025-10-30T01:50:55.352+0000] {processor.py:836} INFO - DAG(s) dict_keys(['example_branch_labels']) retrieved from /home/vscode/.local/lib/python3.10/site-packages/airflow/example_dags/example_branch_labels.py
[2025-10-30T01:50:55.364+0000] {logging_mixin.py:150} INFO - [2025-10-30T01:50:55.364+0000] {dag.py:2742} INFO - Sync 1 DAGs
[2025-10-30T01:50:55.378+0000] {logging_mixin.py:150} INFO - [2025-10-30T01:50:55.378+0000] {dag.py:3504} INFO - Setting next_dagrun for example_branch_labels to 2025-10-29T00:00:00+00:00, run_after=2025-10-30T00:00:00+00:00
[2025-10-30T01:50:55.392+0000] {processor.py:179} INFO - Processing /home/vscode/.local/lib/python3.10/site-packages/airflow/example_dags/example_branch_labels.py took 0.049 seconds
[2025-10-30T01:51:40.836+0000] {processor.py:157} INFO - Started process (PID=14699) to work on /home/vscode/.local/lib/python3.10/site-packages/airflow/example_dags/example_branch_labels.py
[2025-10-30T01:51:40.837+0000] {processor.py:826} INFO - Processing file /home/vscode/.local/lib/python3.10/site-packages/airflow/example_dags/example_branch_labels.py for tasks to queue
[2025-10-30T01:51:40.837+0000] {logging_mixin.py:150} INFO - [2025-10-30T01:51:40.837+0000] {dagbag.py:541} INFO - Filling up the DagBag from /home/vscode/.local/lib/python3.10/site-packages/airflow/example_dags/example_branch_labels.py
[2025-10-30T01:51:40.843+0000] {processor.py:836} INFO - DAG(s) dict_keys(['example_branch_labels']) retrieved from /home/vscode/.local/lib/python3.10/site-packages/airflow/example_dags/example_branch_labels.py
[2025-10-30T01:51:40.855+0000] {logging_mixin.py:150} INFO - [2025-10-30T01:51:40.855+0000] {dag.py:2742} INFO - Sync 1 DAGs
[2025-10-30T01:51:40.874+0000] {logging_mixin.py:150} INFO - [2025-10-30T01:51:40.874+0000] {dag.py:3504} INFO - Setting next_dagrun for example_branch_labels to 2025-10-29T00:00:00+00:00, run_after=2025-10-30T00:00:00+00:00
[2025-10-30T01:51:40.893+0000] {processor.py:179} INFO - Processing /home/vscode/.local/lib/python3.10/site-packages/airflow/example_dags/example_branch_labels.py took 0.059 seconds
[2025-10-30T01:52:25.420+0000] {processor.py:157} INFO - Started process (PID=14998) to work on /home/vscode/.local/lib/python3.10/site-packages/airflow/example_dags/example_branch_labels.py
[2025-10-30T01:52:25.420+0000] {processor.py:826} INFO - Processing file /home/vscode/.local/lib/python3.10/site-packages/airflow/example_dags/example_branch_labels.py for tasks to queue
[2025-10-30T01:52:25.421+0000] {logging_mixin.py:150} INFO - [2025-10-30T01:52:25.421+0000] {dagbag.py:541} INFO - Filling up the DagBag from /home/vscode/.local/lib/python3.10/site-packages/airflow/example_dags/example_branch_labels.py
[2025-10-30T01:52:25.426+0000] {processor.py:836} INFO - DAG(s) dict_keys(['example_branch_labels']) retrieved from /home/vscode/.local/lib/python3.10/site-packages/airflow/example_dags/example_branch_labels.py
[2025-10-30T01:52:25.438+0000] {logging_mixin.py:150} INFO - [2025-10-30T01:52:25.438+0000] {dag.py:2742} INFO - Sync 1 DAGs
[2025-10-30T01:52:25.453+0000] {logging_mixin.py:150} INFO - [2025-10-30T01:52:25.453+0000] {dag.py:3504} INFO - Setting next_dagrun for example_branch_labels to 2025-10-29T00:00:00+00:00, run_after=2025-10-30T00:00:00+00:00
[2025-10-30T01:52:25.468+0000] {processor.py:179} INFO - Processing /home/vscode/.local/lib/python3.10/site-packages/airflow/example_dags/example_branch_labels.py took 0.050 seconds
[2025-10-30T01:53:07.090+0000] {processor.py:157} INFO - Started process (PID=15283) to work on /home/vscode/.local/lib/python3.10/site-packages/airflow/example_dags/example_branch_labels.py
[2025-10-30T01:53:07.091+0000] {processor.py:826} INFO - Processing file /home/vscode/.local/lib/python3.10/site-packages/airflow/example_dags/example_branch_labels.py for tasks to queue
[2025-10-30T01:53:07.091+0000] {logging_mixin.py:150} INFO - [2025-10-30T01:53:07.091+0000] {dagbag.py:541} INFO - Filling up the DagBag from /home/vscode/.local/lib/python3.10/site-packages/airflow/example_dags/example_branch_labels.py
[2025-10-30T01:53:07.097+0000] {processor.py:836} INFO - DAG(s) dict_keys(['example_branch_labels']) retrieved from /home/vscode/.local/lib/python3.10/site-packages/airflow/example_dags/example_branch_labels.py
[2025-10-30T01:53:07.109+0000] {logging_mixin.py:150} INFO - [2025-10-30T01:53:07.109+0000] {dag.py:2742} INFO - Sync 1 DAGs
[2025-10-30T01:53:07.123+0000] {logging_mixin.py:150} INFO - [2025-10-30T01:53:07.123+0000] {dag.py:3504} INFO - Setting next_dagrun for example_branch_labels to 2025-10-29T00:00:00+00:00, run_after=2025-10-30T00:00:00+00:00
[2025-10-30T01:53:07.137+0000] {processor.py:179} INFO - Processing /home/vscode/.local/lib/python3.10/site-packages/airflow/example_dags/example_branch_labels.py took 0.049 seconds
[2025-10-30T01:53:49.901+0000] {processor.py:157} INFO - Started process (PID=15642) to work on /home/vscode/.local/lib/python3.10/site-packages/airflow/example_dags/example_branch_labels.py
[2025-10-30T01:53:49.902+0000] {processor.py:826} INFO - Processing file /home/vscode/.local/lib/python3.10/site-packages/airflow/example_dags/example_branch_labels.py for tasks to queue
[2025-10-30T01:53:49.902+0000] {logging_mixin.py:150} INFO - [2025-10-30T01:53:49.902+0000] {dagbag.py:541} INFO - Filling up the DagBag from /home/vscode/.local/lib/python3.10/site-packages/airflow/example_dags/example_branch_labels.py
[2025-10-30T01:53:49.908+0000] {processor.py:836} INFO - DAG(s) dict_keys(['example_branch_labels']) retrieved from /home/vscode/.local/lib/python3.10/site-packages/airflow/example_dags/example_branch_labels.py
[2025-10-30T01:53:49.920+0000] {logging_mixin.py:150} INFO - [2025-10-30T01:53:49.920+0000] {dag.py:2742} INFO - Sync 1 DAGs
[2025-10-30T01:53:49.934+0000] {logging_mixin.py:150} INFO - [2025-10-30T01:53:49.934+0000] {dag.py:3504} INFO - Setting next_dagrun for example_branch_labels to 2025-10-29T00:00:00+00:00, run_after=2025-10-30T00:00:00+00:00
[2025-10-30T01:53:49.949+0000] {processor.py:179} INFO - Processing /home/vscode/.local/lib/python3.10/site-packages/airflow/example_dags/example_branch_labels.py took 0.050 seconds
[2025-10-30T01:54:42.669+0000] {processor.py:157} INFO - Started process (PID=16064) to work on /home/vscode/.local/lib/python3.10/site-packages/airflow/example_dags/example_branch_labels.py
[2025-10-30T01:54:42.670+0000] {processor.py:826} INFO - Processing file /home/vscode/.local/lib/python3.10/site-packages/airflow/example_dags/example_branch_labels.py for tasks to queue
[2025-10-30T01:54:42.670+0000] {logging_mixin.py:150} INFO - [2025-10-30T01:54:42.670+0000] {dagbag.py:541} INFO - Filling up the DagBag from /home/vscode/.local/lib/python3.10/site-packages/airflow/example_dags/example_branch_labels.py
[2025-10-30T01:54:42.676+0000] {processor.py:836} INFO - DAG(s) dict_keys(['example_branch_labels']) retrieved from /home/vscode/.local/lib/python3.10/site-packages/airflow/example_dags/example_branch_labels.py
[2025-10-30T01:54:42.689+0000] {logging_mixin.py:150} INFO - [2025-10-30T01:54:42.689+0000] {dag.py:2742} INFO - Sync 1 DAGs
[2025-10-30T01:54:42.703+0000] {logging_mixin.py:150} INFO - [2025-10-30T01:54:42.703+0000] {dag.py:3504} INFO - Setting next_dagrun for example_branch_labels to 2025-10-29T00:00:00+00:00, run_after=2025-10-30T00:00:00+00:00
[2025-10-30T01:54:42.717+0000] {processor.py:179} INFO - Processing /home/vscode/.local/lib/python3.10/site-packages/airflow/example_dags/example_branch_labels.py took 0.050 seconds
[2025-10-30T01:55:24.429+0000] {processor.py:157} INFO - Started process (PID=16419) to work on /home/vscode/.local/lib/python3.10/site-packages/airflow/example_dags/example_branch_labels.py
[2025-10-30T01:55:24.429+0000] {processor.py:826} INFO - Processing file /home/vscode/.local/lib/python3.10/site-packages/airflow/example_dags/example_branch_labels.py for tasks to queue
[2025-10-30T01:55:24.430+0000] {logging_mixin.py:150} INFO - [2025-10-30T01:55:24.430+0000] {dagbag.py:541} INFO - Filling up the DagBag from /home/vscode/.local/lib/python3.10/site-packages/airflow/example_dags/example_branch_labels.py
[2025-10-30T01:55:24.435+0000] {processor.py:836} INFO - DAG(s) dict_keys(['example_branch_labels']) retrieved from /home/vscode/.local/lib/python3.10/site-packages/airflow/example_dags/example_branch_labels.py
[2025-10-30T01:55:24.448+0000] {logging_mixin.py:150} INFO - [2025-10-30T01:55:24.448+0000] {dag.py:2742} INFO - Sync 1 DAGs
[2025-10-30T01:55:24.463+0000] {logging_mixin.py:150} INFO - [2025-10-30T01:55:24.463+0000] {dag.py:3504} INFO - Setting next_dagrun for example_branch_labels to 2025-10-29T00:00:00+00:00, run_after=2025-10-30T00:00:00+00:00
[2025-10-30T01:55:24.479+0000] {processor.py:179} INFO - Processing /home/vscode/.local/lib/python3.10/site-packages/airflow/example_dags/example_branch_labels.py took 0.052 seconds
[2025-10-30T02:06:51.850+0000] {processor.py:157} INFO - Started process (PID=20761) to work on /home/vscode/.local/lib/python3.10/site-packages/airflow/example_dags/example_branch_labels.py
[2025-10-30T02:06:51.851+0000] {processor.py:826} INFO - Processing file /home/vscode/.local/lib/python3.10/site-packages/airflow/example_dags/example_branch_labels.py for tasks to queue
[2025-10-30T02:06:51.852+0000] {logging_mixin.py:150} INFO - [2025-10-30T02:06:51.851+0000] {dagbag.py:541} INFO - Filling up the DagBag from /home/vscode/.local/lib/python3.10/site-packages/airflow/example_dags/example_branch_labels.py
[2025-10-30T02:06:51.857+0000] {processor.py:836} INFO - DAG(s) dict_keys(['example_branch_labels']) retrieved from /home/vscode/.local/lib/python3.10/site-packages/airflow/example_dags/example_branch_labels.py
[2025-10-30T02:06:51.869+0000] {logging_mixin.py:150} INFO - [2025-10-30T02:06:51.869+0000] {dag.py:2742} INFO - Sync 1 DAGs
[2025-10-30T02:06:51.884+0000] {logging_mixin.py:150} INFO - [2025-10-30T02:06:51.884+0000] {dag.py:3504} INFO - Setting next_dagrun for example_branch_labels to 2025-10-29T00:00:00+00:00, run_after=2025-10-30T00:00:00+00:00
[2025-10-30T02:06:51.899+0000] {processor.py:179} INFO - Processing /home/vscode/.local/lib/python3.10/site-packages/airflow/example_dags/example_branch_labels.py took 0.050 seconds
[2025-10-30T02:07:36.391+0000] {processor.py:157} INFO - Started process (PID=21108) to work on /home/vscode/.local/lib/python3.10/site-packages/airflow/example_dags/example_branch_labels.py
[2025-10-30T02:07:36.392+0000] {processor.py:826} INFO - Processing file /home/vscode/.local/lib/python3.10/site-packages/airflow/example_dags/example_branch_labels.py for tasks to queue
[2025-10-30T02:07:36.392+0000] {logging_mixin.py:150} INFO - [2025-10-30T02:07:36.392+0000] {dagbag.py:541} INFO - Filling up the DagBag from /home/vscode/.local/lib/python3.10/site-packages/airflow/example_dags/example_branch_labels.py
[2025-10-30T02:07:36.398+0000] {processor.py:836} INFO - DAG(s) dict_keys(['example_branch_labels']) retrieved from /home/vscode/.local/lib/python3.10/site-packages/airflow/example_dags/example_branch_labels.py
[2025-10-30T02:07:36.410+0000] {logging_mixin.py:150} INFO - [2025-10-30T02:07:36.410+0000] {dag.py:2742} INFO - Sync 1 DAGs
[2025-10-30T02:07:36.425+0000] {logging_mixin.py:150} INFO - [2025-10-30T02:07:36.424+0000] {dag.py:3504} INFO - Setting next_dagrun for example_branch_labels to 2025-10-29T00:00:00+00:00, run_after=2025-10-30T00:00:00+00:00
[2025-10-30T02:07:36.438+0000] {processor.py:179} INFO - Processing /home/vscode/.local/lib/python3.10/site-packages/airflow/example_dags/example_branch_labels.py took 0.049 seconds
[2025-10-30T02:08:22.372+0000] {processor.py:157} INFO - Started process (PID=21477) to work on /home/vscode/.local/lib/python3.10/site-packages/airflow/example_dags/example_branch_labels.py
[2025-10-30T02:08:22.373+0000] {processor.py:826} INFO - Processing file /home/vscode/.local/lib/python3.10/site-packages/airflow/example_dags/example_branch_labels.py for tasks to queue
[2025-10-30T02:08:22.374+0000] {logging_mixin.py:150} INFO - [2025-10-30T02:08:22.373+0000] {dagbag.py:541} INFO - Filling up the DagBag from /home/vscode/.local/lib/python3.10/site-packages/airflow/example_dags/example_branch_labels.py
[2025-10-30T02:08:22.379+0000] {processor.py:836} INFO - DAG(s) dict_keys(['example_branch_labels']) retrieved from /home/vscode/.local/lib/python3.10/site-packages/airflow/example_dags/example_branch_labels.py
[2025-10-30T02:08:22.391+0000] {logging_mixin.py:150} INFO - [2025-10-30T02:08:22.391+0000] {dag.py:2742} INFO - Sync 1 DAGs
[2025-10-30T02:08:22.406+0000] {logging_mixin.py:150} INFO - [2025-10-30T02:08:22.405+0000] {dag.py:3504} INFO - Setting next_dagrun for example_branch_labels to 2025-10-29T00:00:00+00:00, run_after=2025-10-30T00:00:00+00:00
[2025-10-30T02:08:22.420+0000] {processor.py:179} INFO - Processing /home/vscode/.local/lib/python3.10/site-packages/airflow/example_dags/example_branch_labels.py took 0.050 seconds
[2025-10-30T02:09:08.151+0000] {processor.py:157} INFO - Started process (PID=21923) to work on /home/vscode/.local/lib/python3.10/site-packages/airflow/example_dags/example_branch_labels.py
[2025-10-30T02:09:08.152+0000] {processor.py:826} INFO - Processing file /home/vscode/.local/lib/python3.10/site-packages/airflow/example_dags/example_branch_labels.py for tasks to queue
[2025-10-30T02:09:08.152+0000] {logging_mixin.py:150} INFO - [2025-10-30T02:09:08.152+0000] {dagbag.py:541} INFO - Filling up the DagBag from /home/vscode/.local/lib/python3.10/site-packages/airflow/example_dags/example_branch_labels.py
[2025-10-30T02:09:08.158+0000] {processor.py:836} INFO - DAG(s) dict_keys(['example_branch_labels']) retrieved from /home/vscode/.local/lib/python3.10/site-packages/airflow/example_dags/example_branch_labels.py
[2025-10-30T02:09:08.170+0000] {logging_mixin.py:150} INFO - [2025-10-30T02:09:08.170+0000] {dag.py:2742} INFO - Sync 1 DAGs
[2025-10-30T02:09:08.194+0000] {logging_mixin.py:150} INFO - [2025-10-30T02:09:08.193+0000] {dag.py:3504} INFO - Setting next_dagrun for example_branch_labels to 2025-10-29T00:00:00+00:00, run_after=2025-10-30T00:00:00+00:00
[2025-10-30T02:09:08.217+0000] {processor.py:179} INFO - Processing /home/vscode/.local/lib/python3.10/site-packages/airflow/example_dags/example_branch_labels.py took 0.068 seconds
