[2025-10-30T01:49:31.465+0000] {processor.py:157} INFO - Started process (PID=13817) to work on /home/vscode/.local/lib/python3.10/site-packages/airflow/example_dags/example_branch_datetime_operator.py
[2025-10-30T01:49:31.466+0000] {processor.py:826} INFO - Processing file /home/vscode/.local/lib/python3.10/site-packages/airflow/example_dags/example_branch_datetime_operator.py for tasks to queue
[2025-10-30T01:49:31.466+0000] {logging_mixin.py:150} INFO - [2025-10-30T01:49:31.466+0000] {dagbag.py:541} INFO - Filling up the DagBag from /home/vscode/.local/lib/python3.10/site-packages/airflow/example_dags/example_branch_datetime_operator.py
[2025-10-30T01:49:31.473+0000] {processor.py:836} INFO - DAG(s) dict_keys(['example_branch_datetime_operator_2', 'example_branch_datetime_operator_3', 'example_branch_datetime_operator']) retrieved from /home/vscode/.local/lib/python3.10/site-packages/airflow/example_dags/example_branch_datetime_operator.py
[2025-10-30T01:49:31.546+0000] {logging_mixin.py:150} INFO - [2025-10-30T01:49:31.546+0000] {manager.py:504} INFO - Created Permission View: can read on DAG:example_branch_datetime_operator_2
[2025-10-30T01:49:31.554+0000] {logging_mixin.py:150} INFO - [2025-10-30T01:49:31.554+0000] {manager.py:504} INFO - Created Permission View: can delete on DAG:example_branch_datetime_operator_2
[2025-10-30T01:49:31.560+0000] {logging_mixin.py:150} INFO - [2025-10-30T01:49:31.560+0000] {manager.py:504} INFO - Created Permission View: can edit on DAG:example_branch_datetime_operator_2
[2025-10-30T01:49:31.580+0000] {logging_mixin.py:150} INFO - [2025-10-30T01:49:31.580+0000] {manager.py:504} INFO - Created Permission View: can read on DAG:example_branch_datetime_operator_3
[2025-10-30T01:49:31.586+0000] {logging_mixin.py:150} INFO - [2025-10-30T01:49:31.586+0000] {manager.py:504} INFO - Created Permission View: can delete on DAG:example_branch_datetime_operator_3
[2025-10-30T01:49:31.592+0000] {logging_mixin.py:150} INFO - [2025-10-30T01:49:31.592+0000] {manager.py:504} INFO - Created Permission View: can edit on DAG:example_branch_datetime_operator_3
[2025-10-30T01:49:31.608+0000] {logging_mixin.py:150} INFO - [2025-10-30T01:49:31.608+0000] {manager.py:504} INFO - Created Permission View: can read on DAG:example_branch_datetime_operator
[2025-10-30T01:49:31.614+0000] {logging_mixin.py:150} INFO - [2025-10-30T01:49:31.614+0000] {manager.py:504} INFO - Created Permission View: can delete on DAG:example_branch_datetime_operator
[2025-10-30T01:49:31.620+0000] {logging_mixin.py:150} INFO - [2025-10-30T01:49:31.620+0000] {manager.py:504} INFO - Created Permission View: can edit on DAG:example_branch_datetime_operator
[2025-10-30T01:49:31.623+0000] {logging_mixin.py:150} INFO - [2025-10-30T01:49:31.623+0000] {dag.py:2742} INFO - Sync 3 DAGs
[2025-10-30T01:49:31.630+0000] {logging_mixin.py:150} INFO - [2025-10-30T01:49:31.630+0000] {dag.py:2763} INFO - Creating ORM DAG for example_branch_datetime_operator
[2025-10-30T01:49:31.630+0000] {logging_mixin.py:150} INFO - [2025-10-30T01:49:31.630+0000] {dag.py:2763} INFO - Creating ORM DAG for example_branch_datetime_operator_2
[2025-10-30T01:49:31.630+0000] {logging_mixin.py:150} INFO - [2025-10-30T01:49:31.630+0000] {dag.py:2763} INFO - Creating ORM DAG for example_branch_datetime_operator_3
[2025-10-30T01:49:31.638+0000] {logging_mixin.py:150} INFO - [2025-10-30T01:49:31.638+0000] {dag.py:3504} INFO - Setting next_dagrun for example_branch_datetime_operator to 2025-10-29T00:00:00+00:00, run_after=2025-10-30T00:00:00+00:00
[2025-10-30T01:49:31.640+0000] {logging_mixin.py:150} INFO - [2025-10-30T01:49:31.640+0000] {dag.py:3504} INFO - Setting next_dagrun for example_branch_datetime_operator_2 to 2025-10-29T00:00:00+00:00, run_after=2025-10-30T00:00:00+00:00
[2025-10-30T01:49:31.642+0000] {logging_mixin.py:150} INFO - [2025-10-30T01:49:31.642+0000] {dag.py:3504} INFO - Setting next_dagrun for example_branch_datetime_operator_3 to 2025-10-29T00:00:00+00:00, run_after=2025-10-30T00:00:00+00:00
[2025-10-30T01:49:31.659+0000] {processor.py:179} INFO - Processing /home/vscode/.local/lib/python3.10/site-packages/airflow/example_dags/example_branch_datetime_operator.py took 0.195 seconds
[2025-10-30T01:50:16.419+0000] {processor.py:157} INFO - Started process (PID=14114) to work on /home/vscode/.local/lib/python3.10/site-packages/airflow/example_dags/example_branch_datetime_operator.py
[2025-10-30T01:50:16.420+0000] {processor.py:826} INFO - Processing file /home/vscode/.local/lib/python3.10/site-packages/airflow/example_dags/example_branch_datetime_operator.py for tasks to queue
[2025-10-30T01:50:16.420+0000] {logging_mixin.py:150} INFO - [2025-10-30T01:50:16.420+0000] {dagbag.py:541} INFO - Filling up the DagBag from /home/vscode/.local/lib/python3.10/site-packages/airflow/example_dags/example_branch_datetime_operator.py
[2025-10-30T01:50:16.429+0000] {processor.py:836} INFO - DAG(s) dict_keys(['example_branch_datetime_operator_3', 'example_branch_datetime_operator', 'example_branch_datetime_operator_2']) retrieved from /home/vscode/.local/lib/python3.10/site-packages/airflow/example_dags/example_branch_datetime_operator.py
[2025-10-30T01:50:16.444+0000] {logging_mixin.py:150} INFO - [2025-10-30T01:50:16.444+0000] {dag.py:2742} INFO - Sync 3 DAGs
[2025-10-30T01:50:16.459+0000] {logging_mixin.py:150} INFO - [2025-10-30T01:50:16.459+0000] {dag.py:3504} INFO - Setting next_dagrun for example_branch_datetime_operator to 2025-10-29T00:00:00+00:00, run_after=2025-10-30T00:00:00+00:00
[2025-10-30T01:50:16.462+0000] {logging_mixin.py:150} INFO - [2025-10-30T01:50:16.462+0000] {dag.py:3504} INFO - Setting next_dagrun for example_branch_datetime_operator_2 to 2025-10-29T00:00:00+00:00, run_after=2025-10-30T00:00:00+00:00
[2025-10-30T01:50:16.464+0000] {logging_mixin.py:150} INFO - [2025-10-30T01:50:16.464+0000] {dag.py:3504} INFO - Setting next_dagrun for example_branch_datetime_operator_3 to 2025-10-29T00:00:00+00:00, run_after=2025-10-30T00:00:00+00:00
[2025-10-30T01:50:16.477+0000] {processor.py:179} INFO - Processing /home/vscode/.local/lib/python3.10/site-packages/airflow/example_dags/example_branch_datetime_operator.py took 0.060 seconds
[2025-10-30T01:51:16.885+0000] {processor.py:157} INFO - Started process (PID=14542) to work on /home/vscode/.local/lib/python3.10/site-packages/airflow/example_dags/example_branch_datetime_operator.py
[2025-10-30T01:51:16.886+0000] {processor.py:826} INFO - Processing file /home/vscode/.local/lib/python3.10/site-packages/airflow/example_dags/example_branch_datetime_operator.py for tasks to queue
[2025-10-30T01:51:16.886+0000] {logging_mixin.py:150} INFO - [2025-10-30T01:51:16.886+0000] {dagbag.py:541} INFO - Filling up the DagBag from /home/vscode/.local/lib/python3.10/site-packages/airflow/example_dags/example_branch_datetime_operator.py
[2025-10-30T01:51:16.895+0000] {processor.py:836} INFO - DAG(s) dict_keys(['example_branch_datetime_operator_3', 'example_branch_datetime_operator_2', 'example_branch_datetime_operator']) retrieved from /home/vscode/.local/lib/python3.10/site-packages/airflow/example_dags/example_branch_datetime_operator.py
[2025-10-30T01:51:16.911+0000] {logging_mixin.py:150} INFO - [2025-10-30T01:51:16.910+0000] {dag.py:2742} INFO - Sync 3 DAGs
[2025-10-30T01:51:16.926+0000] {logging_mixin.py:150} INFO - [2025-10-30T01:51:16.926+0000] {dag.py:3504} INFO - Setting next_dagrun for example_branch_datetime_operator to 2025-10-29T00:00:00+00:00, run_after=2025-10-30T00:00:00+00:00
[2025-10-30T01:51:16.929+0000] {logging_mixin.py:150} INFO - [2025-10-30T01:51:16.929+0000] {dag.py:3504} INFO - Setting next_dagrun for example_branch_datetime_operator_2 to 2025-10-29T00:00:00+00:00, run_after=2025-10-30T00:00:00+00:00
[2025-10-30T01:51:16.931+0000] {logging_mixin.py:150} INFO - [2025-10-30T01:51:16.931+0000] {dag.py:3504} INFO - Setting next_dagrun for example_branch_datetime_operator_3 to 2025-10-29T00:00:00+00:00, run_after=2025-10-30T00:00:00+00:00
[2025-10-30T01:51:16.944+0000] {processor.py:179} INFO - Processing /home/vscode/.local/lib/python3.10/site-packages/airflow/example_dags/example_branch_datetime_operator.py took 0.062 seconds
[2025-10-30T01:52:00.428+0000] {processor.py:157} INFO - Started process (PID=14828) to work on /home/vscode/.local/lib/python3.10/site-packages/airflow/example_dags/example_branch_datetime_operator.py
[2025-10-30T01:52:00.429+0000] {processor.py:826} INFO - Processing file /home/vscode/.local/lib/python3.10/site-packages/airflow/example_dags/example_branch_datetime_operator.py for tasks to queue
[2025-10-30T01:52:00.429+0000] {logging_mixin.py:150} INFO - [2025-10-30T01:52:00.429+0000] {dagbag.py:541} INFO - Filling up the DagBag from /home/vscode/.local/lib/python3.10/site-packages/airflow/example_dags/example_branch_datetime_operator.py
[2025-10-30T01:52:00.437+0000] {processor.py:836} INFO - DAG(s) dict_keys(['example_branch_datetime_operator_2', 'example_branch_datetime_operator', 'example_branch_datetime_operator_3']) retrieved from /home/vscode/.local/lib/python3.10/site-packages/airflow/example_dags/example_branch_datetime_operator.py
[2025-10-30T01:52:00.452+0000] {logging_mixin.py:150} INFO - [2025-10-30T01:52:00.452+0000] {dag.py:2742} INFO - Sync 3 DAGs
[2025-10-30T01:52:00.467+0000] {logging_mixin.py:150} INFO - [2025-10-30T01:52:00.467+0000] {dag.py:3504} INFO - Setting next_dagrun for example_branch_datetime_operator to 2025-10-29T00:00:00+00:00, run_after=2025-10-30T00:00:00+00:00
[2025-10-30T01:52:00.470+0000] {logging_mixin.py:150} INFO - [2025-10-30T01:52:00.470+0000] {dag.py:3504} INFO - Setting next_dagrun for example_branch_datetime_operator_2 to 2025-10-29T00:00:00+00:00, run_after=2025-10-30T00:00:00+00:00
[2025-10-30T01:52:00.472+0000] {logging_mixin.py:150} INFO - [2025-10-30T01:52:00.471+0000] {dag.py:3504} INFO - Setting next_dagrun for example_branch_datetime_operator_3 to 2025-10-29T00:00:00+00:00, run_after=2025-10-30T00:00:00+00:00
[2025-10-30T01:52:00.485+0000] {processor.py:179} INFO - Processing /home/vscode/.local/lib/python3.10/site-packages/airflow/example_dags/example_branch_datetime_operator.py took 0.059 seconds
[2025-10-30T01:52:46.820+0000] {processor.py:157} INFO - Started process (PID=15144) to work on /home/vscode/.local/lib/python3.10/site-packages/airflow/example_dags/example_branch_datetime_operator.py
[2025-10-30T01:52:46.820+0000] {processor.py:826} INFO - Processing file /home/vscode/.local/lib/python3.10/site-packages/airflow/example_dags/example_branch_datetime_operator.py for tasks to queue
[2025-10-30T01:52:46.821+0000] {logging_mixin.py:150} INFO - [2025-10-30T01:52:46.821+0000] {dagbag.py:541} INFO - Filling up the DagBag from /home/vscode/.local/lib/python3.10/site-packages/airflow/example_dags/example_branch_datetime_operator.py
[2025-10-30T01:52:46.828+0000] {processor.py:836} INFO - DAG(s) dict_keys(['example_branch_datetime_operator_2', 'example_branch_datetime_operator_3', 'example_branch_datetime_operator']) retrieved from /home/vscode/.local/lib/python3.10/site-packages/airflow/example_dags/example_branch_datetime_operator.py
[2025-10-30T01:52:46.847+0000] {logging_mixin.py:150} INFO - [2025-10-30T01:52:46.847+0000] {dag.py:2742} INFO - Sync 3 DAGs
[2025-10-30T01:52:46.871+0000] {logging_mixin.py:150} INFO - [2025-10-30T01:52:46.871+0000] {dag.py:3504} INFO - Setting next_dagrun for example_branch_datetime_operator to 2025-10-29T00:00:00+00:00, run_after=2025-10-30T00:00:00+00:00
[2025-10-30T01:52:46.874+0000] {logging_mixin.py:150} INFO - [2025-10-30T01:52:46.874+0000] {dag.py:3504} INFO - Setting next_dagrun for example_branch_datetime_operator_2 to 2025-10-29T00:00:00+00:00, run_after=2025-10-30T00:00:00+00:00
[2025-10-30T01:52:46.876+0000] {logging_mixin.py:150} INFO - [2025-10-30T01:52:46.876+0000] {dag.py:3504} INFO - Setting next_dagrun for example_branch_datetime_operator_3 to 2025-10-29T00:00:00+00:00, run_after=2025-10-30T00:00:00+00:00
[2025-10-30T01:52:46.890+0000] {processor.py:179} INFO - Processing /home/vscode/.local/lib/python3.10/site-packages/airflow/example_dags/example_branch_datetime_operator.py took 0.072 seconds
[2025-10-30T01:53:36.368+0000] {processor.py:157} INFO - Started process (PID=15533) to work on /home/vscode/.local/lib/python3.10/site-packages/airflow/example_dags/example_branch_datetime_operator.py
[2025-10-30T01:53:36.368+0000] {processor.py:826} INFO - Processing file /home/vscode/.local/lib/python3.10/site-packages/airflow/example_dags/example_branch_datetime_operator.py for tasks to queue
[2025-10-30T01:53:36.369+0000] {logging_mixin.py:150} INFO - [2025-10-30T01:53:36.369+0000] {dagbag.py:541} INFO - Filling up the DagBag from /home/vscode/.local/lib/python3.10/site-packages/airflow/example_dags/example_branch_datetime_operator.py
[2025-10-30T01:53:36.376+0000] {processor.py:836} INFO - DAG(s) dict_keys(['example_branch_datetime_operator', 'example_branch_datetime_operator_2', 'example_branch_datetime_operator_3']) retrieved from /home/vscode/.local/lib/python3.10/site-packages/airflow/example_dags/example_branch_datetime_operator.py
[2025-10-30T01:53:36.392+0000] {logging_mixin.py:150} INFO - [2025-10-30T01:53:36.392+0000] {dag.py:2742} INFO - Sync 3 DAGs
[2025-10-30T01:53:36.409+0000] {logging_mixin.py:150} INFO - [2025-10-30T01:53:36.409+0000] {dag.py:3504} INFO - Setting next_dagrun for example_branch_datetime_operator to 2025-10-29T00:00:00+00:00, run_after=2025-10-30T00:00:00+00:00
[2025-10-30T01:53:36.414+0000] {logging_mixin.py:150} INFO - [2025-10-30T01:53:36.413+0000] {dag.py:3504} INFO - Setting next_dagrun for example_branch_datetime_operator_2 to 2025-10-29T00:00:00+00:00, run_after=2025-10-30T00:00:00+00:00
[2025-10-30T01:53:36.416+0000] {logging_mixin.py:150} INFO - [2025-10-30T01:53:36.416+0000] {dag.py:3504} INFO - Setting next_dagrun for example_branch_datetime_operator_3 to 2025-10-29T00:00:00+00:00, run_after=2025-10-30T00:00:00+00:00
[2025-10-30T01:53:36.438+0000] {processor.py:179} INFO - Processing /home/vscode/.local/lib/python3.10/site-packages/airflow/example_dags/example_branch_datetime_operator.py took 0.072 seconds
[2025-10-30T01:54:33.020+0000] {processor.py:157} INFO - Started process (PID=15995) to work on /home/vscode/.local/lib/python3.10/site-packages/airflow/example_dags/example_branch_datetime_operator.py
[2025-10-30T01:54:33.020+0000] {processor.py:826} INFO - Processing file /home/vscode/.local/lib/python3.10/site-packages/airflow/example_dags/example_branch_datetime_operator.py for tasks to queue
[2025-10-30T01:54:33.021+0000] {logging_mixin.py:150} INFO - [2025-10-30T01:54:33.021+0000] {dagbag.py:541} INFO - Filling up the DagBag from /home/vscode/.local/lib/python3.10/site-packages/airflow/example_dags/example_branch_datetime_operator.py
[2025-10-30T01:54:33.029+0000] {processor.py:836} INFO - DAG(s) dict_keys(['example_branch_datetime_operator', 'example_branch_datetime_operator_2', 'example_branch_datetime_operator_3']) retrieved from /home/vscode/.local/lib/python3.10/site-packages/airflow/example_dags/example_branch_datetime_operator.py
[2025-10-30T01:54:33.045+0000] {logging_mixin.py:150} INFO - [2025-10-30T01:54:33.045+0000] {dag.py:2742} INFO - Sync 3 DAGs
[2025-10-30T01:54:33.060+0000] {logging_mixin.py:150} INFO - [2025-10-30T01:54:33.060+0000] {dag.py:3504} INFO - Setting next_dagrun for example_branch_datetime_operator to 2025-10-29T00:00:00+00:00, run_after=2025-10-30T00:00:00+00:00
[2025-10-30T01:54:33.064+0000] {logging_mixin.py:150} INFO - [2025-10-30T01:54:33.063+0000] {dag.py:3504} INFO - Setting next_dagrun for example_branch_datetime_operator_2 to 2025-10-29T00:00:00+00:00, run_after=2025-10-30T00:00:00+00:00
[2025-10-30T01:54:33.065+0000] {logging_mixin.py:150} INFO - [2025-10-30T01:54:33.065+0000] {dag.py:3504} INFO - Setting next_dagrun for example_branch_datetime_operator_3 to 2025-10-29T00:00:00+00:00, run_after=2025-10-30T00:00:00+00:00
[2025-10-30T01:54:33.079+0000] {processor.py:179} INFO - Processing /home/vscode/.local/lib/python3.10/site-packages/airflow/example_dags/example_branch_datetime_operator.py took 0.062 seconds
[2025-10-30T01:55:26.698+0000] {processor.py:157} INFO - Started process (PID=16435) to work on /home/vscode/.local/lib/python3.10/site-packages/airflow/example_dags/example_branch_datetime_operator.py
[2025-10-30T01:55:26.699+0000] {processor.py:826} INFO - Processing file /home/vscode/.local/lib/python3.10/site-packages/airflow/example_dags/example_branch_datetime_operator.py for tasks to queue
[2025-10-30T01:55:26.700+0000] {logging_mixin.py:150} INFO - [2025-10-30T01:55:26.699+0000] {dagbag.py:541} INFO - Filling up the DagBag from /home/vscode/.local/lib/python3.10/site-packages/airflow/example_dags/example_branch_datetime_operator.py
[2025-10-30T01:55:26.707+0000] {processor.py:836} INFO - DAG(s) dict_keys(['example_branch_datetime_operator', 'example_branch_datetime_operator_3', 'example_branch_datetime_operator_2']) retrieved from /home/vscode/.local/lib/python3.10/site-packages/airflow/example_dags/example_branch_datetime_operator.py
[2025-10-30T01:55:26.723+0000] {logging_mixin.py:150} INFO - [2025-10-30T01:55:26.723+0000] {dag.py:2742} INFO - Sync 3 DAGs
[2025-10-30T01:55:26.739+0000] {logging_mixin.py:150} INFO - [2025-10-30T01:55:26.738+0000] {dag.py:3504} INFO - Setting next_dagrun for example_branch_datetime_operator to 2025-10-29T00:00:00+00:00, run_after=2025-10-30T00:00:00+00:00
[2025-10-30T01:55:26.742+0000] {logging_mixin.py:150} INFO - [2025-10-30T01:55:26.742+0000] {dag.py:3504} INFO - Setting next_dagrun for example_branch_datetime_operator_2 to 2025-10-29T00:00:00+00:00, run_after=2025-10-30T00:00:00+00:00
[2025-10-30T01:55:26.744+0000] {logging_mixin.py:150} INFO - [2025-10-30T01:55:26.743+0000] {dag.py:3504} INFO - Setting next_dagrun for example_branch_datetime_operator_3 to 2025-10-29T00:00:00+00:00, run_after=2025-10-30T00:00:00+00:00
[2025-10-30T01:55:26.758+0000] {processor.py:179} INFO - Processing /home/vscode/.local/lib/python3.10/site-packages/airflow/example_dags/example_branch_datetime_operator.py took 0.062 seconds
[2025-10-30T02:06:59.276+0000] {processor.py:157} INFO - Started process (PID=20822) to work on /home/vscode/.local/lib/python3.10/site-packages/airflow/example_dags/example_branch_datetime_operator.py
[2025-10-30T02:06:59.277+0000] {processor.py:826} INFO - Processing file /home/vscode/.local/lib/python3.10/site-packages/airflow/example_dags/example_branch_datetime_operator.py for tasks to queue
[2025-10-30T02:06:59.278+0000] {logging_mixin.py:150} INFO - [2025-10-30T02:06:59.277+0000] {dagbag.py:541} INFO - Filling up the DagBag from /home/vscode/.local/lib/python3.10/site-packages/airflow/example_dags/example_branch_datetime_operator.py
[2025-10-30T02:06:59.285+0000] {processor.py:836} INFO - DAG(s) dict_keys(['example_branch_datetime_operator', 'example_branch_datetime_operator_2', 'example_branch_datetime_operator_3']) retrieved from /home/vscode/.local/lib/python3.10/site-packages/airflow/example_dags/example_branch_datetime_operator.py
[2025-10-30T02:06:59.301+0000] {logging_mixin.py:150} INFO - [2025-10-30T02:06:59.301+0000] {dag.py:2742} INFO - Sync 3 DAGs
[2025-10-30T02:06:59.316+0000] {logging_mixin.py:150} INFO - [2025-10-30T02:06:59.315+0000] {dag.py:3504} INFO - Setting next_dagrun for example_branch_datetime_operator to 2025-10-29T00:00:00+00:00, run_after=2025-10-30T00:00:00+00:00
[2025-10-30T02:06:59.319+0000] {logging_mixin.py:150} INFO - [2025-10-30T02:06:59.318+0000] {dag.py:3504} INFO - Setting next_dagrun for example_branch_datetime_operator_2 to 2025-10-29T00:00:00+00:00, run_after=2025-10-30T00:00:00+00:00
[2025-10-30T02:06:59.320+0000] {logging_mixin.py:150} INFO - [2025-10-30T02:06:59.320+0000] {dag.py:3504} INFO - Setting next_dagrun for example_branch_datetime_operator_3 to 2025-10-29T00:00:00+00:00, run_after=2025-10-30T00:00:00+00:00
[2025-10-30T02:06:59.334+0000] {processor.py:179} INFO - Processing /home/vscode/.local/lib/python3.10/site-packages/airflow/example_dags/example_branch_datetime_operator.py took 0.059 seconds
[2025-10-30T02:07:56.842+0000] {processor.py:157} INFO - Started process (PID=21253) to work on /home/vscode/.local/lib/python3.10/site-packages/airflow/example_dags/example_branch_datetime_operator.py
[2025-10-30T02:07:56.843+0000] {processor.py:826} INFO - Processing file /home/vscode/.local/lib/python3.10/site-packages/airflow/example_dags/example_branch_datetime_operator.py for tasks to queue
[2025-10-30T02:07:56.843+0000] {logging_mixin.py:150} INFO - [2025-10-30T02:07:56.843+0000] {dagbag.py:541} INFO - Filling up the DagBag from /home/vscode/.local/lib/python3.10/site-packages/airflow/example_dags/example_branch_datetime_operator.py
[2025-10-30T02:07:56.850+0000] {processor.py:836} INFO - DAG(s) dict_keys(['example_branch_datetime_operator_2', 'example_branch_datetime_operator_3', 'example_branch_datetime_operator']) retrieved from /home/vscode/.local/lib/python3.10/site-packages/airflow/example_dags/example_branch_datetime_operator.py
[2025-10-30T02:07:56.866+0000] {logging_mixin.py:150} INFO - [2025-10-30T02:07:56.866+0000] {dag.py:2742} INFO - Sync 3 DAGs
[2025-10-30T02:07:56.881+0000] {logging_mixin.py:150} INFO - [2025-10-30T02:07:56.881+0000] {dag.py:3504} INFO - Setting next_dagrun for example_branch_datetime_operator to 2025-10-29T00:00:00+00:00, run_after=2025-10-30T00:00:00+00:00
[2025-10-30T02:07:56.884+0000] {logging_mixin.py:150} INFO - [2025-10-30T02:07:56.884+0000] {dag.py:3504} INFO - Setting next_dagrun for example_branch_datetime_operator_2 to 2025-10-29T00:00:00+00:00, run_after=2025-10-30T00:00:00+00:00
[2025-10-30T02:07:56.885+0000] {logging_mixin.py:150} INFO - [2025-10-30T02:07:56.885+0000] {dag.py:3504} INFO - Setting next_dagrun for example_branch_datetime_operator_3 to 2025-10-29T00:00:00+00:00, run_after=2025-10-30T00:00:00+00:00
[2025-10-30T02:07:56.899+0000] {processor.py:179} INFO - Processing /home/vscode/.local/lib/python3.10/site-packages/airflow/example_dags/example_branch_datetime_operator.py took 0.059 seconds
[2025-10-30T02:08:44.019+0000] {processor.py:157} INFO - Started process (PID=21703) to work on /home/vscode/.local/lib/python3.10/site-packages/airflow/example_dags/example_branch_datetime_operator.py
[2025-10-30T02:08:44.020+0000] {processor.py:826} INFO - Processing file /home/vscode/.local/lib/python3.10/site-packages/airflow/example_dags/example_branch_datetime_operator.py for tasks to queue
[2025-10-30T02:08:44.020+0000] {logging_mixin.py:150} INFO - [2025-10-30T02:08:44.020+0000] {dagbag.py:541} INFO - Filling up the DagBag from /home/vscode/.local/lib/python3.10/site-packages/airflow/example_dags/example_branch_datetime_operator.py
[2025-10-30T02:08:44.027+0000] {processor.py:836} INFO - DAG(s) dict_keys(['example_branch_datetime_operator_2', 'example_branch_datetime_operator', 'example_branch_datetime_operator_3']) retrieved from /home/vscode/.local/lib/python3.10/site-packages/airflow/example_dags/example_branch_datetime_operator.py
[2025-10-30T02:08:44.047+0000] {logging_mixin.py:150} INFO - [2025-10-30T02:08:44.047+0000] {dag.py:2742} INFO - Sync 3 DAGs
[2025-10-30T02:08:44.065+0000] {logging_mixin.py:150} INFO - [2025-10-30T02:08:44.065+0000] {dag.py:3504} INFO - Setting next_dagrun for example_branch_datetime_operator to 2025-10-29T00:00:00+00:00, run_after=2025-10-30T00:00:00+00:00
[2025-10-30T02:08:44.069+0000] {logging_mixin.py:150} INFO - [2025-10-30T02:08:44.069+0000] {dag.py:3504} INFO - Setting next_dagrun for example_branch_datetime_operator_2 to 2025-10-29T00:00:00+00:00, run_after=2025-10-30T00:00:00+00:00
[2025-10-30T02:08:44.071+0000] {logging_mixin.py:150} INFO - [2025-10-30T02:08:44.071+0000] {dag.py:3504} INFO - Setting next_dagrun for example_branch_datetime_operator_3 to 2025-10-29T00:00:00+00:00, run_after=2025-10-30T00:00:00+00:00
[2025-10-30T02:08:44.085+0000] {processor.py:179} INFO - Processing /home/vscode/.local/lib/python3.10/site-packages/airflow/example_dags/example_branch_datetime_operator.py took 0.068 seconds
