[2025-10-30T01:49:07.935+0000] {processor.py:157} INFO - Started process (PID=13659) to work on /home/vscode/.local/lib/python3.10/site-packages/airflow/example_dags/example_sensor_decorator.py
[2025-10-30T01:49:07.936+0000] {processor.py:826} INFO - Processing file /home/vscode/.local/lib/python3.10/site-packages/airflow/example_dags/example_sensor_decorator.py for tasks to queue
[2025-10-30T01:49:07.937+0000] {logging_mixin.py:150} INFO - [2025-10-30T01:49:07.937+0000] {dagbag.py:541} INFO - Filling up the DagBag from /home/vscode/.local/lib/python3.10/site-packages/airflow/example_dags/example_sensor_decorator.py
[2025-10-30T01:49:07.943+0000] {processor.py:836} INFO - DAG(s) dict_keys(['example_sensor_decorator']) retrieved from /home/vscode/.local/lib/python3.10/site-packages/airflow/example_dags/example_sensor_decorator.py
[2025-10-30T01:49:08.027+0000] {logging_mixin.py:150} INFO - [2025-10-30T01:49:08.027+0000] {manager.py:504} INFO - Created Permission View: can read on DAG:example_sensor_decorator
[2025-10-30T01:49:08.036+0000] {logging_mixin.py:150} INFO - [2025-10-30T01:49:08.036+0000] {manager.py:504} INFO - Created Permission View: can delete on DAG:example_sensor_decorator
[2025-10-30T01:49:08.042+0000] {logging_mixin.py:150} INFO - [2025-10-30T01:49:08.042+0000] {manager.py:504} INFO - Created Permission View: can edit on DAG:example_sensor_decorator
[2025-10-30T01:49:08.049+0000] {logging_mixin.py:150} INFO - [2025-10-30T01:49:08.049+0000] {dag.py:2742} INFO - Sync 1 DAGs
[2025-10-30T01:49:08.056+0000] {logging_mixin.py:150} INFO - [2025-10-30T01:49:08.056+0000] {dag.py:2763} INFO - Creating ORM DAG for example_sensor_decorator
[2025-10-30T01:49:08.062+0000] {logging_mixin.py:150} INFO - [2025-10-30T01:49:08.062+0000] {dag.py:3504} INFO - Setting next_dagrun for example_sensor_decorator to None, run_after=None
[2025-10-30T01:49:08.080+0000] {processor.py:179} INFO - Processing /home/vscode/.local/lib/python3.10/site-packages/airflow/example_dags/example_sensor_decorator.py took 0.147 seconds
[2025-10-30T01:49:53.308+0000] {processor.py:157} INFO - Started process (PID=13964) to work on /home/vscode/.local/lib/python3.10/site-packages/airflow/example_dags/example_sensor_decorator.py
[2025-10-30T01:49:53.308+0000] {processor.py:826} INFO - Processing file /home/vscode/.local/lib/python3.10/site-packages/airflow/example_dags/example_sensor_decorator.py for tasks to queue
[2025-10-30T01:49:53.309+0000] {logging_mixin.py:150} INFO - [2025-10-30T01:49:53.309+0000] {dagbag.py:541} INFO - Filling up the DagBag from /home/vscode/.local/lib/python3.10/site-packages/airflow/example_dags/example_sensor_decorator.py
[2025-10-30T01:49:53.313+0000] {processor.py:836} INFO - DAG(s) dict_keys(['example_sensor_decorator']) retrieved from /home/vscode/.local/lib/python3.10/site-packages/airflow/example_dags/example_sensor_decorator.py
[2025-10-30T01:49:53.324+0000] {logging_mixin.py:150} INFO - [2025-10-30T01:49:53.324+0000] {dag.py:2742} INFO - Sync 1 DAGs
[2025-10-30T01:49:53.338+0000] {logging_mixin.py:150} INFO - [2025-10-30T01:49:53.338+0000] {dag.py:3504} INFO - Setting next_dagrun for example_sensor_decorator to None, run_after=None
[2025-10-30T01:49:53.355+0000] {processor.py:179} INFO - Processing /home/vscode/.local/lib/python3.10/site-packages/airflow/example_dags/example_sensor_decorator.py took 0.049 seconds
[2025-10-30T01:50:38.095+0000] {processor.py:157} INFO - Started process (PID=14278) to work on /home/vscode/.local/lib/python3.10/site-packages/airflow/example_dags/example_sensor_decorator.py
[2025-10-30T01:50:38.095+0000] {processor.py:826} INFO - Processing file /home/vscode/.local/lib/python3.10/site-packages/airflow/example_dags/example_sensor_decorator.py for tasks to queue
[2025-10-30T01:50:38.096+0000] {logging_mixin.py:150} INFO - [2025-10-30T01:50:38.096+0000] {dagbag.py:541} INFO - Filling up the DagBag from /home/vscode/.local/lib/python3.10/site-packages/airflow/example_dags/example_sensor_decorator.py
[2025-10-30T01:50:38.100+0000] {processor.py:836} INFO - DAG(s) dict_keys(['example_sensor_decorator']) retrieved from /home/vscode/.local/lib/python3.10/site-packages/airflow/example_dags/example_sensor_decorator.py
[2025-10-30T01:50:38.111+0000] {logging_mixin.py:150} INFO - [2025-10-30T01:50:38.111+0000] {dag.py:2742} INFO - Sync 1 DAGs
[2025-10-30T01:50:38.125+0000] {logging_mixin.py:150} INFO - [2025-10-30T01:50:38.124+0000] {dag.py:3504} INFO - Setting next_dagrun for example_sensor_decorator to None, run_after=None
[2025-10-30T01:50:38.139+0000] {processor.py:179} INFO - Processing /home/vscode/.local/lib/python3.10/site-packages/airflow/example_dags/example_sensor_decorator.py took 0.046 seconds
[2025-10-30T01:51:24.611+0000] {processor.py:157} INFO - Started process (PID=14599) to work on /home/vscode/.local/lib/python3.10/site-packages/airflow/example_dags/example_sensor_decorator.py
[2025-10-30T01:51:24.612+0000] {processor.py:826} INFO - Processing file /home/vscode/.local/lib/python3.10/site-packages/airflow/example_dags/example_sensor_decorator.py for tasks to queue
[2025-10-30T01:51:24.612+0000] {logging_mixin.py:150} INFO - [2025-10-30T01:51:24.612+0000] {dagbag.py:541} INFO - Filling up the DagBag from /home/vscode/.local/lib/python3.10/site-packages/airflow/example_dags/example_sensor_decorator.py
[2025-10-30T01:51:24.617+0000] {processor.py:836} INFO - DAG(s) dict_keys(['example_sensor_decorator']) retrieved from /home/vscode/.local/lib/python3.10/site-packages/airflow/example_dags/example_sensor_decorator.py
[2025-10-30T01:51:24.628+0000] {logging_mixin.py:150} INFO - [2025-10-30T01:51:24.628+0000] {dag.py:2742} INFO - Sync 1 DAGs
[2025-10-30T01:51:24.642+0000] {logging_mixin.py:150} INFO - [2025-10-30T01:51:24.642+0000] {dag.py:3504} INFO - Setting next_dagrun for example_sensor_decorator to None, run_after=None
[2025-10-30T01:51:24.657+0000] {processor.py:179} INFO - Processing /home/vscode/.local/lib/python3.10/site-packages/airflow/example_dags/example_sensor_decorator.py took 0.048 seconds
[2025-10-30T01:52:08.231+0000] {processor.py:157} INFO - Started process (PID=14886) to work on /home/vscode/.local/lib/python3.10/site-packages/airflow/example_dags/example_sensor_decorator.py
[2025-10-30T01:52:08.232+0000] {processor.py:826} INFO - Processing file /home/vscode/.local/lib/python3.10/site-packages/airflow/example_dags/example_sensor_decorator.py for tasks to queue
[2025-10-30T01:52:08.232+0000] {logging_mixin.py:150} INFO - [2025-10-30T01:52:08.232+0000] {dagbag.py:541} INFO - Filling up the DagBag from /home/vscode/.local/lib/python3.10/site-packages/airflow/example_dags/example_sensor_decorator.py
[2025-10-30T01:52:08.236+0000] {processor.py:836} INFO - DAG(s) dict_keys(['example_sensor_decorator']) retrieved from /home/vscode/.local/lib/python3.10/site-packages/airflow/example_dags/example_sensor_decorator.py
[2025-10-30T01:52:08.247+0000] {logging_mixin.py:150} INFO - [2025-10-30T01:52:08.247+0000] {dag.py:2742} INFO - Sync 1 DAGs
[2025-10-30T01:52:08.261+0000] {logging_mixin.py:150} INFO - [2025-10-30T01:52:08.261+0000] {dag.py:3504} INFO - Setting next_dagrun for example_sensor_decorator to None, run_after=None
[2025-10-30T01:52:08.276+0000] {processor.py:179} INFO - Processing /home/vscode/.local/lib/python3.10/site-packages/airflow/example_dags/example_sensor_decorator.py took 0.047 seconds
[2025-10-30T01:52:54.372+0000] {processor.py:157} INFO - Started process (PID=15190) to work on /home/vscode/.local/lib/python3.10/site-packages/airflow/example_dags/example_sensor_decorator.py
[2025-10-30T01:52:54.373+0000] {processor.py:826} INFO - Processing file /home/vscode/.local/lib/python3.10/site-packages/airflow/example_dags/example_sensor_decorator.py for tasks to queue
[2025-10-30T01:52:54.373+0000] {logging_mixin.py:150} INFO - [2025-10-30T01:52:54.373+0000] {dagbag.py:541} INFO - Filling up the DagBag from /home/vscode/.local/lib/python3.10/site-packages/airflow/example_dags/example_sensor_decorator.py
[2025-10-30T01:52:54.377+0000] {processor.py:836} INFO - DAG(s) dict_keys(['example_sensor_decorator']) retrieved from /home/vscode/.local/lib/python3.10/site-packages/airflow/example_dags/example_sensor_decorator.py
[2025-10-30T01:52:54.389+0000] {logging_mixin.py:150} INFO - [2025-10-30T01:52:54.389+0000] {dag.py:2742} INFO - Sync 1 DAGs
[2025-10-30T01:52:54.403+0000] {logging_mixin.py:150} INFO - [2025-10-30T01:52:54.403+0000] {dag.py:3504} INFO - Setting next_dagrun for example_sensor_decorator to None, run_after=None
[2025-10-30T01:52:54.417+0000] {processor.py:179} INFO - Processing /home/vscode/.local/lib/python3.10/site-packages/airflow/example_dags/example_sensor_decorator.py took 0.047 seconds
[2025-10-30T01:53:35.485+0000] {processor.py:157} INFO - Started process (PID=15522) to work on /home/vscode/.local/lib/python3.10/site-packages/airflow/example_dags/example_sensor_decorator.py
[2025-10-30T01:53:35.485+0000] {processor.py:826} INFO - Processing file /home/vscode/.local/lib/python3.10/site-packages/airflow/example_dags/example_sensor_decorator.py for tasks to queue
[2025-10-30T01:53:35.486+0000] {logging_mixin.py:150} INFO - [2025-10-30T01:53:35.486+0000] {dagbag.py:541} INFO - Filling up the DagBag from /home/vscode/.local/lib/python3.10/site-packages/airflow/example_dags/example_sensor_decorator.py
[2025-10-30T01:53:35.490+0000] {processor.py:836} INFO - DAG(s) dict_keys(['example_sensor_decorator']) retrieved from /home/vscode/.local/lib/python3.10/site-packages/airflow/example_dags/example_sensor_decorator.py
[2025-10-30T01:53:35.501+0000] {logging_mixin.py:150} INFO - [2025-10-30T01:53:35.501+0000] {dag.py:2742} INFO - Sync 1 DAGs
[2025-10-30T01:53:35.515+0000] {logging_mixin.py:150} INFO - [2025-10-30T01:53:35.514+0000] {dag.py:3504} INFO - Setting next_dagrun for example_sensor_decorator to None, run_after=None
[2025-10-30T01:53:35.529+0000] {processor.py:179} INFO - Processing /home/vscode/.local/lib/python3.10/site-packages/airflow/example_dags/example_sensor_decorator.py took 0.046 seconds
[2025-10-30T01:54:19.373+0000] {processor.py:157} INFO - Started process (PID=15908) to work on /home/vscode/.local/lib/python3.10/site-packages/airflow/example_dags/example_sensor_decorator.py
[2025-10-30T01:54:19.374+0000] {processor.py:826} INFO - Processing file /home/vscode/.local/lib/python3.10/site-packages/airflow/example_dags/example_sensor_decorator.py for tasks to queue
[2025-10-30T01:54:19.374+0000] {logging_mixin.py:150} INFO - [2025-10-30T01:54:19.374+0000] {dagbag.py:541} INFO - Filling up the DagBag from /home/vscode/.local/lib/python3.10/site-packages/airflow/example_dags/example_sensor_decorator.py
[2025-10-30T01:54:19.378+0000] {processor.py:836} INFO - DAG(s) dict_keys(['example_sensor_decorator']) retrieved from /home/vscode/.local/lib/python3.10/site-packages/airflow/example_dags/example_sensor_decorator.py
[2025-10-30T01:54:19.389+0000] {logging_mixin.py:150} INFO - [2025-10-30T01:54:19.389+0000] {dag.py:2742} INFO - Sync 1 DAGs
[2025-10-30T01:54:19.403+0000] {logging_mixin.py:150} INFO - [2025-10-30T01:54:19.403+0000] {dag.py:3504} INFO - Setting next_dagrun for example_sensor_decorator to None, run_after=None
[2025-10-30T01:54:19.417+0000] {processor.py:179} INFO - Processing /home/vscode/.local/lib/python3.10/site-packages/airflow/example_dags/example_sensor_decorator.py took 0.046 seconds
[2025-10-30T01:55:02.134+0000] {processor.py:157} INFO - Started process (PID=16216) to work on /home/vscode/.local/lib/python3.10/site-packages/airflow/example_dags/example_sensor_decorator.py
[2025-10-30T01:55:02.135+0000] {processor.py:826} INFO - Processing file /home/vscode/.local/lib/python3.10/site-packages/airflow/example_dags/example_sensor_decorator.py for tasks to queue
[2025-10-30T01:55:02.136+0000] {logging_mixin.py:150} INFO - [2025-10-30T01:55:02.135+0000] {dagbag.py:541} INFO - Filling up the DagBag from /home/vscode/.local/lib/python3.10/site-packages/airflow/example_dags/example_sensor_decorator.py
[2025-10-30T01:55:02.140+0000] {processor.py:836} INFO - DAG(s) dict_keys(['example_sensor_decorator']) retrieved from /home/vscode/.local/lib/python3.10/site-packages/airflow/example_dags/example_sensor_decorator.py
[2025-10-30T01:55:02.152+0000] {logging_mixin.py:150} INFO - [2025-10-30T01:55:02.151+0000] {dag.py:2742} INFO - Sync 1 DAGs
[2025-10-30T01:55:02.165+0000] {logging_mixin.py:150} INFO - [2025-10-30T01:55:02.165+0000] {dag.py:3504} INFO - Setting next_dagrun for example_sensor_decorator to None, run_after=None
[2025-10-30T01:55:02.179+0000] {processor.py:179} INFO - Processing /home/vscode/.local/lib/python3.10/site-packages/airflow/example_dags/example_sensor_decorator.py took 0.047 seconds
[2025-10-30T01:55:44.964+0000] {processor.py:157} INFO - Started process (PID=16622) to work on /home/vscode/.local/lib/python3.10/site-packages/airflow/example_dags/example_sensor_decorator.py
[2025-10-30T01:55:44.965+0000] {processor.py:826} INFO - Processing file /home/vscode/.local/lib/python3.10/site-packages/airflow/example_dags/example_sensor_decorator.py for tasks to queue
[2025-10-30T01:55:44.966+0000] {logging_mixin.py:150} INFO - [2025-10-30T01:55:44.965+0000] {dagbag.py:541} INFO - Filling up the DagBag from /home/vscode/.local/lib/python3.10/site-packages/airflow/example_dags/example_sensor_decorator.py
[2025-10-30T01:55:44.970+0000] {processor.py:836} INFO - DAG(s) dict_keys(['example_sensor_decorator']) retrieved from /home/vscode/.local/lib/python3.10/site-packages/airflow/example_dags/example_sensor_decorator.py
[2025-10-30T01:55:44.981+0000] {logging_mixin.py:150} INFO - [2025-10-30T01:55:44.981+0000] {dag.py:2742} INFO - Sync 1 DAGs
[2025-10-30T01:55:44.998+0000] {logging_mixin.py:150} INFO - [2025-10-30T01:55:44.998+0000] {dag.py:3504} INFO - Setting next_dagrun for example_sensor_decorator to None, run_after=None
[2025-10-30T01:55:45.015+0000] {processor.py:179} INFO - Processing /home/vscode/.local/lib/python3.10/site-packages/airflow/example_dags/example_sensor_decorator.py took 0.053 seconds
[2025-10-30T02:06:37.472+0000] {processor.py:157} INFO - Started process (PID=20656) to work on /home/vscode/.local/lib/python3.10/site-packages/airflow/example_dags/example_sensor_decorator.py
[2025-10-30T02:06:37.473+0000] {processor.py:826} INFO - Processing file /home/vscode/.local/lib/python3.10/site-packages/airflow/example_dags/example_sensor_decorator.py for tasks to queue
[2025-10-30T02:06:37.473+0000] {logging_mixin.py:150} INFO - [2025-10-30T02:06:37.473+0000] {dagbag.py:541} INFO - Filling up the DagBag from /home/vscode/.local/lib/python3.10/site-packages/airflow/example_dags/example_sensor_decorator.py
[2025-10-30T02:06:37.477+0000] {processor.py:836} INFO - DAG(s) dict_keys(['example_sensor_decorator']) retrieved from /home/vscode/.local/lib/python3.10/site-packages/airflow/example_dags/example_sensor_decorator.py
[2025-10-30T02:06:37.490+0000] {logging_mixin.py:150} INFO - [2025-10-30T02:06:37.490+0000] {dag.py:2742} INFO - Sync 1 DAGs
[2025-10-30T02:06:37.507+0000] {logging_mixin.py:150} INFO - [2025-10-30T02:06:37.507+0000] {dag.py:3504} INFO - Setting next_dagrun for example_sensor_decorator to None, run_after=None
[2025-10-30T02:06:37.523+0000] {processor.py:179} INFO - Processing /home/vscode/.local/lib/python3.10/site-packages/airflow/example_dags/example_sensor_decorator.py took 0.053 seconds
[2025-10-30T02:07:22.091+0000] {processor.py:157} INFO - Started process (PID=20997) to work on /home/vscode/.local/lib/python3.10/site-packages/airflow/example_dags/example_sensor_decorator.py
[2025-10-30T02:07:22.091+0000] {processor.py:826} INFO - Processing file /home/vscode/.local/lib/python3.10/site-packages/airflow/example_dags/example_sensor_decorator.py for tasks to queue
[2025-10-30T02:07:22.092+0000] {logging_mixin.py:150} INFO - [2025-10-30T02:07:22.092+0000] {dagbag.py:541} INFO - Filling up the DagBag from /home/vscode/.local/lib/python3.10/site-packages/airflow/example_dags/example_sensor_decorator.py
[2025-10-30T02:07:22.096+0000] {processor.py:836} INFO - DAG(s) dict_keys(['example_sensor_decorator']) retrieved from /home/vscode/.local/lib/python3.10/site-packages/airflow/example_dags/example_sensor_decorator.py
[2025-10-30T02:07:22.107+0000] {logging_mixin.py:150} INFO - [2025-10-30T02:07:22.107+0000] {dag.py:2742} INFO - Sync 1 DAGs
[2025-10-30T02:07:22.121+0000] {logging_mixin.py:150} INFO - [2025-10-30T02:07:22.121+0000] {dag.py:3504} INFO - Setting next_dagrun for example_sensor_decorator to None, run_after=None
[2025-10-30T02:07:22.136+0000] {processor.py:179} INFO - Processing /home/vscode/.local/lib/python3.10/site-packages/airflow/example_dags/example_sensor_decorator.py took 0.048 seconds
[2025-10-30T02:08:07.448+0000] {processor.py:157} INFO - Started process (PID=21329) to work on /home/vscode/.local/lib/python3.10/site-packages/airflow/example_dags/example_sensor_decorator.py
[2025-10-30T02:08:07.448+0000] {processor.py:826} INFO - Processing file /home/vscode/.local/lib/python3.10/site-packages/airflow/example_dags/example_sensor_decorator.py for tasks to queue
[2025-10-30T02:08:07.449+0000] {logging_mixin.py:150} INFO - [2025-10-30T02:08:07.449+0000] {dagbag.py:541} INFO - Filling up the DagBag from /home/vscode/.local/lib/python3.10/site-packages/airflow/example_dags/example_sensor_decorator.py
[2025-10-30T02:08:07.453+0000] {processor.py:836} INFO - DAG(s) dict_keys(['example_sensor_decorator']) retrieved from /home/vscode/.local/lib/python3.10/site-packages/airflow/example_dags/example_sensor_decorator.py
[2025-10-30T02:08:07.464+0000] {logging_mixin.py:150} INFO - [2025-10-30T02:08:07.464+0000] {dag.py:2742} INFO - Sync 1 DAGs
[2025-10-30T02:08:07.477+0000] {logging_mixin.py:150} INFO - [2025-10-30T02:08:07.477+0000] {dag.py:3504} INFO - Setting next_dagrun for example_sensor_decorator to None, run_after=None
[2025-10-30T02:08:07.492+0000] {processor.py:179} INFO - Processing /home/vscode/.local/lib/python3.10/site-packages/airflow/example_dags/example_sensor_decorator.py took 0.046 seconds
[2025-10-30T02:08:53.165+0000] {processor.py:157} INFO - Started process (PID=21808) to work on /home/vscode/.local/lib/python3.10/site-packages/airflow/example_dags/example_sensor_decorator.py
[2025-10-30T02:08:53.166+0000] {processor.py:826} INFO - Processing file /home/vscode/.local/lib/python3.10/site-packages/airflow/example_dags/example_sensor_decorator.py for tasks to queue
[2025-10-30T02:08:53.167+0000] {logging_mixin.py:150} INFO - [2025-10-30T02:08:53.166+0000] {dagbag.py:541} INFO - Filling up the DagBag from /home/vscode/.local/lib/python3.10/site-packages/airflow/example_dags/example_sensor_decorator.py
[2025-10-30T02:08:53.171+0000] {processor.py:836} INFO - DAG(s) dict_keys(['example_sensor_decorator']) retrieved from /home/vscode/.local/lib/python3.10/site-packages/airflow/example_dags/example_sensor_decorator.py
[2025-10-30T02:08:53.184+0000] {logging_mixin.py:150} INFO - [2025-10-30T02:08:53.184+0000] {dag.py:2742} INFO - Sync 1 DAGs
[2025-10-30T02:08:53.198+0000] {logging_mixin.py:150} INFO - [2025-10-30T02:08:53.198+0000] {dag.py:3504} INFO - Setting next_dagrun for example_sensor_decorator to None, run_after=None
[2025-10-30T02:08:53.212+0000] {processor.py:179} INFO - Processing /home/vscode/.local/lib/python3.10/site-packages/airflow/example_dags/example_sensor_decorator.py took 0.049 seconds
