[2025-10-30T01:49:08.236+0000] {processor.py:157} INFO - Started process (PID=13660) to work on /home/vscode/.local/lib/python3.10/site-packages/airflow/example_dags/example_params_ui_tutorial.py
[2025-10-30T01:49:08.237+0000] {processor.py:826} INFO - Processing file /home/vscode/.local/lib/python3.10/site-packages/airflow/example_dags/example_params_ui_tutorial.py for tasks to queue
[2025-10-30T01:49:08.238+0000] {logging_mixin.py:150} INFO - [2025-10-30T01:49:08.237+0000] {dagbag.py:541} INFO - Filling up the DagBag from /home/vscode/.local/lib/python3.10/site-packages/airflow/example_dags/example_params_ui_tutorial.py
[2025-10-30T01:49:08.258+0000] {processor.py:836} INFO - DAG(s) dict_keys(['example_params_ui_tutorial']) retrieved from /home/vscode/.local/lib/python3.10/site-packages/airflow/example_dags/example_params_ui_tutorial.py
[2025-10-30T01:49:08.344+0000] {logging_mixin.py:150} INFO - [2025-10-30T01:49:08.344+0000] {manager.py:504} INFO - Created Permission View: can read on DAG:example_params_ui_tutorial
[2025-10-30T01:49:08.353+0000] {logging_mixin.py:150} INFO - [2025-10-30T01:49:08.353+0000] {manager.py:504} INFO - Created Permission View: can delete on DAG:example_params_ui_tutorial
[2025-10-30T01:49:08.359+0000] {logging_mixin.py:150} INFO - [2025-10-30T01:49:08.359+0000] {manager.py:504} INFO - Created Permission View: can edit on DAG:example_params_ui_tutorial
[2025-10-30T01:49:08.366+0000] {logging_mixin.py:150} INFO - [2025-10-30T01:49:08.366+0000] {dag.py:2742} INFO - Sync 1 DAGs
[2025-10-30T01:49:08.373+0000] {logging_mixin.py:150} INFO - [2025-10-30T01:49:08.373+0000] {dag.py:2763} INFO - Creating ORM DAG for example_params_ui_tutorial
[2025-10-30T01:49:08.379+0000] {logging_mixin.py:150} INFO - [2025-10-30T01:49:08.379+0000] {dag.py:3504} INFO - Setting next_dagrun for example_params_ui_tutorial to None, run_after=None
[2025-10-30T01:49:08.394+0000] {processor.py:179} INFO - Processing /home/vscode/.local/lib/python3.10/site-packages/airflow/example_dags/example_params_ui_tutorial.py took 0.159 seconds
[2025-10-30T01:49:54.443+0000] {processor.py:157} INFO - Started process (PID=13972) to work on /home/vscode/.local/lib/python3.10/site-packages/airflow/example_dags/example_params_ui_tutorial.py
[2025-10-30T01:49:54.443+0000] {processor.py:826} INFO - Processing file /home/vscode/.local/lib/python3.10/site-packages/airflow/example_dags/example_params_ui_tutorial.py for tasks to queue
[2025-10-30T01:49:54.445+0000] {logging_mixin.py:150} INFO - [2025-10-30T01:49:54.444+0000] {dagbag.py:541} INFO - Filling up the DagBag from /home/vscode/.local/lib/python3.10/site-packages/airflow/example_dags/example_params_ui_tutorial.py
[2025-10-30T01:49:54.468+0000] {processor.py:836} INFO - DAG(s) dict_keys(['example_params_ui_tutorial']) retrieved from /home/vscode/.local/lib/python3.10/site-packages/airflow/example_dags/example_params_ui_tutorial.py
[2025-10-30T01:49:54.493+0000] {logging_mixin.py:150} INFO - [2025-10-30T01:49:54.493+0000] {dag.py:2742} INFO - Sync 1 DAGs
[2025-10-30T01:49:54.506+0000] {logging_mixin.py:150} INFO - [2025-10-30T01:49:54.506+0000] {dag.py:3504} INFO - Setting next_dagrun for example_params_ui_tutorial to None, run_after=None
[2025-10-30T01:49:54.521+0000] {processor.py:179} INFO - Processing /home/vscode/.local/lib/python3.10/site-packages/airflow/example_dags/example_params_ui_tutorial.py took 0.081 seconds
[2025-10-30T01:50:39.228+0000] {processor.py:157} INFO - Started process (PID=14285) to work on /home/vscode/.local/lib/python3.10/site-packages/airflow/example_dags/example_params_ui_tutorial.py
[2025-10-30T01:50:39.229+0000] {processor.py:826} INFO - Processing file /home/vscode/.local/lib/python3.10/site-packages/airflow/example_dags/example_params_ui_tutorial.py for tasks to queue
[2025-10-30T01:50:39.229+0000] {logging_mixin.py:150} INFO - [2025-10-30T01:50:39.229+0000] {dagbag.py:541} INFO - Filling up the DagBag from /home/vscode/.local/lib/python3.10/site-packages/airflow/example_dags/example_params_ui_tutorial.py
[2025-10-30T01:50:39.250+0000] {processor.py:836} INFO - DAG(s) dict_keys(['example_params_ui_tutorial']) retrieved from /home/vscode/.local/lib/python3.10/site-packages/airflow/example_dags/example_params_ui_tutorial.py
[2025-10-30T01:50:39.274+0000] {logging_mixin.py:150} INFO - [2025-10-30T01:50:39.274+0000] {dag.py:2742} INFO - Sync 1 DAGs
[2025-10-30T01:50:39.286+0000] {logging_mixin.py:150} INFO - [2025-10-30T01:50:39.286+0000] {dag.py:3504} INFO - Setting next_dagrun for example_params_ui_tutorial to None, run_after=None
[2025-10-30T01:50:39.301+0000] {processor.py:179} INFO - Processing /home/vscode/.local/lib/python3.10/site-packages/airflow/example_dags/example_params_ui_tutorial.py took 0.075 seconds
[2025-10-30T01:51:25.745+0000] {processor.py:157} INFO - Started process (PID=14601) to work on /home/vscode/.local/lib/python3.10/site-packages/airflow/example_dags/example_params_ui_tutorial.py
[2025-10-30T01:51:25.746+0000] {processor.py:826} INFO - Processing file /home/vscode/.local/lib/python3.10/site-packages/airflow/example_dags/example_params_ui_tutorial.py for tasks to queue
[2025-10-30T01:51:25.746+0000] {logging_mixin.py:150} INFO - [2025-10-30T01:51:25.746+0000] {dagbag.py:541} INFO - Filling up the DagBag from /home/vscode/.local/lib/python3.10/site-packages/airflow/example_dags/example_params_ui_tutorial.py
[2025-10-30T01:51:25.767+0000] {processor.py:836} INFO - DAG(s) dict_keys(['example_params_ui_tutorial']) retrieved from /home/vscode/.local/lib/python3.10/site-packages/airflow/example_dags/example_params_ui_tutorial.py
[2025-10-30T01:51:25.791+0000] {logging_mixin.py:150} INFO - [2025-10-30T01:51:25.791+0000] {dag.py:2742} INFO - Sync 1 DAGs
[2025-10-30T01:51:25.804+0000] {logging_mixin.py:150} INFO - [2025-10-30T01:51:25.804+0000] {dag.py:3504} INFO - Setting next_dagrun for example_params_ui_tutorial to None, run_after=None
[2025-10-30T01:51:25.819+0000] {processor.py:179} INFO - Processing /home/vscode/.local/lib/python3.10/site-packages/airflow/example_dags/example_params_ui_tutorial.py took 0.076 seconds
[2025-10-30T01:52:09.370+0000] {processor.py:157} INFO - Started process (PID=14888) to work on /home/vscode/.local/lib/python3.10/site-packages/airflow/example_dags/example_params_ui_tutorial.py
[2025-10-30T01:52:09.370+0000] {processor.py:826} INFO - Processing file /home/vscode/.local/lib/python3.10/site-packages/airflow/example_dags/example_params_ui_tutorial.py for tasks to queue
[2025-10-30T01:52:09.371+0000] {logging_mixin.py:150} INFO - [2025-10-30T01:52:09.371+0000] {dagbag.py:541} INFO - Filling up the DagBag from /home/vscode/.local/lib/python3.10/site-packages/airflow/example_dags/example_params_ui_tutorial.py
[2025-10-30T01:52:09.391+0000] {processor.py:836} INFO - DAG(s) dict_keys(['example_params_ui_tutorial']) retrieved from /home/vscode/.local/lib/python3.10/site-packages/airflow/example_dags/example_params_ui_tutorial.py
[2025-10-30T01:52:09.414+0000] {logging_mixin.py:150} INFO - [2025-10-30T01:52:09.414+0000] {dag.py:2742} INFO - Sync 1 DAGs
[2025-10-30T01:52:09.427+0000] {logging_mixin.py:150} INFO - [2025-10-30T01:52:09.427+0000] {dag.py:3504} INFO - Setting next_dagrun for example_params_ui_tutorial to None, run_after=None
[2025-10-30T01:52:09.442+0000] {processor.py:179} INFO - Processing /home/vscode/.local/lib/python3.10/site-packages/airflow/example_dags/example_params_ui_tutorial.py took 0.074 seconds
[2025-10-30T01:52:55.510+0000] {processor.py:157} INFO - Started process (PID=15198) to work on /home/vscode/.local/lib/python3.10/site-packages/airflow/example_dags/example_params_ui_tutorial.py
[2025-10-30T01:52:55.511+0000] {processor.py:826} INFO - Processing file /home/vscode/.local/lib/python3.10/site-packages/airflow/example_dags/example_params_ui_tutorial.py for tasks to queue
[2025-10-30T01:52:55.511+0000] {logging_mixin.py:150} INFO - [2025-10-30T01:52:55.511+0000] {dagbag.py:541} INFO - Filling up the DagBag from /home/vscode/.local/lib/python3.10/site-packages/airflow/example_dags/example_params_ui_tutorial.py
[2025-10-30T01:52:55.531+0000] {processor.py:836} INFO - DAG(s) dict_keys(['example_params_ui_tutorial']) retrieved from /home/vscode/.local/lib/python3.10/site-packages/airflow/example_dags/example_params_ui_tutorial.py
[2025-10-30T01:52:55.555+0000] {logging_mixin.py:150} INFO - [2025-10-30T01:52:55.555+0000] {dag.py:2742} INFO - Sync 1 DAGs
[2025-10-30T01:52:55.568+0000] {logging_mixin.py:150} INFO - [2025-10-30T01:52:55.568+0000] {dag.py:3504} INFO - Setting next_dagrun for example_params_ui_tutorial to None, run_after=None
[2025-10-30T01:52:55.583+0000] {processor.py:179} INFO - Processing /home/vscode/.local/lib/python3.10/site-packages/airflow/example_dags/example_params_ui_tutorial.py took 0.075 seconds
[2025-10-30T01:53:37.504+0000] {processor.py:157} INFO - Started process (PID=15540) to work on /home/vscode/.local/lib/python3.10/site-packages/airflow/example_dags/example_params_ui_tutorial.py
[2025-10-30T01:53:37.505+0000] {processor.py:826} INFO - Processing file /home/vscode/.local/lib/python3.10/site-packages/airflow/example_dags/example_params_ui_tutorial.py for tasks to queue
[2025-10-30T01:53:37.505+0000] {logging_mixin.py:150} INFO - [2025-10-30T01:53:37.505+0000] {dagbag.py:541} INFO - Filling up the DagBag from /home/vscode/.local/lib/python3.10/site-packages/airflow/example_dags/example_params_ui_tutorial.py
[2025-10-30T01:53:37.529+0000] {processor.py:836} INFO - DAG(s) dict_keys(['example_params_ui_tutorial']) retrieved from /home/vscode/.local/lib/python3.10/site-packages/airflow/example_dags/example_params_ui_tutorial.py
[2025-10-30T01:53:37.553+0000] {logging_mixin.py:150} INFO - [2025-10-30T01:53:37.553+0000] {dag.py:2742} INFO - Sync 1 DAGs
[2025-10-30T01:53:37.566+0000] {logging_mixin.py:150} INFO - [2025-10-30T01:53:37.566+0000] {dag.py:3504} INFO - Setting next_dagrun for example_params_ui_tutorial to None, run_after=None
[2025-10-30T01:53:37.580+0000] {processor.py:179} INFO - Processing /home/vscode/.local/lib/python3.10/site-packages/airflow/example_dags/example_params_ui_tutorial.py took 0.078 seconds
[2025-10-30T01:54:20.505+0000] {processor.py:157} INFO - Started process (PID=15910) to work on /home/vscode/.local/lib/python3.10/site-packages/airflow/example_dags/example_params_ui_tutorial.py
[2025-10-30T01:54:20.506+0000] {processor.py:826} INFO - Processing file /home/vscode/.local/lib/python3.10/site-packages/airflow/example_dags/example_params_ui_tutorial.py for tasks to queue
[2025-10-30T01:54:20.506+0000] {logging_mixin.py:150} INFO - [2025-10-30T01:54:20.506+0000] {dagbag.py:541} INFO - Filling up the DagBag from /home/vscode/.local/lib/python3.10/site-packages/airflow/example_dags/example_params_ui_tutorial.py
[2025-10-30T01:54:20.526+0000] {processor.py:836} INFO - DAG(s) dict_keys(['example_params_ui_tutorial']) retrieved from /home/vscode/.local/lib/python3.10/site-packages/airflow/example_dags/example_params_ui_tutorial.py
[2025-10-30T01:54:20.550+0000] {logging_mixin.py:150} INFO - [2025-10-30T01:54:20.550+0000] {dag.py:2742} INFO - Sync 1 DAGs
[2025-10-30T01:54:20.564+0000] {logging_mixin.py:150} INFO - [2025-10-30T01:54:20.563+0000] {dag.py:3504} INFO - Setting next_dagrun for example_params_ui_tutorial to None, run_after=None
[2025-10-30T01:54:20.578+0000] {processor.py:179} INFO - Processing /home/vscode/.local/lib/python3.10/site-packages/airflow/example_dags/example_params_ui_tutorial.py took 0.075 seconds
[2025-10-30T01:55:02.720+0000] {processor.py:157} INFO - Started process (PID=16232) to work on /home/vscode/.local/lib/python3.10/site-packages/airflow/example_dags/example_params_ui_tutorial.py
[2025-10-30T01:55:02.721+0000] {processor.py:826} INFO - Processing file /home/vscode/.local/lib/python3.10/site-packages/airflow/example_dags/example_params_ui_tutorial.py for tasks to queue
[2025-10-30T01:55:02.722+0000] {logging_mixin.py:150} INFO - [2025-10-30T01:55:02.721+0000] {dagbag.py:541} INFO - Filling up the DagBag from /home/vscode/.local/lib/python3.10/site-packages/airflow/example_dags/example_params_ui_tutorial.py
[2025-10-30T01:55:02.742+0000] {processor.py:836} INFO - DAG(s) dict_keys(['example_params_ui_tutorial']) retrieved from /home/vscode/.local/lib/python3.10/site-packages/airflow/example_dags/example_params_ui_tutorial.py
[2025-10-30T01:55:02.766+0000] {logging_mixin.py:150} INFO - [2025-10-30T01:55:02.766+0000] {dag.py:2742} INFO - Sync 1 DAGs
[2025-10-30T01:55:02.779+0000] {logging_mixin.py:150} INFO - [2025-10-30T01:55:02.779+0000] {dag.py:3504} INFO - Setting next_dagrun for example_params_ui_tutorial to None, run_after=None
[2025-10-30T01:55:02.794+0000] {processor.py:179} INFO - Processing /home/vscode/.local/lib/python3.10/site-packages/airflow/example_dags/example_params_ui_tutorial.py took 0.076 seconds
[2025-10-30T02:06:38.608+0000] {processor.py:157} INFO - Started process (PID=20664) to work on /home/vscode/.local/lib/python3.10/site-packages/airflow/example_dags/example_params_ui_tutorial.py
[2025-10-30T02:06:38.608+0000] {processor.py:826} INFO - Processing file /home/vscode/.local/lib/python3.10/site-packages/airflow/example_dags/example_params_ui_tutorial.py for tasks to queue
[2025-10-30T02:06:38.609+0000] {logging_mixin.py:150} INFO - [2025-10-30T02:06:38.608+0000] {dagbag.py:541} INFO - Filling up the DagBag from /home/vscode/.local/lib/python3.10/site-packages/airflow/example_dags/example_params_ui_tutorial.py
[2025-10-30T02:06:38.629+0000] {processor.py:836} INFO - DAG(s) dict_keys(['example_params_ui_tutorial']) retrieved from /home/vscode/.local/lib/python3.10/site-packages/airflow/example_dags/example_params_ui_tutorial.py
[2025-10-30T02:06:38.657+0000] {logging_mixin.py:150} INFO - [2025-10-30T02:06:38.657+0000] {dag.py:2742} INFO - Sync 1 DAGs
[2025-10-30T02:06:38.670+0000] {logging_mixin.py:150} INFO - [2025-10-30T02:06:38.670+0000] {dag.py:3504} INFO - Setting next_dagrun for example_params_ui_tutorial to None, run_after=None
[2025-10-30T02:06:38.684+0000] {processor.py:179} INFO - Processing /home/vscode/.local/lib/python3.10/site-packages/airflow/example_dags/example_params_ui_tutorial.py took 0.079 seconds
[2025-10-30T02:07:22.693+0000] {processor.py:157} INFO - Started process (PID=20999) to work on /home/vscode/.local/lib/python3.10/site-packages/airflow/example_dags/example_params_ui_tutorial.py
[2025-10-30T02:07:22.694+0000] {processor.py:826} INFO - Processing file /home/vscode/.local/lib/python3.10/site-packages/airflow/example_dags/example_params_ui_tutorial.py for tasks to queue
[2025-10-30T02:07:22.694+0000] {logging_mixin.py:150} INFO - [2025-10-30T02:07:22.694+0000] {dagbag.py:541} INFO - Filling up the DagBag from /home/vscode/.local/lib/python3.10/site-packages/airflow/example_dags/example_params_ui_tutorial.py
[2025-10-30T02:07:22.715+0000] {processor.py:836} INFO - DAG(s) dict_keys(['example_params_ui_tutorial']) retrieved from /home/vscode/.local/lib/python3.10/site-packages/airflow/example_dags/example_params_ui_tutorial.py
[2025-10-30T02:07:22.739+0000] {logging_mixin.py:150} INFO - [2025-10-30T02:07:22.739+0000] {dag.py:2742} INFO - Sync 1 DAGs
[2025-10-30T02:07:22.756+0000] {logging_mixin.py:150} INFO - [2025-10-30T02:07:22.756+0000] {dag.py:3504} INFO - Setting next_dagrun for example_params_ui_tutorial to None, run_after=None
[2025-10-30T02:07:22.776+0000] {processor.py:179} INFO - Processing /home/vscode/.local/lib/python3.10/site-packages/airflow/example_dags/example_params_ui_tutorial.py took 0.086 seconds
[2025-10-30T02:08:08.587+0000] {processor.py:157} INFO - Started process (PID=21346) to work on /home/vscode/.local/lib/python3.10/site-packages/airflow/example_dags/example_params_ui_tutorial.py
[2025-10-30T02:08:08.592+0000] {processor.py:826} INFO - Processing file /home/vscode/.local/lib/python3.10/site-packages/airflow/example_dags/example_params_ui_tutorial.py for tasks to queue
[2025-10-30T02:08:08.593+0000] {logging_mixin.py:150} INFO - [2025-10-30T02:08:08.593+0000] {dagbag.py:541} INFO - Filling up the DagBag from /home/vscode/.local/lib/python3.10/site-packages/airflow/example_dags/example_params_ui_tutorial.py
[2025-10-30T02:08:08.624+0000] {processor.py:836} INFO - DAG(s) dict_keys(['example_params_ui_tutorial']) retrieved from /home/vscode/.local/lib/python3.10/site-packages/airflow/example_dags/example_params_ui_tutorial.py
[2025-10-30T02:08:08.651+0000] {logging_mixin.py:150} INFO - [2025-10-30T02:08:08.651+0000] {dag.py:2742} INFO - Sync 1 DAGs
[2025-10-30T02:08:08.670+0000] {logging_mixin.py:150} INFO - [2025-10-30T02:08:08.670+0000] {dag.py:3504} INFO - Setting next_dagrun for example_params_ui_tutorial to None, run_after=None
[2025-10-30T02:08:08.684+0000] {processor.py:179} INFO - Processing /home/vscode/.local/lib/python3.10/site-packages/airflow/example_dags/example_params_ui_tutorial.py took 0.100 seconds
[2025-10-30T02:08:54.298+0000] {processor.py:157} INFO - Started process (PID=21821) to work on /home/vscode/.local/lib/python3.10/site-packages/airflow/example_dags/example_params_ui_tutorial.py
[2025-10-30T02:08:54.298+0000] {processor.py:826} INFO - Processing file /home/vscode/.local/lib/python3.10/site-packages/airflow/example_dags/example_params_ui_tutorial.py for tasks to queue
[2025-10-30T02:08:54.299+0000] {logging_mixin.py:150} INFO - [2025-10-30T02:08:54.299+0000] {dagbag.py:541} INFO - Filling up the DagBag from /home/vscode/.local/lib/python3.10/site-packages/airflow/example_dags/example_params_ui_tutorial.py
[2025-10-30T02:08:54.319+0000] {processor.py:836} INFO - DAG(s) dict_keys(['example_params_ui_tutorial']) retrieved from /home/vscode/.local/lib/python3.10/site-packages/airflow/example_dags/example_params_ui_tutorial.py
[2025-10-30T02:08:54.345+0000] {logging_mixin.py:150} INFO - [2025-10-30T02:08:54.345+0000] {dag.py:2742} INFO - Sync 1 DAGs
[2025-10-30T02:08:54.359+0000] {logging_mixin.py:150} INFO - [2025-10-30T02:08:54.359+0000] {dag.py:3504} INFO - Setting next_dagrun for example_params_ui_tutorial to None, run_after=None
[2025-10-30T02:08:54.377+0000] {processor.py:179} INFO - Processing /home/vscode/.local/lib/python3.10/site-packages/airflow/example_dags/example_params_ui_tutorial.py took 0.081 seconds
