[2025-10-30T01:48:52.501+0000] {processor.py:157} INFO - Started process (PID=13558) to work on /home/vscode/.local/lib/python3.10/site-packages/airflow/example_dags/example_xcom.py
[2025-10-30T01:48:52.502+0000] {processor.py:826} INFO - Processing file /home/vscode/.local/lib/python3.10/site-packages/airflow/example_dags/example_xcom.py for tasks to queue
[2025-10-30T01:48:52.502+0000] {logging_mixin.py:150} INFO - [2025-10-30T01:48:52.502+0000] {dagbag.py:541} INFO - Filling up the DagBag from /home/vscode/.local/lib/python3.10/site-packages/airflow/example_dags/example_xcom.py
[2025-10-30T01:48:52.510+0000] {processor.py:836} INFO - DAG(s) dict_keys(['example_xcom']) retrieved from /home/vscode/.local/lib/python3.10/site-packages/airflow/example_dags/example_xcom.py
[2025-10-30T01:48:52.593+0000] {logging_mixin.py:150} INFO - [2025-10-30T01:48:52.593+0000] {manager.py:504} INFO - Created Permission View: can read on DAG:example_xcom
[2025-10-30T01:48:52.602+0000] {logging_mixin.py:150} INFO - [2025-10-30T01:48:52.602+0000] {manager.py:504} INFO - Created Permission View: can delete on DAG:example_xcom
[2025-10-30T01:48:52.608+0000] {logging_mixin.py:150} INFO - [2025-10-30T01:48:52.608+0000] {manager.py:504} INFO - Created Permission View: can edit on DAG:example_xcom
[2025-10-30T01:48:52.616+0000] {logging_mixin.py:150} INFO - [2025-10-30T01:48:52.616+0000] {dag.py:2742} INFO - Sync 1 DAGs
[2025-10-30T01:48:52.622+0000] {logging_mixin.py:150} INFO - [2025-10-30T01:48:52.622+0000] {dag.py:2763} INFO - Creating ORM DAG for example_xcom
[2025-10-30T01:48:52.628+0000] {logging_mixin.py:150} INFO - [2025-10-30T01:48:52.628+0000] {dag.py:3504} INFO - Setting next_dagrun for example_xcom to 2021-01-01T00:00:00+00:00, run_after=2021-01-01T00:00:00+00:00
[2025-10-30T01:48:52.644+0000] {processor.py:179} INFO - Processing /home/vscode/.local/lib/python3.10/site-packages/airflow/example_dags/example_xcom.py took 0.145 seconds
[2025-10-30T01:49:41.588+0000] {processor.py:157} INFO - Started process (PID=13885) to work on /home/vscode/.local/lib/python3.10/site-packages/airflow/example_dags/example_xcom.py
[2025-10-30T01:49:41.589+0000] {processor.py:826} INFO - Processing file /home/vscode/.local/lib/python3.10/site-packages/airflow/example_dags/example_xcom.py for tasks to queue
[2025-10-30T01:49:41.589+0000] {logging_mixin.py:150} INFO - [2025-10-30T01:49:41.589+0000] {dagbag.py:541} INFO - Filling up the DagBag from /home/vscode/.local/lib/python3.10/site-packages/airflow/example_dags/example_xcom.py
[2025-10-30T01:49:41.595+0000] {processor.py:836} INFO - DAG(s) dict_keys(['example_xcom']) retrieved from /home/vscode/.local/lib/python3.10/site-packages/airflow/example_dags/example_xcom.py
[2025-10-30T01:49:41.607+0000] {logging_mixin.py:150} INFO - [2025-10-30T01:49:41.607+0000] {dag.py:2742} INFO - Sync 1 DAGs
[2025-10-30T01:49:41.620+0000] {logging_mixin.py:150} INFO - [2025-10-30T01:49:41.620+0000] {dag.py:3504} INFO - Setting next_dagrun for example_xcom to 2021-01-01T00:00:00+00:00, run_after=2021-01-01T00:00:00+00:00
[2025-10-30T01:49:41.636+0000] {processor.py:179} INFO - Processing /home/vscode/.local/lib/python3.10/site-packages/airflow/example_dags/example_xcom.py took 0.049 seconds
[2025-10-30T01:50:23.809+0000] {processor.py:157} INFO - Started process (PID=14176) to work on /home/vscode/.local/lib/python3.10/site-packages/airflow/example_dags/example_xcom.py
[2025-10-30T01:50:23.810+0000] {processor.py:826} INFO - Processing file /home/vscode/.local/lib/python3.10/site-packages/airflow/example_dags/example_xcom.py for tasks to queue
[2025-10-30T01:50:23.811+0000] {logging_mixin.py:150} INFO - [2025-10-30T01:50:23.810+0000] {dagbag.py:541} INFO - Filling up the DagBag from /home/vscode/.local/lib/python3.10/site-packages/airflow/example_dags/example_xcom.py
[2025-10-30T01:50:23.816+0000] {processor.py:836} INFO - DAG(s) dict_keys(['example_xcom']) retrieved from /home/vscode/.local/lib/python3.10/site-packages/airflow/example_dags/example_xcom.py
[2025-10-30T01:50:23.828+0000] {logging_mixin.py:150} INFO - [2025-10-30T01:50:23.828+0000] {dag.py:2742} INFO - Sync 1 DAGs
[2025-10-30T01:50:23.841+0000] {logging_mixin.py:150} INFO - [2025-10-30T01:50:23.841+0000] {dag.py:3504} INFO - Setting next_dagrun for example_xcom to 2021-01-01T00:00:00+00:00, run_after=2021-01-01T00:00:00+00:00
[2025-10-30T01:50:23.856+0000] {processor.py:179} INFO - Processing /home/vscode/.local/lib/python3.10/site-packages/airflow/example_dags/example_xcom.py took 0.049 seconds
[2025-10-30T01:51:08.881+0000] {processor.py:157} INFO - Started process (PID=14489) to work on /home/vscode/.local/lib/python3.10/site-packages/airflow/example_dags/example_xcom.py
[2025-10-30T01:51:08.882+0000] {processor.py:826} INFO - Processing file /home/vscode/.local/lib/python3.10/site-packages/airflow/example_dags/example_xcom.py for tasks to queue
[2025-10-30T01:51:08.882+0000] {logging_mixin.py:150} INFO - [2025-10-30T01:51:08.882+0000] {dagbag.py:541} INFO - Filling up the DagBag from /home/vscode/.local/lib/python3.10/site-packages/airflow/example_dags/example_xcom.py
[2025-10-30T01:51:08.888+0000] {processor.py:836} INFO - DAG(s) dict_keys(['example_xcom']) retrieved from /home/vscode/.local/lib/python3.10/site-packages/airflow/example_dags/example_xcom.py
[2025-10-30T01:51:08.900+0000] {logging_mixin.py:150} INFO - [2025-10-30T01:51:08.900+0000] {dag.py:2742} INFO - Sync 1 DAGs
[2025-10-30T01:51:08.913+0000] {logging_mixin.py:150} INFO - [2025-10-30T01:51:08.913+0000] {dag.py:3504} INFO - Setting next_dagrun for example_xcom to 2021-01-01T00:00:00+00:00, run_after=2021-01-01T00:00:00+00:00
[2025-10-30T01:51:08.928+0000] {processor.py:179} INFO - Processing /home/vscode/.local/lib/python3.10/site-packages/airflow/example_dags/example_xcom.py took 0.049 seconds
[2025-10-30T01:51:52.215+0000] {processor.py:157} INFO - Started process (PID=14782) to work on /home/vscode/.local/lib/python3.10/site-packages/airflow/example_dags/example_xcom.py
[2025-10-30T01:51:52.216+0000] {processor.py:826} INFO - Processing file /home/vscode/.local/lib/python3.10/site-packages/airflow/example_dags/example_xcom.py for tasks to queue
[2025-10-30T01:51:52.216+0000] {logging_mixin.py:150} INFO - [2025-10-30T01:51:52.216+0000] {dagbag.py:541} INFO - Filling up the DagBag from /home/vscode/.local/lib/python3.10/site-packages/airflow/example_dags/example_xcom.py
[2025-10-30T01:51:52.221+0000] {processor.py:836} INFO - DAG(s) dict_keys(['example_xcom']) retrieved from /home/vscode/.local/lib/python3.10/site-packages/airflow/example_dags/example_xcom.py
[2025-10-30T01:51:52.233+0000] {logging_mixin.py:150} INFO - [2025-10-30T01:51:52.233+0000] {dag.py:2742} INFO - Sync 1 DAGs
[2025-10-30T01:51:52.246+0000] {logging_mixin.py:150} INFO - [2025-10-30T01:51:52.246+0000] {dag.py:3504} INFO - Setting next_dagrun for example_xcom to 2021-01-01T00:00:00+00:00, run_after=2021-01-01T00:00:00+00:00
[2025-10-30T01:51:52.261+0000] {processor.py:179} INFO - Processing /home/vscode/.local/lib/python3.10/site-packages/airflow/example_dags/example_xcom.py took 0.048 seconds
[2025-10-30T01:52:40.097+0000] {processor.py:157} INFO - Started process (PID=15093) to work on /home/vscode/.local/lib/python3.10/site-packages/airflow/example_dags/example_xcom.py
[2025-10-30T01:52:40.098+0000] {processor.py:826} INFO - Processing file /home/vscode/.local/lib/python3.10/site-packages/airflow/example_dags/example_xcom.py for tasks to queue
[2025-10-30T01:52:40.098+0000] {logging_mixin.py:150} INFO - [2025-10-30T01:52:40.098+0000] {dagbag.py:541} INFO - Filling up the DagBag from /home/vscode/.local/lib/python3.10/site-packages/airflow/example_dags/example_xcom.py
[2025-10-30T01:52:40.106+0000] {processor.py:836} INFO - DAG(s) dict_keys(['example_xcom']) retrieved from /home/vscode/.local/lib/python3.10/site-packages/airflow/example_dags/example_xcom.py
[2025-10-30T01:52:40.123+0000] {logging_mixin.py:150} INFO - [2025-10-30T01:52:40.123+0000] {dag.py:2742} INFO - Sync 1 DAGs
[2025-10-30T01:52:40.142+0000] {logging_mixin.py:150} INFO - [2025-10-30T01:52:40.142+0000] {dag.py:3504} INFO - Setting next_dagrun for example_xcom to 2021-01-01T00:00:00+00:00, run_after=2021-01-01T00:00:00+00:00
[2025-10-30T01:52:40.157+0000] {processor.py:179} INFO - Processing /home/vscode/.local/lib/python3.10/site-packages/airflow/example_dags/example_xcom.py took 0.062 seconds
[2025-10-30T01:53:19.488+0000] {processor.py:157} INFO - Started process (PID=15368) to work on /home/vscode/.local/lib/python3.10/site-packages/airflow/example_dags/example_xcom.py
[2025-10-30T01:53:19.488+0000] {processor.py:826} INFO - Processing file /home/vscode/.local/lib/python3.10/site-packages/airflow/example_dags/example_xcom.py for tasks to queue
[2025-10-30T01:53:19.489+0000] {logging_mixin.py:150} INFO - [2025-10-30T01:53:19.489+0000] {dagbag.py:541} INFO - Filling up the DagBag from /home/vscode/.local/lib/python3.10/site-packages/airflow/example_dags/example_xcom.py
[2025-10-30T01:53:19.494+0000] {processor.py:836} INFO - DAG(s) dict_keys(['example_xcom']) retrieved from /home/vscode/.local/lib/python3.10/site-packages/airflow/example_dags/example_xcom.py
[2025-10-30T01:53:19.506+0000] {logging_mixin.py:150} INFO - [2025-10-30T01:53:19.506+0000] {dag.py:2742} INFO - Sync 1 DAGs
[2025-10-30T01:53:19.520+0000] {logging_mixin.py:150} INFO - [2025-10-30T01:53:19.520+0000] {dag.py:3504} INFO - Setting next_dagrun for example_xcom to 2021-01-01T00:00:00+00:00, run_after=2021-01-01T00:00:00+00:00
[2025-10-30T01:53:19.534+0000] {processor.py:179} INFO - Processing /home/vscode/.local/lib/python3.10/site-packages/airflow/example_dags/example_xcom.py took 0.048 seconds
[2025-10-30T01:53:57.780+0000] {processor.py:157} INFO - Started process (PID=15733) to work on /home/vscode/.local/lib/python3.10/site-packages/airflow/example_dags/example_xcom.py
[2025-10-30T01:53:57.781+0000] {processor.py:826} INFO - Processing file /home/vscode/.local/lib/python3.10/site-packages/airflow/example_dags/example_xcom.py for tasks to queue
[2025-10-30T01:53:57.781+0000] {logging_mixin.py:150} INFO - [2025-10-30T01:53:57.781+0000] {dagbag.py:541} INFO - Filling up the DagBag from /home/vscode/.local/lib/python3.10/site-packages/airflow/example_dags/example_xcom.py
[2025-10-30T01:53:57.786+0000] {processor.py:836} INFO - DAG(s) dict_keys(['example_xcom']) retrieved from /home/vscode/.local/lib/python3.10/site-packages/airflow/example_dags/example_xcom.py
[2025-10-30T01:53:57.798+0000] {logging_mixin.py:150} INFO - [2025-10-30T01:53:57.798+0000] {dag.py:2742} INFO - Sync 1 DAGs
[2025-10-30T01:53:57.812+0000] {logging_mixin.py:150} INFO - [2025-10-30T01:53:57.812+0000] {dag.py:3504} INFO - Setting next_dagrun for example_xcom to 2021-01-01T00:00:00+00:00, run_after=2021-01-01T00:00:00+00:00
[2025-10-30T01:53:57.829+0000] {processor.py:179} INFO - Processing /home/vscode/.local/lib/python3.10/site-packages/airflow/example_dags/example_xcom.py took 0.051 seconds
[2025-10-30T01:54:40.748+0000] {processor.py:157} INFO - Started process (PID=16047) to work on /home/vscode/.local/lib/python3.10/site-packages/airflow/example_dags/example_xcom.py
[2025-10-30T01:54:40.748+0000] {processor.py:826} INFO - Processing file /home/vscode/.local/lib/python3.10/site-packages/airflow/example_dags/example_xcom.py for tasks to queue
[2025-10-30T01:54:40.749+0000] {logging_mixin.py:150} INFO - [2025-10-30T01:54:40.749+0000] {dagbag.py:541} INFO - Filling up the DagBag from /home/vscode/.local/lib/python3.10/site-packages/airflow/example_dags/example_xcom.py
[2025-10-30T01:54:40.754+0000] {processor.py:836} INFO - DAG(s) dict_keys(['example_xcom']) retrieved from /home/vscode/.local/lib/python3.10/site-packages/airflow/example_dags/example_xcom.py
[2025-10-30T01:54:40.766+0000] {logging_mixin.py:150} INFO - [2025-10-30T01:54:40.766+0000] {dag.py:2742} INFO - Sync 1 DAGs
[2025-10-30T01:54:40.779+0000] {logging_mixin.py:150} INFO - [2025-10-30T01:54:40.779+0000] {dag.py:3504} INFO - Setting next_dagrun for example_xcom to 2021-01-01T00:00:00+00:00, run_after=2021-01-01T00:00:00+00:00
[2025-10-30T01:54:40.794+0000] {processor.py:179} INFO - Processing /home/vscode/.local/lib/python3.10/site-packages/airflow/example_dags/example_xcom.py took 0.048 seconds
[2025-10-30T01:55:20.423+0000] {processor.py:157} INFO - Started process (PID=16384) to work on /home/vscode/.local/lib/python3.10/site-packages/airflow/example_dags/example_xcom.py
[2025-10-30T01:55:20.424+0000] {processor.py:826} INFO - Processing file /home/vscode/.local/lib/python3.10/site-packages/airflow/example_dags/example_xcom.py for tasks to queue
[2025-10-30T01:55:20.425+0000] {logging_mixin.py:150} INFO - [2025-10-30T01:55:20.424+0000] {dagbag.py:541} INFO - Filling up the DagBag from /home/vscode/.local/lib/python3.10/site-packages/airflow/example_dags/example_xcom.py
[2025-10-30T01:55:20.430+0000] {processor.py:836} INFO - DAG(s) dict_keys(['example_xcom']) retrieved from /home/vscode/.local/lib/python3.10/site-packages/airflow/example_dags/example_xcom.py
[2025-10-30T01:55:20.442+0000] {logging_mixin.py:150} INFO - [2025-10-30T01:55:20.442+0000] {dag.py:2742} INFO - Sync 1 DAGs
[2025-10-30T01:55:20.458+0000] {logging_mixin.py:150} INFO - [2025-10-30T01:55:20.458+0000] {dag.py:3504} INFO - Setting next_dagrun for example_xcom to 2021-01-01T00:00:00+00:00, run_after=2021-01-01T00:00:00+00:00
[2025-10-30T01:55:20.479+0000] {processor.py:179} INFO - Processing /home/vscode/.local/lib/python3.10/site-packages/airflow/example_dags/example_xcom.py took 0.057 seconds
[2025-10-30T02:06:25.550+0000] {processor.py:157} INFO - Started process (PID=20565) to work on /home/vscode/.local/lib/python3.10/site-packages/airflow/example_dags/example_xcom.py
[2025-10-30T02:06:25.550+0000] {processor.py:826} INFO - Processing file /home/vscode/.local/lib/python3.10/site-packages/airflow/example_dags/example_xcom.py for tasks to queue
[2025-10-30T02:06:25.551+0000] {logging_mixin.py:150} INFO - [2025-10-30T02:06:25.551+0000] {dagbag.py:541} INFO - Filling up the DagBag from /home/vscode/.local/lib/python3.10/site-packages/airflow/example_dags/example_xcom.py
[2025-10-30T02:06:25.558+0000] {processor.py:836} INFO - DAG(s) dict_keys(['example_xcom']) retrieved from /home/vscode/.local/lib/python3.10/site-packages/airflow/example_dags/example_xcom.py
[2025-10-30T02:06:25.576+0000] {logging_mixin.py:150} INFO - [2025-10-30T02:06:25.576+0000] {dag.py:2742} INFO - Sync 1 DAGs
[2025-10-30T02:06:25.590+0000] {logging_mixin.py:150} INFO - [2025-10-30T02:06:25.590+0000] {dag.py:3504} INFO - Setting next_dagrun for example_xcom to 2021-01-01T00:00:00+00:00, run_after=2021-01-01T00:00:00+00:00
[2025-10-30T02:06:25.607+0000] {processor.py:179} INFO - Processing /home/vscode/.local/lib/python3.10/site-packages/airflow/example_dags/example_xcom.py took 0.059 seconds
[2025-10-30T02:07:09.548+0000] {processor.py:157} INFO - Started process (PID=20907) to work on /home/vscode/.local/lib/python3.10/site-packages/airflow/example_dags/example_xcom.py
[2025-10-30T02:07:09.549+0000] {processor.py:826} INFO - Processing file /home/vscode/.local/lib/python3.10/site-packages/airflow/example_dags/example_xcom.py for tasks to queue
[2025-10-30T02:07:09.549+0000] {logging_mixin.py:150} INFO - [2025-10-30T02:07:09.549+0000] {dagbag.py:541} INFO - Filling up the DagBag from /home/vscode/.local/lib/python3.10/site-packages/airflow/example_dags/example_xcom.py
[2025-10-30T02:07:09.555+0000] {processor.py:836} INFO - DAG(s) dict_keys(['example_xcom']) retrieved from /home/vscode/.local/lib/python3.10/site-packages/airflow/example_dags/example_xcom.py
[2025-10-30T02:07:09.567+0000] {logging_mixin.py:150} INFO - [2025-10-30T02:07:09.567+0000] {dag.py:2742} INFO - Sync 1 DAGs
[2025-10-30T02:07:09.580+0000] {logging_mixin.py:150} INFO - [2025-10-30T02:07:09.580+0000] {dag.py:3504} INFO - Setting next_dagrun for example_xcom to 2021-01-01T00:00:00+00:00, run_after=2021-01-01T00:00:00+00:00
[2025-10-30T02:07:09.595+0000] {processor.py:179} INFO - Processing /home/vscode/.local/lib/python3.10/site-packages/airflow/example_dags/example_xcom.py took 0.049 seconds
[2025-10-30T02:07:52.837+0000] {processor.py:157} INFO - Started process (PID=21233) to work on /home/vscode/.local/lib/python3.10/site-packages/airflow/example_dags/example_xcom.py
[2025-10-30T02:07:52.837+0000] {processor.py:826} INFO - Processing file /home/vscode/.local/lib/python3.10/site-packages/airflow/example_dags/example_xcom.py for tasks to queue
[2025-10-30T02:07:52.838+0000] {logging_mixin.py:150} INFO - [2025-10-30T02:07:52.838+0000] {dagbag.py:541} INFO - Filling up the DagBag from /home/vscode/.local/lib/python3.10/site-packages/airflow/example_dags/example_xcom.py
[2025-10-30T02:07:52.843+0000] {processor.py:836} INFO - DAG(s) dict_keys(['example_xcom']) retrieved from /home/vscode/.local/lib/python3.10/site-packages/airflow/example_dags/example_xcom.py
[2025-10-30T02:07:52.856+0000] {logging_mixin.py:150} INFO - [2025-10-30T02:07:52.856+0000] {dag.py:2742} INFO - Sync 1 DAGs
[2025-10-30T02:07:52.869+0000] {logging_mixin.py:150} INFO - [2025-10-30T02:07:52.869+0000] {dag.py:3504} INFO - Setting next_dagrun for example_xcom to 2021-01-01T00:00:00+00:00, run_after=2021-01-01T00:00:00+00:00
[2025-10-30T02:07:52.884+0000] {processor.py:179} INFO - Processing /home/vscode/.local/lib/python3.10/site-packages/airflow/example_dags/example_xcom.py took 0.050 seconds
[2025-10-30T02:08:37.748+0000] {processor.py:157} INFO - Started process (PID=21633) to work on /home/vscode/.local/lib/python3.10/site-packages/airflow/example_dags/example_xcom.py
[2025-10-30T02:08:37.749+0000] {processor.py:826} INFO - Processing file /home/vscode/.local/lib/python3.10/site-packages/airflow/example_dags/example_xcom.py for tasks to queue
[2025-10-30T02:08:37.749+0000] {logging_mixin.py:150} INFO - [2025-10-30T02:08:37.749+0000] {dagbag.py:541} INFO - Filling up the DagBag from /home/vscode/.local/lib/python3.10/site-packages/airflow/example_dags/example_xcom.py
[2025-10-30T02:08:37.755+0000] {processor.py:836} INFO - DAG(s) dict_keys(['example_xcom']) retrieved from /home/vscode/.local/lib/python3.10/site-packages/airflow/example_dags/example_xcom.py
[2025-10-30T02:08:37.767+0000] {logging_mixin.py:150} INFO - [2025-10-30T02:08:37.767+0000] {dag.py:2742} INFO - Sync 1 DAGs
[2025-10-30T02:08:37.781+0000] {logging_mixin.py:150} INFO - [2025-10-30T02:08:37.781+0000] {dag.py:3504} INFO - Setting next_dagrun for example_xcom to 2021-01-01T00:00:00+00:00, run_after=2021-01-01T00:00:00+00:00
[2025-10-30T02:08:37.796+0000] {processor.py:179} INFO - Processing /home/vscode/.local/lib/python3.10/site-packages/airflow/example_dags/example_xcom.py took 0.050 seconds
