[2025-10-30T01:49:01.466+0000] {processor.py:157} INFO - Started process (PID=13623) to work on /home/vscode/.local/lib/python3.10/site-packages/airflow/example_dags/example_skip_dag.py
[2025-10-30T01:49:01.466+0000] {processor.py:826} INFO - Processing file /home/vscode/.local/lib/python3.10/site-packages/airflow/example_dags/example_skip_dag.py for tasks to queue
[2025-10-30T01:49:01.467+0000] {logging_mixin.py:150} INFO - [2025-10-30T01:49:01.467+0000] {dagbag.py:541} INFO - Filling up the DagBag from /home/vscode/.local/lib/python3.10/site-packages/airflow/example_dags/example_skip_dag.py
[2025-10-30T01:49:01.472+0000] {processor.py:836} INFO - DAG(s) dict_keys(['example_skip_dag']) retrieved from /home/vscode/.local/lib/python3.10/site-packages/airflow/example_dags/example_skip_dag.py
[2025-10-30T01:49:01.548+0000] {logging_mixin.py:150} INFO - [2025-10-30T01:49:01.548+0000] {manager.py:504} INFO - Created Permission View: can read on DAG:example_skip_dag
[2025-10-30T01:49:01.556+0000] {logging_mixin.py:150} INFO - [2025-10-30T01:49:01.556+0000] {manager.py:504} INFO - Created Permission View: can delete on DAG:example_skip_dag
[2025-10-30T01:49:01.563+0000] {logging_mixin.py:150} INFO - [2025-10-30T01:49:01.563+0000] {manager.py:504} INFO - Created Permission View: can edit on DAG:example_skip_dag
[2025-10-30T01:49:01.571+0000] {logging_mixin.py:150} INFO - [2025-10-30T01:49:01.571+0000] {dag.py:2742} INFO - Sync 1 DAGs
[2025-10-30T01:49:01.579+0000] {logging_mixin.py:150} INFO - [2025-10-30T01:49:01.578+0000] {dag.py:2763} INFO - Creating ORM DAG for example_skip_dag
[2025-10-30T01:49:01.588+0000] {logging_mixin.py:150} INFO - [2025-10-30T01:49:01.587+0000] {dag.py:3504} INFO - Setting next_dagrun for example_skip_dag to 2025-10-29T01:49:01.587658+00:00, run_after=2025-10-30T01:49:01.587658+00:00
[2025-10-30T01:49:01.648+0000] {processor.py:179} INFO - Processing /home/vscode/.local/lib/python3.10/site-packages/airflow/example_dags/example_skip_dag.py took 0.184 seconds
[2025-10-30T01:49:47.855+0000] {processor.py:157} INFO - Started process (PID=13924) to work on /home/vscode/.local/lib/python3.10/site-packages/airflow/example_dags/example_skip_dag.py
[2025-10-30T01:49:47.856+0000] {processor.py:826} INFO - Processing file /home/vscode/.local/lib/python3.10/site-packages/airflow/example_dags/example_skip_dag.py for tasks to queue
[2025-10-30T01:49:47.856+0000] {logging_mixin.py:150} INFO - [2025-10-30T01:49:47.856+0000] {dagbag.py:541} INFO - Filling up the DagBag from /home/vscode/.local/lib/python3.10/site-packages/airflow/example_dags/example_skip_dag.py
[2025-10-30T01:49:47.861+0000] {processor.py:836} INFO - DAG(s) dict_keys(['example_skip_dag']) retrieved from /home/vscode/.local/lib/python3.10/site-packages/airflow/example_dags/example_skip_dag.py
[2025-10-30T01:49:47.873+0000] {logging_mixin.py:150} INFO - [2025-10-30T01:49:47.873+0000] {dag.py:2742} INFO - Sync 1 DAGs
[2025-10-30T01:49:47.886+0000] {logging_mixin.py:150} INFO - [2025-10-30T01:49:47.886+0000] {dag.py:3504} INFO - Setting next_dagrun for example_skip_dag to 2025-10-29T01:49:47.886702+00:00, run_after=2025-10-30T01:49:47.886702+00:00
[2025-10-30T01:49:47.902+0000] {processor.py:179} INFO - Processing /home/vscode/.local/lib/python3.10/site-packages/airflow/example_dags/example_skip_dag.py took 0.049 seconds
[2025-10-30T01:50:31.810+0000] {processor.py:157} INFO - Started process (PID=14237) to work on /home/vscode/.local/lib/python3.10/site-packages/airflow/example_dags/example_skip_dag.py
[2025-10-30T01:50:31.811+0000] {processor.py:826} INFO - Processing file /home/vscode/.local/lib/python3.10/site-packages/airflow/example_dags/example_skip_dag.py for tasks to queue
[2025-10-30T01:50:31.811+0000] {logging_mixin.py:150} INFO - [2025-10-30T01:50:31.811+0000] {dagbag.py:541} INFO - Filling up the DagBag from /home/vscode/.local/lib/python3.10/site-packages/airflow/example_dags/example_skip_dag.py
[2025-10-30T01:50:31.816+0000] {processor.py:836} INFO - DAG(s) dict_keys(['example_skip_dag']) retrieved from /home/vscode/.local/lib/python3.10/site-packages/airflow/example_dags/example_skip_dag.py
[2025-10-30T01:50:31.828+0000] {logging_mixin.py:150} INFO - [2025-10-30T01:50:31.828+0000] {dag.py:2742} INFO - Sync 1 DAGs
[2025-10-30T01:50:31.842+0000] {logging_mixin.py:150} INFO - [2025-10-30T01:50:31.842+0000] {dag.py:3504} INFO - Setting next_dagrun for example_skip_dag to 2025-10-29T01:50:31.842179+00:00, run_after=2025-10-30T01:50:31.842179+00:00
[2025-10-30T01:50:31.857+0000] {processor.py:179} INFO - Processing /home/vscode/.local/lib/python3.10/site-packages/airflow/example_dags/example_skip_dag.py took 0.049 seconds
[2025-10-30T01:51:16.744+0000] {processor.py:157} INFO - Started process (PID=14541) to work on /home/vscode/.local/lib/python3.10/site-packages/airflow/example_dags/example_skip_dag.py
[2025-10-30T01:51:16.745+0000] {processor.py:826} INFO - Processing file /home/vscode/.local/lib/python3.10/site-packages/airflow/example_dags/example_skip_dag.py for tasks to queue
[2025-10-30T01:51:16.745+0000] {logging_mixin.py:150} INFO - [2025-10-30T01:51:16.745+0000] {dagbag.py:541} INFO - Filling up the DagBag from /home/vscode/.local/lib/python3.10/site-packages/airflow/example_dags/example_skip_dag.py
[2025-10-30T01:51:16.751+0000] {processor.py:836} INFO - DAG(s) dict_keys(['example_skip_dag']) retrieved from /home/vscode/.local/lib/python3.10/site-packages/airflow/example_dags/example_skip_dag.py
[2025-10-30T01:51:16.762+0000] {logging_mixin.py:150} INFO - [2025-10-30T01:51:16.762+0000] {dag.py:2742} INFO - Sync 1 DAGs
[2025-10-30T01:51:16.776+0000] {logging_mixin.py:150} INFO - [2025-10-30T01:51:16.776+0000] {dag.py:3504} INFO - Setting next_dagrun for example_skip_dag to 2025-10-29T01:51:16.776164+00:00, run_after=2025-10-30T01:51:16.776164+00:00
[2025-10-30T01:51:16.791+0000] {processor.py:179} INFO - Processing /home/vscode/.local/lib/python3.10/site-packages/airflow/example_dags/example_skip_dag.py took 0.049 seconds
[2025-10-30T01:51:59.294+0000] {processor.py:157} INFO - Started process (PID=14820) to work on /home/vscode/.local/lib/python3.10/site-packages/airflow/example_dags/example_skip_dag.py
[2025-10-30T01:51:59.295+0000] {processor.py:826} INFO - Processing file /home/vscode/.local/lib/python3.10/site-packages/airflow/example_dags/example_skip_dag.py for tasks to queue
[2025-10-30T01:51:59.296+0000] {logging_mixin.py:150} INFO - [2025-10-30T01:51:59.295+0000] {dagbag.py:541} INFO - Filling up the DagBag from /home/vscode/.local/lib/python3.10/site-packages/airflow/example_dags/example_skip_dag.py
[2025-10-30T01:51:59.301+0000] {processor.py:836} INFO - DAG(s) dict_keys(['example_skip_dag']) retrieved from /home/vscode/.local/lib/python3.10/site-packages/airflow/example_dags/example_skip_dag.py
[2025-10-30T01:51:59.313+0000] {logging_mixin.py:150} INFO - [2025-10-30T01:51:59.313+0000] {dag.py:2742} INFO - Sync 1 DAGs
[2025-10-30T01:51:59.327+0000] {logging_mixin.py:150} INFO - [2025-10-30T01:51:59.327+0000] {dag.py:3504} INFO - Setting next_dagrun for example_skip_dag to 2025-10-29T01:51:59.327189+00:00, run_after=2025-10-30T01:51:59.327189+00:00
[2025-10-30T01:51:59.341+0000] {processor.py:179} INFO - Processing /home/vscode/.local/lib/python3.10/site-packages/airflow/example_dags/example_skip_dag.py took 0.049 seconds
[2025-10-30T01:52:45.686+0000] {processor.py:157} INFO - Started process (PID=15136) to work on /home/vscode/.local/lib/python3.10/site-packages/airflow/example_dags/example_skip_dag.py
[2025-10-30T01:52:45.686+0000] {processor.py:826} INFO - Processing file /home/vscode/.local/lib/python3.10/site-packages/airflow/example_dags/example_skip_dag.py for tasks to queue
[2025-10-30T01:52:45.687+0000] {logging_mixin.py:150} INFO - [2025-10-30T01:52:45.687+0000] {dagbag.py:541} INFO - Filling up the DagBag from /home/vscode/.local/lib/python3.10/site-packages/airflow/example_dags/example_skip_dag.py
[2025-10-30T01:52:45.692+0000] {processor.py:836} INFO - DAG(s) dict_keys(['example_skip_dag']) retrieved from /home/vscode/.local/lib/python3.10/site-packages/airflow/example_dags/example_skip_dag.py
[2025-10-30T01:52:45.704+0000] {logging_mixin.py:150} INFO - [2025-10-30T01:52:45.703+0000] {dag.py:2742} INFO - Sync 1 DAGs
[2025-10-30T01:52:45.717+0000] {logging_mixin.py:150} INFO - [2025-10-30T01:52:45.717+0000] {dag.py:3504} INFO - Setting next_dagrun for example_skip_dag to 2025-10-29T01:52:45.717519+00:00, run_after=2025-10-30T01:52:45.717519+00:00
[2025-10-30T01:52:45.733+0000] {processor.py:179} INFO - Processing /home/vscode/.local/lib/python3.10/site-packages/airflow/example_dags/example_skip_dag.py took 0.049 seconds
[2025-10-30T01:53:30.206+0000] {processor.py:157} INFO - Started process (PID=15443) to work on /home/vscode/.local/lib/python3.10/site-packages/airflow/example_dags/example_skip_dag.py
[2025-10-30T01:53:30.207+0000] {processor.py:826} INFO - Processing file /home/vscode/.local/lib/python3.10/site-packages/airflow/example_dags/example_skip_dag.py for tasks to queue
[2025-10-30T01:53:30.207+0000] {logging_mixin.py:150} INFO - [2025-10-30T01:53:30.207+0000] {dagbag.py:541} INFO - Filling up the DagBag from /home/vscode/.local/lib/python3.10/site-packages/airflow/example_dags/example_skip_dag.py
[2025-10-30T01:53:30.213+0000] {processor.py:836} INFO - DAG(s) dict_keys(['example_skip_dag']) retrieved from /home/vscode/.local/lib/python3.10/site-packages/airflow/example_dags/example_skip_dag.py
[2025-10-30T01:53:30.224+0000] {logging_mixin.py:150} INFO - [2025-10-30T01:53:30.224+0000] {dag.py:2742} INFO - Sync 1 DAGs
[2025-10-30T01:53:30.238+0000] {logging_mixin.py:150} INFO - [2025-10-30T01:53:30.238+0000] {dag.py:3504} INFO - Setting next_dagrun for example_skip_dag to 2025-10-29T01:53:30.238402+00:00, run_after=2025-10-30T01:53:30.238402+00:00
[2025-10-30T01:53:30.253+0000] {processor.py:179} INFO - Processing /home/vscode/.local/lib/python3.10/site-packages/airflow/example_dags/example_skip_dag.py took 0.049 seconds
[2025-10-30T01:54:12.615+0000] {processor.py:157} INFO - Started process (PID=15859) to work on /home/vscode/.local/lib/python3.10/site-packages/airflow/example_dags/example_skip_dag.py
[2025-10-30T01:54:12.616+0000] {processor.py:826} INFO - Processing file /home/vscode/.local/lib/python3.10/site-packages/airflow/example_dags/example_skip_dag.py for tasks to queue
[2025-10-30T01:54:12.617+0000] {logging_mixin.py:150} INFO - [2025-10-30T01:54:12.616+0000] {dagbag.py:541} INFO - Filling up the DagBag from /home/vscode/.local/lib/python3.10/site-packages/airflow/example_dags/example_skip_dag.py
[2025-10-30T01:54:12.622+0000] {processor.py:836} INFO - DAG(s) dict_keys(['example_skip_dag']) retrieved from /home/vscode/.local/lib/python3.10/site-packages/airflow/example_dags/example_skip_dag.py
[2025-10-30T01:54:12.633+0000] {logging_mixin.py:150} INFO - [2025-10-30T01:54:12.633+0000] {dag.py:2742} INFO - Sync 1 DAGs
[2025-10-30T01:54:12.650+0000] {logging_mixin.py:150} INFO - [2025-10-30T01:54:12.650+0000] {dag.py:3504} INFO - Setting next_dagrun for example_skip_dag to 2025-10-29T01:54:12.650487+00:00, run_after=2025-10-30T01:54:12.650487+00:00
[2025-10-30T01:54:12.669+0000] {processor.py:179} INFO - Processing /home/vscode/.local/lib/python3.10/site-packages/airflow/example_dags/example_skip_dag.py took 0.056 seconds
[2025-10-30T01:54:54.720+0000] {processor.py:157} INFO - Started process (PID=16149) to work on /home/vscode/.local/lib/python3.10/site-packages/airflow/example_dags/example_skip_dag.py
[2025-10-30T01:54:54.721+0000] {processor.py:826} INFO - Processing file /home/vscode/.local/lib/python3.10/site-packages/airflow/example_dags/example_skip_dag.py for tasks to queue
[2025-10-30T01:54:54.722+0000] {logging_mixin.py:150} INFO - [2025-10-30T01:54:54.721+0000] {dagbag.py:541} INFO - Filling up the DagBag from /home/vscode/.local/lib/python3.10/site-packages/airflow/example_dags/example_skip_dag.py
[2025-10-30T01:54:54.727+0000] {processor.py:836} INFO - DAG(s) dict_keys(['example_skip_dag']) retrieved from /home/vscode/.local/lib/python3.10/site-packages/airflow/example_dags/example_skip_dag.py
[2025-10-30T01:54:54.738+0000] {logging_mixin.py:150} INFO - [2025-10-30T01:54:54.738+0000] {dag.py:2742} INFO - Sync 1 DAGs
[2025-10-30T01:54:54.752+0000] {logging_mixin.py:150} INFO - [2025-10-30T01:54:54.752+0000] {dag.py:3504} INFO - Setting next_dagrun for example_skip_dag to 2025-10-29T01:54:54.751884+00:00, run_after=2025-10-30T01:54:54.751884+00:00
[2025-10-30T01:54:54.766+0000] {processor.py:179} INFO - Processing /home/vscode/.local/lib/python3.10/site-packages/airflow/example_dags/example_skip_dag.py took 0.048 seconds
[2025-10-30T01:55:34.686+0000] {processor.py:157} INFO - Started process (PID=16528) to work on /home/vscode/.local/lib/python3.10/site-packages/airflow/example_dags/example_skip_dag.py
[2025-10-30T01:55:34.686+0000] {processor.py:826} INFO - Processing file /home/vscode/.local/lib/python3.10/site-packages/airflow/example_dags/example_skip_dag.py for tasks to queue
[2025-10-30T01:55:34.687+0000] {logging_mixin.py:150} INFO - [2025-10-30T01:55:34.687+0000] {dagbag.py:541} INFO - Filling up the DagBag from /home/vscode/.local/lib/python3.10/site-packages/airflow/example_dags/example_skip_dag.py
[2025-10-30T01:55:34.692+0000] {processor.py:836} INFO - DAG(s) dict_keys(['example_skip_dag']) retrieved from /home/vscode/.local/lib/python3.10/site-packages/airflow/example_dags/example_skip_dag.py
[2025-10-30T01:55:34.704+0000] {logging_mixin.py:150} INFO - [2025-10-30T01:55:34.704+0000] {dag.py:2742} INFO - Sync 1 DAGs
[2025-10-30T01:55:34.718+0000] {logging_mixin.py:150} INFO - [2025-10-30T01:55:34.718+0000] {dag.py:3504} INFO - Setting next_dagrun for example_skip_dag to 2025-10-29T01:55:34.718579+00:00, run_after=2025-10-30T01:55:34.718579+00:00
[2025-10-30T01:55:34.734+0000] {processor.py:179} INFO - Processing /home/vscode/.local/lib/python3.10/site-packages/airflow/example_dags/example_skip_dag.py took 0.050 seconds
[2025-10-30T02:06:32.338+0000] {processor.py:157} INFO - Started process (PID=20616) to work on /home/vscode/.local/lib/python3.10/site-packages/airflow/example_dags/example_skip_dag.py
[2025-10-30T02:06:32.339+0000] {processor.py:826} INFO - Processing file /home/vscode/.local/lib/python3.10/site-packages/airflow/example_dags/example_skip_dag.py for tasks to queue
[2025-10-30T02:06:32.339+0000] {logging_mixin.py:150} INFO - [2025-10-30T02:06:32.339+0000] {dagbag.py:541} INFO - Filling up the DagBag from /home/vscode/.local/lib/python3.10/site-packages/airflow/example_dags/example_skip_dag.py
[2025-10-30T02:06:32.348+0000] {processor.py:836} INFO - DAG(s) dict_keys(['example_skip_dag']) retrieved from /home/vscode/.local/lib/python3.10/site-packages/airflow/example_dags/example_skip_dag.py
[2025-10-30T02:06:32.367+0000] {logging_mixin.py:150} INFO - [2025-10-30T02:06:32.367+0000] {dag.py:2742} INFO - Sync 1 DAGs
[2025-10-30T02:06:32.390+0000] {logging_mixin.py:150} INFO - [2025-10-30T02:06:32.390+0000] {dag.py:3504} INFO - Setting next_dagrun for example_skip_dag to 2025-10-29T02:06:32.389843+00:00, run_after=2025-10-30T02:06:32.389843+00:00
[2025-10-30T02:06:32.416+0000] {processor.py:179} INFO - Processing /home/vscode/.local/lib/python3.10/site-packages/airflow/example_dags/example_skip_dag.py took 0.081 seconds
[2025-10-30T02:07:16.422+0000] {processor.py:157} INFO - Started process (PID=20951) to work on /home/vscode/.local/lib/python3.10/site-packages/airflow/example_dags/example_skip_dag.py
[2025-10-30T02:07:16.423+0000] {processor.py:826} INFO - Processing file /home/vscode/.local/lib/python3.10/site-packages/airflow/example_dags/example_skip_dag.py for tasks to queue
[2025-10-30T02:07:16.424+0000] {logging_mixin.py:150} INFO - [2025-10-30T02:07:16.423+0000] {dagbag.py:541} INFO - Filling up the DagBag from /home/vscode/.local/lib/python3.10/site-packages/airflow/example_dags/example_skip_dag.py
[2025-10-30T02:07:16.429+0000] {processor.py:836} INFO - DAG(s) dict_keys(['example_skip_dag']) retrieved from /home/vscode/.local/lib/python3.10/site-packages/airflow/example_dags/example_skip_dag.py
[2025-10-30T02:07:16.441+0000] {logging_mixin.py:150} INFO - [2025-10-30T02:07:16.440+0000] {dag.py:2742} INFO - Sync 1 DAGs
[2025-10-30T02:07:16.455+0000] {logging_mixin.py:150} INFO - [2025-10-30T02:07:16.455+0000] {dag.py:3504} INFO - Setting next_dagrun for example_skip_dag to 2025-10-29T02:07:16.454854+00:00, run_after=2025-10-30T02:07:16.454854+00:00
[2025-10-30T02:07:16.471+0000] {processor.py:179} INFO - Processing /home/vscode/.local/lib/python3.10/site-packages/airflow/example_dags/example_skip_dag.py took 0.051 seconds
[2025-10-30T02:08:01.808+0000] {processor.py:157} INFO - Started process (PID=21287) to work on /home/vscode/.local/lib/python3.10/site-packages/airflow/example_dags/example_skip_dag.py
[2025-10-30T02:08:01.808+0000] {processor.py:826} INFO - Processing file /home/vscode/.local/lib/python3.10/site-packages/airflow/example_dags/example_skip_dag.py for tasks to queue
[2025-10-30T02:08:01.809+0000] {logging_mixin.py:150} INFO - [2025-10-30T02:08:01.809+0000] {dagbag.py:541} INFO - Filling up the DagBag from /home/vscode/.local/lib/python3.10/site-packages/airflow/example_dags/example_skip_dag.py
[2025-10-30T02:08:01.814+0000] {processor.py:836} INFO - DAG(s) dict_keys(['example_skip_dag']) retrieved from /home/vscode/.local/lib/python3.10/site-packages/airflow/example_dags/example_skip_dag.py
[2025-10-30T02:08:01.826+0000] {logging_mixin.py:150} INFO - [2025-10-30T02:08:01.826+0000] {dag.py:2742} INFO - Sync 1 DAGs
[2025-10-30T02:08:01.839+0000] {logging_mixin.py:150} INFO - [2025-10-30T02:08:01.839+0000] {dag.py:3504} INFO - Setting next_dagrun for example_skip_dag to 2025-10-29T02:08:01.839562+00:00, run_after=2025-10-30T02:08:01.839562+00:00
[2025-10-30T02:08:01.854+0000] {processor.py:179} INFO - Processing /home/vscode/.local/lib/python3.10/site-packages/airflow/example_dags/example_skip_dag.py took 0.049 seconds
[2025-10-30T02:08:47.212+0000] {processor.py:157} INFO - Started process (PID=21737) to work on /home/vscode/.local/lib/python3.10/site-packages/airflow/example_dags/example_skip_dag.py
[2025-10-30T02:08:47.213+0000] {processor.py:826} INFO - Processing file /home/vscode/.local/lib/python3.10/site-packages/airflow/example_dags/example_skip_dag.py for tasks to queue
[2025-10-30T02:08:47.213+0000] {logging_mixin.py:150} INFO - [2025-10-30T02:08:47.213+0000] {dagbag.py:541} INFO - Filling up the DagBag from /home/vscode/.local/lib/python3.10/site-packages/airflow/example_dags/example_skip_dag.py
[2025-10-30T02:08:47.219+0000] {processor.py:836} INFO - DAG(s) dict_keys(['example_skip_dag']) retrieved from /home/vscode/.local/lib/python3.10/site-packages/airflow/example_dags/example_skip_dag.py
[2025-10-30T02:08:47.231+0000] {logging_mixin.py:150} INFO - [2025-10-30T02:08:47.231+0000] {dag.py:2742} INFO - Sync 1 DAGs
[2025-10-30T02:08:47.245+0000] {logging_mixin.py:150} INFO - [2025-10-30T02:08:47.245+0000] {dag.py:3504} INFO - Setting next_dagrun for example_skip_dag to 2025-10-29T02:08:47.244929+00:00, run_after=2025-10-30T02:08:47.244929+00:00
[2025-10-30T02:08:47.260+0000] {processor.py:179} INFO - Processing /home/vscode/.local/lib/python3.10/site-packages/airflow/example_dags/example_skip_dag.py took 0.050 seconds
