[2025-10-30T01:49:11.839+0000] {processor.py:157} INFO - Started process (PID=13685) to work on /home/vscode/.local/lib/python3.10/site-packages/airflow/example_dags/example_python_operator.py
[2025-10-30T01:49:11.839+0000] {processor.py:826} INFO - Processing file /home/vscode/.local/lib/python3.10/site-packages/airflow/example_dags/example_python_operator.py for tasks to queue
[2025-10-30T01:49:11.840+0000] {logging_mixin.py:150} INFO - [2025-10-30T01:49:11.840+0000] {dagbag.py:541} INFO - Filling up the DagBag from /home/vscode/.local/lib/python3.10/site-packages/airflow/example_dags/example_python_operator.py
[2025-10-30T01:49:11.847+0000] {processor.py:836} INFO - DAG(s) dict_keys(['example_python_operator']) retrieved from /home/vscode/.local/lib/python3.10/site-packages/airflow/example_dags/example_python_operator.py
[2025-10-30T01:49:11.923+0000] {logging_mixin.py:150} INFO - [2025-10-30T01:49:11.923+0000] {manager.py:504} INFO - Created Permission View: can read on DAG:example_python_operator
[2025-10-30T01:49:11.931+0000] {logging_mixin.py:150} INFO - [2025-10-30T01:49:11.931+0000] {manager.py:504} INFO - Created Permission View: can delete on DAG:example_python_operator
[2025-10-30T01:49:11.937+0000] {logging_mixin.py:150} INFO - [2025-10-30T01:49:11.937+0000] {manager.py:504} INFO - Created Permission View: can edit on DAG:example_python_operator
[2025-10-30T01:49:11.944+0000] {logging_mixin.py:150} INFO - [2025-10-30T01:49:11.944+0000] {dag.py:2742} INFO - Sync 1 DAGs
[2025-10-30T01:49:11.950+0000] {logging_mixin.py:150} INFO - [2025-10-30T01:49:11.950+0000] {dag.py:2763} INFO - Creating ORM DAG for example_python_operator
[2025-10-30T01:49:11.956+0000] {logging_mixin.py:150} INFO - [2025-10-30T01:49:11.956+0000] {dag.py:3504} INFO - Setting next_dagrun for example_python_operator to None, run_after=None
[2025-10-30T01:49:11.972+0000] {processor.py:179} INFO - Processing /home/vscode/.local/lib/python3.10/site-packages/airflow/example_dags/example_python_operator.py took 0.135 seconds
[2025-10-30T01:49:57.003+0000] {processor.py:157} INFO - Started process (PID=13990) to work on /home/vscode/.local/lib/python3.10/site-packages/airflow/example_dags/example_python_operator.py
[2025-10-30T01:49:57.004+0000] {processor.py:826} INFO - Processing file /home/vscode/.local/lib/python3.10/site-packages/airflow/example_dags/example_python_operator.py for tasks to queue
[2025-10-30T01:49:57.004+0000] {logging_mixin.py:150} INFO - [2025-10-30T01:49:57.004+0000] {dagbag.py:541} INFO - Filling up the DagBag from /home/vscode/.local/lib/python3.10/site-packages/airflow/example_dags/example_python_operator.py
[2025-10-30T01:49:57.012+0000] {processor.py:836} INFO - DAG(s) dict_keys(['example_python_operator']) retrieved from /home/vscode/.local/lib/python3.10/site-packages/airflow/example_dags/example_python_operator.py
[2025-10-30T01:49:57.026+0000] {logging_mixin.py:150} INFO - [2025-10-30T01:49:57.026+0000] {dag.py:2742} INFO - Sync 1 DAGs
[2025-10-30T01:49:57.040+0000] {logging_mixin.py:150} INFO - [2025-10-30T01:49:57.039+0000] {dag.py:3504} INFO - Setting next_dagrun for example_python_operator to None, run_after=None
[2025-10-30T01:49:57.055+0000] {processor.py:179} INFO - Processing /home/vscode/.local/lib/python3.10/site-packages/airflow/example_dags/example_python_operator.py took 0.054 seconds
[2025-10-30T01:50:42.109+0000] {processor.py:157} INFO - Started process (PID=14315) to work on /home/vscode/.local/lib/python3.10/site-packages/airflow/example_dags/example_python_operator.py
[2025-10-30T01:50:42.110+0000] {processor.py:826} INFO - Processing file /home/vscode/.local/lib/python3.10/site-packages/airflow/example_dags/example_python_operator.py for tasks to queue
[2025-10-30T01:50:42.110+0000] {logging_mixin.py:150} INFO - [2025-10-30T01:50:42.110+0000] {dagbag.py:541} INFO - Filling up the DagBag from /home/vscode/.local/lib/python3.10/site-packages/airflow/example_dags/example_python_operator.py
[2025-10-30T01:50:42.118+0000] {processor.py:836} INFO - DAG(s) dict_keys(['example_python_operator']) retrieved from /home/vscode/.local/lib/python3.10/site-packages/airflow/example_dags/example_python_operator.py
[2025-10-30T01:50:42.131+0000] {logging_mixin.py:150} INFO - [2025-10-30T01:50:42.131+0000] {dag.py:2742} INFO - Sync 1 DAGs
[2025-10-30T01:50:42.144+0000] {logging_mixin.py:150} INFO - [2025-10-30T01:50:42.144+0000] {dag.py:3504} INFO - Setting next_dagrun for example_python_operator to None, run_after=None
[2025-10-30T01:50:42.158+0000] {processor.py:179} INFO - Processing /home/vscode/.local/lib/python3.10/site-packages/airflow/example_dags/example_python_operator.py took 0.051 seconds
[2025-10-30T01:51:28.298+0000] {processor.py:157} INFO - Started process (PID=14613) to work on /home/vscode/.local/lib/python3.10/site-packages/airflow/example_dags/example_python_operator.py
[2025-10-30T01:51:28.299+0000] {processor.py:826} INFO - Processing file /home/vscode/.local/lib/python3.10/site-packages/airflow/example_dags/example_python_operator.py for tasks to queue
[2025-10-30T01:51:28.299+0000] {logging_mixin.py:150} INFO - [2025-10-30T01:51:28.299+0000] {dagbag.py:541} INFO - Filling up the DagBag from /home/vscode/.local/lib/python3.10/site-packages/airflow/example_dags/example_python_operator.py
[2025-10-30T01:51:28.307+0000] {processor.py:836} INFO - DAG(s) dict_keys(['example_python_operator']) retrieved from /home/vscode/.local/lib/python3.10/site-packages/airflow/example_dags/example_python_operator.py
[2025-10-30T01:51:28.320+0000] {logging_mixin.py:150} INFO - [2025-10-30T01:51:28.320+0000] {dag.py:2742} INFO - Sync 1 DAGs
[2025-10-30T01:51:28.333+0000] {logging_mixin.py:150} INFO - [2025-10-30T01:51:28.333+0000] {dag.py:3504} INFO - Setting next_dagrun for example_python_operator to None, run_after=None
[2025-10-30T01:51:28.348+0000] {processor.py:179} INFO - Processing /home/vscode/.local/lib/python3.10/site-packages/airflow/example_dags/example_python_operator.py took 0.052 seconds
[2025-10-30T01:52:12.765+0000] {processor.py:157} INFO - Started process (PID=14918) to work on /home/vscode/.local/lib/python3.10/site-packages/airflow/example_dags/example_python_operator.py
[2025-10-30T01:52:12.766+0000] {processor.py:826} INFO - Processing file /home/vscode/.local/lib/python3.10/site-packages/airflow/example_dags/example_python_operator.py for tasks to queue
[2025-10-30T01:52:12.766+0000] {logging_mixin.py:150} INFO - [2025-10-30T01:52:12.766+0000] {dagbag.py:541} INFO - Filling up the DagBag from /home/vscode/.local/lib/python3.10/site-packages/airflow/example_dags/example_python_operator.py
[2025-10-30T01:52:12.774+0000] {processor.py:836} INFO - DAG(s) dict_keys(['example_python_operator']) retrieved from /home/vscode/.local/lib/python3.10/site-packages/airflow/example_dags/example_python_operator.py
[2025-10-30T01:52:12.791+0000] {logging_mixin.py:150} INFO - [2025-10-30T01:52:12.791+0000] {dag.py:2742} INFO - Sync 1 DAGs
[2025-10-30T01:52:12.811+0000] {logging_mixin.py:150} INFO - [2025-10-30T01:52:12.811+0000] {dag.py:3504} INFO - Setting next_dagrun for example_python_operator to None, run_after=None
[2025-10-30T01:52:12.826+0000] {processor.py:179} INFO - Processing /home/vscode/.local/lib/python3.10/site-packages/airflow/example_dags/example_python_operator.py took 0.063 seconds
[2025-10-30T01:52:58.083+0000] {processor.py:157} INFO - Started process (PID=15216) to work on /home/vscode/.local/lib/python3.10/site-packages/airflow/example_dags/example_python_operator.py
[2025-10-30T01:52:58.084+0000] {processor.py:826} INFO - Processing file /home/vscode/.local/lib/python3.10/site-packages/airflow/example_dags/example_python_operator.py for tasks to queue
[2025-10-30T01:52:58.085+0000] {logging_mixin.py:150} INFO - [2025-10-30T01:52:58.084+0000] {dagbag.py:541} INFO - Filling up the DagBag from /home/vscode/.local/lib/python3.10/site-packages/airflow/example_dags/example_python_operator.py
[2025-10-30T01:52:58.092+0000] {processor.py:836} INFO - DAG(s) dict_keys(['example_python_operator']) retrieved from /home/vscode/.local/lib/python3.10/site-packages/airflow/example_dags/example_python_operator.py
[2025-10-30T01:52:58.106+0000] {logging_mixin.py:150} INFO - [2025-10-30T01:52:58.106+0000] {dag.py:2742} INFO - Sync 1 DAGs
[2025-10-30T01:52:58.119+0000] {logging_mixin.py:150} INFO - [2025-10-30T01:52:58.119+0000] {dag.py:3504} INFO - Setting next_dagrun for example_python_operator to None, run_after=None
[2025-10-30T01:52:58.133+0000] {processor.py:179} INFO - Processing /home/vscode/.local/lib/python3.10/site-packages/airflow/example_dags/example_python_operator.py took 0.052 seconds
[2025-10-30T01:53:40.627+0000] {processor.py:157} INFO - Started process (PID=15573) to work on /home/vscode/.local/lib/python3.10/site-packages/airflow/example_dags/example_python_operator.py
[2025-10-30T01:53:40.628+0000] {processor.py:826} INFO - Processing file /home/vscode/.local/lib/python3.10/site-packages/airflow/example_dags/example_python_operator.py for tasks to queue
[2025-10-30T01:53:40.628+0000] {logging_mixin.py:150} INFO - [2025-10-30T01:53:40.628+0000] {dagbag.py:541} INFO - Filling up the DagBag from /home/vscode/.local/lib/python3.10/site-packages/airflow/example_dags/example_python_operator.py
[2025-10-30T01:53:40.636+0000] {processor.py:836} INFO - DAG(s) dict_keys(['example_python_operator']) retrieved from /home/vscode/.local/lib/python3.10/site-packages/airflow/example_dags/example_python_operator.py
[2025-10-30T01:53:40.649+0000] {logging_mixin.py:150} INFO - [2025-10-30T01:53:40.649+0000] {dag.py:2742} INFO - Sync 1 DAGs
[2025-10-30T01:53:40.662+0000] {logging_mixin.py:150} INFO - [2025-10-30T01:53:40.662+0000] {dag.py:3504} INFO - Setting next_dagrun for example_python_operator to None, run_after=None
[2025-10-30T01:53:40.676+0000] {processor.py:179} INFO - Processing /home/vscode/.local/lib/python3.10/site-packages/airflow/example_dags/example_python_operator.py took 0.051 seconds
[2025-10-30T01:54:23.908+0000] {processor.py:157} INFO - Started process (PID=15940) to work on /home/vscode/.local/lib/python3.10/site-packages/airflow/example_dags/example_python_operator.py
[2025-10-30T01:54:23.908+0000] {processor.py:826} INFO - Processing file /home/vscode/.local/lib/python3.10/site-packages/airflow/example_dags/example_python_operator.py for tasks to queue
[2025-10-30T01:54:23.909+0000] {logging_mixin.py:150} INFO - [2025-10-30T01:54:23.908+0000] {dagbag.py:541} INFO - Filling up the DagBag from /home/vscode/.local/lib/python3.10/site-packages/airflow/example_dags/example_python_operator.py
[2025-10-30T01:54:23.916+0000] {processor.py:836} INFO - DAG(s) dict_keys(['example_python_operator']) retrieved from /home/vscode/.local/lib/python3.10/site-packages/airflow/example_dags/example_python_operator.py
[2025-10-30T01:54:23.930+0000] {logging_mixin.py:150} INFO - [2025-10-30T01:54:23.930+0000] {dag.py:2742} INFO - Sync 1 DAGs
[2025-10-30T01:54:23.944+0000] {logging_mixin.py:150} INFO - [2025-10-30T01:54:23.944+0000] {dag.py:3504} INFO - Setting next_dagrun for example_python_operator to None, run_after=None
[2025-10-30T01:54:23.959+0000] {processor.py:179} INFO - Processing /home/vscode/.local/lib/python3.10/site-packages/airflow/example_dags/example_python_operator.py took 0.053 seconds
[2025-10-30T01:55:06.129+0000] {processor.py:157} INFO - Started process (PID=16263) to work on /home/vscode/.local/lib/python3.10/site-packages/airflow/example_dags/example_python_operator.py
[2025-10-30T01:55:06.130+0000] {processor.py:826} INFO - Processing file /home/vscode/.local/lib/python3.10/site-packages/airflow/example_dags/example_python_operator.py for tasks to queue
[2025-10-30T01:55:06.131+0000] {logging_mixin.py:150} INFO - [2025-10-30T01:55:06.130+0000] {dagbag.py:541} INFO - Filling up the DagBag from /home/vscode/.local/lib/python3.10/site-packages/airflow/example_dags/example_python_operator.py
[2025-10-30T01:55:06.138+0000] {processor.py:836} INFO - DAG(s) dict_keys(['example_python_operator']) retrieved from /home/vscode/.local/lib/python3.10/site-packages/airflow/example_dags/example_python_operator.py
[2025-10-30T01:55:06.158+0000] {logging_mixin.py:150} INFO - [2025-10-30T01:55:06.158+0000] {dag.py:2742} INFO - Sync 1 DAGs
[2025-10-30T01:55:06.172+0000] {logging_mixin.py:150} INFO - [2025-10-30T01:55:06.172+0000] {dag.py:3504} INFO - Setting next_dagrun for example_python_operator to None, run_after=None
[2025-10-30T01:55:06.187+0000] {processor.py:179} INFO - Processing /home/vscode/.local/lib/python3.10/site-packages/airflow/example_dags/example_python_operator.py took 0.060 seconds
[2025-10-30T02:06:41.472+0000] {processor.py:157} INFO - Started process (PID=20682) to work on /home/vscode/.local/lib/python3.10/site-packages/airflow/example_dags/example_python_operator.py
[2025-10-30T02:06:41.472+0000] {processor.py:826} INFO - Processing file /home/vscode/.local/lib/python3.10/site-packages/airflow/example_dags/example_python_operator.py for tasks to queue
[2025-10-30T02:06:41.473+0000] {logging_mixin.py:150} INFO - [2025-10-30T02:06:41.473+0000] {dagbag.py:541} INFO - Filling up the DagBag from /home/vscode/.local/lib/python3.10/site-packages/airflow/example_dags/example_python_operator.py
[2025-10-30T02:06:41.480+0000] {processor.py:836} INFO - DAG(s) dict_keys(['example_python_operator']) retrieved from /home/vscode/.local/lib/python3.10/site-packages/airflow/example_dags/example_python_operator.py
[2025-10-30T02:06:41.558+0000] {logging_mixin.py:150} INFO - [2025-10-30T02:06:41.557+0000] {dag.py:2742} INFO - Sync 1 DAGs
[2025-10-30T02:06:41.570+0000] {logging_mixin.py:150} INFO - [2025-10-30T02:06:41.570+0000] {dag.py:3504} INFO - Setting next_dagrun for example_python_operator to None, run_after=None
[2025-10-30T02:06:41.585+0000] {processor.py:179} INFO - Processing /home/vscode/.local/lib/python3.10/site-packages/airflow/example_dags/example_python_operator.py took 0.116 seconds
[2025-10-30T02:07:26.111+0000] {processor.py:157} INFO - Started process (PID=21028) to work on /home/vscode/.local/lib/python3.10/site-packages/airflow/example_dags/example_python_operator.py
[2025-10-30T02:07:26.112+0000] {processor.py:826} INFO - Processing file /home/vscode/.local/lib/python3.10/site-packages/airflow/example_dags/example_python_operator.py for tasks to queue
[2025-10-30T02:07:26.112+0000] {logging_mixin.py:150} INFO - [2025-10-30T02:07:26.112+0000] {dagbag.py:541} INFO - Filling up the DagBag from /home/vscode/.local/lib/python3.10/site-packages/airflow/example_dags/example_python_operator.py
[2025-10-30T02:07:26.120+0000] {processor.py:836} INFO - DAG(s) dict_keys(['example_python_operator']) retrieved from /home/vscode/.local/lib/python3.10/site-packages/airflow/example_dags/example_python_operator.py
[2025-10-30T02:07:26.133+0000] {logging_mixin.py:150} INFO - [2025-10-30T02:07:26.133+0000] {dag.py:2742} INFO - Sync 1 DAGs
[2025-10-30T02:07:26.147+0000] {logging_mixin.py:150} INFO - [2025-10-30T02:07:26.147+0000] {dag.py:3504} INFO - Setting next_dagrun for example_python_operator to None, run_after=None
[2025-10-30T02:07:26.162+0000] {processor.py:179} INFO - Processing /home/vscode/.local/lib/python3.10/site-packages/airflow/example_dags/example_python_operator.py took 0.053 seconds
[2025-10-30T02:08:12.088+0000] {processor.py:157} INFO - Started process (PID=21360) to work on /home/vscode/.local/lib/python3.10/site-packages/airflow/example_dags/example_python_operator.py
[2025-10-30T02:08:12.089+0000] {processor.py:826} INFO - Processing file /home/vscode/.local/lib/python3.10/site-packages/airflow/example_dags/example_python_operator.py for tasks to queue
[2025-10-30T02:08:12.090+0000] {logging_mixin.py:150} INFO - [2025-10-30T02:08:12.089+0000] {dagbag.py:541} INFO - Filling up the DagBag from /home/vscode/.local/lib/python3.10/site-packages/airflow/example_dags/example_python_operator.py
[2025-10-30T02:08:12.097+0000] {processor.py:836} INFO - DAG(s) dict_keys(['example_python_operator']) retrieved from /home/vscode/.local/lib/python3.10/site-packages/airflow/example_dags/example_python_operator.py
[2025-10-30T02:08:12.110+0000] {logging_mixin.py:150} INFO - [2025-10-30T02:08:12.110+0000] {dag.py:2742} INFO - Sync 1 DAGs
[2025-10-30T02:08:12.124+0000] {logging_mixin.py:150} INFO - [2025-10-30T02:08:12.124+0000] {dag.py:3504} INFO - Setting next_dagrun for example_python_operator to None, run_after=None
[2025-10-30T02:08:12.139+0000] {processor.py:179} INFO - Processing /home/vscode/.local/lib/python3.10/site-packages/airflow/example_dags/example_python_operator.py took 0.052 seconds
[2025-10-30T02:08:57.172+0000] {processor.py:157} INFO - Started process (PID=21833) to work on /home/vscode/.local/lib/python3.10/site-packages/airflow/example_dags/example_python_operator.py
[2025-10-30T02:08:57.173+0000] {processor.py:826} INFO - Processing file /home/vscode/.local/lib/python3.10/site-packages/airflow/example_dags/example_python_operator.py for tasks to queue
[2025-10-30T02:08:57.173+0000] {logging_mixin.py:150} INFO - [2025-10-30T02:08:57.173+0000] {dagbag.py:541} INFO - Filling up the DagBag from /home/vscode/.local/lib/python3.10/site-packages/airflow/example_dags/example_python_operator.py
[2025-10-30T02:08:57.181+0000] {processor.py:836} INFO - DAG(s) dict_keys(['example_python_operator']) retrieved from /home/vscode/.local/lib/python3.10/site-packages/airflow/example_dags/example_python_operator.py
[2025-10-30T02:08:57.194+0000] {logging_mixin.py:150} INFO - [2025-10-30T02:08:57.194+0000] {dag.py:2742} INFO - Sync 1 DAGs
[2025-10-30T02:08:57.208+0000] {logging_mixin.py:150} INFO - [2025-10-30T02:08:57.208+0000] {dag.py:3504} INFO - Setting next_dagrun for example_python_operator to None, run_after=None
[2025-10-30T02:08:57.222+0000] {processor.py:179} INFO - Processing /home/vscode/.local/lib/python3.10/site-packages/airflow/example_dags/example_python_operator.py took 0.052 seconds
