[2025-10-30T01:49:22.419+0000] {processor.py:157} INFO - Started process (PID=13753) to work on /home/vscode/.local/lib/python3.10/site-packages/airflow/example_dags/example_complex.py
[2025-10-30T01:49:22.420+0000] {processor.py:826} INFO - Processing file /home/vscode/.local/lib/python3.10/site-packages/airflow/example_dags/example_complex.py for tasks to queue
[2025-10-30T01:49:22.420+0000] {logging_mixin.py:150} INFO - [2025-10-30T01:49:22.420+0000] {dagbag.py:541} INFO - Filling up the DagBag from /home/vscode/.local/lib/python3.10/site-packages/airflow/example_dags/example_complex.py
[2025-10-30T01:49:22.428+0000] {processor.py:836} INFO - DAG(s) dict_keys(['example_complex']) retrieved from /home/vscode/.local/lib/python3.10/site-packages/airflow/example_dags/example_complex.py
[2025-10-30T01:49:22.507+0000] {logging_mixin.py:150} INFO - [2025-10-30T01:49:22.507+0000] {manager.py:504} INFO - Created Permission View: can read on DAG:example_complex
[2025-10-30T01:49:22.515+0000] {logging_mixin.py:150} INFO - [2025-10-30T01:49:22.515+0000] {manager.py:504} INFO - Created Permission View: can delete on DAG:example_complex
[2025-10-30T01:49:22.521+0000] {logging_mixin.py:150} INFO - [2025-10-30T01:49:22.521+0000] {manager.py:504} INFO - Created Permission View: can edit on DAG:example_complex
[2025-10-30T01:49:22.528+0000] {logging_mixin.py:150} INFO - [2025-10-30T01:49:22.528+0000] {dag.py:2742} INFO - Sync 1 DAGs
[2025-10-30T01:49:22.535+0000] {logging_mixin.py:150} INFO - [2025-10-30T01:49:22.535+0000] {dag.py:2763} INFO - Creating ORM DAG for example_complex
[2025-10-30T01:49:22.541+0000] {logging_mixin.py:150} INFO - [2025-10-30T01:49:22.541+0000] {dag.py:3504} INFO - Setting next_dagrun for example_complex to None, run_after=None
[2025-10-30T01:49:22.557+0000] {processor.py:179} INFO - Processing /home/vscode/.local/lib/python3.10/site-packages/airflow/example_dags/example_complex.py took 0.140 seconds
[2025-10-30T01:50:09.554+0000] {processor.py:157} INFO - Started process (PID=14069) to work on /home/vscode/.local/lib/python3.10/site-packages/airflow/example_dags/example_complex.py
[2025-10-30T01:50:09.555+0000] {processor.py:826} INFO - Processing file /home/vscode/.local/lib/python3.10/site-packages/airflow/example_dags/example_complex.py for tasks to queue
[2025-10-30T01:50:09.555+0000] {logging_mixin.py:150} INFO - [2025-10-30T01:50:09.555+0000] {dagbag.py:541} INFO - Filling up the DagBag from /home/vscode/.local/lib/python3.10/site-packages/airflow/example_dags/example_complex.py
[2025-10-30T01:50:09.563+0000] {processor.py:836} INFO - DAG(s) dict_keys(['example_complex']) retrieved from /home/vscode/.local/lib/python3.10/site-packages/airflow/example_dags/example_complex.py
[2025-10-30T01:50:09.587+0000] {logging_mixin.py:150} INFO - [2025-10-30T01:50:09.587+0000] {dag.py:2742} INFO - Sync 1 DAGs
[2025-10-30T01:50:09.600+0000] {logging_mixin.py:150} INFO - [2025-10-30T01:50:09.600+0000] {dag.py:3504} INFO - Setting next_dagrun for example_complex to None, run_after=None
[2025-10-30T01:50:09.614+0000] {processor.py:179} INFO - Processing /home/vscode/.local/lib/python3.10/site-packages/airflow/example_dags/example_complex.py took 0.062 seconds
[2025-10-30T01:50:54.212+0000] {processor.py:157} INFO - Started process (PID=14394) to work on /home/vscode/.local/lib/python3.10/site-packages/airflow/example_dags/example_complex.py
[2025-10-30T01:50:54.212+0000] {processor.py:826} INFO - Processing file /home/vscode/.local/lib/python3.10/site-packages/airflow/example_dags/example_complex.py for tasks to queue
[2025-10-30T01:50:54.213+0000] {logging_mixin.py:150} INFO - [2025-10-30T01:50:54.213+0000] {dagbag.py:541} INFO - Filling up the DagBag from /home/vscode/.local/lib/python3.10/site-packages/airflow/example_dags/example_complex.py
[2025-10-30T01:50:54.221+0000] {processor.py:836} INFO - DAG(s) dict_keys(['example_complex']) retrieved from /home/vscode/.local/lib/python3.10/site-packages/airflow/example_dags/example_complex.py
[2025-10-30T01:50:54.239+0000] {logging_mixin.py:150} INFO - [2025-10-30T01:50:54.239+0000] {dag.py:2742} INFO - Sync 1 DAGs
[2025-10-30T01:50:54.252+0000] {logging_mixin.py:150} INFO - [2025-10-30T01:50:54.252+0000] {dag.py:3504} INFO - Setting next_dagrun for example_complex to None, run_after=None
[2025-10-30T01:50:54.267+0000] {processor.py:179} INFO - Processing /home/vscode/.local/lib/python3.10/site-packages/airflow/example_dags/example_complex.py took 0.057 seconds
[2025-10-30T01:51:39.706+0000] {processor.py:157} INFO - Started process (PID=14690) to work on /home/vscode/.local/lib/python3.10/site-packages/airflow/example_dags/example_complex.py
[2025-10-30T01:51:39.707+0000] {processor.py:826} INFO - Processing file /home/vscode/.local/lib/python3.10/site-packages/airflow/example_dags/example_complex.py for tasks to queue
[2025-10-30T01:51:39.708+0000] {logging_mixin.py:150} INFO - [2025-10-30T01:51:39.707+0000] {dagbag.py:541} INFO - Filling up the DagBag from /home/vscode/.local/lib/python3.10/site-packages/airflow/example_dags/example_complex.py
[2025-10-30T01:51:39.720+0000] {processor.py:836} INFO - DAG(s) dict_keys(['example_complex']) retrieved from /home/vscode/.local/lib/python3.10/site-packages/airflow/example_dags/example_complex.py
[2025-10-30T01:51:39.755+0000] {logging_mixin.py:150} INFO - [2025-10-30T01:51:39.755+0000] {dag.py:2742} INFO - Sync 1 DAGs
[2025-10-30T01:51:39.776+0000] {logging_mixin.py:150} INFO - [2025-10-30T01:51:39.775+0000] {dag.py:3504} INFO - Setting next_dagrun for example_complex to None, run_after=None
[2025-10-30T01:51:39.796+0000] {processor.py:179} INFO - Processing /home/vscode/.local/lib/python3.10/site-packages/airflow/example_dags/example_complex.py took 0.092 seconds
[2025-10-30T01:52:24.795+0000] {processor.py:157} INFO - Started process (PID=14996) to work on /home/vscode/.local/lib/python3.10/site-packages/airflow/example_dags/example_complex.py
[2025-10-30T01:52:24.796+0000] {processor.py:826} INFO - Processing file /home/vscode/.local/lib/python3.10/site-packages/airflow/example_dags/example_complex.py for tasks to queue
[2025-10-30T01:52:24.796+0000] {logging_mixin.py:150} INFO - [2025-10-30T01:52:24.796+0000] {dagbag.py:541} INFO - Filling up the DagBag from /home/vscode/.local/lib/python3.10/site-packages/airflow/example_dags/example_complex.py
[2025-10-30T01:52:24.804+0000] {processor.py:836} INFO - DAG(s) dict_keys(['example_complex']) retrieved from /home/vscode/.local/lib/python3.10/site-packages/airflow/example_dags/example_complex.py
[2025-10-30T01:52:24.822+0000] {logging_mixin.py:150} INFO - [2025-10-30T01:52:24.822+0000] {dag.py:2742} INFO - Sync 1 DAGs
[2025-10-30T01:52:24.835+0000] {logging_mixin.py:150} INFO - [2025-10-30T01:52:24.835+0000] {dag.py:3504} INFO - Setting next_dagrun for example_complex to None, run_after=None
[2025-10-30T01:52:24.850+0000] {processor.py:179} INFO - Processing /home/vscode/.local/lib/python3.10/site-packages/airflow/example_dags/example_complex.py took 0.057 seconds
[2025-10-30T01:53:05.950+0000] {processor.py:157} INFO - Started process (PID=15270) to work on /home/vscode/.local/lib/python3.10/site-packages/airflow/example_dags/example_complex.py
[2025-10-30T01:53:05.951+0000] {processor.py:826} INFO - Processing file /home/vscode/.local/lib/python3.10/site-packages/airflow/example_dags/example_complex.py for tasks to queue
[2025-10-30T01:53:05.952+0000] {logging_mixin.py:150} INFO - [2025-10-30T01:53:05.951+0000] {dagbag.py:541} INFO - Filling up the DagBag from /home/vscode/.local/lib/python3.10/site-packages/airflow/example_dags/example_complex.py
[2025-10-30T01:53:05.959+0000] {processor.py:836} INFO - DAG(s) dict_keys(['example_complex']) retrieved from /home/vscode/.local/lib/python3.10/site-packages/airflow/example_dags/example_complex.py
[2025-10-30T01:53:05.978+0000] {logging_mixin.py:150} INFO - [2025-10-30T01:53:05.978+0000] {dag.py:2742} INFO - Sync 1 DAGs
[2025-10-30T01:53:05.992+0000] {logging_mixin.py:150} INFO - [2025-10-30T01:53:05.991+0000] {dag.py:3504} INFO - Setting next_dagrun for example_complex to None, run_after=None
[2025-10-30T01:53:06.006+0000] {processor.py:179} INFO - Processing /home/vscode/.local/lib/python3.10/site-packages/airflow/example_dags/example_complex.py took 0.058 seconds
[2025-10-30T01:53:48.769+0000] {processor.py:157} INFO - Started process (PID=15640) to work on /home/vscode/.local/lib/python3.10/site-packages/airflow/example_dags/example_complex.py
[2025-10-30T01:53:48.770+0000] {processor.py:826} INFO - Processing file /home/vscode/.local/lib/python3.10/site-packages/airflow/example_dags/example_complex.py for tasks to queue
[2025-10-30T01:53:48.770+0000] {logging_mixin.py:150} INFO - [2025-10-30T01:53:48.770+0000] {dagbag.py:541} INFO - Filling up the DagBag from /home/vscode/.local/lib/python3.10/site-packages/airflow/example_dags/example_complex.py
[2025-10-30T01:53:48.778+0000] {processor.py:836} INFO - DAG(s) dict_keys(['example_complex']) retrieved from /home/vscode/.local/lib/python3.10/site-packages/airflow/example_dags/example_complex.py
[2025-10-30T01:53:48.797+0000] {logging_mixin.py:150} INFO - [2025-10-30T01:53:48.797+0000] {dag.py:2742} INFO - Sync 1 DAGs
[2025-10-30T01:53:48.811+0000] {logging_mixin.py:150} INFO - [2025-10-30T01:53:48.811+0000] {dag.py:3504} INFO - Setting next_dagrun for example_complex to None, run_after=None
[2025-10-30T01:53:48.825+0000] {processor.py:179} INFO - Processing /home/vscode/.local/lib/python3.10/site-packages/airflow/example_dags/example_complex.py took 0.058 seconds
[2025-10-30T01:54:42.158+0000] {processor.py:157} INFO - Started process (PID=16057) to work on /home/vscode/.local/lib/python3.10/site-packages/airflow/example_dags/example_complex.py
[2025-10-30T01:54:42.158+0000] {processor.py:826} INFO - Processing file /home/vscode/.local/lib/python3.10/site-packages/airflow/example_dags/example_complex.py for tasks to queue
[2025-10-30T01:54:42.159+0000] {logging_mixin.py:150} INFO - [2025-10-30T01:54:42.159+0000] {dagbag.py:541} INFO - Filling up the DagBag from /home/vscode/.local/lib/python3.10/site-packages/airflow/example_dags/example_complex.py
[2025-10-30T01:54:42.167+0000] {processor.py:836} INFO - DAG(s) dict_keys(['example_complex']) retrieved from /home/vscode/.local/lib/python3.10/site-packages/airflow/example_dags/example_complex.py
[2025-10-30T01:54:42.185+0000] {logging_mixin.py:150} INFO - [2025-10-30T01:54:42.185+0000] {dag.py:2742} INFO - Sync 1 DAGs
[2025-10-30T01:54:42.199+0000] {logging_mixin.py:150} INFO - [2025-10-30T01:54:42.199+0000] {dag.py:3504} INFO - Setting next_dagrun for example_complex to None, run_after=None
[2025-10-30T01:54:42.214+0000] {processor.py:179} INFO - Processing /home/vscode/.local/lib/python3.10/site-packages/airflow/example_dags/example_complex.py took 0.058 seconds
[2025-10-30T01:55:23.288+0000] {processor.py:157} INFO - Started process (PID=16411) to work on /home/vscode/.local/lib/python3.10/site-packages/airflow/example_dags/example_complex.py
[2025-10-30T01:55:23.289+0000] {processor.py:826} INFO - Processing file /home/vscode/.local/lib/python3.10/site-packages/airflow/example_dags/example_complex.py for tasks to queue
[2025-10-30T01:55:23.289+0000] {logging_mixin.py:150} INFO - [2025-10-30T01:55:23.289+0000] {dagbag.py:541} INFO - Filling up the DagBag from /home/vscode/.local/lib/python3.10/site-packages/airflow/example_dags/example_complex.py
[2025-10-30T01:55:23.297+0000] {processor.py:836} INFO - DAG(s) dict_keys(['example_complex']) retrieved from /home/vscode/.local/lib/python3.10/site-packages/airflow/example_dags/example_complex.py
[2025-10-30T01:55:23.318+0000] {logging_mixin.py:150} INFO - [2025-10-30T01:55:23.318+0000] {dag.py:2742} INFO - Sync 1 DAGs
[2025-10-30T01:55:23.336+0000] {logging_mixin.py:150} INFO - [2025-10-30T01:55:23.335+0000] {dag.py:3504} INFO - Setting next_dagrun for example_complex to None, run_after=None
[2025-10-30T01:55:23.351+0000] {processor.py:179} INFO - Processing /home/vscode/.local/lib/python3.10/site-packages/airflow/example_dags/example_complex.py took 0.065 seconds
[2025-10-30T02:06:51.248+0000] {processor.py:157} INFO - Started process (PID=20754) to work on /home/vscode/.local/lib/python3.10/site-packages/airflow/example_dags/example_complex.py
[2025-10-30T02:06:51.248+0000] {processor.py:826} INFO - Processing file /home/vscode/.local/lib/python3.10/site-packages/airflow/example_dags/example_complex.py for tasks to queue
[2025-10-30T02:06:51.249+0000] {logging_mixin.py:150} INFO - [2025-10-30T02:06:51.249+0000] {dagbag.py:541} INFO - Filling up the DagBag from /home/vscode/.local/lib/python3.10/site-packages/airflow/example_dags/example_complex.py
[2025-10-30T02:06:51.257+0000] {processor.py:836} INFO - DAG(s) dict_keys(['example_complex']) retrieved from /home/vscode/.local/lib/python3.10/site-packages/airflow/example_dags/example_complex.py
[2025-10-30T02:06:51.275+0000] {logging_mixin.py:150} INFO - [2025-10-30T02:06:51.275+0000] {dag.py:2742} INFO - Sync 1 DAGs
[2025-10-30T02:06:51.289+0000] {logging_mixin.py:150} INFO - [2025-10-30T02:06:51.288+0000] {dag.py:3504} INFO - Setting next_dagrun for example_complex to None, run_after=None
[2025-10-30T02:06:51.304+0000] {processor.py:179} INFO - Processing /home/vscode/.local/lib/python3.10/site-packages/airflow/example_dags/example_complex.py took 0.059 seconds
[2025-10-30T02:07:35.261+0000] {processor.py:157} INFO - Started process (PID=21093) to work on /home/vscode/.local/lib/python3.10/site-packages/airflow/example_dags/example_complex.py
[2025-10-30T02:07:35.261+0000] {processor.py:826} INFO - Processing file /home/vscode/.local/lib/python3.10/site-packages/airflow/example_dags/example_complex.py for tasks to queue
[2025-10-30T02:07:35.262+0000] {logging_mixin.py:150} INFO - [2025-10-30T02:07:35.262+0000] {dagbag.py:541} INFO - Filling up the DagBag from /home/vscode/.local/lib/python3.10/site-packages/airflow/example_dags/example_complex.py
[2025-10-30T02:07:35.275+0000] {processor.py:836} INFO - DAG(s) dict_keys(['example_complex']) retrieved from /home/vscode/.local/lib/python3.10/site-packages/airflow/example_dags/example_complex.py
[2025-10-30T02:07:35.307+0000] {logging_mixin.py:150} INFO - [2025-10-30T02:07:35.307+0000] {dag.py:2742} INFO - Sync 1 DAGs
[2025-10-30T02:07:35.327+0000] {logging_mixin.py:150} INFO - [2025-10-30T02:07:35.326+0000] {dag.py:3504} INFO - Setting next_dagrun for example_complex to None, run_after=None
[2025-10-30T02:07:35.345+0000] {processor.py:179} INFO - Processing /home/vscode/.local/lib/python3.10/site-packages/airflow/example_dags/example_complex.py took 0.087 seconds
[2025-10-30T02:08:21.241+0000] {processor.py:157} INFO - Started process (PID=21474) to work on /home/vscode/.local/lib/python3.10/site-packages/airflow/example_dags/example_complex.py
[2025-10-30T02:08:21.241+0000] {processor.py:826} INFO - Processing file /home/vscode/.local/lib/python3.10/site-packages/airflow/example_dags/example_complex.py for tasks to queue
[2025-10-30T02:08:21.242+0000] {logging_mixin.py:150} INFO - [2025-10-30T02:08:21.241+0000] {dagbag.py:541} INFO - Filling up the DagBag from /home/vscode/.local/lib/python3.10/site-packages/airflow/example_dags/example_complex.py
[2025-10-30T02:08:21.250+0000] {processor.py:836} INFO - DAG(s) dict_keys(['example_complex']) retrieved from /home/vscode/.local/lib/python3.10/site-packages/airflow/example_dags/example_complex.py
[2025-10-30T02:08:21.268+0000] {logging_mixin.py:150} INFO - [2025-10-30T02:08:21.268+0000] {dag.py:2742} INFO - Sync 1 DAGs
[2025-10-30T02:08:21.282+0000] {logging_mixin.py:150} INFO - [2025-10-30T02:08:21.282+0000] {dag.py:3504} INFO - Setting next_dagrun for example_complex to None, run_after=None
[2025-10-30T02:08:21.297+0000] {processor.py:179} INFO - Processing /home/vscode/.local/lib/python3.10/site-packages/airflow/example_dags/example_complex.py took 0.058 seconds
[2025-10-30T02:09:07.451+0000] {processor.py:157} INFO - Started process (PID=21911) to work on /home/vscode/.local/lib/python3.10/site-packages/airflow/example_dags/example_complex.py
[2025-10-30T02:09:07.452+0000] {processor.py:826} INFO - Processing file /home/vscode/.local/lib/python3.10/site-packages/airflow/example_dags/example_complex.py for tasks to queue
[2025-10-30T02:09:07.453+0000] {logging_mixin.py:150} INFO - [2025-10-30T02:09:07.452+0000] {dagbag.py:541} INFO - Filling up the DagBag from /home/vscode/.local/lib/python3.10/site-packages/airflow/example_dags/example_complex.py
[2025-10-30T02:09:07.462+0000] {processor.py:836} INFO - DAG(s) dict_keys(['example_complex']) retrieved from /home/vscode/.local/lib/python3.10/site-packages/airflow/example_dags/example_complex.py
[2025-10-30T02:09:07.480+0000] {logging_mixin.py:150} INFO - [2025-10-30T02:09:07.480+0000] {dag.py:2742} INFO - Sync 1 DAGs
[2025-10-30T02:09:07.494+0000] {logging_mixin.py:150} INFO - [2025-10-30T02:09:07.494+0000] {dag.py:3504} INFO - Setting next_dagrun for example_complex to None, run_after=None
[2025-10-30T02:09:07.508+0000] {processor.py:179} INFO - Processing /home/vscode/.local/lib/python3.10/site-packages/airflow/example_dags/example_complex.py took 0.060 seconds
