[2025-10-30T01:49:27.760+0000] {processor.py:157} INFO - Started process (PID=13793) to work on /home/vscode/.local/lib/python3.10/site-packages/airflow/example_dags/example_dag_decorator.py
[2025-10-30T01:49:27.761+0000] {processor.py:826} INFO - Processing file /home/vscode/.local/lib/python3.10/site-packages/airflow/example_dags/example_dag_decorator.py for tasks to queue
[2025-10-30T01:49:27.761+0000] {logging_mixin.py:150} INFO - [2025-10-30T01:49:27.761+0000] {dagbag.py:541} INFO - Filling up the DagBag from /home/vscode/.local/lib/python3.10/site-packages/airflow/example_dags/example_dag_decorator.py
[2025-10-30T01:49:27.769+0000] {processor.py:836} INFO - DAG(s) dict_keys(['example_dag_decorator']) retrieved from /home/vscode/.local/lib/python3.10/site-packages/airflow/example_dags/example_dag_decorator.py
[2025-10-30T01:49:27.843+0000] {logging_mixin.py:150} INFO - [2025-10-30T01:49:27.843+0000] {manager.py:504} INFO - Created Permission View: can read on DAG:example_dag_decorator
[2025-10-30T01:49:27.851+0000] {logging_mixin.py:150} INFO - [2025-10-30T01:49:27.851+0000] {manager.py:504} INFO - Created Permission View: can delete on DAG:example_dag_decorator
[2025-10-30T01:49:27.857+0000] {logging_mixin.py:150} INFO - [2025-10-30T01:49:27.857+0000] {manager.py:504} INFO - Created Permission View: can edit on DAG:example_dag_decorator
[2025-10-30T01:49:27.864+0000] {logging_mixin.py:150} INFO - [2025-10-30T01:49:27.864+0000] {dag.py:2742} INFO - Sync 1 DAGs
[2025-10-30T01:49:27.871+0000] {logging_mixin.py:150} INFO - [2025-10-30T01:49:27.871+0000] {dag.py:2763} INFO - Creating ORM DAG for example_dag_decorator
[2025-10-30T01:49:27.877+0000] {logging_mixin.py:150} INFO - [2025-10-30T01:49:27.877+0000] {dag.py:3504} INFO - Setting next_dagrun for example_dag_decorator to None, run_after=None
[2025-10-30T01:49:27.892+0000] {processor.py:179} INFO - Processing /home/vscode/.local/lib/python3.10/site-packages/airflow/example_dags/example_dag_decorator.py took 0.134 seconds
[2025-10-30T01:50:13.572+0000] {processor.py:157} INFO - Started process (PID=14102) to work on /home/vscode/.local/lib/python3.10/site-packages/airflow/example_dags/example_dag_decorator.py
[2025-10-30T01:50:13.573+0000] {processor.py:826} INFO - Processing file /home/vscode/.local/lib/python3.10/site-packages/airflow/example_dags/example_dag_decorator.py for tasks to queue
[2025-10-30T01:50:13.574+0000] {logging_mixin.py:150} INFO - [2025-10-30T01:50:13.573+0000] {dagbag.py:541} INFO - Filling up the DagBag from /home/vscode/.local/lib/python3.10/site-packages/airflow/example_dags/example_dag_decorator.py
[2025-10-30T01:50:13.582+0000] {processor.py:836} INFO - DAG(s) dict_keys(['example_dag_decorator']) retrieved from /home/vscode/.local/lib/python3.10/site-packages/airflow/example_dags/example_dag_decorator.py
[2025-10-30T01:50:13.662+0000] {logging_mixin.py:150} INFO - [2025-10-30T01:50:13.662+0000] {dag.py:2742} INFO - Sync 1 DAGs
[2025-10-30T01:50:13.674+0000] {logging_mixin.py:150} INFO - [2025-10-30T01:50:13.674+0000] {dag.py:3504} INFO - Setting next_dagrun for example_dag_decorator to None, run_after=None
[2025-10-30T01:50:13.689+0000] {processor.py:179} INFO - Processing /home/vscode/.local/lib/python3.10/site-packages/airflow/example_dags/example_dag_decorator.py took 0.118 seconds
[2025-10-30T01:50:59.788+0000] {processor.py:157} INFO - Started process (PID=14423) to work on /home/vscode/.local/lib/python3.10/site-packages/airflow/example_dags/example_dag_decorator.py
[2025-10-30T01:50:59.788+0000] {processor.py:826} INFO - Processing file /home/vscode/.local/lib/python3.10/site-packages/airflow/example_dags/example_dag_decorator.py for tasks to queue
[2025-10-30T01:50:59.789+0000] {logging_mixin.py:150} INFO - [2025-10-30T01:50:59.789+0000] {dagbag.py:541} INFO - Filling up the DagBag from /home/vscode/.local/lib/python3.10/site-packages/airflow/example_dags/example_dag_decorator.py
[2025-10-30T01:50:59.797+0000] {processor.py:836} INFO - DAG(s) dict_keys(['example_dag_decorator']) retrieved from /home/vscode/.local/lib/python3.10/site-packages/airflow/example_dags/example_dag_decorator.py
[2025-10-30T01:50:59.889+0000] {logging_mixin.py:150} INFO - [2025-10-30T01:50:59.889+0000] {dag.py:2742} INFO - Sync 1 DAGs
[2025-10-30T01:50:59.905+0000] {logging_mixin.py:150} INFO - [2025-10-30T01:50:59.905+0000] {dag.py:3504} INFO - Setting next_dagrun for example_dag_decorator to None, run_after=None
[2025-10-30T01:50:59.920+0000] {processor.py:179} INFO - Processing /home/vscode/.local/lib/python3.10/site-packages/airflow/example_dags/example_dag_decorator.py took 0.134 seconds
[2025-10-30T01:51:44.059+0000] {processor.py:157} INFO - Started process (PID=14724) to work on /home/vscode/.local/lib/python3.10/site-packages/airflow/example_dags/example_dag_decorator.py
[2025-10-30T01:51:44.059+0000] {processor.py:826} INFO - Processing file /home/vscode/.local/lib/python3.10/site-packages/airflow/example_dags/example_dag_decorator.py for tasks to queue
[2025-10-30T01:51:44.060+0000] {logging_mixin.py:150} INFO - [2025-10-30T01:51:44.060+0000] {dagbag.py:541} INFO - Filling up the DagBag from /home/vscode/.local/lib/python3.10/site-packages/airflow/example_dags/example_dag_decorator.py
[2025-10-30T01:51:44.068+0000] {processor.py:836} INFO - DAG(s) dict_keys(['example_dag_decorator']) retrieved from /home/vscode/.local/lib/python3.10/site-packages/airflow/example_dags/example_dag_decorator.py
[2025-10-30T01:51:44.140+0000] {logging_mixin.py:150} INFO - [2025-10-30T01:51:44.140+0000] {dag.py:2742} INFO - Sync 1 DAGs
[2025-10-30T01:51:44.152+0000] {logging_mixin.py:150} INFO - [2025-10-30T01:51:44.152+0000] {dag.py:3504} INFO - Setting next_dagrun for example_dag_decorator to None, run_after=None
[2025-10-30T01:51:44.167+0000] {processor.py:179} INFO - Processing /home/vscode/.local/lib/python3.10/site-packages/airflow/example_dags/example_dag_decorator.py took 0.111 seconds
[2025-10-30T01:52:29.563+0000] {processor.py:157} INFO - Started process (PID=15024) to work on /home/vscode/.local/lib/python3.10/site-packages/airflow/example_dags/example_dag_decorator.py
[2025-10-30T01:52:29.564+0000] {processor.py:826} INFO - Processing file /home/vscode/.local/lib/python3.10/site-packages/airflow/example_dags/example_dag_decorator.py for tasks to queue
[2025-10-30T01:52:29.565+0000] {logging_mixin.py:150} INFO - [2025-10-30T01:52:29.564+0000] {dagbag.py:541} INFO - Filling up the DagBag from /home/vscode/.local/lib/python3.10/site-packages/airflow/example_dags/example_dag_decorator.py
[2025-10-30T01:52:29.573+0000] {processor.py:836} INFO - DAG(s) dict_keys(['example_dag_decorator']) retrieved from /home/vscode/.local/lib/python3.10/site-packages/airflow/example_dags/example_dag_decorator.py
[2025-10-30T01:52:29.645+0000] {logging_mixin.py:150} INFO - [2025-10-30T01:52:29.645+0000] {dag.py:2742} INFO - Sync 1 DAGs
[2025-10-30T01:52:29.657+0000] {logging_mixin.py:150} INFO - [2025-10-30T01:52:29.657+0000] {dag.py:3504} INFO - Setting next_dagrun for example_dag_decorator to None, run_after=None
[2025-10-30T01:52:29.672+0000] {processor.py:179} INFO - Processing /home/vscode/.local/lib/python3.10/site-packages/airflow/example_dags/example_dag_decorator.py took 0.111 seconds
[2025-10-30T01:53:10.927+0000] {processor.py:157} INFO - Started process (PID=15303) to work on /home/vscode/.local/lib/python3.10/site-packages/airflow/example_dags/example_dag_decorator.py
[2025-10-30T01:53:10.928+0000] {processor.py:826} INFO - Processing file /home/vscode/.local/lib/python3.10/site-packages/airflow/example_dags/example_dag_decorator.py for tasks to queue
[2025-10-30T01:53:10.929+0000] {logging_mixin.py:150} INFO - [2025-10-30T01:53:10.928+0000] {dagbag.py:541} INFO - Filling up the DagBag from /home/vscode/.local/lib/python3.10/site-packages/airflow/example_dags/example_dag_decorator.py
[2025-10-30T01:53:10.937+0000] {processor.py:836} INFO - DAG(s) dict_keys(['example_dag_decorator']) retrieved from /home/vscode/.local/lib/python3.10/site-packages/airflow/example_dags/example_dag_decorator.py
[2025-10-30T01:53:11.009+0000] {logging_mixin.py:150} INFO - [2025-10-30T01:53:11.009+0000] {dag.py:2742} INFO - Sync 1 DAGs
[2025-10-30T01:53:11.021+0000] {logging_mixin.py:150} INFO - [2025-10-30T01:53:11.021+0000] {dag.py:3504} INFO - Setting next_dagrun for example_dag_decorator to None, run_after=None
[2025-10-30T01:53:11.037+0000] {processor.py:179} INFO - Processing /home/vscode/.local/lib/python3.10/site-packages/airflow/example_dags/example_dag_decorator.py took 0.111 seconds
[2025-10-30T01:54:02.342+0000] {processor.py:157} INFO - Started process (PID=15787) to work on /home/vscode/.local/lib/python3.10/site-packages/airflow/example_dags/example_dag_decorator.py
[2025-10-30T01:54:02.342+0000] {processor.py:826} INFO - Processing file /home/vscode/.local/lib/python3.10/site-packages/airflow/example_dags/example_dag_decorator.py for tasks to queue
[2025-10-30T01:54:02.343+0000] {logging_mixin.py:150} INFO - [2025-10-30T01:54:02.343+0000] {dagbag.py:541} INFO - Filling up the DagBag from /home/vscode/.local/lib/python3.10/site-packages/airflow/example_dags/example_dag_decorator.py
[2025-10-30T01:54:02.351+0000] {processor.py:836} INFO - DAG(s) dict_keys(['example_dag_decorator']) retrieved from /home/vscode/.local/lib/python3.10/site-packages/airflow/example_dags/example_dag_decorator.py
[2025-10-30T01:54:02.449+0000] {logging_mixin.py:150} INFO - [2025-10-30T01:54:02.449+0000] {dag.py:2742} INFO - Sync 1 DAGs
[2025-10-30T01:54:02.462+0000] {logging_mixin.py:150} INFO - [2025-10-30T01:54:02.462+0000] {dag.py:3504} INFO - Setting next_dagrun for example_dag_decorator to None, run_after=None
[2025-10-30T01:54:02.477+0000] {processor.py:179} INFO - Processing /home/vscode/.local/lib/python3.10/site-packages/airflow/example_dags/example_dag_decorator.py took 0.137 seconds
[2025-10-30T01:54:45.883+0000] {processor.py:157} INFO - Started process (PID=16089) to work on /home/vscode/.local/lib/python3.10/site-packages/airflow/example_dags/example_dag_decorator.py
[2025-10-30T01:54:45.884+0000] {processor.py:826} INFO - Processing file /home/vscode/.local/lib/python3.10/site-packages/airflow/example_dags/example_dag_decorator.py for tasks to queue
[2025-10-30T01:54:45.885+0000] {logging_mixin.py:150} INFO - [2025-10-30T01:54:45.885+0000] {dagbag.py:541} INFO - Filling up the DagBag from /home/vscode/.local/lib/python3.10/site-packages/airflow/example_dags/example_dag_decorator.py
[2025-10-30T01:54:45.897+0000] {processor.py:836} INFO - DAG(s) dict_keys(['example_dag_decorator']) retrieved from /home/vscode/.local/lib/python3.10/site-packages/airflow/example_dags/example_dag_decorator.py
[2025-10-30T01:54:45.980+0000] {logging_mixin.py:150} INFO - [2025-10-30T01:54:45.979+0000] {dag.py:2742} INFO - Sync 1 DAGs
[2025-10-30T01:54:45.993+0000] {logging_mixin.py:150} INFO - [2025-10-30T01:54:45.993+0000] {dag.py:3504} INFO - Setting next_dagrun for example_dag_decorator to None, run_after=None
[2025-10-30T01:54:46.008+0000] {processor.py:179} INFO - Processing /home/vscode/.local/lib/python3.10/site-packages/airflow/example_dags/example_dag_decorator.py took 0.128 seconds
[2025-10-30T01:55:40.957+0000] {processor.py:157} INFO - Started process (PID=16591) to work on /home/vscode/.local/lib/python3.10/site-packages/airflow/example_dags/example_dag_decorator.py
[2025-10-30T01:55:40.958+0000] {processor.py:826} INFO - Processing file /home/vscode/.local/lib/python3.10/site-packages/airflow/example_dags/example_dag_decorator.py for tasks to queue
[2025-10-30T01:55:40.958+0000] {logging_mixin.py:150} INFO - [2025-10-30T01:55:40.958+0000] {dagbag.py:541} INFO - Filling up the DagBag from /home/vscode/.local/lib/python3.10/site-packages/airflow/example_dags/example_dag_decorator.py
[2025-10-30T01:55:40.966+0000] {processor.py:836} INFO - DAG(s) dict_keys(['example_dag_decorator']) retrieved from /home/vscode/.local/lib/python3.10/site-packages/airflow/example_dags/example_dag_decorator.py
[2025-10-30T01:55:41.040+0000] {logging_mixin.py:150} INFO - [2025-10-30T01:55:41.040+0000] {dag.py:2742} INFO - Sync 1 DAGs
[2025-10-30T01:55:41.052+0000] {logging_mixin.py:150} INFO - [2025-10-30T01:55:41.052+0000] {dag.py:3504} INFO - Setting next_dagrun for example_dag_decorator to None, run_after=None
[2025-10-30T01:55:41.067+0000] {processor.py:179} INFO - Processing /home/vscode/.local/lib/python3.10/site-packages/airflow/example_dags/example_dag_decorator.py took 0.112 seconds
[2025-10-30T02:06:56.391+0000] {processor.py:157} INFO - Started process (PID=20787) to work on /home/vscode/.local/lib/python3.10/site-packages/airflow/example_dags/example_dag_decorator.py
[2025-10-30T02:06:56.392+0000] {processor.py:826} INFO - Processing file /home/vscode/.local/lib/python3.10/site-packages/airflow/example_dags/example_dag_decorator.py for tasks to queue
[2025-10-30T02:06:56.392+0000] {logging_mixin.py:150} INFO - [2025-10-30T02:06:56.392+0000] {dagbag.py:541} INFO - Filling up the DagBag from /home/vscode/.local/lib/python3.10/site-packages/airflow/example_dags/example_dag_decorator.py
[2025-10-30T02:06:56.401+0000] {processor.py:836} INFO - DAG(s) dict_keys(['example_dag_decorator']) retrieved from /home/vscode/.local/lib/python3.10/site-packages/airflow/example_dags/example_dag_decorator.py
[2025-10-30T02:06:56.484+0000] {logging_mixin.py:150} INFO - [2025-10-30T02:06:56.484+0000] {dag.py:2742} INFO - Sync 1 DAGs
[2025-10-30T02:06:56.503+0000] {logging_mixin.py:150} INFO - [2025-10-30T02:06:56.503+0000] {dag.py:3504} INFO - Setting next_dagrun for example_dag_decorator to None, run_after=None
[2025-10-30T02:06:56.529+0000] {processor.py:179} INFO - Processing /home/vscode/.local/lib/python3.10/site-packages/airflow/example_dags/example_dag_decorator.py took 0.140 seconds
[2025-10-30T02:07:40.397+0000] {processor.py:157} INFO - Started process (PID=21139) to work on /home/vscode/.local/lib/python3.10/site-packages/airflow/example_dags/example_dag_decorator.py
[2025-10-30T02:07:40.398+0000] {processor.py:826} INFO - Processing file /home/vscode/.local/lib/python3.10/site-packages/airflow/example_dags/example_dag_decorator.py for tasks to queue
[2025-10-30T02:07:40.399+0000] {logging_mixin.py:150} INFO - [2025-10-30T02:07:40.398+0000] {dagbag.py:541} INFO - Filling up the DagBag from /home/vscode/.local/lib/python3.10/site-packages/airflow/example_dags/example_dag_decorator.py
[2025-10-30T02:07:40.407+0000] {processor.py:836} INFO - DAG(s) dict_keys(['example_dag_decorator']) retrieved from /home/vscode/.local/lib/python3.10/site-packages/airflow/example_dags/example_dag_decorator.py
[2025-10-30T02:07:40.480+0000] {logging_mixin.py:150} INFO - [2025-10-30T02:07:40.480+0000] {dag.py:2742} INFO - Sync 1 DAGs
[2025-10-30T02:07:40.492+0000] {logging_mixin.py:150} INFO - [2025-10-30T02:07:40.492+0000] {dag.py:3504} INFO - Setting next_dagrun for example_dag_decorator to None, run_after=None
[2025-10-30T02:07:40.507+0000] {processor.py:179} INFO - Processing /home/vscode/.local/lib/python3.10/site-packages/airflow/example_dags/example_dag_decorator.py took 0.112 seconds
[2025-10-30T02:08:26.380+0000] {processor.py:157} INFO - Started process (PID=21520) to work on /home/vscode/.local/lib/python3.10/site-packages/airflow/example_dags/example_dag_decorator.py
[2025-10-30T02:08:26.381+0000] {processor.py:826} INFO - Processing file /home/vscode/.local/lib/python3.10/site-packages/airflow/example_dags/example_dag_decorator.py for tasks to queue
[2025-10-30T02:08:26.381+0000] {logging_mixin.py:150} INFO - [2025-10-30T02:08:26.381+0000] {dagbag.py:541} INFO - Filling up the DagBag from /home/vscode/.local/lib/python3.10/site-packages/airflow/example_dags/example_dag_decorator.py
[2025-10-30T02:08:26.390+0000] {processor.py:836} INFO - DAG(s) dict_keys(['example_dag_decorator']) retrieved from /home/vscode/.local/lib/python3.10/site-packages/airflow/example_dags/example_dag_decorator.py
[2025-10-30T02:08:26.465+0000] {logging_mixin.py:150} INFO - [2025-10-30T02:08:26.464+0000] {dag.py:2742} INFO - Sync 1 DAGs
[2025-10-30T02:08:26.478+0000] {logging_mixin.py:150} INFO - [2025-10-30T02:08:26.478+0000] {dag.py:3504} INFO - Setting next_dagrun for example_dag_decorator to None, run_after=None
[2025-10-30T02:08:26.493+0000] {processor.py:179} INFO - Processing /home/vscode/.local/lib/python3.10/site-packages/airflow/example_dags/example_dag_decorator.py took 0.115 seconds
[2025-10-30T02:09:12.594+0000] {processor.py:157} INFO - Started process (PID=21981) to work on /home/vscode/.local/lib/python3.10/site-packages/airflow/example_dags/example_dag_decorator.py
[2025-10-30T02:09:12.595+0000] {processor.py:826} INFO - Processing file /home/vscode/.local/lib/python3.10/site-packages/airflow/example_dags/example_dag_decorator.py for tasks to queue
[2025-10-30T02:09:12.595+0000] {logging_mixin.py:150} INFO - [2025-10-30T02:09:12.595+0000] {dagbag.py:541} INFO - Filling up the DagBag from /home/vscode/.local/lib/python3.10/site-packages/airflow/example_dags/example_dag_decorator.py
[2025-10-30T02:09:12.604+0000] {processor.py:836} INFO - DAG(s) dict_keys(['example_dag_decorator']) retrieved from /home/vscode/.local/lib/python3.10/site-packages/airflow/example_dags/example_dag_decorator.py
[2025-10-30T02:09:12.681+0000] {logging_mixin.py:150} INFO - [2025-10-30T02:09:12.681+0000] {dag.py:2742} INFO - Sync 1 DAGs
[2025-10-30T02:09:12.693+0000] {logging_mixin.py:150} INFO - [2025-10-30T02:09:12.693+0000] {dag.py:3504} INFO - Setting next_dagrun for example_dag_decorator to None, run_after=None
[2025-10-30T02:09:12.708+0000] {processor.py:179} INFO - Processing /home/vscode/.local/lib/python3.10/site-packages/airflow/example_dags/example_dag_decorator.py took 0.116 seconds
