[2025-10-30T01:49:12.574+0000] {processor.py:157} INFO - Started process (PID=13693) to work on /home/vscode/.local/lib/python3.10/site-packages/airflow/example_dags/example_params_trigger_ui.py
[2025-10-30T01:49:12.574+0000] {processor.py:826} INFO - Processing file /home/vscode/.local/lib/python3.10/site-packages/airflow/example_dags/example_params_trigger_ui.py for tasks to queue
[2025-10-30T01:49:12.575+0000] {logging_mixin.py:150} INFO - [2025-10-30T01:49:12.575+0000] {dagbag.py:541} INFO - Filling up the DagBag from /home/vscode/.local/lib/python3.10/site-packages/airflow/example_dags/example_params_trigger_ui.py
[2025-10-30T01:49:12.593+0000] {processor.py:836} INFO - DAG(s) dict_keys(['example_params_trigger_ui']) retrieved from /home/vscode/.local/lib/python3.10/site-packages/airflow/example_dags/example_params_trigger_ui.py
[2025-10-30T01:49:12.704+0000] {logging_mixin.py:150} INFO - [2025-10-30T01:49:12.704+0000] {manager.py:504} INFO - Created Permission View: can read on DAG:example_params_trigger_ui
[2025-10-30T01:49:12.712+0000] {logging_mixin.py:150} INFO - [2025-10-30T01:49:12.712+0000] {manager.py:504} INFO - Created Permission View: can delete on DAG:example_params_trigger_ui
[2025-10-30T01:49:12.719+0000] {logging_mixin.py:150} INFO - [2025-10-30T01:49:12.718+0000] {manager.py:504} INFO - Created Permission View: can edit on DAG:example_params_trigger_ui
[2025-10-30T01:49:12.726+0000] {logging_mixin.py:150} INFO - [2025-10-30T01:49:12.726+0000] {dag.py:2742} INFO - Sync 1 DAGs
[2025-10-30T01:49:12.732+0000] {logging_mixin.py:150} INFO - [2025-10-30T01:49:12.732+0000] {dag.py:2763} INFO - Creating ORM DAG for example_params_trigger_ui
[2025-10-30T01:49:12.738+0000] {logging_mixin.py:150} INFO - [2025-10-30T01:49:12.738+0000] {dag.py:3504} INFO - Setting next_dagrun for example_params_trigger_ui to None, run_after=None
[2025-10-30T01:49:12.754+0000] {processor.py:179} INFO - Processing /home/vscode/.local/lib/python3.10/site-packages/airflow/example_dags/example_params_trigger_ui.py took 0.183 seconds
[2025-10-30T01:49:58.131+0000] {processor.py:157} INFO - Started process (PID=13992) to work on /home/vscode/.local/lib/python3.10/site-packages/airflow/example_dags/example_params_trigger_ui.py
[2025-10-30T01:49:58.132+0000] {processor.py:826} INFO - Processing file /home/vscode/.local/lib/python3.10/site-packages/airflow/example_dags/example_params_trigger_ui.py for tasks to queue
[2025-10-30T01:49:58.132+0000] {logging_mixin.py:150} INFO - [2025-10-30T01:49:58.132+0000] {dagbag.py:541} INFO - Filling up the DagBag from /home/vscode/.local/lib/python3.10/site-packages/airflow/example_dags/example_params_trigger_ui.py
[2025-10-30T01:49:58.144+0000] {processor.py:836} INFO - DAG(s) dict_keys(['example_params_trigger_ui']) retrieved from /home/vscode/.local/lib/python3.10/site-packages/airflow/example_dags/example_params_trigger_ui.py
[2025-10-30T01:49:58.175+0000] {logging_mixin.py:150} INFO - [2025-10-30T01:49:58.174+0000] {dag.py:2742} INFO - Sync 1 DAGs
[2025-10-30T01:49:58.188+0000] {logging_mixin.py:150} INFO - [2025-10-30T01:49:58.188+0000] {dag.py:3504} INFO - Setting next_dagrun for example_params_trigger_ui to None, run_after=None
[2025-10-30T01:49:58.203+0000] {processor.py:179} INFO - Processing /home/vscode/.local/lib/python3.10/site-packages/airflow/example_dags/example_params_trigger_ui.py took 0.073 seconds
[2025-10-30T01:50:42.400+0000] {processor.py:157} INFO - Started process (PID=14316) to work on /home/vscode/.local/lib/python3.10/site-packages/airflow/example_dags/example_params_trigger_ui.py
[2025-10-30T01:50:42.401+0000] {processor.py:826} INFO - Processing file /home/vscode/.local/lib/python3.10/site-packages/airflow/example_dags/example_params_trigger_ui.py for tasks to queue
[2025-10-30T01:50:42.401+0000] {logging_mixin.py:150} INFO - [2025-10-30T01:50:42.401+0000] {dagbag.py:541} INFO - Filling up the DagBag from /home/vscode/.local/lib/python3.10/site-packages/airflow/example_dags/example_params_trigger_ui.py
[2025-10-30T01:50:42.413+0000] {processor.py:836} INFO - DAG(s) dict_keys(['example_params_trigger_ui']) retrieved from /home/vscode/.local/lib/python3.10/site-packages/airflow/example_dags/example_params_trigger_ui.py
[2025-10-30T01:50:42.444+0000] {logging_mixin.py:150} INFO - [2025-10-30T01:50:42.444+0000] {dag.py:2742} INFO - Sync 1 DAGs
[2025-10-30T01:50:42.458+0000] {logging_mixin.py:150} INFO - [2025-10-30T01:50:42.457+0000] {dag.py:3504} INFO - Setting next_dagrun for example_params_trigger_ui to None, run_after=None
[2025-10-30T01:50:42.472+0000] {processor.py:179} INFO - Processing /home/vscode/.local/lib/python3.10/site-packages/airflow/example_dags/example_params_trigger_ui.py took 0.074 seconds
[2025-10-30T01:51:28.924+0000] {processor.py:157} INFO - Started process (PID=14627) to work on /home/vscode/.local/lib/python3.10/site-packages/airflow/example_dags/example_params_trigger_ui.py
[2025-10-30T01:51:28.924+0000] {processor.py:826} INFO - Processing file /home/vscode/.local/lib/python3.10/site-packages/airflow/example_dags/example_params_trigger_ui.py for tasks to queue
[2025-10-30T01:51:28.925+0000] {logging_mixin.py:150} INFO - [2025-10-30T01:51:28.925+0000] {dagbag.py:541} INFO - Filling up the DagBag from /home/vscode/.local/lib/python3.10/site-packages/airflow/example_dags/example_params_trigger_ui.py
[2025-10-30T01:51:28.938+0000] {processor.py:836} INFO - DAG(s) dict_keys(['example_params_trigger_ui']) retrieved from /home/vscode/.local/lib/python3.10/site-packages/airflow/example_dags/example_params_trigger_ui.py
[2025-10-30T01:51:28.968+0000] {logging_mixin.py:150} INFO - [2025-10-30T01:51:28.968+0000] {dag.py:2742} INFO - Sync 1 DAGs
[2025-10-30T01:51:28.981+0000] {logging_mixin.py:150} INFO - [2025-10-30T01:51:28.981+0000] {dag.py:3504} INFO - Setting next_dagrun for example_params_trigger_ui to None, run_after=None
[2025-10-30T01:51:28.996+0000] {processor.py:179} INFO - Processing /home/vscode/.local/lib/python3.10/site-packages/airflow/example_dags/example_params_trigger_ui.py took 0.075 seconds
[2025-10-30T01:52:13.369+0000] {processor.py:157} INFO - Started process (PID=14920) to work on /home/vscode/.local/lib/python3.10/site-packages/airflow/example_dags/example_params_trigger_ui.py
[2025-10-30T01:52:13.370+0000] {processor.py:826} INFO - Processing file /home/vscode/.local/lib/python3.10/site-packages/airflow/example_dags/example_params_trigger_ui.py for tasks to queue
[2025-10-30T01:52:13.370+0000] {logging_mixin.py:150} INFO - [2025-10-30T01:52:13.370+0000] {dagbag.py:541} INFO - Filling up the DagBag from /home/vscode/.local/lib/python3.10/site-packages/airflow/example_dags/example_params_trigger_ui.py
[2025-10-30T01:52:13.382+0000] {processor.py:836} INFO - DAG(s) dict_keys(['example_params_trigger_ui']) retrieved from /home/vscode/.local/lib/python3.10/site-packages/airflow/example_dags/example_params_trigger_ui.py
[2025-10-30T01:52:13.412+0000] {logging_mixin.py:150} INFO - [2025-10-30T01:52:13.412+0000] {dag.py:2742} INFO - Sync 1 DAGs
[2025-10-30T01:52:13.425+0000] {logging_mixin.py:150} INFO - [2025-10-30T01:52:13.425+0000] {dag.py:3504} INFO - Setting next_dagrun for example_params_trigger_ui to None, run_after=None
[2025-10-30T01:52:13.440+0000] {processor.py:179} INFO - Processing /home/vscode/.local/lib/python3.10/site-packages/airflow/example_dags/example_params_trigger_ui.py took 0.073 seconds
[2025-10-30T01:52:59.216+0000] {processor.py:157} INFO - Started process (PID=15224) to work on /home/vscode/.local/lib/python3.10/site-packages/airflow/example_dags/example_params_trigger_ui.py
[2025-10-30T01:52:59.216+0000] {processor.py:826} INFO - Processing file /home/vscode/.local/lib/python3.10/site-packages/airflow/example_dags/example_params_trigger_ui.py for tasks to queue
[2025-10-30T01:52:59.217+0000] {logging_mixin.py:150} INFO - [2025-10-30T01:52:59.217+0000] {dagbag.py:541} INFO - Filling up the DagBag from /home/vscode/.local/lib/python3.10/site-packages/airflow/example_dags/example_params_trigger_ui.py
[2025-10-30T01:52:59.230+0000] {processor.py:836} INFO - DAG(s) dict_keys(['example_params_trigger_ui']) retrieved from /home/vscode/.local/lib/python3.10/site-packages/airflow/example_dags/example_params_trigger_ui.py
[2025-10-30T01:52:59.276+0000] {logging_mixin.py:150} INFO - [2025-10-30T01:52:59.276+0000] {dag.py:2742} INFO - Sync 1 DAGs
[2025-10-30T01:52:59.289+0000] {logging_mixin.py:150} INFO - [2025-10-30T01:52:59.289+0000] {dag.py:3504} INFO - Setting next_dagrun for example_params_trigger_ui to None, run_after=None
[2025-10-30T01:52:59.303+0000] {processor.py:179} INFO - Processing /home/vscode/.local/lib/python3.10/site-packages/airflow/example_dags/example_params_trigger_ui.py took 0.090 seconds
[2025-10-30T01:53:41.766+0000] {processor.py:157} INFO - Started process (PID=15583) to work on /home/vscode/.local/lib/python3.10/site-packages/airflow/example_dags/example_params_trigger_ui.py
[2025-10-30T01:53:41.766+0000] {processor.py:826} INFO - Processing file /home/vscode/.local/lib/python3.10/site-packages/airflow/example_dags/example_params_trigger_ui.py for tasks to queue
[2025-10-30T01:53:41.767+0000] {logging_mixin.py:150} INFO - [2025-10-30T01:53:41.767+0000] {dagbag.py:541} INFO - Filling up the DagBag from /home/vscode/.local/lib/python3.10/site-packages/airflow/example_dags/example_params_trigger_ui.py
[2025-10-30T01:53:41.779+0000] {processor.py:836} INFO - DAG(s) dict_keys(['example_params_trigger_ui']) retrieved from /home/vscode/.local/lib/python3.10/site-packages/airflow/example_dags/example_params_trigger_ui.py
[2025-10-30T01:53:41.816+0000] {logging_mixin.py:150} INFO - [2025-10-30T01:53:41.816+0000] {dag.py:2742} INFO - Sync 1 DAGs
[2025-10-30T01:53:41.830+0000] {logging_mixin.py:150} INFO - [2025-10-30T01:53:41.830+0000] {dag.py:3504} INFO - Setting next_dagrun for example_params_trigger_ui to None, run_after=None
[2025-10-30T01:53:41.847+0000] {processor.py:179} INFO - Processing /home/vscode/.local/lib/python3.10/site-packages/airflow/example_dags/example_params_trigger_ui.py took 0.084 seconds
[2025-10-30T01:54:25.050+0000] {processor.py:157} INFO - Started process (PID=15949) to work on /home/vscode/.local/lib/python3.10/site-packages/airflow/example_dags/example_params_trigger_ui.py
[2025-10-30T01:54:25.051+0000] {processor.py:826} INFO - Processing file /home/vscode/.local/lib/python3.10/site-packages/airflow/example_dags/example_params_trigger_ui.py for tasks to queue
[2025-10-30T01:54:25.052+0000] {logging_mixin.py:150} INFO - [2025-10-30T01:54:25.052+0000] {dagbag.py:541} INFO - Filling up the DagBag from /home/vscode/.local/lib/python3.10/site-packages/airflow/example_dags/example_params_trigger_ui.py
[2025-10-30T01:54:25.081+0000] {processor.py:836} INFO - DAG(s) dict_keys(['example_params_trigger_ui']) retrieved from /home/vscode/.local/lib/python3.10/site-packages/airflow/example_dags/example_params_trigger_ui.py
[2025-10-30T01:54:25.116+0000] {logging_mixin.py:150} INFO - [2025-10-30T01:54:25.116+0000] {dag.py:2742} INFO - Sync 1 DAGs
[2025-10-30T01:54:25.130+0000] {logging_mixin.py:150} INFO - [2025-10-30T01:54:25.129+0000] {dag.py:3504} INFO - Setting next_dagrun for example_params_trigger_ui to None, run_after=None
[2025-10-30T01:54:25.144+0000] {processor.py:179} INFO - Processing /home/vscode/.local/lib/python3.10/site-packages/airflow/example_dags/example_params_trigger_ui.py took 0.097 seconds
[2025-10-30T01:55:07.262+0000] {processor.py:157} INFO - Started process (PID=16265) to work on /home/vscode/.local/lib/python3.10/site-packages/airflow/example_dags/example_params_trigger_ui.py
[2025-10-30T01:55:07.263+0000] {processor.py:826} INFO - Processing file /home/vscode/.local/lib/python3.10/site-packages/airflow/example_dags/example_params_trigger_ui.py for tasks to queue
[2025-10-30T01:55:07.263+0000] {logging_mixin.py:150} INFO - [2025-10-30T01:55:07.263+0000] {dagbag.py:541} INFO - Filling up the DagBag from /home/vscode/.local/lib/python3.10/site-packages/airflow/example_dags/example_params_trigger_ui.py
[2025-10-30T01:55:07.275+0000] {processor.py:836} INFO - DAG(s) dict_keys(['example_params_trigger_ui']) retrieved from /home/vscode/.local/lib/python3.10/site-packages/airflow/example_dags/example_params_trigger_ui.py
[2025-10-30T01:55:07.306+0000] {logging_mixin.py:150} INFO - [2025-10-30T01:55:07.306+0000] {dag.py:2742} INFO - Sync 1 DAGs
[2025-10-30T01:55:07.319+0000] {logging_mixin.py:150} INFO - [2025-10-30T01:55:07.319+0000] {dag.py:3504} INFO - Setting next_dagrun for example_params_trigger_ui to None, run_after=None
[2025-10-30T01:55:07.334+0000] {processor.py:179} INFO - Processing /home/vscode/.local/lib/python3.10/site-packages/airflow/example_dags/example_params_trigger_ui.py took 0.074 seconds
[2025-10-30T02:06:42.746+0000] {processor.py:157} INFO - Started process (PID=20690) to work on /home/vscode/.local/lib/python3.10/site-packages/airflow/example_dags/example_params_trigger_ui.py
[2025-10-30T02:06:42.747+0000] {processor.py:826} INFO - Processing file /home/vscode/.local/lib/python3.10/site-packages/airflow/example_dags/example_params_trigger_ui.py for tasks to queue
[2025-10-30T02:06:42.748+0000] {logging_mixin.py:150} INFO - [2025-10-30T02:06:42.748+0000] {dagbag.py:541} INFO - Filling up the DagBag from /home/vscode/.local/lib/python3.10/site-packages/airflow/example_dags/example_params_trigger_ui.py
[2025-10-30T02:06:42.779+0000] {processor.py:836} INFO - DAG(s) dict_keys(['example_params_trigger_ui']) retrieved from /home/vscode/.local/lib/python3.10/site-packages/airflow/example_dags/example_params_trigger_ui.py
[2025-10-30T02:06:42.837+0000] {logging_mixin.py:150} INFO - [2025-10-30T02:06:42.837+0000] {dag.py:2742} INFO - Sync 1 DAGs
[2025-10-30T02:06:42.858+0000] {logging_mixin.py:150} INFO - [2025-10-30T02:06:42.858+0000] {dag.py:3504} INFO - Setting next_dagrun for example_params_trigger_ui to None, run_after=None
[2025-10-30T02:06:42.887+0000] {processor.py:179} INFO - Processing /home/vscode/.local/lib/python3.10/site-packages/airflow/example_dags/example_params_trigger_ui.py took 0.144 seconds
[2025-10-30T02:07:26.895+0000] {processor.py:157} INFO - Started process (PID=21030) to work on /home/vscode/.local/lib/python3.10/site-packages/airflow/example_dags/example_params_trigger_ui.py
[2025-10-30T02:07:26.896+0000] {processor.py:826} INFO - Processing file /home/vscode/.local/lib/python3.10/site-packages/airflow/example_dags/example_params_trigger_ui.py for tasks to queue
[2025-10-30T02:07:26.897+0000] {logging_mixin.py:150} INFO - [2025-10-30T02:07:26.896+0000] {dagbag.py:541} INFO - Filling up the DagBag from /home/vscode/.local/lib/python3.10/site-packages/airflow/example_dags/example_params_trigger_ui.py
[2025-10-30T02:07:26.909+0000] {processor.py:836} INFO - DAG(s) dict_keys(['example_params_trigger_ui']) retrieved from /home/vscode/.local/lib/python3.10/site-packages/airflow/example_dags/example_params_trigger_ui.py
[2025-10-30T02:07:26.939+0000] {logging_mixin.py:150} INFO - [2025-10-30T02:07:26.939+0000] {dag.py:2742} INFO - Sync 1 DAGs
[2025-10-30T02:07:26.953+0000] {logging_mixin.py:150} INFO - [2025-10-30T02:07:26.953+0000] {dag.py:3504} INFO - Setting next_dagrun for example_params_trigger_ui to None, run_after=None
[2025-10-30T02:07:26.968+0000] {processor.py:179} INFO - Processing /home/vscode/.local/lib/python3.10/site-packages/airflow/example_dags/example_params_trigger_ui.py took 0.075 seconds
[2025-10-30T02:08:13.221+0000] {processor.py:157} INFO - Started process (PID=21368) to work on /home/vscode/.local/lib/python3.10/site-packages/airflow/example_dags/example_params_trigger_ui.py
[2025-10-30T02:08:13.222+0000] {processor.py:826} INFO - Processing file /home/vscode/.local/lib/python3.10/site-packages/airflow/example_dags/example_params_trigger_ui.py for tasks to queue
[2025-10-30T02:08:13.222+0000] {logging_mixin.py:150} INFO - [2025-10-30T02:08:13.222+0000] {dagbag.py:541} INFO - Filling up the DagBag from /home/vscode/.local/lib/python3.10/site-packages/airflow/example_dags/example_params_trigger_ui.py
[2025-10-30T02:08:13.234+0000] {processor.py:836} INFO - DAG(s) dict_keys(['example_params_trigger_ui']) retrieved from /home/vscode/.local/lib/python3.10/site-packages/airflow/example_dags/example_params_trigger_ui.py
[2025-10-30T02:08:13.265+0000] {logging_mixin.py:150} INFO - [2025-10-30T02:08:13.265+0000] {dag.py:2742} INFO - Sync 1 DAGs
[2025-10-30T02:08:13.278+0000] {logging_mixin.py:150} INFO - [2025-10-30T02:08:13.278+0000] {dag.py:3504} INFO - Setting next_dagrun for example_params_trigger_ui to None, run_after=None
[2025-10-30T02:08:13.293+0000] {processor.py:179} INFO - Processing /home/vscode/.local/lib/python3.10/site-packages/airflow/example_dags/example_params_trigger_ui.py took 0.074 seconds
[2025-10-30T02:08:58.015+0000] {processor.py:157} INFO - Started process (PID=21852) to work on /home/vscode/.local/lib/python3.10/site-packages/airflow/example_dags/example_params_trigger_ui.py
[2025-10-30T02:08:58.016+0000] {processor.py:826} INFO - Processing file /home/vscode/.local/lib/python3.10/site-packages/airflow/example_dags/example_params_trigger_ui.py for tasks to queue
[2025-10-30T02:08:58.016+0000] {logging_mixin.py:150} INFO - [2025-10-30T02:08:58.016+0000] {dagbag.py:541} INFO - Filling up the DagBag from /home/vscode/.local/lib/python3.10/site-packages/airflow/example_dags/example_params_trigger_ui.py
[2025-10-30T02:08:58.028+0000] {processor.py:836} INFO - DAG(s) dict_keys(['example_params_trigger_ui']) retrieved from /home/vscode/.local/lib/python3.10/site-packages/airflow/example_dags/example_params_trigger_ui.py
[2025-10-30T02:08:58.059+0000] {logging_mixin.py:150} INFO - [2025-10-30T02:08:58.059+0000] {dag.py:2742} INFO - Sync 1 DAGs
[2025-10-30T02:08:58.073+0000] {logging_mixin.py:150} INFO - [2025-10-30T02:08:58.072+0000] {dag.py:3504} INFO - Setting next_dagrun for example_params_trigger_ui to None, run_after=None
[2025-10-30T02:08:58.087+0000] {processor.py:179} INFO - Processing /home/vscode/.local/lib/python3.10/site-packages/airflow/example_dags/example_params_trigger_ui.py took 0.074 seconds
