[2025-10-30T01:48:58.992+0000] {processor.py:157} INFO - Started process (PID=13601) to work on /home/vscode/.local/lib/python3.10/site-packages/airflow/example_dags/example_task_group_decorator.py
[2025-10-30T01:48:58.993+0000] {processor.py:826} INFO - Processing file /home/vscode/.local/lib/python3.10/site-packages/airflow/example_dags/example_task_group_decorator.py for tasks to queue
[2025-10-30T01:48:58.994+0000] {logging_mixin.py:150} INFO - [2025-10-30T01:48:58.993+0000] {dagbag.py:541} INFO - Filling up the DagBag from /home/vscode/.local/lib/python3.10/site-packages/airflow/example_dags/example_task_group_decorator.py
[2025-10-30T01:48:59.004+0000] {processor.py:836} INFO - DAG(s) dict_keys(['example_task_group_decorator']) retrieved from /home/vscode/.local/lib/python3.10/site-packages/airflow/example_dags/example_task_group_decorator.py
[2025-10-30T01:48:59.084+0000] {logging_mixin.py:150} INFO - [2025-10-30T01:48:59.084+0000] {manager.py:504} INFO - Created Permission View: can read on DAG:example_task_group_decorator
[2025-10-30T01:48:59.093+0000] {logging_mixin.py:150} INFO - [2025-10-30T01:48:59.093+0000] {manager.py:504} INFO - Created Permission View: can delete on DAG:example_task_group_decorator
[2025-10-30T01:48:59.099+0000] {logging_mixin.py:150} INFO - [2025-10-30T01:48:59.099+0000] {manager.py:504} INFO - Created Permission View: can edit on DAG:example_task_group_decorator
[2025-10-30T01:48:59.106+0000] {logging_mixin.py:150} INFO - [2025-10-30T01:48:59.106+0000] {dag.py:2742} INFO - Sync 1 DAGs
[2025-10-30T01:48:59.113+0000] {logging_mixin.py:150} INFO - [2025-10-30T01:48:59.112+0000] {dag.py:2763} INFO - Creating ORM DAG for example_task_group_decorator
[2025-10-30T01:48:59.119+0000] {logging_mixin.py:150} INFO - [2025-10-30T01:48:59.118+0000] {dag.py:3504} INFO - Setting next_dagrun for example_task_group_decorator to 2025-10-29T01:48:59.118802+00:00, run_after=2025-10-30T01:48:59.118802+00:00
[2025-10-30T01:48:59.134+0000] {processor.py:179} INFO - Processing /home/vscode/.local/lib/python3.10/site-packages/airflow/example_dags/example_task_group_decorator.py took 0.143 seconds
[2025-10-30T01:49:45.592+0000] {processor.py:157} INFO - Started process (PID=13913) to work on /home/vscode/.local/lib/python3.10/site-packages/airflow/example_dags/example_task_group_decorator.py
[2025-10-30T01:49:45.593+0000] {processor.py:826} INFO - Processing file /home/vscode/.local/lib/python3.10/site-packages/airflow/example_dags/example_task_group_decorator.py for tasks to queue
[2025-10-30T01:49:45.594+0000] {logging_mixin.py:150} INFO - [2025-10-30T01:49:45.593+0000] {dagbag.py:541} INFO - Filling up the DagBag from /home/vscode/.local/lib/python3.10/site-packages/airflow/example_dags/example_task_group_decorator.py
[2025-10-30T01:49:45.605+0000] {processor.py:836} INFO - DAG(s) dict_keys(['example_task_group_decorator']) retrieved from /home/vscode/.local/lib/python3.10/site-packages/airflow/example_dags/example_task_group_decorator.py
[2025-10-30T01:49:45.619+0000] {logging_mixin.py:150} INFO - [2025-10-30T01:49:45.619+0000] {dag.py:2742} INFO - Sync 1 DAGs
[2025-10-30T01:49:45.632+0000] {logging_mixin.py:150} INFO - [2025-10-30T01:49:45.632+0000] {dag.py:3504} INFO - Setting next_dagrun for example_task_group_decorator to 2025-10-29T01:49:45.632446+00:00, run_after=2025-10-30T01:49:45.632446+00:00
[2025-10-30T01:49:45.647+0000] {processor.py:179} INFO - Processing /home/vscode/.local/lib/python3.10/site-packages/airflow/example_dags/example_task_group_decorator.py took 0.057 seconds
[2025-10-30T01:50:29.539+0000] {processor.py:157} INFO - Started process (PID=14220) to work on /home/vscode/.local/lib/python3.10/site-packages/airflow/example_dags/example_task_group_decorator.py
[2025-10-30T01:50:29.540+0000] {processor.py:826} INFO - Processing file /home/vscode/.local/lib/python3.10/site-packages/airflow/example_dags/example_task_group_decorator.py for tasks to queue
[2025-10-30T01:50:29.540+0000] {logging_mixin.py:150} INFO - [2025-10-30T01:50:29.540+0000] {dagbag.py:541} INFO - Filling up the DagBag from /home/vscode/.local/lib/python3.10/site-packages/airflow/example_dags/example_task_group_decorator.py
[2025-10-30T01:50:29.551+0000] {processor.py:836} INFO - DAG(s) dict_keys(['example_task_group_decorator']) retrieved from /home/vscode/.local/lib/python3.10/site-packages/airflow/example_dags/example_task_group_decorator.py
[2025-10-30T01:50:29.565+0000] {logging_mixin.py:150} INFO - [2025-10-30T01:50:29.565+0000] {dag.py:2742} INFO - Sync 1 DAGs
[2025-10-30T01:50:29.578+0000] {logging_mixin.py:150} INFO - [2025-10-30T01:50:29.578+0000] {dag.py:3504} INFO - Setting next_dagrun for example_task_group_decorator to 2025-10-29T01:50:29.578655+00:00, run_after=2025-10-30T01:50:29.578655+00:00
[2025-10-30T01:50:29.593+0000] {processor.py:179} INFO - Processing /home/vscode/.local/lib/python3.10/site-packages/airflow/example_dags/example_task_group_decorator.py took 0.056 seconds
[2025-10-30T01:51:14.479+0000] {processor.py:157} INFO - Started process (PID=14530) to work on /home/vscode/.local/lib/python3.10/site-packages/airflow/example_dags/example_task_group_decorator.py
[2025-10-30T01:51:14.480+0000] {processor.py:826} INFO - Processing file /home/vscode/.local/lib/python3.10/site-packages/airflow/example_dags/example_task_group_decorator.py for tasks to queue
[2025-10-30T01:51:14.480+0000] {logging_mixin.py:150} INFO - [2025-10-30T01:51:14.480+0000] {dagbag.py:541} INFO - Filling up the DagBag from /home/vscode/.local/lib/python3.10/site-packages/airflow/example_dags/example_task_group_decorator.py
[2025-10-30T01:51:14.491+0000] {processor.py:836} INFO - DAG(s) dict_keys(['example_task_group_decorator']) retrieved from /home/vscode/.local/lib/python3.10/site-packages/airflow/example_dags/example_task_group_decorator.py
[2025-10-30T01:51:14.505+0000] {logging_mixin.py:150} INFO - [2025-10-30T01:51:14.505+0000] {dag.py:2742} INFO - Sync 1 DAGs
[2025-10-30T01:51:14.518+0000] {logging_mixin.py:150} INFO - [2025-10-30T01:51:14.518+0000] {dag.py:3504} INFO - Setting next_dagrun for example_task_group_decorator to 2025-10-29T01:51:14.518715+00:00, run_after=2025-10-30T01:51:14.518715+00:00
[2025-10-30T01:51:14.533+0000] {processor.py:179} INFO - Processing /home/vscode/.local/lib/python3.10/site-packages/airflow/example_dags/example_task_group_decorator.py took 0.057 seconds
[2025-10-30T01:51:57.956+0000] {processor.py:157} INFO - Started process (PID=14817) to work on /home/vscode/.local/lib/python3.10/site-packages/airflow/example_dags/example_task_group_decorator.py
[2025-10-30T01:51:57.956+0000] {processor.py:826} INFO - Processing file /home/vscode/.local/lib/python3.10/site-packages/airflow/example_dags/example_task_group_decorator.py for tasks to queue
[2025-10-30T01:51:57.957+0000] {logging_mixin.py:150} INFO - [2025-10-30T01:51:57.957+0000] {dagbag.py:541} INFO - Filling up the DagBag from /home/vscode/.local/lib/python3.10/site-packages/airflow/example_dags/example_task_group_decorator.py
[2025-10-30T01:51:57.968+0000] {processor.py:836} INFO - DAG(s) dict_keys(['example_task_group_decorator']) retrieved from /home/vscode/.local/lib/python3.10/site-packages/airflow/example_dags/example_task_group_decorator.py
[2025-10-30T01:51:57.981+0000] {logging_mixin.py:150} INFO - [2025-10-30T01:51:57.981+0000] {dag.py:2742} INFO - Sync 1 DAGs
[2025-10-30T01:51:57.994+0000] {logging_mixin.py:150} INFO - [2025-10-30T01:51:57.994+0000] {dag.py:3504} INFO - Setting next_dagrun for example_task_group_decorator to 2025-10-29T01:51:57.994729+00:00, run_after=2025-10-30T01:51:57.994729+00:00
[2025-10-30T01:51:58.009+0000] {processor.py:179} INFO - Processing /home/vscode/.local/lib/python3.10/site-packages/airflow/example_dags/example_task_group_decorator.py took 0.055 seconds
[2025-10-30T01:52:44.096+0000] {processor.py:157} INFO - Started process (PID=15121) to work on /home/vscode/.local/lib/python3.10/site-packages/airflow/example_dags/example_task_group_decorator.py
[2025-10-30T01:52:44.097+0000] {processor.py:826} INFO - Processing file /home/vscode/.local/lib/python3.10/site-packages/airflow/example_dags/example_task_group_decorator.py for tasks to queue
[2025-10-30T01:52:44.098+0000] {logging_mixin.py:150} INFO - [2025-10-30T01:52:44.097+0000] {dagbag.py:541} INFO - Filling up the DagBag from /home/vscode/.local/lib/python3.10/site-packages/airflow/example_dags/example_task_group_decorator.py
[2025-10-30T01:52:44.109+0000] {processor.py:836} INFO - DAG(s) dict_keys(['example_task_group_decorator']) retrieved from /home/vscode/.local/lib/python3.10/site-packages/airflow/example_dags/example_task_group_decorator.py
[2025-10-30T01:52:44.123+0000] {logging_mixin.py:150} INFO - [2025-10-30T01:52:44.123+0000] {dag.py:2742} INFO - Sync 1 DAGs
[2025-10-30T01:52:44.142+0000] {logging_mixin.py:150} INFO - [2025-10-30T01:52:44.142+0000] {dag.py:3504} INFO - Setting next_dagrun for example_task_group_decorator to 2025-10-29T01:52:44.142020+00:00, run_after=2025-10-30T01:52:44.142020+00:00
[2025-10-30T01:52:44.163+0000] {processor.py:179} INFO - Processing /home/vscode/.local/lib/python3.10/site-packages/airflow/example_dags/example_task_group_decorator.py took 0.069 seconds
[2025-10-30T01:53:28.500+0000] {processor.py:157} INFO - Started process (PID=15427) to work on /home/vscode/.local/lib/python3.10/site-packages/airflow/example_dags/example_task_group_decorator.py
[2025-10-30T01:53:28.500+0000] {processor.py:826} INFO - Processing file /home/vscode/.local/lib/python3.10/site-packages/airflow/example_dags/example_task_group_decorator.py for tasks to queue
[2025-10-30T01:53:28.501+0000] {logging_mixin.py:150} INFO - [2025-10-30T01:53:28.501+0000] {dagbag.py:541} INFO - Filling up the DagBag from /home/vscode/.local/lib/python3.10/site-packages/airflow/example_dags/example_task_group_decorator.py
[2025-10-30T01:53:28.513+0000] {processor.py:836} INFO - DAG(s) dict_keys(['example_task_group_decorator']) retrieved from /home/vscode/.local/lib/python3.10/site-packages/airflow/example_dags/example_task_group_decorator.py
[2025-10-30T01:53:28.527+0000] {logging_mixin.py:150} INFO - [2025-10-30T01:53:28.527+0000] {dag.py:2742} INFO - Sync 1 DAGs
[2025-10-30T01:53:28.540+0000] {logging_mixin.py:150} INFO - [2025-10-30T01:53:28.540+0000] {dag.py:3504} INFO - Setting next_dagrun for example_task_group_decorator to 2025-10-29T01:53:28.540518+00:00, run_after=2025-10-30T01:53:28.540518+00:00
[2025-10-30T01:53:28.555+0000] {processor.py:179} INFO - Processing /home/vscode/.local/lib/python3.10/site-packages/airflow/example_dags/example_task_group_decorator.py took 0.057 seconds
[2025-10-30T01:54:10.346+0000] {processor.py:157} INFO - Started process (PID=15838) to work on /home/vscode/.local/lib/python3.10/site-packages/airflow/example_dags/example_task_group_decorator.py
[2025-10-30T01:54:10.347+0000] {processor.py:826} INFO - Processing file /home/vscode/.local/lib/python3.10/site-packages/airflow/example_dags/example_task_group_decorator.py for tasks to queue
[2025-10-30T01:54:10.348+0000] {logging_mixin.py:150} INFO - [2025-10-30T01:54:10.347+0000] {dagbag.py:541} INFO - Filling up the DagBag from /home/vscode/.local/lib/python3.10/site-packages/airflow/example_dags/example_task_group_decorator.py
[2025-10-30T01:54:10.358+0000] {processor.py:836} INFO - DAG(s) dict_keys(['example_task_group_decorator']) retrieved from /home/vscode/.local/lib/python3.10/site-packages/airflow/example_dags/example_task_group_decorator.py
[2025-10-30T01:54:10.372+0000] {logging_mixin.py:150} INFO - [2025-10-30T01:54:10.371+0000] {dag.py:2742} INFO - Sync 1 DAGs
[2025-10-30T01:54:10.385+0000] {logging_mixin.py:150} INFO - [2025-10-30T01:54:10.385+0000] {dag.py:3504} INFO - Setting next_dagrun for example_task_group_decorator to 2025-10-29T01:54:10.385254+00:00, run_after=2025-10-30T01:54:10.385254+00:00
[2025-10-30T01:54:10.399+0000] {processor.py:179} INFO - Processing /home/vscode/.local/lib/python3.10/site-packages/airflow/example_dags/example_task_group_decorator.py took 0.055 seconds
[2025-10-30T01:54:52.436+0000] {processor.py:157} INFO - Started process (PID=16128) to work on /home/vscode/.local/lib/python3.10/site-packages/airflow/example_dags/example_task_group_decorator.py
[2025-10-30T01:54:52.436+0000] {processor.py:826} INFO - Processing file /home/vscode/.local/lib/python3.10/site-packages/airflow/example_dags/example_task_group_decorator.py for tasks to queue
[2025-10-30T01:54:52.437+0000] {logging_mixin.py:150} INFO - [2025-10-30T01:54:52.437+0000] {dagbag.py:541} INFO - Filling up the DagBag from /home/vscode/.local/lib/python3.10/site-packages/airflow/example_dags/example_task_group_decorator.py
[2025-10-30T01:54:52.448+0000] {processor.py:836} INFO - DAG(s) dict_keys(['example_task_group_decorator']) retrieved from /home/vscode/.local/lib/python3.10/site-packages/airflow/example_dags/example_task_group_decorator.py
[2025-10-30T01:54:52.461+0000] {logging_mixin.py:150} INFO - [2025-10-30T01:54:52.461+0000] {dag.py:2742} INFO - Sync 1 DAGs
[2025-10-30T01:54:52.475+0000] {logging_mixin.py:150} INFO - [2025-10-30T01:54:52.475+0000] {dag.py:3504} INFO - Setting next_dagrun for example_task_group_decorator to 2025-10-29T01:54:52.475031+00:00, run_after=2025-10-30T01:54:52.475031+00:00
[2025-10-30T01:54:52.491+0000] {processor.py:179} INFO - Processing /home/vscode/.local/lib/python3.10/site-packages/airflow/example_dags/example_task_group_decorator.py took 0.057 seconds
[2025-10-30T01:55:32.414+0000] {processor.py:157} INFO - Started process (PID=16495) to work on /home/vscode/.local/lib/python3.10/site-packages/airflow/example_dags/example_task_group_decorator.py
[2025-10-30T01:55:32.415+0000] {processor.py:826} INFO - Processing file /home/vscode/.local/lib/python3.10/site-packages/airflow/example_dags/example_task_group_decorator.py for tasks to queue
[2025-10-30T01:55:32.415+0000] {logging_mixin.py:150} INFO - [2025-10-30T01:55:32.415+0000] {dagbag.py:541} INFO - Filling up the DagBag from /home/vscode/.local/lib/python3.10/site-packages/airflow/example_dags/example_task_group_decorator.py
[2025-10-30T01:55:32.432+0000] {processor.py:836} INFO - DAG(s) dict_keys(['example_task_group_decorator']) retrieved from /home/vscode/.local/lib/python3.10/site-packages/airflow/example_dags/example_task_group_decorator.py
[2025-10-30T01:55:32.448+0000] {logging_mixin.py:150} INFO - [2025-10-30T01:55:32.448+0000] {dag.py:2742} INFO - Sync 1 DAGs
[2025-10-30T01:55:32.466+0000] {logging_mixin.py:150} INFO - [2025-10-30T01:55:32.466+0000] {dag.py:3504} INFO - Setting next_dagrun for example_task_group_decorator to 2025-10-29T01:55:32.465876+00:00, run_after=2025-10-30T01:55:32.465876+00:00
[2025-10-30T01:55:32.482+0000] {processor.py:179} INFO - Processing /home/vscode/.local/lib/python3.10/site-packages/airflow/example_dags/example_task_group_decorator.py took 0.070 seconds
[2025-10-30T02:06:31.009+0000] {processor.py:157} INFO - Started process (PID=20606) to work on /home/vscode/.local/lib/python3.10/site-packages/airflow/example_dags/example_task_group_decorator.py
[2025-10-30T02:06:31.009+0000] {processor.py:826} INFO - Processing file /home/vscode/.local/lib/python3.10/site-packages/airflow/example_dags/example_task_group_decorator.py for tasks to queue
[2025-10-30T02:06:31.010+0000] {logging_mixin.py:150} INFO - [2025-10-30T02:06:31.010+0000] {dagbag.py:541} INFO - Filling up the DagBag from /home/vscode/.local/lib/python3.10/site-packages/airflow/example_dags/example_task_group_decorator.py
[2025-10-30T02:06:31.023+0000] {processor.py:836} INFO - DAG(s) dict_keys(['example_task_group_decorator']) retrieved from /home/vscode/.local/lib/python3.10/site-packages/airflow/example_dags/example_task_group_decorator.py
[2025-10-30T02:06:31.042+0000] {logging_mixin.py:150} INFO - [2025-10-30T02:06:31.042+0000] {dag.py:2742} INFO - Sync 1 DAGs
[2025-10-30T02:06:31.056+0000] {logging_mixin.py:150} INFO - [2025-10-30T02:06:31.056+0000] {dag.py:3504} INFO - Setting next_dagrun for example_task_group_decorator to 2025-10-29T02:06:31.056488+00:00, run_after=2025-10-30T02:06:31.056488+00:00
[2025-10-30T02:06:31.071+0000] {processor.py:179} INFO - Processing /home/vscode/.local/lib/python3.10/site-packages/airflow/example_dags/example_task_group_decorator.py took 0.064 seconds
[2025-10-30T02:07:15.819+0000] {processor.py:157} INFO - Started process (PID=20948) to work on /home/vscode/.local/lib/python3.10/site-packages/airflow/example_dags/example_task_group_decorator.py
[2025-10-30T02:07:15.820+0000] {processor.py:826} INFO - Processing file /home/vscode/.local/lib/python3.10/site-packages/airflow/example_dags/example_task_group_decorator.py for tasks to queue
[2025-10-30T02:07:15.820+0000] {logging_mixin.py:150} INFO - [2025-10-30T02:07:15.820+0000] {dagbag.py:541} INFO - Filling up the DagBag from /home/vscode/.local/lib/python3.10/site-packages/airflow/example_dags/example_task_group_decorator.py
[2025-10-30T02:07:15.831+0000] {processor.py:836} INFO - DAG(s) dict_keys(['example_task_group_decorator']) retrieved from /home/vscode/.local/lib/python3.10/site-packages/airflow/example_dags/example_task_group_decorator.py
[2025-10-30T02:07:15.845+0000] {logging_mixin.py:150} INFO - [2025-10-30T02:07:15.845+0000] {dag.py:2742} INFO - Sync 1 DAGs
[2025-10-30T02:07:15.859+0000] {logging_mixin.py:150} INFO - [2025-10-30T02:07:15.859+0000] {dag.py:3504} INFO - Setting next_dagrun for example_task_group_decorator to 2025-10-29T02:07:15.859422+00:00, run_after=2025-10-30T02:07:15.859422+00:00
[2025-10-30T02:07:15.875+0000] {processor.py:179} INFO - Processing /home/vscode/.local/lib/python3.10/site-packages/airflow/example_dags/example_task_group_decorator.py took 0.058 seconds
[2025-10-30T02:07:59.586+0000] {processor.py:157} INFO - Started process (PID=21277) to work on /home/vscode/.local/lib/python3.10/site-packages/airflow/example_dags/example_task_group_decorator.py
[2025-10-30T02:07:59.586+0000] {processor.py:826} INFO - Processing file /home/vscode/.local/lib/python3.10/site-packages/airflow/example_dags/example_task_group_decorator.py for tasks to queue
[2025-10-30T02:07:59.587+0000] {logging_mixin.py:150} INFO - [2025-10-30T02:07:59.587+0000] {dagbag.py:541} INFO - Filling up the DagBag from /home/vscode/.local/lib/python3.10/site-packages/airflow/example_dags/example_task_group_decorator.py
[2025-10-30T02:07:59.598+0000] {processor.py:836} INFO - DAG(s) dict_keys(['example_task_group_decorator']) retrieved from /home/vscode/.local/lib/python3.10/site-packages/airflow/example_dags/example_task_group_decorator.py
[2025-10-30T02:07:59.611+0000] {logging_mixin.py:150} INFO - [2025-10-30T02:07:59.611+0000] {dag.py:2742} INFO - Sync 1 DAGs
[2025-10-30T02:07:59.625+0000] {logging_mixin.py:150} INFO - [2025-10-30T02:07:59.625+0000] {dag.py:3504} INFO - Setting next_dagrun for example_task_group_decorator to 2025-10-29T02:07:59.624864+00:00, run_after=2025-10-30T02:07:59.624864+00:00
[2025-10-30T02:07:59.640+0000] {processor.py:179} INFO - Processing /home/vscode/.local/lib/python3.10/site-packages/airflow/example_dags/example_task_group_decorator.py took 0.056 seconds
[2025-10-30T02:08:45.767+0000] {processor.py:157} INFO - Started process (PID=21728) to work on /home/vscode/.local/lib/python3.10/site-packages/airflow/example_dags/example_task_group_decorator.py
[2025-10-30T02:08:45.768+0000] {processor.py:826} INFO - Processing file /home/vscode/.local/lib/python3.10/site-packages/airflow/example_dags/example_task_group_decorator.py for tasks to queue
[2025-10-30T02:08:45.769+0000] {logging_mixin.py:150} INFO - [2025-10-30T02:08:45.769+0000] {dagbag.py:541} INFO - Filling up the DagBag from /home/vscode/.local/lib/python3.10/site-packages/airflow/example_dags/example_task_group_decorator.py
[2025-10-30T02:08:45.781+0000] {processor.py:836} INFO - DAG(s) dict_keys(['example_task_group_decorator']) retrieved from /home/vscode/.local/lib/python3.10/site-packages/airflow/example_dags/example_task_group_decorator.py
[2025-10-30T02:08:45.794+0000] {logging_mixin.py:150} INFO - [2025-10-30T02:08:45.794+0000] {dag.py:2742} INFO - Sync 1 DAGs
[2025-10-30T02:08:45.809+0000] {logging_mixin.py:150} INFO - [2025-10-30T02:08:45.809+0000] {dag.py:3504} INFO - Setting next_dagrun for example_task_group_decorator to 2025-10-29T02:08:45.809613+00:00, run_after=2025-10-30T02:08:45.809613+00:00
[2025-10-30T02:08:45.825+0000] {processor.py:179} INFO - Processing /home/vscode/.local/lib/python3.10/site-packages/airflow/example_dags/example_task_group_decorator.py took 0.061 seconds
