[2025-10-30T01:48:50.968+0000] {processor.py:157} INFO - Started process (PID=13555) to work on /home/vscode/.local/lib/python3.10/site-packages/airflow/example_dags/tutorial_taskflow_api.py
[2025-10-30T01:48:50.969+0000] {processor.py:826} INFO - Processing file /home/vscode/.local/lib/python3.10/site-packages/airflow/example_dags/tutorial_taskflow_api.py for tasks to queue
[2025-10-30T01:48:50.969+0000] {logging_mixin.py:150} INFO - [2025-10-30T01:48:50.969+0000] {dagbag.py:541} INFO - Filling up the DagBag from /home/vscode/.local/lib/python3.10/site-packages/airflow/example_dags/tutorial_taskflow_api.py
[2025-10-30T01:48:50.975+0000] {processor.py:836} INFO - DAG(s) dict_keys(['tutorial_taskflow_api']) retrieved from /home/vscode/.local/lib/python3.10/site-packages/airflow/example_dags/tutorial_taskflow_api.py
[2025-10-30T01:48:51.051+0000] {logging_mixin.py:150} INFO - [2025-10-30T01:48:51.051+0000] {manager.py:504} INFO - Created Permission View: can read on DAG:tutorial_taskflow_api
[2025-10-30T01:48:51.060+0000] {logging_mixin.py:150} INFO - [2025-10-30T01:48:51.059+0000] {manager.py:504} INFO - Created Permission View: can delete on DAG:tutorial_taskflow_api
[2025-10-30T01:48:51.066+0000] {logging_mixin.py:150} INFO - [2025-10-30T01:48:51.066+0000] {manager.py:504} INFO - Created Permission View: can edit on DAG:tutorial_taskflow_api
[2025-10-30T01:48:51.074+0000] {logging_mixin.py:150} INFO - [2025-10-30T01:48:51.074+0000] {dag.py:2742} INFO - Sync 1 DAGs
[2025-10-30T01:48:51.080+0000] {logging_mixin.py:150} INFO - [2025-10-30T01:48:51.080+0000] {dag.py:2763} INFO - Creating ORM DAG for tutorial_taskflow_api
[2025-10-30T01:48:51.086+0000] {logging_mixin.py:150} INFO - [2025-10-30T01:48:51.086+0000] {dag.py:3504} INFO - Setting next_dagrun for tutorial_taskflow_api to None, run_after=None
[2025-10-30T01:48:51.101+0000] {processor.py:179} INFO - Processing /home/vscode/.local/lib/python3.10/site-packages/airflow/example_dags/tutorial_taskflow_api.py took 0.135 seconds
[2025-10-30T01:49:39.315+0000] {processor.py:157} INFO - Started process (PID=13863) to work on /home/vscode/.local/lib/python3.10/site-packages/airflow/example_dags/tutorial_taskflow_api.py
[2025-10-30T01:49:39.315+0000] {processor.py:826} INFO - Processing file /home/vscode/.local/lib/python3.10/site-packages/airflow/example_dags/tutorial_taskflow_api.py for tasks to queue
[2025-10-30T01:49:39.316+0000] {logging_mixin.py:150} INFO - [2025-10-30T01:49:39.316+0000] {dagbag.py:541} INFO - Filling up the DagBag from /home/vscode/.local/lib/python3.10/site-packages/airflow/example_dags/tutorial_taskflow_api.py
[2025-10-30T01:49:39.320+0000] {processor.py:836} INFO - DAG(s) dict_keys(['tutorial_taskflow_api']) retrieved from /home/vscode/.local/lib/python3.10/site-packages/airflow/example_dags/tutorial_taskflow_api.py
[2025-10-30T01:49:39.335+0000] {logging_mixin.py:150} INFO - [2025-10-30T01:49:39.335+0000] {dag.py:2742} INFO - Sync 1 DAGs
[2025-10-30T01:49:39.349+0000] {logging_mixin.py:150} INFO - [2025-10-30T01:49:39.349+0000] {dag.py:3504} INFO - Setting next_dagrun for tutorial_taskflow_api to None, run_after=None
[2025-10-30T01:49:39.364+0000] {processor.py:179} INFO - Processing /home/vscode/.local/lib/python3.10/site-packages/airflow/example_dags/tutorial_taskflow_api.py took 0.051 seconds
[2025-10-30T01:50:21.557+0000] {processor.py:157} INFO - Started process (PID=14154) to work on /home/vscode/.local/lib/python3.10/site-packages/airflow/example_dags/tutorial_taskflow_api.py
[2025-10-30T01:50:21.557+0000] {processor.py:826} INFO - Processing file /home/vscode/.local/lib/python3.10/site-packages/airflow/example_dags/tutorial_taskflow_api.py for tasks to queue
[2025-10-30T01:50:21.558+0000] {logging_mixin.py:150} INFO - [2025-10-30T01:50:21.558+0000] {dagbag.py:541} INFO - Filling up the DagBag from /home/vscode/.local/lib/python3.10/site-packages/airflow/example_dags/tutorial_taskflow_api.py
[2025-10-30T01:50:21.562+0000] {processor.py:836} INFO - DAG(s) dict_keys(['tutorial_taskflow_api']) retrieved from /home/vscode/.local/lib/python3.10/site-packages/airflow/example_dags/tutorial_taskflow_api.py
[2025-10-30T01:50:21.574+0000] {logging_mixin.py:150} INFO - [2025-10-30T01:50:21.574+0000] {dag.py:2742} INFO - Sync 1 DAGs
[2025-10-30T01:50:21.587+0000] {logging_mixin.py:150} INFO - [2025-10-30T01:50:21.587+0000] {dag.py:3504} INFO - Setting next_dagrun for tutorial_taskflow_api to None, run_after=None
[2025-10-30T01:50:21.601+0000] {processor.py:179} INFO - Processing /home/vscode/.local/lib/python3.10/site-packages/airflow/example_dags/tutorial_taskflow_api.py took 0.046 seconds
[2025-10-30T01:51:06.611+0000] {processor.py:157} INFO - Started process (PID=14472) to work on /home/vscode/.local/lib/python3.10/site-packages/airflow/example_dags/tutorial_taskflow_api.py
[2025-10-30T01:51:06.612+0000] {processor.py:826} INFO - Processing file /home/vscode/.local/lib/python3.10/site-packages/airflow/example_dags/tutorial_taskflow_api.py for tasks to queue
[2025-10-30T01:51:06.612+0000] {logging_mixin.py:150} INFO - [2025-10-30T01:51:06.612+0000] {dagbag.py:541} INFO - Filling up the DagBag from /home/vscode/.local/lib/python3.10/site-packages/airflow/example_dags/tutorial_taskflow_api.py
[2025-10-30T01:51:06.617+0000] {processor.py:836} INFO - DAG(s) dict_keys(['tutorial_taskflow_api']) retrieved from /home/vscode/.local/lib/python3.10/site-packages/airflow/example_dags/tutorial_taskflow_api.py
[2025-10-30T01:51:06.628+0000] {logging_mixin.py:150} INFO - [2025-10-30T01:51:06.627+0000] {dag.py:2742} INFO - Sync 1 DAGs
[2025-10-30T01:51:06.641+0000] {logging_mixin.py:150} INFO - [2025-10-30T01:51:06.641+0000] {dag.py:3504} INFO - Setting next_dagrun for tutorial_taskflow_api to None, run_after=None
[2025-10-30T01:51:06.658+0000] {processor.py:179} INFO - Processing /home/vscode/.local/lib/python3.10/site-packages/airflow/example_dags/tutorial_taskflow_api.py took 0.049 seconds
[2025-10-30T01:51:49.947+0000] {processor.py:157} INFO - Started process (PID=14760) to work on /home/vscode/.local/lib/python3.10/site-packages/airflow/example_dags/tutorial_taskflow_api.py
[2025-10-30T01:51:49.947+0000] {processor.py:826} INFO - Processing file /home/vscode/.local/lib/python3.10/site-packages/airflow/example_dags/tutorial_taskflow_api.py for tasks to queue
[2025-10-30T01:51:49.948+0000] {logging_mixin.py:150} INFO - [2025-10-30T01:51:49.948+0000] {dagbag.py:541} INFO - Filling up the DagBag from /home/vscode/.local/lib/python3.10/site-packages/airflow/example_dags/tutorial_taskflow_api.py
[2025-10-30T01:51:49.952+0000] {processor.py:836} INFO - DAG(s) dict_keys(['tutorial_taskflow_api']) retrieved from /home/vscode/.local/lib/python3.10/site-packages/airflow/example_dags/tutorial_taskflow_api.py
[2025-10-30T01:51:49.963+0000] {logging_mixin.py:150} INFO - [2025-10-30T01:51:49.963+0000] {dag.py:2742} INFO - Sync 1 DAGs
[2025-10-30T01:51:49.977+0000] {logging_mixin.py:150} INFO - [2025-10-30T01:51:49.977+0000] {dag.py:3504} INFO - Setting next_dagrun for tutorial_taskflow_api to None, run_after=None
[2025-10-30T01:51:49.991+0000] {processor.py:179} INFO - Processing /home/vscode/.local/lib/python3.10/site-packages/airflow/example_dags/tutorial_taskflow_api.py took 0.047 seconds
[2025-10-30T01:52:37.819+0000] {processor.py:157} INFO - Started process (PID=15076) to work on /home/vscode/.local/lib/python3.10/site-packages/airflow/example_dags/tutorial_taskflow_api.py
[2025-10-30T01:52:37.820+0000] {processor.py:826} INFO - Processing file /home/vscode/.local/lib/python3.10/site-packages/airflow/example_dags/tutorial_taskflow_api.py for tasks to queue
[2025-10-30T01:52:37.820+0000] {logging_mixin.py:150} INFO - [2025-10-30T01:52:37.820+0000] {dagbag.py:541} INFO - Filling up the DagBag from /home/vscode/.local/lib/python3.10/site-packages/airflow/example_dags/tutorial_taskflow_api.py
[2025-10-30T01:52:37.827+0000] {processor.py:836} INFO - DAG(s) dict_keys(['tutorial_taskflow_api']) retrieved from /home/vscode/.local/lib/python3.10/site-packages/airflow/example_dags/tutorial_taskflow_api.py
[2025-10-30T01:52:37.840+0000] {logging_mixin.py:150} INFO - [2025-10-30T01:52:37.840+0000] {dag.py:2742} INFO - Sync 1 DAGs
[2025-10-30T01:52:37.853+0000] {logging_mixin.py:150} INFO - [2025-10-30T01:52:37.853+0000] {dag.py:3504} INFO - Setting next_dagrun for tutorial_taskflow_api to None, run_after=None
[2025-10-30T01:52:37.868+0000] {processor.py:179} INFO - Processing /home/vscode/.local/lib/python3.10/site-packages/airflow/example_dags/tutorial_taskflow_api.py took 0.052 seconds
[2025-10-30T01:53:17.224+0000] {processor.py:157} INFO - Started process (PID=15346) to work on /home/vscode/.local/lib/python3.10/site-packages/airflow/example_dags/tutorial_taskflow_api.py
[2025-10-30T01:53:17.225+0000] {processor.py:826} INFO - Processing file /home/vscode/.local/lib/python3.10/site-packages/airflow/example_dags/tutorial_taskflow_api.py for tasks to queue
[2025-10-30T01:53:17.225+0000] {logging_mixin.py:150} INFO - [2025-10-30T01:53:17.225+0000] {dagbag.py:541} INFO - Filling up the DagBag from /home/vscode/.local/lib/python3.10/site-packages/airflow/example_dags/tutorial_taskflow_api.py
[2025-10-30T01:53:17.231+0000] {processor.py:836} INFO - DAG(s) dict_keys(['tutorial_taskflow_api']) retrieved from /home/vscode/.local/lib/python3.10/site-packages/airflow/example_dags/tutorial_taskflow_api.py
[2025-10-30T01:53:17.247+0000] {logging_mixin.py:150} INFO - [2025-10-30T01:53:17.247+0000] {dag.py:2742} INFO - Sync 1 DAGs
[2025-10-30T01:53:17.267+0000] {logging_mixin.py:150} INFO - [2025-10-30T01:53:17.267+0000] {dag.py:3504} INFO - Setting next_dagrun for tutorial_taskflow_api to None, run_after=None
[2025-10-30T01:53:17.286+0000] {processor.py:179} INFO - Processing /home/vscode/.local/lib/python3.10/site-packages/airflow/example_dags/tutorial_taskflow_api.py took 0.065 seconds
[2025-10-30T01:53:56.062+0000] {processor.py:157} INFO - Started process (PID=15690) to work on /home/vscode/.local/lib/python3.10/site-packages/airflow/example_dags/tutorial_taskflow_api.py
[2025-10-30T01:53:56.063+0000] {processor.py:826} INFO - Processing file /home/vscode/.local/lib/python3.10/site-packages/airflow/example_dags/tutorial_taskflow_api.py for tasks to queue
[2025-10-30T01:53:56.064+0000] {logging_mixin.py:150} INFO - [2025-10-30T01:53:56.063+0000] {dagbag.py:541} INFO - Filling up the DagBag from /home/vscode/.local/lib/python3.10/site-packages/airflow/example_dags/tutorial_taskflow_api.py
[2025-10-30T01:53:56.070+0000] {processor.py:836} INFO - DAG(s) dict_keys(['tutorial_taskflow_api']) retrieved from /home/vscode/.local/lib/python3.10/site-packages/airflow/example_dags/tutorial_taskflow_api.py
[2025-10-30T01:53:56.083+0000] {logging_mixin.py:150} INFO - [2025-10-30T01:53:56.083+0000] {dag.py:2742} INFO - Sync 1 DAGs
[2025-10-30T01:53:56.096+0000] {logging_mixin.py:150} INFO - [2025-10-30T01:53:56.096+0000] {dag.py:3504} INFO - Setting next_dagrun for tutorial_taskflow_api to None, run_after=None
[2025-10-30T01:53:56.111+0000] {processor.py:179} INFO - Processing /home/vscode/.local/lib/python3.10/site-packages/airflow/example_dags/tutorial_taskflow_api.py took 0.051 seconds
[2025-10-30T01:54:38.482+0000] {processor.py:157} INFO - Started process (PID=16031) to work on /home/vscode/.local/lib/python3.10/site-packages/airflow/example_dags/tutorial_taskflow_api.py
[2025-10-30T01:54:38.483+0000] {processor.py:826} INFO - Processing file /home/vscode/.local/lib/python3.10/site-packages/airflow/example_dags/tutorial_taskflow_api.py for tasks to queue
[2025-10-30T01:54:38.483+0000] {logging_mixin.py:150} INFO - [2025-10-30T01:54:38.483+0000] {dagbag.py:541} INFO - Filling up the DagBag from /home/vscode/.local/lib/python3.10/site-packages/airflow/example_dags/tutorial_taskflow_api.py
[2025-10-30T01:54:38.488+0000] {processor.py:836} INFO - DAG(s) dict_keys(['tutorial_taskflow_api']) retrieved from /home/vscode/.local/lib/python3.10/site-packages/airflow/example_dags/tutorial_taskflow_api.py
[2025-10-30T01:54:38.499+0000] {logging_mixin.py:150} INFO - [2025-10-30T01:54:38.499+0000] {dag.py:2742} INFO - Sync 1 DAGs
[2025-10-30T01:54:38.512+0000] {logging_mixin.py:150} INFO - [2025-10-30T01:54:38.512+0000] {dag.py:3504} INFO - Setting next_dagrun for tutorial_taskflow_api to None, run_after=None
[2025-10-30T01:54:38.527+0000] {processor.py:179} INFO - Processing /home/vscode/.local/lib/python3.10/site-packages/airflow/example_dags/tutorial_taskflow_api.py took 0.047 seconds
[2025-10-30T01:55:18.146+0000] {processor.py:157} INFO - Started process (PID=16359) to work on /home/vscode/.local/lib/python3.10/site-packages/airflow/example_dags/tutorial_taskflow_api.py
[2025-10-30T01:55:18.146+0000] {processor.py:826} INFO - Processing file /home/vscode/.local/lib/python3.10/site-packages/airflow/example_dags/tutorial_taskflow_api.py for tasks to queue
[2025-10-30T01:55:18.147+0000] {logging_mixin.py:150} INFO - [2025-10-30T01:55:18.147+0000] {dagbag.py:541} INFO - Filling up the DagBag from /home/vscode/.local/lib/python3.10/site-packages/airflow/example_dags/tutorial_taskflow_api.py
[2025-10-30T01:55:18.152+0000] {processor.py:836} INFO - DAG(s) dict_keys(['tutorial_taskflow_api']) retrieved from /home/vscode/.local/lib/python3.10/site-packages/airflow/example_dags/tutorial_taskflow_api.py
[2025-10-30T01:55:18.163+0000] {logging_mixin.py:150} INFO - [2025-10-30T01:55:18.163+0000] {dag.py:2742} INFO - Sync 1 DAGs
[2025-10-30T01:55:18.177+0000] {logging_mixin.py:150} INFO - [2025-10-30T01:55:18.177+0000] {dag.py:3504} INFO - Setting next_dagrun for tutorial_taskflow_api to None, run_after=None
[2025-10-30T01:55:18.193+0000] {processor.py:179} INFO - Processing /home/vscode/.local/lib/python3.10/site-packages/airflow/example_dags/tutorial_taskflow_api.py took 0.049 seconds
[2025-10-30T02:06:23.278+0000] {processor.py:157} INFO - Started process (PID=20544) to work on /home/vscode/.local/lib/python3.10/site-packages/airflow/example_dags/tutorial_taskflow_api.py
[2025-10-30T02:06:23.278+0000] {processor.py:826} INFO - Processing file /home/vscode/.local/lib/python3.10/site-packages/airflow/example_dags/tutorial_taskflow_api.py for tasks to queue
[2025-10-30T02:06:23.279+0000] {logging_mixin.py:150} INFO - [2025-10-30T02:06:23.279+0000] {dagbag.py:541} INFO - Filling up the DagBag from /home/vscode/.local/lib/python3.10/site-packages/airflow/example_dags/tutorial_taskflow_api.py
[2025-10-30T02:06:23.285+0000] {processor.py:836} INFO - DAG(s) dict_keys(['tutorial_taskflow_api']) retrieved from /home/vscode/.local/lib/python3.10/site-packages/airflow/example_dags/tutorial_taskflow_api.py
[2025-10-30T02:06:23.303+0000] {logging_mixin.py:150} INFO - [2025-10-30T02:06:23.302+0000] {dag.py:2742} INFO - Sync 1 DAGs
[2025-10-30T02:06:23.317+0000] {logging_mixin.py:150} INFO - [2025-10-30T02:06:23.317+0000] {dag.py:3504} INFO - Setting next_dagrun for tutorial_taskflow_api to None, run_after=None
[2025-10-30T02:06:23.331+0000] {processor.py:179} INFO - Processing /home/vscode/.local/lib/python3.10/site-packages/airflow/example_dags/tutorial_taskflow_api.py took 0.056 seconds
[2025-10-30T02:07:07.272+0000] {processor.py:157} INFO - Started process (PID=20886) to work on /home/vscode/.local/lib/python3.10/site-packages/airflow/example_dags/tutorial_taskflow_api.py
[2025-10-30T02:07:07.272+0000] {processor.py:826} INFO - Processing file /home/vscode/.local/lib/python3.10/site-packages/airflow/example_dags/tutorial_taskflow_api.py for tasks to queue
[2025-10-30T02:07:07.273+0000] {logging_mixin.py:150} INFO - [2025-10-30T02:07:07.273+0000] {dagbag.py:541} INFO - Filling up the DagBag from /home/vscode/.local/lib/python3.10/site-packages/airflow/example_dags/tutorial_taskflow_api.py
[2025-10-30T02:07:07.277+0000] {processor.py:836} INFO - DAG(s) dict_keys(['tutorial_taskflow_api']) retrieved from /home/vscode/.local/lib/python3.10/site-packages/airflow/example_dags/tutorial_taskflow_api.py
[2025-10-30T02:07:07.288+0000] {logging_mixin.py:150} INFO - [2025-10-30T02:07:07.288+0000] {dag.py:2742} INFO - Sync 1 DAGs
[2025-10-30T02:07:07.302+0000] {logging_mixin.py:150} INFO - [2025-10-30T02:07:07.302+0000] {dag.py:3504} INFO - Setting next_dagrun for tutorial_taskflow_api to None, run_after=None
[2025-10-30T02:07:07.317+0000] {processor.py:179} INFO - Processing /home/vscode/.local/lib/python3.10/site-packages/airflow/example_dags/tutorial_taskflow_api.py took 0.047 seconds
[2025-10-30T02:07:50.572+0000] {processor.py:157} INFO - Started process (PID=21217) to work on /home/vscode/.local/lib/python3.10/site-packages/airflow/example_dags/tutorial_taskflow_api.py
[2025-10-30T02:07:50.572+0000] {processor.py:826} INFO - Processing file /home/vscode/.local/lib/python3.10/site-packages/airflow/example_dags/tutorial_taskflow_api.py for tasks to queue
[2025-10-30T02:07:50.573+0000] {logging_mixin.py:150} INFO - [2025-10-30T02:07:50.573+0000] {dagbag.py:541} INFO - Filling up the DagBag from /home/vscode/.local/lib/python3.10/site-packages/airflow/example_dags/tutorial_taskflow_api.py
[2025-10-30T02:07:50.577+0000] {processor.py:836} INFO - DAG(s) dict_keys(['tutorial_taskflow_api']) retrieved from /home/vscode/.local/lib/python3.10/site-packages/airflow/example_dags/tutorial_taskflow_api.py
[2025-10-30T02:07:50.590+0000] {logging_mixin.py:150} INFO - [2025-10-30T02:07:50.590+0000] {dag.py:2742} INFO - Sync 1 DAGs
[2025-10-30T02:07:50.604+0000] {logging_mixin.py:150} INFO - [2025-10-30T02:07:50.604+0000] {dag.py:3504} INFO - Setting next_dagrun for tutorial_taskflow_api to None, run_after=None
[2025-10-30T02:07:50.618+0000] {processor.py:179} INFO - Processing /home/vscode/.local/lib/python3.10/site-packages/airflow/example_dags/tutorial_taskflow_api.py took 0.049 seconds
[2025-10-30T02:08:35.485+0000] {processor.py:157} INFO - Started process (PID=21608) to work on /home/vscode/.local/lib/python3.10/site-packages/airflow/example_dags/tutorial_taskflow_api.py
[2025-10-30T02:08:35.485+0000] {processor.py:826} INFO - Processing file /home/vscode/.local/lib/python3.10/site-packages/airflow/example_dags/tutorial_taskflow_api.py for tasks to queue
[2025-10-30T02:08:35.486+0000] {logging_mixin.py:150} INFO - [2025-10-30T02:08:35.486+0000] {dagbag.py:541} INFO - Filling up the DagBag from /home/vscode/.local/lib/python3.10/site-packages/airflow/example_dags/tutorial_taskflow_api.py
[2025-10-30T02:08:35.490+0000] {processor.py:836} INFO - DAG(s) dict_keys(['tutorial_taskflow_api']) retrieved from /home/vscode/.local/lib/python3.10/site-packages/airflow/example_dags/tutorial_taskflow_api.py
[2025-10-30T02:08:35.501+0000] {logging_mixin.py:150} INFO - [2025-10-30T02:08:35.501+0000] {dag.py:2742} INFO - Sync 1 DAGs
[2025-10-30T02:08:35.515+0000] {logging_mixin.py:150} INFO - [2025-10-30T02:08:35.515+0000] {dag.py:3504} INFO - Setting next_dagrun for tutorial_taskflow_api to None, run_after=None
[2025-10-30T02:08:35.530+0000] {processor.py:179} INFO - Processing /home/vscode/.local/lib/python3.10/site-packages/airflow/example_dags/tutorial_taskflow_api.py took 0.047 seconds
