[2025-10-30T01:48:44.999+0000] {processor.py:157} INFO - Started process (PID=13497) to work on /home/vscode/.local/lib/python3.10/site-packages/airflow/example_dags/tutorial_taskflow_api_virtualenv.py
[2025-10-30T01:48:45.000+0000] {processor.py:826} INFO - Processing file /home/vscode/.local/lib/python3.10/site-packages/airflow/example_dags/tutorial_taskflow_api_virtualenv.py for tasks to queue
[2025-10-30T01:48:45.001+0000] {logging_mixin.py:150} INFO - [2025-10-30T01:48:45.001+0000] {dagbag.py:541} INFO - Filling up the DagBag from /home/vscode/.local/lib/python3.10/site-packages/airflow/example_dags/tutorial_taskflow_api_virtualenv.py
[2025-10-30T01:48:45.010+0000] {processor.py:836} INFO - DAG(s) dict_keys(['tutorial_taskflow_api_virtualenv']) retrieved from /home/vscode/.local/lib/python3.10/site-packages/airflow/example_dags/tutorial_taskflow_api_virtualenv.py
[2025-10-30T01:48:45.090+0000] {logging_mixin.py:150} INFO - [2025-10-30T01:48:45.090+0000] {manager.py:504} INFO - Created Permission View: can read on DAG:tutorial_taskflow_api_virtualenv
[2025-10-30T01:48:45.098+0000] {logging_mixin.py:150} INFO - [2025-10-30T01:48:45.098+0000] {manager.py:504} INFO - Created Permission View: can delete on DAG:tutorial_taskflow_api_virtualenv
[2025-10-30T01:48:45.104+0000] {logging_mixin.py:150} INFO - [2025-10-30T01:48:45.104+0000] {manager.py:504} INFO - Created Permission View: can edit on DAG:tutorial_taskflow_api_virtualenv
[2025-10-30T01:48:45.113+0000] {logging_mixin.py:150} INFO - [2025-10-30T01:48:45.113+0000] {dag.py:2742} INFO - Sync 1 DAGs
[2025-10-30T01:48:45.120+0000] {logging_mixin.py:150} INFO - [2025-10-30T01:48:45.120+0000] {dag.py:2763} INFO - Creating ORM DAG for tutorial_taskflow_api_virtualenv
[2025-10-30T01:48:45.126+0000] {logging_mixin.py:150} INFO - [2025-10-30T01:48:45.126+0000] {dag.py:3504} INFO - Setting next_dagrun for tutorial_taskflow_api_virtualenv to None, run_after=None
[2025-10-30T01:48:45.143+0000] {processor.py:179} INFO - Processing /home/vscode/.local/lib/python3.10/site-packages/airflow/example_dags/tutorial_taskflow_api_virtualenv.py took 0.146 seconds
[2025-10-30T01:49:34.177+0000] {processor.py:157} INFO - Started process (PID=13841) to work on /home/vscode/.local/lib/python3.10/site-packages/airflow/example_dags/tutorial_taskflow_api_virtualenv.py
[2025-10-30T01:49:34.177+0000] {processor.py:826} INFO - Processing file /home/vscode/.local/lib/python3.10/site-packages/airflow/example_dags/tutorial_taskflow_api_virtualenv.py for tasks to queue
[2025-10-30T01:49:34.178+0000] {logging_mixin.py:150} INFO - [2025-10-30T01:49:34.177+0000] {dagbag.py:541} INFO - Filling up the DagBag from /home/vscode/.local/lib/python3.10/site-packages/airflow/example_dags/tutorial_taskflow_api_virtualenv.py
[2025-10-30T01:49:34.183+0000] {processor.py:836} INFO - DAG(s) dict_keys(['tutorial_taskflow_api_virtualenv']) retrieved from /home/vscode/.local/lib/python3.10/site-packages/airflow/example_dags/tutorial_taskflow_api_virtualenv.py
[2025-10-30T01:49:34.194+0000] {logging_mixin.py:150} INFO - [2025-10-30T01:49:34.194+0000] {dag.py:2742} INFO - Sync 1 DAGs
[2025-10-30T01:49:34.208+0000] {logging_mixin.py:150} INFO - [2025-10-30T01:49:34.208+0000] {dag.py:3504} INFO - Setting next_dagrun for tutorial_taskflow_api_virtualenv to None, run_after=None
[2025-10-30T01:49:34.223+0000] {processor.py:179} INFO - Processing /home/vscode/.local/lib/python3.10/site-packages/airflow/example_dags/tutorial_taskflow_api_virtualenv.py took 0.049 seconds
[2025-10-30T01:50:06.144+0000] {processor.py:157} INFO - Started process (PID=14045) to work on /home/vscode/.local/lib/python3.10/site-packages/airflow/example_dags/tutorial_taskflow_api_virtualenv.py
[2025-10-30T01:50:06.145+0000] {processor.py:826} INFO - Processing file /home/vscode/.local/lib/python3.10/site-packages/airflow/example_dags/tutorial_taskflow_api_virtualenv.py for tasks to queue
[2025-10-30T01:50:06.145+0000] {logging_mixin.py:150} INFO - [2025-10-30T01:50:06.145+0000] {dagbag.py:541} INFO - Filling up the DagBag from /home/vscode/.local/lib/python3.10/site-packages/airflow/example_dags/tutorial_taskflow_api_virtualenv.py
[2025-10-30T01:50:06.150+0000] {processor.py:836} INFO - DAG(s) dict_keys(['tutorial_taskflow_api_virtualenv']) retrieved from /home/vscode/.local/lib/python3.10/site-packages/airflow/example_dags/tutorial_taskflow_api_virtualenv.py
[2025-10-30T01:50:06.161+0000] {logging_mixin.py:150} INFO - [2025-10-30T01:50:06.161+0000] {dag.py:2742} INFO - Sync 1 DAGs
[2025-10-30T01:50:06.175+0000] {logging_mixin.py:150} INFO - [2025-10-30T01:50:06.174+0000] {dag.py:3504} INFO - Setting next_dagrun for tutorial_taskflow_api_virtualenv to None, run_after=None
[2025-10-30T01:50:06.189+0000] {processor.py:179} INFO - Processing /home/vscode/.local/lib/python3.10/site-packages/airflow/example_dags/tutorial_taskflow_api_virtualenv.py took 0.047 seconds
[2025-10-30T01:50:48.379+0000] {processor.py:157} INFO - Started process (PID=14352) to work on /home/vscode/.local/lib/python3.10/site-packages/airflow/example_dags/tutorial_taskflow_api_virtualenv.py
[2025-10-30T01:50:48.379+0000] {processor.py:826} INFO - Processing file /home/vscode/.local/lib/python3.10/site-packages/airflow/example_dags/tutorial_taskflow_api_virtualenv.py for tasks to queue
[2025-10-30T01:50:48.380+0000] {logging_mixin.py:150} INFO - [2025-10-30T01:50:48.380+0000] {dagbag.py:541} INFO - Filling up the DagBag from /home/vscode/.local/lib/python3.10/site-packages/airflow/example_dags/tutorial_taskflow_api_virtualenv.py
[2025-10-30T01:50:48.385+0000] {processor.py:836} INFO - DAG(s) dict_keys(['tutorial_taskflow_api_virtualenv']) retrieved from /home/vscode/.local/lib/python3.10/site-packages/airflow/example_dags/tutorial_taskflow_api_virtualenv.py
[2025-10-30T01:50:48.396+0000] {logging_mixin.py:150} INFO - [2025-10-30T01:50:48.396+0000] {dag.py:2742} INFO - Sync 1 DAGs
[2025-10-30T01:50:48.409+0000] {logging_mixin.py:150} INFO - [2025-10-30T01:50:48.409+0000] {dag.py:3504} INFO - Setting next_dagrun for tutorial_taskflow_api_virtualenv to None, run_after=None
[2025-10-30T01:50:48.424+0000] {processor.py:179} INFO - Processing /home/vscode/.local/lib/python3.10/site-packages/airflow/example_dags/tutorial_taskflow_api_virtualenv.py took 0.047 seconds
[2025-10-30T01:51:33.436+0000] {processor.py:157} INFO - Started process (PID=14653) to work on /home/vscode/.local/lib/python3.10/site-packages/airflow/example_dags/tutorial_taskflow_api_virtualenv.py
[2025-10-30T01:51:33.436+0000] {processor.py:826} INFO - Processing file /home/vscode/.local/lib/python3.10/site-packages/airflow/example_dags/tutorial_taskflow_api_virtualenv.py for tasks to queue
[2025-10-30T01:51:33.437+0000] {logging_mixin.py:150} INFO - [2025-10-30T01:51:33.437+0000] {dagbag.py:541} INFO - Filling up the DagBag from /home/vscode/.local/lib/python3.10/site-packages/airflow/example_dags/tutorial_taskflow_api_virtualenv.py
[2025-10-30T01:51:33.442+0000] {processor.py:836} INFO - DAG(s) dict_keys(['tutorial_taskflow_api_virtualenv']) retrieved from /home/vscode/.local/lib/python3.10/site-packages/airflow/example_dags/tutorial_taskflow_api_virtualenv.py
[2025-10-30T01:51:33.453+0000] {logging_mixin.py:150} INFO - [2025-10-30T01:51:33.453+0000] {dag.py:2742} INFO - Sync 1 DAGs
[2025-10-30T01:51:33.466+0000] {logging_mixin.py:150} INFO - [2025-10-30T01:51:33.466+0000] {dag.py:3504} INFO - Setting next_dagrun for tutorial_taskflow_api_virtualenv to None, run_after=None
[2025-10-30T01:51:33.480+0000] {processor.py:179} INFO - Processing /home/vscode/.local/lib/python3.10/site-packages/airflow/example_dags/tutorial_taskflow_api_virtualenv.py took 0.047 seconds
[2025-10-30T01:52:16.421+0000] {processor.py:157} INFO - Started process (PID=14938) to work on /home/vscode/.local/lib/python3.10/site-packages/airflow/example_dags/tutorial_taskflow_api_virtualenv.py
[2025-10-30T01:52:16.422+0000] {processor.py:826} INFO - Processing file /home/vscode/.local/lib/python3.10/site-packages/airflow/example_dags/tutorial_taskflow_api_virtualenv.py for tasks to queue
[2025-10-30T01:52:16.422+0000] {logging_mixin.py:150} INFO - [2025-10-30T01:52:16.422+0000] {dagbag.py:541} INFO - Filling up the DagBag from /home/vscode/.local/lib/python3.10/site-packages/airflow/example_dags/tutorial_taskflow_api_virtualenv.py
[2025-10-30T01:52:16.427+0000] {processor.py:836} INFO - DAG(s) dict_keys(['tutorial_taskflow_api_virtualenv']) retrieved from /home/vscode/.local/lib/python3.10/site-packages/airflow/example_dags/tutorial_taskflow_api_virtualenv.py
[2025-10-30T01:52:16.438+0000] {logging_mixin.py:150} INFO - [2025-10-30T01:52:16.438+0000] {dag.py:2742} INFO - Sync 1 DAGs
[2025-10-30T01:52:16.451+0000] {logging_mixin.py:150} INFO - [2025-10-30T01:52:16.451+0000] {dag.py:3504} INFO - Setting next_dagrun for tutorial_taskflow_api_virtualenv to None, run_after=None
[2025-10-30T01:52:16.466+0000] {processor.py:179} INFO - Processing /home/vscode/.local/lib/python3.10/site-packages/airflow/example_dags/tutorial_taskflow_api_virtualenv.py took 0.047 seconds
[2025-10-30T01:52:47.953+0000] {processor.py:157} INFO - Started process (PID=15147) to work on /home/vscode/.local/lib/python3.10/site-packages/airflow/example_dags/tutorial_taskflow_api_virtualenv.py
[2025-10-30T01:52:47.953+0000] {processor.py:826} INFO - Processing file /home/vscode/.local/lib/python3.10/site-packages/airflow/example_dags/tutorial_taskflow_api_virtualenv.py for tasks to queue
[2025-10-30T01:52:47.954+0000] {logging_mixin.py:150} INFO - [2025-10-30T01:52:47.954+0000] {dagbag.py:541} INFO - Filling up the DagBag from /home/vscode/.local/lib/python3.10/site-packages/airflow/example_dags/tutorial_taskflow_api_virtualenv.py
[2025-10-30T01:52:47.959+0000] {processor.py:836} INFO - DAG(s) dict_keys(['tutorial_taskflow_api_virtualenv']) retrieved from /home/vscode/.local/lib/python3.10/site-packages/airflow/example_dags/tutorial_taskflow_api_virtualenv.py
[2025-10-30T01:52:47.970+0000] {logging_mixin.py:150} INFO - [2025-10-30T01:52:47.970+0000] {dag.py:2742} INFO - Sync 1 DAGs
[2025-10-30T01:52:47.983+0000] {logging_mixin.py:150} INFO - [2025-10-30T01:52:47.983+0000] {dag.py:3504} INFO - Setting next_dagrun for tutorial_taskflow_api_virtualenv to None, run_after=None
[2025-10-30T01:52:47.997+0000] {processor.py:179} INFO - Processing /home/vscode/.local/lib/python3.10/site-packages/airflow/example_dags/tutorial_taskflow_api_virtualenv.py took 0.047 seconds
[2025-10-30T01:53:25.209+0000] {processor.py:157} INFO - Started process (PID=15404) to work on /home/vscode/.local/lib/python3.10/site-packages/airflow/example_dags/tutorial_taskflow_api_virtualenv.py
[2025-10-30T01:53:25.211+0000] {processor.py:826} INFO - Processing file /home/vscode/.local/lib/python3.10/site-packages/airflow/example_dags/tutorial_taskflow_api_virtualenv.py for tasks to queue
[2025-10-30T01:53:25.212+0000] {logging_mixin.py:150} INFO - [2025-10-30T01:53:25.211+0000] {dagbag.py:541} INFO - Filling up the DagBag from /home/vscode/.local/lib/python3.10/site-packages/airflow/example_dags/tutorial_taskflow_api_virtualenv.py
[2025-10-30T01:53:25.219+0000] {processor.py:836} INFO - DAG(s) dict_keys(['tutorial_taskflow_api_virtualenv']) retrieved from /home/vscode/.local/lib/python3.10/site-packages/airflow/example_dags/tutorial_taskflow_api_virtualenv.py
[2025-10-30T01:53:25.231+0000] {logging_mixin.py:150} INFO - [2025-10-30T01:53:25.231+0000] {dag.py:2742} INFO - Sync 1 DAGs
[2025-10-30T01:53:25.244+0000] {logging_mixin.py:150} INFO - [2025-10-30T01:53:25.244+0000] {dag.py:3504} INFO - Setting next_dagrun for tutorial_taskflow_api_virtualenv to None, run_after=None
[2025-10-30T01:53:25.259+0000] {processor.py:179} INFO - Processing /home/vscode/.local/lib/python3.10/site-packages/airflow/example_dags/tutorial_taskflow_api_virtualenv.py took 0.051 seconds
[2025-10-30T01:54:04.710+0000] {processor.py:157} INFO - Started process (PID=15803) to work on /home/vscode/.local/lib/python3.10/site-packages/airflow/example_dags/tutorial_taskflow_api_virtualenv.py
[2025-10-30T01:54:04.710+0000] {processor.py:826} INFO - Processing file /home/vscode/.local/lib/python3.10/site-packages/airflow/example_dags/tutorial_taskflow_api_virtualenv.py for tasks to queue
[2025-10-30T01:54:04.711+0000] {logging_mixin.py:150} INFO - [2025-10-30T01:54:04.711+0000] {dagbag.py:541} INFO - Filling up the DagBag from /home/vscode/.local/lib/python3.10/site-packages/airflow/example_dags/tutorial_taskflow_api_virtualenv.py
[2025-10-30T01:54:04.716+0000] {processor.py:836} INFO - DAG(s) dict_keys(['tutorial_taskflow_api_virtualenv']) retrieved from /home/vscode/.local/lib/python3.10/site-packages/airflow/example_dags/tutorial_taskflow_api_virtualenv.py
[2025-10-30T01:54:04.727+0000] {logging_mixin.py:150} INFO - [2025-10-30T01:54:04.727+0000] {dag.py:2742} INFO - Sync 1 DAGs
[2025-10-30T01:54:04.741+0000] {logging_mixin.py:150} INFO - [2025-10-30T01:54:04.741+0000] {dag.py:3504} INFO - Setting next_dagrun for tutorial_taskflow_api_virtualenv to None, run_after=None
[2025-10-30T01:54:04.758+0000] {processor.py:179} INFO - Processing /home/vscode/.local/lib/python3.10/site-packages/airflow/example_dags/tutorial_taskflow_api_virtualenv.py took 0.051 seconds
[2025-10-30T01:54:47.297+0000] {processor.py:157} INFO - Started process (PID=16093) to work on /home/vscode/.local/lib/python3.10/site-packages/airflow/example_dags/tutorial_taskflow_api_virtualenv.py
[2025-10-30T01:54:47.298+0000] {processor.py:826} INFO - Processing file /home/vscode/.local/lib/python3.10/site-packages/airflow/example_dags/tutorial_taskflow_api_virtualenv.py for tasks to queue
[2025-10-30T01:54:47.298+0000] {logging_mixin.py:150} INFO - [2025-10-30T01:54:47.298+0000] {dagbag.py:541} INFO - Filling up the DagBag from /home/vscode/.local/lib/python3.10/site-packages/airflow/example_dags/tutorial_taskflow_api_virtualenv.py
[2025-10-30T01:54:47.304+0000] {processor.py:836} INFO - DAG(s) dict_keys(['tutorial_taskflow_api_virtualenv']) retrieved from /home/vscode/.local/lib/python3.10/site-packages/airflow/example_dags/tutorial_taskflow_api_virtualenv.py
[2025-10-30T01:54:47.316+0000] {logging_mixin.py:150} INFO - [2025-10-30T01:54:47.316+0000] {dag.py:2742} INFO - Sync 1 DAGs
[2025-10-30T01:54:47.330+0000] {logging_mixin.py:150} INFO - [2025-10-30T01:54:47.330+0000] {dag.py:3504} INFO - Setting next_dagrun for tutorial_taskflow_api_virtualenv to None, run_after=None
[2025-10-30T01:54:47.345+0000] {processor.py:179} INFO - Processing /home/vscode/.local/lib/python3.10/site-packages/airflow/example_dags/tutorial_taskflow_api_virtualenv.py took 0.050 seconds
[2025-10-30T01:55:27.832+0000] {processor.py:157} INFO - Started process (PID=16437) to work on /home/vscode/.local/lib/python3.10/site-packages/airflow/example_dags/tutorial_taskflow_api_virtualenv.py
[2025-10-30T01:55:27.832+0000] {processor.py:826} INFO - Processing file /home/vscode/.local/lib/python3.10/site-packages/airflow/example_dags/tutorial_taskflow_api_virtualenv.py for tasks to queue
[2025-10-30T01:55:27.833+0000] {logging_mixin.py:150} INFO - [2025-10-30T01:55:27.832+0000] {dagbag.py:541} INFO - Filling up the DagBag from /home/vscode/.local/lib/python3.10/site-packages/airflow/example_dags/tutorial_taskflow_api_virtualenv.py
[2025-10-30T01:55:27.838+0000] {processor.py:836} INFO - DAG(s) dict_keys(['tutorial_taskflow_api_virtualenv']) retrieved from /home/vscode/.local/lib/python3.10/site-packages/airflow/example_dags/tutorial_taskflow_api_virtualenv.py
[2025-10-30T01:55:27.849+0000] {logging_mixin.py:150} INFO - [2025-10-30T01:55:27.849+0000] {dag.py:2742} INFO - Sync 1 DAGs
[2025-10-30T01:55:27.863+0000] {logging_mixin.py:150} INFO - [2025-10-30T01:55:27.863+0000] {dag.py:3504} INFO - Setting next_dagrun for tutorial_taskflow_api_virtualenv to None, run_after=None
[2025-10-30T01:55:27.878+0000] {processor.py:179} INFO - Processing /home/vscode/.local/lib/python3.10/site-packages/airflow/example_dags/tutorial_taskflow_api_virtualenv.py took 0.049 seconds
[2025-10-30T02:06:18.600+0000] {processor.py:157} INFO - Started process (PID=20508) to work on /home/vscode/.local/lib/python3.10/site-packages/airflow/example_dags/tutorial_taskflow_api_virtualenv.py
[2025-10-30T02:06:18.601+0000] {processor.py:826} INFO - Processing file /home/vscode/.local/lib/python3.10/site-packages/airflow/example_dags/tutorial_taskflow_api_virtualenv.py for tasks to queue
[2025-10-30T02:06:18.602+0000] {logging_mixin.py:150} INFO - [2025-10-30T02:06:18.602+0000] {dagbag.py:541} INFO - Filling up the DagBag from /home/vscode/.local/lib/python3.10/site-packages/airflow/example_dags/tutorial_taskflow_api_virtualenv.py
[2025-10-30T02:06:18.609+0000] {processor.py:836} INFO - DAG(s) dict_keys(['tutorial_taskflow_api_virtualenv']) retrieved from /home/vscode/.local/lib/python3.10/site-packages/airflow/example_dags/tutorial_taskflow_api_virtualenv.py
[2025-10-30T02:06:18.627+0000] {logging_mixin.py:150} INFO - [2025-10-30T02:06:18.627+0000] {dag.py:2742} INFO - Sync 1 DAGs
[2025-10-30T02:06:18.642+0000] {logging_mixin.py:150} INFO - [2025-10-30T02:06:18.642+0000] {dag.py:3504} INFO - Setting next_dagrun for tutorial_taskflow_api_virtualenv to None, run_after=None
[2025-10-30T02:06:18.657+0000] {processor.py:179} INFO - Processing /home/vscode/.local/lib/python3.10/site-packages/airflow/example_dags/tutorial_taskflow_api_virtualenv.py took 0.058 seconds
[2025-10-30T02:07:02.134+0000] {processor.py:157} INFO - Started process (PID=20840) to work on /home/vscode/.local/lib/python3.10/site-packages/airflow/example_dags/tutorial_taskflow_api_virtualenv.py
[2025-10-30T02:07:02.134+0000] {processor.py:826} INFO - Processing file /home/vscode/.local/lib/python3.10/site-packages/airflow/example_dags/tutorial_taskflow_api_virtualenv.py for tasks to queue
[2025-10-30T02:07:02.135+0000] {logging_mixin.py:150} INFO - [2025-10-30T02:07:02.135+0000] {dagbag.py:541} INFO - Filling up the DagBag from /home/vscode/.local/lib/python3.10/site-packages/airflow/example_dags/tutorial_taskflow_api_virtualenv.py
[2025-10-30T02:07:02.140+0000] {processor.py:836} INFO - DAG(s) dict_keys(['tutorial_taskflow_api_virtualenv']) retrieved from /home/vscode/.local/lib/python3.10/site-packages/airflow/example_dags/tutorial_taskflow_api_virtualenv.py
[2025-10-30T02:07:02.151+0000] {logging_mixin.py:150} INFO - [2025-10-30T02:07:02.151+0000] {dag.py:2742} INFO - Sync 1 DAGs
[2025-10-30T02:07:02.165+0000] {logging_mixin.py:150} INFO - [2025-10-30T02:07:02.165+0000] {dag.py:3504} INFO - Setting next_dagrun for tutorial_taskflow_api_virtualenv to None, run_after=None
[2025-10-30T02:07:02.180+0000] {processor.py:179} INFO - Processing /home/vscode/.local/lib/python3.10/site-packages/airflow/example_dags/tutorial_taskflow_api_virtualenv.py took 0.048 seconds
[2025-10-30T02:07:45.536+0000] {processor.py:157} INFO - Started process (PID=21172) to work on /home/vscode/.local/lib/python3.10/site-packages/airflow/example_dags/tutorial_taskflow_api_virtualenv.py
[2025-10-30T02:07:45.537+0000] {processor.py:826} INFO - Processing file /home/vscode/.local/lib/python3.10/site-packages/airflow/example_dags/tutorial_taskflow_api_virtualenv.py for tasks to queue
[2025-10-30T02:07:45.537+0000] {logging_mixin.py:150} INFO - [2025-10-30T02:07:45.537+0000] {dagbag.py:541} INFO - Filling up the DagBag from /home/vscode/.local/lib/python3.10/site-packages/airflow/example_dags/tutorial_taskflow_api_virtualenv.py
[2025-10-30T02:07:45.542+0000] {processor.py:836} INFO - DAG(s) dict_keys(['tutorial_taskflow_api_virtualenv']) retrieved from /home/vscode/.local/lib/python3.10/site-packages/airflow/example_dags/tutorial_taskflow_api_virtualenv.py
[2025-10-30T02:07:45.554+0000] {logging_mixin.py:150} INFO - [2025-10-30T02:07:45.554+0000] {dag.py:2742} INFO - Sync 1 DAGs
[2025-10-30T02:07:45.567+0000] {logging_mixin.py:150} INFO - [2025-10-30T02:07:45.567+0000] {dag.py:3504} INFO - Setting next_dagrun for tutorial_taskflow_api_virtualenv to None, run_after=None
[2025-10-30T02:07:45.582+0000] {processor.py:179} INFO - Processing /home/vscode/.local/lib/python3.10/site-packages/airflow/example_dags/tutorial_taskflow_api_virtualenv.py took 0.048 seconds
[2025-10-30T02:08:30.395+0000] {processor.py:157} INFO - Started process (PID=21557) to work on /home/vscode/.local/lib/python3.10/site-packages/airflow/example_dags/tutorial_taskflow_api_virtualenv.py
[2025-10-30T02:08:30.396+0000] {processor.py:826} INFO - Processing file /home/vscode/.local/lib/python3.10/site-packages/airflow/example_dags/tutorial_taskflow_api_virtualenv.py for tasks to queue
[2025-10-30T02:08:30.396+0000] {logging_mixin.py:150} INFO - [2025-10-30T02:08:30.396+0000] {dagbag.py:541} INFO - Filling up the DagBag from /home/vscode/.local/lib/python3.10/site-packages/airflow/example_dags/tutorial_taskflow_api_virtualenv.py
[2025-10-30T02:08:30.401+0000] {processor.py:836} INFO - DAG(s) dict_keys(['tutorial_taskflow_api_virtualenv']) retrieved from /home/vscode/.local/lib/python3.10/site-packages/airflow/example_dags/tutorial_taskflow_api_virtualenv.py
[2025-10-30T02:08:30.412+0000] {logging_mixin.py:150} INFO - [2025-10-30T02:08:30.412+0000] {dag.py:2742} INFO - Sync 1 DAGs
[2025-10-30T02:08:30.426+0000] {logging_mixin.py:150} INFO - [2025-10-30T02:08:30.426+0000] {dag.py:3504} INFO - Setting next_dagrun for tutorial_taskflow_api_virtualenv to None, run_after=None
[2025-10-30T02:08:30.441+0000] {processor.py:179} INFO - Processing /home/vscode/.local/lib/python3.10/site-packages/airflow/example_dags/tutorial_taskflow_api_virtualenv.py took 0.049 seconds
[2025-10-30T02:09:17.288+0000] {processor.py:157} INFO - Started process (PID=22028) to work on /home/vscode/.local/lib/python3.10/site-packages/airflow/example_dags/tutorial_taskflow_api_virtualenv.py
[2025-10-30T02:09:17.289+0000] {processor.py:826} INFO - Processing file /home/vscode/.local/lib/python3.10/site-packages/airflow/example_dags/tutorial_taskflow_api_virtualenv.py for tasks to queue
[2025-10-30T02:09:17.289+0000] {logging_mixin.py:150} INFO - [2025-10-30T02:09:17.289+0000] {dagbag.py:541} INFO - Filling up the DagBag from /home/vscode/.local/lib/python3.10/site-packages/airflow/example_dags/tutorial_taskflow_api_virtualenv.py
[2025-10-30T02:09:17.294+0000] {processor.py:836} INFO - DAG(s) dict_keys(['tutorial_taskflow_api_virtualenv']) retrieved from /home/vscode/.local/lib/python3.10/site-packages/airflow/example_dags/tutorial_taskflow_api_virtualenv.py
[2025-10-30T02:09:17.305+0000] {logging_mixin.py:150} INFO - [2025-10-30T02:09:17.305+0000] {dag.py:2742} INFO - Sync 1 DAGs
[2025-10-30T02:09:17.319+0000] {logging_mixin.py:150} INFO - [2025-10-30T02:09:17.319+0000] {dag.py:3504} INFO - Setting next_dagrun for tutorial_taskflow_api_virtualenv to None, run_after=None
[2025-10-30T02:09:17.333+0000] {processor.py:179} INFO - Processing /home/vscode/.local/lib/python3.10/site-packages/airflow/example_dags/tutorial_taskflow_api_virtualenv.py took 0.047 seconds
