[2025-10-30T07:17:18.854+0000] {taskinstance.py:1103} INFO - Dependencies all met for dep_context=non-requeueable deps ti=<TaskInstance: challenge_dag.extract_task manual__2025-10-30T07:17:15.406317+00:00 [queued]>
[2025-10-30T07:17:18.858+0000] {taskinstance.py:1103} INFO - Dependencies all met for dep_context=requeueable deps ti=<TaskInstance: challenge_dag.extract_task manual__2025-10-30T07:17:15.406317+00:00 [queued]>
[2025-10-30T07:17:18.858+0000] {taskinstance.py:1308} INFO - Starting attempt 1 of 1
[2025-10-30T07:17:18.869+0000] {taskinstance.py:1327} INFO - Executing <Task(BashOperator): extract_task> on 2025-10-30 07:17:15.406317+00:00
[2025-10-30T07:17:18.873+0000] {standard_task_runner.py:57} INFO - Started process 4478 to run task
[2025-10-30T07:17:18.875+0000] {standard_task_runner.py:84} INFO - Running: ['airflow', 'tasks', 'run', 'challenge_dag', 'extract_task', 'manual__2025-10-30T07:17:15.406317+00:00', '--job-id', '21', '--raw', '--subdir', 'DAGS_FOLDER/challenge_dag.py', '--cfg-path', '/tmp/tmp16jbe_zy']
[2025-10-30T07:17:18.875+0000] {standard_task_runner.py:85} INFO - Job 21: Subtask extract_task
[2025-10-30T07:17:18.903+0000] {task_command.py:410} INFO - Running <TaskInstance: challenge_dag.extract_task manual__2025-10-30T07:17:15.406317+00:00 [running]> on host codespaces-497b64
[2025-10-30T07:17:18.953+0000] {taskinstance.py:1545} INFO - Exporting env vars: AIRFLOW_CTX_DAG_OWNER='airflow' AIRFLOW_CTX_DAG_ID='challenge_dag' AIRFLOW_CTX_TASK_ID='extract_task' AIRFLOW_CTX_EXECUTION_DATE='2025-10-30T07:17:15.406317+00:00' AIRFLOW_CTX_TRY_NUMBER='1' AIRFLOW_CTX_DAG_RUN_ID='manual__2025-10-30T07:17:15.406317+00:00'
[2025-10-30T07:17:18.954+0000] {subprocess.py:63} INFO - Tmp dir root location: /tmp
[2025-10-30T07:17:18.954+0000] {subprocess.py:75} INFO - Running command: ['/usr/bin/bash', '-c', 'wget -c https://raw.githubusercontent.com/LinkedInLearning/hands-on-introduction-data-engineering-4395021/main/data/constituents.csv -O /workspaces/hands-on-introduction-data-engineering-4395021/lab/challenge/challenge-extract-data.csv']
[2025-10-30T07:17:18.965+0000] {subprocess.py:86} INFO - Output:
[2025-10-30T07:17:19.658+0000] {subprocess.py:93} INFO - --2025-10-30 07:17:19--  https://raw.githubusercontent.com/LinkedInLearning/hands-on-introduction-data-engineering-4395021/main/data/constituents.csv
[2025-10-30T07:17:19.673+0000] {subprocess.py:93} INFO - Resolving raw.githubusercontent.com (raw.githubusercontent.com)... 185.199.108.133, 185.199.109.133, 185.199.110.133, ...
[2025-10-30T07:17:19.674+0000] {subprocess.py:93} INFO - Connecting to raw.githubusercontent.com (raw.githubusercontent.com)|185.199.108.133|:443... connected.
[2025-10-30T07:17:19.936+0000] {subprocess.py:93} INFO - HTTP request sent, awaiting response... 200 OK
[2025-10-30T07:17:19.936+0000] {subprocess.py:93} INFO - Length: 18676 (18K) [text/plain]
[2025-10-30T07:17:19.936+0000] {subprocess.py:93} INFO - Saving to: ‘/workspaces/hands-on-introduction-data-engineering-4395021/lab/challenge/challenge-extract-data.csv’
[2025-10-30T07:17:19.937+0000] {subprocess.py:93} INFO - 
[2025-10-30T07:17:19.937+0000] {subprocess.py:93} INFO -      0K .......... ........                                   100% 51.4M=0s
[2025-10-30T07:17:19.937+0000] {subprocess.py:93} INFO - 
[2025-10-30T07:17:19.937+0000] {subprocess.py:93} INFO - 2025-10-30 07:17:19 (51.4 MB/s) - ‘/workspaces/hands-on-introduction-data-engineering-4395021/lab/challenge/challenge-extract-data.csv’ saved [18676/18676]
[2025-10-30T07:17:19.937+0000] {subprocess.py:93} INFO - 
[2025-10-30T07:17:19.938+0000] {subprocess.py:97} INFO - Command exited with return code 0
[2025-10-30T07:17:19.955+0000] {taskinstance.py:1345} INFO - Marking task as SUCCESS. dag_id=challenge_dag, task_id=extract_task, execution_date=20251030T071715, start_date=20251030T071718, end_date=20251030T071719
[2025-10-30T07:17:19.970+0000] {local_task_job_runner.py:225} INFO - Task exited with return code 0
[2025-10-30T07:17:19.985+0000] {taskinstance.py:2653} INFO - 1 downstream tasks scheduled from follow-on schedule check
