[2025-10-30T04:03:17.293+0000] {taskinstance.py:1103} INFO - Dependencies all met for dep_context=non-requeueable deps ti=<TaskInstance: extract_dag.extract_task manual__2025-10-30T04:03:14.120284+00:00 [queued]>
[2025-10-30T04:03:17.297+0000] {taskinstance.py:1103} INFO - Dependencies all met for dep_context=requeueable deps ti=<TaskInstance: extract_dag.extract_task manual__2025-10-30T04:03:14.120284+00:00 [queued]>
[2025-10-30T04:03:17.298+0000] {taskinstance.py:1308} INFO - Starting attempt 1 of 1
[2025-10-30T04:03:17.308+0000] {taskinstance.py:1327} INFO - Executing <Task(BashOperator): extract_task> on 2025-10-30 04:03:14.120284+00:00
[2025-10-30T04:03:17.311+0000] {standard_task_runner.py:57} INFO - Started process 28140 to run task
[2025-10-30T04:03:17.314+0000] {standard_task_runner.py:84} INFO - Running: ['airflow', 'tasks', 'run', 'extract_dag', 'extract_task', 'manual__2025-10-30T04:03:14.120284+00:00', '--job-id', '9', '--raw', '--subdir', 'DAGS_FOLDER/extract_dag.py', '--cfg-path', '/tmp/tmpyosfkqqz']
[2025-10-30T04:03:17.314+0000] {standard_task_runner.py:85} INFO - Job 9: Subtask extract_task
[2025-10-30T04:03:17.339+0000] {task_command.py:410} INFO - Running <TaskInstance: extract_dag.extract_task manual__2025-10-30T04:03:14.120284+00:00 [running]> on host codespaces-497b64
[2025-10-30T04:03:17.378+0000] {taskinstance.py:1545} INFO - Exporting env vars: AIRFLOW_CTX_DAG_OWNER='airflow' AIRFLOW_CTX_DAG_ID='extract_dag' AIRFLOW_CTX_TASK_ID='extract_task' AIRFLOW_CTX_EXECUTION_DATE='2025-10-30T04:03:14.120284+00:00' AIRFLOW_CTX_TRY_NUMBER='1' AIRFLOW_CTX_DAG_RUN_ID='manual__2025-10-30T04:03:14.120284+00:00'
[2025-10-30T04:03:17.379+0000] {subprocess.py:63} INFO - Tmp dir root location: /tmp
[2025-10-30T04:03:17.379+0000] {subprocess.py:75} INFO - Running command: ['/usr/bin/bash', '-c', 'wget -c https://raw.githubusercontent.com/LinkedInLearning/hands-on-introduction-data-engineering-4395021/main/data/top-level-domain-names.csv -O /workspaces/hands-on-introduction-data-engineering-4395021/lab/orchestrated/airflow-extract-data.csv']
[2025-10-30T04:03:17.385+0000] {subprocess.py:86} INFO - Output:
[2025-10-30T04:03:17.389+0000] {subprocess.py:93} INFO - --2025-10-30 04:03:17--  https://raw.githubusercontent.com/LinkedInLearning/hands-on-introduction-data-engineering-4395021/main/data/top-level-domain-names.csv
[2025-10-30T04:03:17.403+0000] {subprocess.py:93} INFO - Resolving raw.githubusercontent.com (raw.githubusercontent.com)... 185.199.109.133, 185.199.111.133, 185.199.108.133, ...
[2025-10-30T04:03:17.405+0000] {subprocess.py:93} INFO - Connecting to raw.githubusercontent.com (raw.githubusercontent.com)|185.199.109.133|:443... connected.
[2025-10-30T04:03:17.676+0000] {subprocess.py:93} INFO - HTTP request sent, awaiting response... 200 OK
[2025-10-30T04:03:17.677+0000] {subprocess.py:93} INFO - Length: 42789 (42K) [text/plain]
[2025-10-30T04:03:17.678+0000] {subprocess.py:93} INFO - Saving to: ‘/workspaces/hands-on-introduction-data-engineering-4395021/lab/orchestrated/airflow-extract-data.csv’
[2025-10-30T04:03:17.678+0000] {subprocess.py:93} INFO - 
[2025-10-30T04:03:17.678+0000] {subprocess.py:93} INFO -      0K .......... .......... .......... .......... .         100% 20.4M=0.002s
[2025-10-30T04:03:17.678+0000] {subprocess.py:93} INFO - 
[2025-10-30T04:03:17.679+0000] {subprocess.py:93} INFO - 2025-10-30 04:03:17 (20.4 MB/s) - ‘/workspaces/hands-on-introduction-data-engineering-4395021/lab/orchestrated/airflow-extract-data.csv’ saved [42789/42789]
[2025-10-30T04:03:17.679+0000] {subprocess.py:93} INFO - 
[2025-10-30T04:03:17.680+0000] {subprocess.py:97} INFO - Command exited with return code 0
[2025-10-30T04:03:17.696+0000] {taskinstance.py:1345} INFO - Marking task as SUCCESS. dag_id=extract_dag, task_id=extract_task, execution_date=20251030T040314, start_date=20251030T040317, end_date=20251030T040317
[2025-10-30T04:03:17.726+0000] {local_task_job_runner.py:225} INFO - Task exited with return code 0
[2025-10-30T04:03:17.735+0000] {taskinstance.py:2653} INFO - 0 downstream tasks scheduled from follow-on schedule check
